[ 2016-07-15T00:39:25+08:00 ] ::1 /favicon.ico
ERR: 无法加载模块:Favicon

[ 2016-07-15T00:39:36+08:00 ] ::1 /favicon.ico
ERR: 无法加载模块:Favicon

[ 2016-07-15T10:13:32+08:00 ] ::1 /favicon.ico
ERR: 无法加载模块:Favicon

[ 2016-07-15T10:19:50+08:00 ] 127.0.0.1 /rjsdcctrl?mac%3d3c970edcbec0%26ipv4%3d1728161984%26ipv61%3d0%26ipv62%3d0%26ipv63%3d0%26ipv64%3d0%26product%3d33554432%26mainver%3d67108864%26subver%3d1660944384
ERR: 无法加载模块:Rjsdcctrl

[ 2016-07-15T10:21:51+08:00 ] 127.0.0.1 /rjsdcctrl?mac%3d3c970edcbec0%26ipv4%3d1655623546%26ipv61%3d0%26ipv62%3d0%26ipv63%3d0%26ipv64%3d0%26product%3d33554432%26mainver%3d67108864%26subver%3d1660944384
ERR: 无法加载模块:Rjsdcctrl

[ 2016-07-15T10:31:31+08:00 ] ::1 /favicon.ico
ERR: 无法加载模块:Favicon

[ 2016-07-15T10:52:58+08:00 ] ::1 /favicon.ico
ERR: 无法加载模块:Favicon

[ 2016-07-15T12:48:18+08:00 ] ::1 /favicon.ico
ERR: 无法加载模块:Favicon

[ 2016-07-15T12:48:18+08:00 ] ::1 /favicon.ico
ERR: 无法加载模块:Favicon

[ 2016-07-15T16:03:23+08:00 ] ::1 /favicon.ico
ERR: 无法加载模块:Favicon

[ 2016-07-15T18:19:36+08:00 ] 127.0.0.1 /web/pluginRepository.xml
ERR: 无法加载模块:Web

