[ 2016-08-06T11:38:00+08:00 ] 127.0.0.1 /client/query2?&m=4254eca8dd2ef9c7679bdb86873cdbfe&t=520189734&s=qingli_cleansoft
INFO: [ app_init ] --START--
INFO: Run Behavior\BuildLiteBehavior [ RunTime:0.000042s ]
INFO: [ app_init ] --END-- [ RunTime:0.060973s ]
ERR: 无法加载模块:4254eca8dd2ef9c7679bdb86873cdbfe

[ 2016-08-06T11:38:07+08:00 ] 127.0.0.1 /client/query2?&m=4254eca8dd2ef9c7679bdb86873cdbfe&t=520197375&s=qingli_cleansoft
INFO: [ app_init ] --START--
INFO: Run Behavior\BuildLiteBehavior [ RunTime:0.000025s ]
INFO: [ app_init ] --END-- [ RunTime:0.000437s ]
ERR: 无法加载模块:4254eca8dd2ef9c7679bdb86873cdbfe

[ 2016-08-06T11:38:49+08:00 ] 127.0.0.1 /stat/?type=SpeedID&RunSoftMgr=0&SelfExit=0&NoLongerDisp=0&Status=0&appver=3.1.2.1790&uid=1&pid=h_home_instbeta&m=4254eca8dd2ef9c7679bdb86873cdbfe&RunDeta=0&NoCalcuTime=0
INFO: [ app_init ] --START--
INFO: Run Behavior\BuildLiteBehavior [ RunTime:0.000026s ]
INFO: [ app_init ] --END-- [ RunTime:0.000571s ]
ERR: 无法加载模块:4254eca8dd2ef9c7679bdb86873cdbfe

[ 2016-08-06T11:51:40+08:00 ] 127.0.0.1 /client/query2?m=4254eca8dd2ef9c7679bdb86873cdbfe&t=521010437&s=softmgr
INFO: [ app_init ] --START--
INFO: Run Behavior\BuildLiteBehavior [ RunTime:0.000023s ]
INFO: [ app_init ] --END-- [ RunTime:0.000428s ]
ERR: 无法加载模块:4254eca8dd2ef9c7679bdb86873cdbfe

[ 2016-08-06T11:51:40+08:00 ] 127.0.0.1 /client/query2?m=4254eca8dd2ef9c7679bdb86873cdbfe&t=521010875&s=softmgr
INFO: [ app_init ] --START--
INFO: Run Behavior\BuildLiteBehavior [ RunTime:0.000022s ]
INFO: [ app_init ] --END-- [ RunTime:0.000413s ]
ERR: 无法加载模块:4254eca8dd2ef9c7679bdb86873cdbfe

[ 2016-08-06T11:51:41+08:00 ] 127.0.0.1 /client/query2?m=4254eca8dd2ef9c7679bdb86873cdbfe&t=521011296&s=softmgr
INFO: [ app_init ] --START--
INFO: Run Behavior\BuildLiteBehavior [ RunTime:0.000036s ]
INFO: [ app_init ] --END-- [ RunTime:0.000651s ]
ERR: 无法加载模块:4254eca8dd2ef9c7679bdb86873cdbfe

[ 2016-08-06T11:51:41+08:00 ] 127.0.0.1 /softmgrcfg.ini?tick=521011531&from=SoftMgr&m=4254eca8dd2ef9c7679bdb86873cdbfe&ver=6.0.0.1170&
INFO: [ app_init ] --START--
INFO: Run Behavior\BuildLiteBehavior [ RunTime:0.000024s ]
INFO: [ app_init ] --END-- [ RunTime:0.000515s ]
ERR: 无法加载模块:4254eca8dd2ef9c7679bdb86873cdbfe

[ 2016-08-06T11:51:41+08:00 ] 127.0.0.1 /instcomp.htm?soft=10004&status=0&err=-1&func=1000&m=4254eca8dd2ef9c7679bdb86873cdbfee85483dd6bf1f6fa49a18490dff0c225
INFO: [ app_init ] --START--
INFO: Run Behavior\BuildLiteBehavior [ RunTime:0.000024s ]
INFO: [ app_init ] --END-- [ RunTime:0.000442s ]
ERR: 无法加载模块:4254eca8dd2ef9c7679bdb86873cdbfee85483dd6bf1f6fa49a18490dff0c225

[ 2016-08-06T11:51:41+08:00 ] 127.0.0.1 /safeupv3.cab?src=softmgr&t=521011562&appver=6.0.0.1170&uid=1&pid=h_home_instbeta&m=4254eca8dd2ef9c7679bdb86873cdbfe
INFO: [ app_init ] --START--
INFO: Run Behavior\BuildLiteBehavior [ RunTime:0.000023s ]
INFO: [ app_init ] --END-- [ RunTime:0.000454s ]
ERR: 无法加载模块:4254eca8dd2ef9c7679bdb86873cdbfe

[ 2016-08-06T11:51:42+08:00 ] 127.0.0.1 /client/query2?m=4254eca8dd2ef9c7679bdb86873cdbfe&t=521011875&s=softmgr
INFO: [ app_init ] --START--
INFO: Run Behavior\BuildLiteBehavior [ RunTime:0.000044s ]
INFO: [ app_init ] --END-- [ RunTime:0.000711s ]
ERR: 无法加载模块:4254eca8dd2ef9c7679bdb86873cdbfe

[ 2016-08-06T11:51:42+08:00 ] 127.0.0.1 /client/query2?m=4254eca8dd2ef9c7679bdb86873cdbfe&t=521011875&s=softmgr
INFO: [ app_init ] --START--
INFO: Run Behavior\BuildLiteBehavior [ RunTime:0.000040s ]
INFO: [ app_init ] --END-- [ RunTime:0.000652s ]
ERR: 无法加载模块:4254eca8dd2ef9c7679bdb86873cdbfe

[ 2016-08-06T11:51:44+08:00 ] 127.0.0.1 /safeupv3.cab?src=softmgr&t=521011562&appver=6.0.0.1170&uid=1&pid=h_home_instbeta&m=4254eca8dd2ef9c7679bdb86873cdbfe&t=521014703
INFO: [ app_init ] --START--
INFO: Run Behavior\BuildLiteBehavior [ RunTime:0.000022s ]
INFO: [ app_init ] --END-- [ RunTime:0.000533s ]
ERR: 无法加载模块:4254eca8dd2ef9c7679bdb86873cdbfe

[ 2016-08-06T11:51:56+08:00 ] 127.0.0.1 /client/query2?m=4254eca8dd2ef9c7679bdb86873cdbfe&t=521026046&s=softmgr
INFO: [ app_init ] --START--
INFO: Run Behavior\BuildLiteBehavior [ RunTime:0.000025s ]
INFO: [ app_init ] --END-- [ RunTime:0.000469s ]
ERR: 无法加载模块:4254eca8dd2ef9c7679bdb86873cdbfe

[ 2016-08-06T11:51:57+08:00 ] 127.0.0.1 /client/query2?&m=4254eca8dd2ef9c7679bdb86873cdbfe&t=521027000&s=qingli_cleansoft
INFO: [ app_init ] --START--
INFO: Run Behavior\BuildLiteBehavior [ RunTime:0.000040s ]
INFO: [ app_init ] --END-- [ RunTime:0.000726s ]
ERR: 无法加载模块:4254eca8dd2ef9c7679bdb86873cdbfe

[ 2016-08-06T11:51:57+08:00 ] 127.0.0.1 /client/query2?&m=4254eca8dd2ef9c7679bdb86873cdbfe&t=521027578&s=qingli_cleansoft
INFO: [ app_init ] --START--
INFO: Run Behavior\BuildLiteBehavior [ RunTime:0.000023s ]
INFO: [ app_init ] --END-- [ RunTime:0.000438s ]
ERR: 无法加载模块:4254eca8dd2ef9c7679bdb86873cdbfe

[ 2016-08-06T11:52:04+08:00 ] 127.0.0.1 /index.php?c=Soft&a=uninstclean&sn=%&m=4&u=0
INFO: [ app_init ] --START--
INFO: Run Behavior\BuildLiteBehavior [ RunTime:0.000023s ]
INFO: [ app_init ] --END-- [ RunTime:0.000524s ]
ERR: 无法加载模块:4

[ 2016-08-06T11:52:32+08:00 ] 127.0.0.1 /index.php?c=Soft&a=uninstclean&sn=%&m=4&u=1
INFO: [ app_init ] --START--
INFO: Run Behavior\BuildLiteBehavior [ RunTime:0.000029s ]
INFO: [ app_init ] --END-- [ RunTime:0.000467s ]
ERR: 无法加载模块:4

[ 2016-08-06T11:53:13+08:00 ] 127.0.0.1 /client/query2?&m=4254eca8dd2ef9c7679bdb86873cdbfe&t=521103015&s=qingli_cleansoft
INFO: [ app_init ] --START--
INFO: Run Behavior\BuildLiteBehavior [ RunTime:0.000063s ]
INFO: [ app_init ] --END-- [ RunTime:0.000679s ]
ERR: 无法加载模块:4254eca8dd2ef9c7679bdb86873cdbfe

[ 2016-08-06T11:53:13+08:00 ] 127.0.0.1 /index.php?c=Soft&a=uninstclean&sn=%&m=4&u=1
INFO: [ app_init ] --START--
INFO: Run Behavior\BuildLiteBehavior [ RunTime:0.000023s ]
INFO: [ app_init ] --END-- [ RunTime:0.000445s ]
ERR: 无法加载模块:4

[ 2016-08-06T11:53:36+08:00 ] 127.0.0.1 /360game/stat.htm?m=4254eca8dd2ef9c7679bdb86873cdbfe&pid=se&ver=7.3.0.1017&s=loading&type=extyouxi&9950045
INFO: [ app_init ] --START--
INFO: Run Behavior\BuildLiteBehavior [ RunTime:0.000023s ]
INFO: [ app_init ] --END-- [ RunTime:0.000448s ]
ERR: 无法加载模块:4254eca8dd2ef9c7679bdb86873cdbfe

[ 2016-08-06T11:54:33+08:00 ] 127.0.0.1 /instcomp.htm?soft=10001&status=0&err=-1&func=1000&w=3233808384&m=4254eca8dd2ef9c7679bdb86873cdbfee85483dd6bf1f6fa49a18490dff0c225
INFO: [ app_init ] --START--
INFO: Run Behavior\BuildLiteBehavior [ RunTime:0.000026s ]
INFO: [ app_init ] --END-- [ RunTime:0.000478s ]
ERR: 无法加载模块:4254eca8dd2ef9c7679bdb86873cdbfee85483dd6bf1f6fa49a18490dff0c225

[ 2016-08-06T11:55:28+08:00 ] 127.0.0.1 /instcomp.htm?soft=10020&status=0&err=-1&func=1000&m=4254eca8dd2ef9c7679bdb86873cdbfee85483dd6bf1f6fa49a18490dff0c225
INFO: [ app_init ] --START--
INFO: Run Behavior\BuildLiteBehavior [ RunTime:0.000035s ]
INFO: [ app_init ] --END-- [ RunTime:0.000612s ]
ERR: 无法加载模块:4254eca8dd2ef9c7679bdb86873cdbfee85483dd6bf1f6fa49a18490dff0c225

[ 2016-08-06T12:02:01+08:00 ] 127.0.0.1 /cg/acc.html?m=4254eca8dd2ef9c7679bdb86873cdbfe&id=4a5265e996d4cf34ee435088b46f3a46&bt=&t=0&b=1&c=0
INFO: [ app_init ] --START--
INFO: Run Behavior\BuildLiteBehavior [ RunTime:0.000021s ]
INFO: [ app_init ] --END-- [ RunTime:0.000571s ]
ERR: 无法加载模块:4254eca8dd2ef9c7679bdb86873cdbfe

[ 2016-08-06T12:08:09+08:00 ] 127.0.0.1 /360game/stat.htm?m=4254eca8dd2ef9c7679bdb86873cdbfe&pid=se&ver=7.3.0.1017&s=loading&type=extyouxi&994963
INFO: [ app_init ] --START--
INFO: Run Behavior\BuildLiteBehavior [ RunTime:0.000023s ]
INFO: [ app_init ] --END-- [ RunTime:0.000428s ]
ERR: 无法加载模块:4254eca8dd2ef9c7679bdb86873cdbfe

[ 2016-08-06T12:08:18+08:00 ] 127.0.0.1 /softmgrcfg.ini?tick=0&from=SoftupNotify&m=4254eca8dd2ef9c7679bdb86873cdbfe&ver=2.6.0.1185&
INFO: [ app_init ] --START--
INFO: Run Behavior\BuildLiteBehavior [ RunTime:0.000025s ]
INFO: [ app_init ] --END-- [ RunTime:0.000653s ]
ERR: 无法加载模块:4254eca8dd2ef9c7679bdb86873cdbfe

[ 2016-08-06T12:08:39+08:00 ] 127.0.0.1 /client/query2?m=4254eca8dd2ef9c7679bdb86873cdbfe&t=522029843&s=softmgr
INFO: [ app_init ] --START--
INFO: Run Behavior\BuildLiteBehavior [ RunTime:0.000057s ]
INFO: [ app_init ] --END-- [ RunTime:0.000884s ]
ERR: 无法加载模块:4254eca8dd2ef9c7679bdb86873cdbfe

[ 2016-08-06T12:09:01+08:00 ] 127.0.0.1 /instcomp.htm?soft=10001&status=0&err=-1&func=1000&w=3233808384&m=4254eca8dd2ef9c7679bdb86873cdbfee85483dd6bf1f6fa49a18490dff0c225
INFO: [ app_init ] --START--
INFO: Run Behavior\BuildLiteBehavior [ RunTime:0.000022s ]
INFO: [ app_init ] --END-- [ RunTime:0.000573s ]
ERR: 无法加载模块:4254eca8dd2ef9c7679bdb86873cdbfee85483dd6bf1f6fa49a18490dff0c225

[ 2016-08-06T12:09:46+08:00 ] 127.0.0.1 /360game/stat.htm?m=4254eca8dd2ef9c7679bdb86873cdbfe&pid=se&ver=7.3.0.1017&s=match&type=extyouxi_web&9937067
INFO: [ app_init ] --START--
INFO: Run Behavior\BuildLiteBehavior [ RunTime:0.000036s ]
INFO: [ app_init ] --END-- [ RunTime:0.000591s ]
ERR: 无法加载模块:4254eca8dd2ef9c7679bdb86873cdbfe

[ 2016-08-06T12:09:50+08:00 ] 127.0.0.1 /360game/updatecheck.php?ver=3.3.3.2011&pid=seonline&m=4254eca8dd2ef9c7679bdb86873cdbfe&s=seonline
INFO: [ app_init ] --START--
INFO: Run Behavior\BuildLiteBehavior [ RunTime:0.000025s ]
INFO: [ app_init ] --END-- [ RunTime:0.000449s ]
ERR: 无法加载模块:4254eca8dd2ef9c7679bdb86873cdbfe

[ 2016-08-06T12:10:00+08:00 ] 127.0.0.1 /cg/acc.html?m=4254eca8dd2ef9c7679bdb86873cdbfe&id=4a5265e996d4cf34ee435088b46f3a46&bt=&t=478&b=0&c=1
INFO: [ app_init ] --START--
INFO: Run Behavior\BuildLiteBehavior [ RunTime:0.000039s ]
INFO: [ app_init ] --END-- [ RunTime:0.000723s ]
ERR: 无法加载模块:4254eca8dd2ef9c7679bdb86873cdbfe

[ 2016-08-06T12:18:13+08:00 ] 127.0.0.1 /client/querysf?r=JS_FILE&f=changeskin.ini&m=4254eca8dd2ef9c7679bdb86873cdbfe&r1=522603109
INFO: [ app_init ] --START--
INFO: Run Behavior\BuildLiteBehavior [ RunTime:0.000477s ]
INFO: [ app_init ] --END-- [ RunTime:0.005450s ]
ERR: 无法加载模块:4254eca8dd2ef9c7679bdb86873cdbfe

[ 2016-08-06T12:25:21+08:00 ] 127.0.0.1 /360game/stat.htm?m=4254eca8dd2ef9c7679bdb86873cdbfe&pid=se&ver=7.3.0.1017&s=match&type=extyouxi_flash&9953829
INFO: [ app_init ] --START--
INFO: Run Behavior\BuildLiteBehavior [ RunTime:0.000040s ]
INFO: [ app_init ] --END-- [ RunTime:0.000722s ]
ERR: 无法加载模块:4254eca8dd2ef9c7679bdb86873cdbfe

[ 2016-08-06T12:28:18+08:00 ] 127.0.0.1 /360game/stat.htm?m=4254eca8dd2ef9c7679bdb86873cdbfe&pid=se&ver=7.3.0.1017&s=match&type=extyouxi_flash&9934893
INFO: [ app_init ] --START--
INFO: Run Behavior\BuildLiteBehavior [ RunTime:0.000040s ]
INFO: [ app_init ] --END-- [ RunTime:0.000787s ]
ERR: 无法加载模块:4254eca8dd2ef9c7679bdb86873cdbfe

[ 2016-08-06T12:28:40+08:00 ] 127.0.0.1 /360game/updatecheck.php?ver=3.3.3.2011&pid=seonline&m=4254eca8dd2ef9c7679bdb86873cdbfe&s=seonline
INFO: [ app_init ] --START--
INFO: Run Behavior\BuildLiteBehavior [ RunTime:0.000030s ]
INFO: [ app_init ] --END-- [ RunTime:0.000555s ]
ERR: 无法加载模块:4254eca8dd2ef9c7679bdb86873cdbfe

[ 2016-08-06T12:29:00+08:00 ] 127.0.0.1 /360game/stat.htm?m=4254eca8dd2ef9c7679bdb86873cdbfe&pid=se&ver=7.3.0.1017&s=match&type=extyouxi_flash&9911357
INFO: [ app_init ] --START--
INFO: Run Behavior\BuildLiteBehavior [ RunTime:0.000059s ]
INFO: [ app_init ] --END-- [ RunTime:0.001263s ]
ERR: 无法加载模块:4254eca8dd2ef9c7679bdb86873cdbfe

[ 2016-08-06T12:53:40+08:00 ] 127.0.0.1 /instcomp.htm?soft=10020&status=0&err=-1&func=1000&m=4254eca8dd2ef9c7679bdb86873cdbfee85483dd6bf1f6fa49a18490dff0c225
INFO: [ app_init ] --START--
INFO: Run Behavior\BuildLiteBehavior [ RunTime:0.000040s ]
INFO: [ app_init ] --END-- [ RunTime:0.000693s ]
ERR: 无法加载模块:4254eca8dd2ef9c7679bdb86873cdbfee85483dd6bf1f6fa49a18490dff0c225

[ 2016-08-06T12:54:04+08:00 ] 127.0.0.1 /client/query2?&m=4254eca8dd2ef9c7679bdb86873cdbfe&t=524754296&s=qingli_cleansoft
INFO: [ app_init ] --START--
INFO: Run Behavior\BuildLiteBehavior [ RunTime:0.000041s ]
INFO: [ app_init ] --END-- [ RunTime:0.001340s ]
ERR: 无法加载模块:4254eca8dd2ef9c7679bdb86873cdbfe

[ 2016-08-06T12:54:04+08:00 ] 127.0.0.1 /client/query2?&m=4254eca8dd2ef9c7679bdb86873cdbfe&t=524754578&s=qingli_cleansoft
INFO: [ app_init ] --START--
INFO: Run Behavior\BuildLiteBehavior [ RunTime:0.000059s ]
INFO: [ app_init ] --END-- [ RunTime:0.001204s ]
ERR: 无法加载模块:4254eca8dd2ef9c7679bdb86873cdbfe

[ 2016-08-06T12:54:39+08:00 ] 127.0.0.1 /client/query2?&m=4254eca8dd2ef9c7679bdb86873cdbfe&t=524789671&s=qingli_cleansoft
INFO: [ app_init ] --START--
INFO: Run Behavior\BuildLiteBehavior [ RunTime:0.000024s ]
INFO: [ app_init ] --END-- [ RunTime:0.000460s ]
ERR: 无法加载模块:4254eca8dd2ef9c7679bdb86873cdbfe

[ 2016-08-06T12:54:41+08:00 ] 127.0.0.1 /client/query2?&m=4254eca8dd2ef9c7679bdb86873cdbfe&t=524790906&s=qingli_cleansoft
INFO: [ app_init ] --START--
INFO: Run Behavior\BuildLiteBehavior [ RunTime:0.000034s ]
INFO: [ app_init ] --END-- [ RunTime:0.001738s ]
ERR: 无法加载模块:4254eca8dd2ef9c7679bdb86873cdbfe

[ 2016-08-06T12:55:08+08:00 ] 127.0.0.1 /client/query2?&m=4254eca8dd2ef9c7679bdb86873cdbfe&t=524818484&s=qingli_cleansoft
INFO: [ app_init ] --START--
INFO: Run Behavior\BuildLiteBehavior [ RunTime:0.000037s ]
INFO: [ app_init ] --END-- [ RunTime:0.000670s ]
ERR: 无法加载模块:4254eca8dd2ef9c7679bdb86873cdbfe

[ 2016-08-06T13:02:44+08:00 ] 127.0.0.1 /client/query2?&m=4254eca8dd2ef9c7679bdb86873cdbfe&t=525274296&s=qingli_cleansoft
INFO: [ app_init ] --START--
INFO: Run Behavior\BuildLiteBehavior [ RunTime:0.000024s ]
INFO: [ app_init ] --END-- [ RunTime:0.000430s ]
ERR: 无法加载模块:4254eca8dd2ef9c7679bdb86873cdbfe

[ 2016-08-06T13:02:48+08:00 ] 127.0.0.1 /client/query2?&m=4254eca8dd2ef9c7679bdb86873cdbfe&t=525278687&s=qingli_cleansoft
INFO: [ app_init ] --START--
INFO: Run Behavior\BuildLiteBehavior [ RunTime:0.000028s ]
INFO: [ app_init ] --END-- [ RunTime:0.000532s ]
ERR: 无法加载模块:4254eca8dd2ef9c7679bdb86873cdbfe

[ 2016-08-06T13:03:41+08:00 ] 127.0.0.1 /360game/stat.htm?m=4254eca8dd2ef9c7679bdb86873cdbfe&pid=se&ver=7.3.0.1017&s=loading&type=extyouxi&9959897
INFO: [ app_init ] --START--
INFO: Run Behavior\BuildLiteBehavior [ RunTime:0.000076s ]
INFO: [ app_init ] --END-- [ RunTime:0.000842s ]
ERR: 无法加载模块:4254eca8dd2ef9c7679bdb86873cdbfe

[ 2016-08-06T13:05:13+08:00 ] 127.0.0.1 /instcomp.htm?soft=10001&status=0&err=-1&func=1000&w=3233808384&m=4254eca8dd2ef9c7679bdb86873cdbfee85483dd6bf1f6fa49a18490dff0c225
INFO: [ app_init ] --START--
INFO: Run Behavior\BuildLiteBehavior [ RunTime:0.000056s ]
INFO: [ app_init ] --END-- [ RunTime:0.000667s ]
ERR: 无法加载模块:4254eca8dd2ef9c7679bdb86873cdbfee85483dd6bf1f6fa49a18490dff0c225

[ 2016-08-06T14:42:30+08:00 ] 127.0.0.1 /cg/acc.html?m=4254eca8dd2ef9c7679bdb86873cdbfe&id=4a5265e996d4cf34ee435088b46f3a46&bt=&t=0&b=1&c=0
INFO: [ app_init ] --START--
INFO: Run Behavior\BuildLiteBehavior [ RunTime:0.000023s ]
INFO: [ app_init ] --END-- [ RunTime:0.000500s ]
ERR: 无法加载模块:4254eca8dd2ef9c7679bdb86873cdbfe

[ 2016-08-06T14:48:06+08:00 ] 127.0.0.1 /360game/stat.htm?m=4254eca8dd2ef9c7679bdb86873cdbfe&pid=se&ver=7.3.0.1017&s=loading&type=extyouxi&9933394
INFO: [ app_init ] --START--
INFO: Run Behavior\BuildLiteBehavior [ RunTime:0.000025s ]
INFO: [ app_init ] --END-- [ RunTime:0.000444s ]
ERR: 无法加载模块:4254eca8dd2ef9c7679bdb86873cdbfe

[ 2016-08-06T15:42:32+08:00 ] 127.0.0.1 /softmgrcfg.ini?tick=0&from=SoftupNotify&m=4254eca8dd2ef9c7679bdb86873cdbfe&ver=2.6.0.1185&
INFO: [ app_init ] --START--
INFO: Run Behavior\BuildLiteBehavior [ RunTime:0.000102s ]
INFO: [ app_init ] --END-- [ RunTime:0.004145s ]
ERR: 无法加载模块:4254eca8dd2ef9c7679bdb86873cdbfe

[ 2016-08-06T15:42:54+08:00 ] 127.0.0.1 /client/query2?m=4254eca8dd2ef9c7679bdb86873cdbfe&t=534884109&s=softmgr
INFO: [ app_init ] --START--
INFO: Run Behavior\BuildLiteBehavior [ RunTime:0.000035s ]
INFO: [ app_init ] --END-- [ RunTime:0.001178s ]
ERR: 无法加载模块:4254eca8dd2ef9c7679bdb86873cdbfe

