[ 2016-07-17T00:30:45+08:00 ] ::1 /favicon.ico
ERR: 无法加载模块:Favicon

[ 2016-07-17T00:30:45+08:00 ] ::1 /favicon.ico
ERR: 无法加载模块:Favicon

[ 2016-07-17T00:30:46+08:00 ] ::1 /favicon.ico
ERR: 无法加载模块:Favicon

[ 2016-07-17T00:30:47+08:00 ] ::1 /favicon.ico
ERR: 无法加载模块:Favicon

[ 2016-07-17T00:30:47+08:00 ] ::1 /favicon.ico
ERR: 无法加载模块:Favicon

[ 2016-07-17T00:30:47+08:00 ] ::1 /favicon.ico
ERR: 无法加载模块:Favicon

[ 2016-07-17T00:30:47+08:00 ] ::1 /favicon.ico
ERR: 无法加载模块:Favicon

[ 2016-07-17T00:30:48+08:00 ] ::1 /favicon.ico
ERR: 无法加载模块:Favicon

[ 2016-07-17T00:30:48+08:00 ] ::1 /favicon.ico
ERR: 无法加载模块:Favicon

[ 2016-07-17T00:30:48+08:00 ] ::1 /favicon.ico
ERR: 无法加载模块:Favicon

[ 2016-07-17T00:34:53+08:00 ] ::1 /favicon.ico
ERR: 无法加载模块:Favicon

[ 2016-07-17T00:50:18+08:00 ] ::1 /favicon.ico
ERR: 无法加载模块:Favicon

[ 2016-07-17T01:03:08+08:00 ] ::1 /favicon.ico
ERR: 无法加载模块:Favicon

[ 2016-07-17T01:03:09+08:00 ] ::1 /favicon.ico
ERR: 无法加载模块:Favicon

[ 2016-07-17T01:03:09+08:00 ] ::1 /favicon.ico
ERR: 无法加载模块:Favicon

[ 2016-07-17T01:03:09+08:00 ] ::1 /favicon.ico
ERR: 无法加载模块:Favicon

[ 2016-07-17T01:03:10+08:00 ] ::1 /favicon.ico
ERR: 无法加载模块:Favicon

[ 2016-07-17T11:33:13+08:00 ] ::1 /favicon.ico
ERR: 无法加载模块:Favicon

[ 2016-07-17T11:48:21+08:00 ] ::1 /favicon.ico
ERR: 无法加载模块:Favicon

[ 2016-07-17T12:40:34+08:00 ] 127.0.0.1 /rjsdcctrl?mac%3d3c970edcbec0%26ipv4%3d1655623546%26ipv61%3d0%26ipv62%3d0%26ipv63%3d0%26ipv64%3d0%26product%3d33554432%26mainver%3d67108864%26subver%3d1660944384
ERR: 无法加载模块:Rjsdcctrl

[ 2016-07-17T13:31:16+08:00 ] ::1 /favicon.ico
ERR: 无法加载模块:Favicon

[ 2016-07-17T13:31:56+08:00 ] ::1 /index.css
ERR: 无法加载模块:Index

[ 2016-07-17T13:31:56+08:00 ] ::1 /main.css
ERR: 无法加载模块:Main

[ 2016-07-17T13:31:56+08:00 ] ::1 /jquery-1.12.2.js
ERR: 无法加载模块:Jquery-1.12.2

[ 2016-07-17T13:31:56+08:00 ] ::1 /images/logo.png
ERR: 无法加载模块:Images

[ 2016-07-17T13:31:56+08:00 ] ::1 /js.js
ERR: 无法加载模块:Js

[ 2016-07-17T13:31:56+08:00 ] ::1 /images/photo1.png
ERR: 无法加载模块:Images

[ 2016-07-17T13:31:56+08:00 ] ::1 /images/photo4.png
ERR: 无法加载模块:Images

[ 2016-07-17T13:31:56+08:00 ] ::1 /images/photo3.png
ERR: 无法加载模块:Images

[ 2016-07-17T13:31:56+08:00 ] ::1 /images/logo.png
ERR: 无法加载模块:Images

[ 2016-07-17T13:32:43+08:00 ] ::1 /js.js
ERR: 无法加载模块:Js

[ 2016-07-17T13:32:43+08:00 ] ::1 /jquery-1.12.2.js
ERR: 无法加载模块:Jquery-1.12.2

[ 2016-07-17T13:32:43+08:00 ] ::1 /images/logo.png
ERR: 无法加载模块:Images

[ 2016-07-17T13:32:43+08:00 ] ::1 /images/photo2.png
ERR: 无法加载模块:Images

[ 2016-07-17T13:32:43+08:00 ] ::1 /images/photo1.png
ERR: 无法加载模块:Images

[ 2016-07-17T13:32:43+08:00 ] ::1 /images/photo3.png
ERR: 无法加载模块:Images

[ 2016-07-17T13:32:43+08:00 ] ::1 /images/photo4.png
ERR: 无法加载模块:Images

[ 2016-07-17T13:32:57+08:00 ] ::1 /images/logo.png
ERR: 无法加载模块:Images

[ 2016-07-17T13:32:57+08:00 ] ::1 /images/photo3.png
ERR: 无法加载模块:Images

[ 2016-07-17T13:32:57+08:00 ] ::1 /images/photo4.png
ERR: 无法加载模块:Images

[ 2016-07-17T13:32:57+08:00 ] ::1 /images/photo2.png
ERR: 无法加载模块:Images

[ 2016-07-17T13:32:57+08:00 ] ::1 /images/photo1.png
ERR: 无法加载模块:Images

[ 2016-07-17T13:32:57+08:00 ] ::1 /images/logo.png
ERR: 无法加载模块:Images

[ 2016-07-17T13:32:57+08:00 ] ::1 /images/photo1.png
ERR: 无法加载模块:Images

[ 2016-07-17T13:32:57+08:00 ] ::1 /images/photo3.png
ERR: 无法加载模块:Images

[ 2016-07-17T13:32:57+08:00 ] ::1 /images/photo2.png
ERR: 无法加载模块:Images

[ 2016-07-17T13:32:57+08:00 ] ::1 /images/photo4.png
ERR: 无法加载模块:Images

[ 2016-07-17T13:33:21+08:00 ] ::1 /images/photo3.png
ERR: 无法加载模块:Images

[ 2016-07-17T13:33:21+08:00 ] ::1 /images/photo2.png
ERR: 无法加载模块:Images

[ 2016-07-17T13:33:21+08:00 ] ::1 /images/photo4.png
ERR: 无法加载模块:Images

[ 2016-07-17T13:33:21+08:00 ] ::1 /images/photo1.png
ERR: 无法加载模块:Images

[ 2016-07-17T13:35:52+08:00 ] ::1 /favicon.ico
ERR: 无法加载模块:Favicon

[ 2016-07-17T13:35:53+08:00 ] ::1 /favicon.ico
ERR: 无法加载模块:Favicon

[ 2016-07-17T13:35:56+08:00 ] ::1 /favicon.ico
ERR: 无法加载模块:Favicon

[ 2016-07-17T14:41:11+08:00 ] ::1 /favicon.ico
ERR: 无法加载模块:Favicon

[ 2016-07-17T14:41:19+08:00 ] ::1 /favicon.ico
ERR: 无法加载模块:Favicon

[ 2016-07-17T16:43:28+08:00 ] ::1 /favicon.ico
ERR: 无法加载模块:Favicon

[ 2016-07-17T16:43:53+08:00 ] ::1 /Public/umeditor/ueditor.js
ERR: 无法加载模块:Public

[ 2016-07-17T16:43:57+08:00 ] ::1 /Public/umeditor/ueditor.js
ERR: 无法加载模块:Public

[ 2016-07-17T16:43:57+08:00 ] ::1 /Public/umeditor/ueditor.js
ERR: 无法加载模块:Public

[ 2016-07-17T17:11:46+08:00 ] ::1 /Public/umeditor/themes/default/images/pop-bg.png
ERR: 无法加载模块:Public

[ 2016-07-17T17:12:14+08:00 ] ::1 /Public/umeditor/themes/default/css/umeditor.css
ERR: 无法加载模块:Public

[ 2016-07-17T17:12:22+08:00 ] ::1 /Public/umeditor/themes/default/css/umeditor.css
ERR: 无法加载模块:Public

[ 2016-07-17T17:12:31+08:00 ] ::1 /Public/umeditor/themes/default/css/umeditor.css
ERR: 无法加载模块:Public

[ 2016-07-17T17:12:55+08:00 ] ::1 /Public/umeditor/themes/default/css/umeditor.css
ERR: 无法加载模块:Public

[ 2016-07-17T17:13:12+08:00 ] ::1 /Public/umeditor/themes/default/css/umeditor.css
ERR: 无法加载模块:Public

[ 2016-07-17T17:16:19+08:00 ] ::1 /favicon.ico
ERR: 无法加载模块:Favicon

[ 2016-07-17T17:16:27+08:00 ] ::1 /favicon.ico
ERR: 无法加载模块:Favicon

[ 2016-07-17T17:16:52+08:00 ] ::1 /Public/umeditor/themes/default/css/umeditor.css
ERR: 无法加载模块:Public

[ 2016-07-17T18:12:10+08:00 ] ::1 /favicon.ico
ERR: 无法加载模块:Favicon

[ 2016-07-17T18:12:10+08:00 ] ::1 /favicon.ico
ERR: 无法加载模块:Favicon

[ 2016-07-17T18:12:12+08:00 ] ::1 /favicon.ico
ERR: 无法加载模块:Favicon

[ 2016-07-17T18:13:43+08:00 ] ::1 /Public/umeditor/themes/default/css/umeditor.css
ERR: 无法加载模块:Public

[ 2016-07-17T18:13:43+08:00 ] ::1 /Public/umeditor/themes/default/css/umeditor.css
ERR: 无法加载模块:Public

[ 2016-07-17T18:18:32+08:00 ] ::1 /Public/umeditor/themes/default/css/umeditor.css
ERR: 无法加载模块:Public

[ 2016-07-17T18:18:55+08:00 ] ::1 /Public/umeditor/themes/default/css/umeditor.css
ERR: 无法加载模块:Public

[ 2016-07-17T18:19:43+08:00 ] ::1 /Public/umeditor/themes/default/css/umeditor.css
ERR: 无法加载模块:Public

[ 2016-07-17T18:35:06+08:00 ] ::1 /Public/umeditor/themes/default/css/umeditor.css
ERR: 无法加载模块:Public

[ 2016-07-17T18:35:21+08:00 ] ::1 /Public/umeditor/themes/default/css/umeditor.css
ERR: 无法加载模块:Public

[ 2016-07-17T19:21:44+08:00 ] ::1 /Public/umeditor/themes/default/css/umeditor.css
ERR: 无法加载模块:Public

[ 2016-07-17T19:24:16+08:00 ] ::1 /Public/umeditor/themes/default/css/umeditor.css
ERR: 无法加载模块:Public

[ 2016-07-17T19:29:39+08:00 ] ::1 /Public/umeditor/themes/default/css/umeditor.css
ERR: 无法加载模块:Public

[ 2016-07-17T20:11:58+08:00 ] ::1 /favicon.ico
ERR: 无法加载模块:Favicon

[ 2016-07-17T20:11:58+08:00 ] ::1 /favicon.ico
ERR: 无法加载模块:Favicon

[ 2016-07-17T20:31:21+08:00 ] ::1 /favicon.ico
ERR: 无法加载模块:Favicon

[ 2016-07-17T20:31:21+08:00 ] ::1 /favicon.ico
ERR: 无法加载模块:Favicon

