[ 2016-08-12T15:03:41+08:00 ] 127.0.0.1 /360game/stat.htm?m=4254eca8dd2ef9c7679bdb86873cdbfe&pid=se&ver=7.3.0.1017&s=loading&type=extyouxi&9961833
INFO: [ app_init ] --START--
INFO: Run Behavior\BuildLiteBehavior [ RunTime:0.000015s ]
INFO: [ app_init ] --END-- [ RunTime:0.000367s ]
ERR: 无法加载模块:4254eca8dd2ef9c7679bdb86873cdbfe

[ 2016-08-12T15:04:41+08:00 ] 127.0.0.1 /instcomp.htm?soft=10001&status=0&err=-1&func=1000&w=3233808384&m=4254eca8dd2ef9c7679bdb86873cdbfee85483dd6bf1f6fa49a18490dff0c225
INFO: [ app_init ] --START--
INFO: Run Behavior\BuildLiteBehavior [ RunTime:0.000014s ]
INFO: [ app_init ] --END-- [ RunTime:0.000522s ]
ERR: 无法加载模块:4254eca8dd2ef9c7679bdb86873cdbfee85483dd6bf1f6fa49a18490dff0c225

[ 2016-08-12T16:49:40+08:00 ] 127.0.0.1 /softmgrcfg.ini?tick=0&from=SoftupNotify&m=4254eca8dd2ef9c7679bdb86873cdbfe&ver=2.6.0.1185&
INFO: [ app_init ] --START--
INFO: Run Behavior\BuildLiteBehavior [ RunTime:0.000015s ]
INFO: [ app_init ] --END-- [ RunTime:0.000646s ]
ERR: 无法加载模块:4254eca8dd2ef9c7679bdb86873cdbfe

[ 2016-08-12T16:49:42+08:00 ] 127.0.0.1 /client/query2?m=4254eca8dd2ef9c7679bdb86873cdbfe&t=1057292171&s=softmgr
INFO: [ app_init ] --START--
INFO: Run Behavior\BuildLiteBehavior [ RunTime:0.000014s ]
INFO: [ app_init ] --END-- [ RunTime:0.000375s ]
ERR: 无法加载模块:4254eca8dd2ef9c7679bdb86873cdbfe

[ 2016-08-12T18:49:49+08:00 ] 127.0.0.1 /softmgrcfg.ini?tick=0&from=SoftupNotify&m=4254eca8dd2ef9c7679bdb86873cdbfe&ver=2.6.0.1185&
INFO: [ app_init ] --START--
INFO: Run Behavior\BuildLiteBehavior [ RunTime:0.000015s ]
INFO: [ app_init ] --END-- [ RunTime:0.000389s ]
ERR: 无法加载模块:4254eca8dd2ef9c7679bdb86873cdbfe

[ 2016-08-12T18:49:50+08:00 ] 127.0.0.1 /client/query2?m=4254eca8dd2ef9c7679bdb86873cdbfe&t=1064500203&s=softmgr
INFO: [ app_init ] --START--
INFO: Run Behavior\BuildLiteBehavior [ RunTime:0.000019s ]
INFO: [ app_init ] --END-- [ RunTime:0.000505s ]
ERR: 无法加载模块:4254eca8dd2ef9c7679bdb86873cdbfe

[ 2016-08-12T19:44:50+08:00 ] 127.0.0.1 /client/query2?format=json&m=4254eca8dd2ef9c7679bdb86873cdbfe&t=1067800390&s=fudai
INFO: [ app_init ] --START--
INFO: Run Behavior\BuildLiteBehavior [ RunTime:0.000021s ]
INFO: [ app_init ] --END-- [ RunTime:0.000602s ]
ERR: 无法加载模块:4254eca8dd2ef9c7679bdb86873cdbfe

[ 2016-08-12T19:44:50+08:00 ] 127.0.0.1 /client/query2?format=json&m=4254eca8dd2ef9c7679bdb86873cdbfe&t=1067800546
INFO: [ app_init ] --START--
INFO: Run Behavior\BuildLiteBehavior [ RunTime:0.000014s ]
INFO: [ app_init ] --END-- [ RunTime:0.000443s ]
ERR: 无法加载模块:4254eca8dd2ef9c7679bdb86873cdbfe

[ 2016-08-12T19:44:56+08:00 ] 127.0.0.1 /client/query2?&m=4254eca8dd2ef9c7679bdb86873cdbfe&t=1067806125&s=qingli_cleansoft
INFO: [ app_init ] --START--
INFO: Run Behavior\BuildLiteBehavior [ RunTime:0.000016s ]
INFO: [ app_init ] --END-- [ RunTime:0.000407s ]
ERR: 无法加载模块:4254eca8dd2ef9c7679bdb86873cdbfe

[ 2016-08-12T20:22:33+08:00 ] 127.0.0.1 /360game/stat.htm?m=4254eca8dd2ef9c7679bdb86873cdbfe&pid=se&ver=7.3.0.1017&s=loading&type=extyouxi&9957431
INFO: [ app_init ] --START--
INFO: Run Behavior\BuildLiteBehavior [ RunTime:0.000015s ]
INFO: [ app_init ] --END-- [ RunTime:0.000419s ]
ERR: 无法加载模块:4254eca8dd2ef9c7679bdb86873cdbfe

[ 2016-08-12T20:22:49+08:00 ] 127.0.0.1 /cg/acc.html?m=4254eca8dd2ef9c7679bdb86873cdbfe&id=cc57c2b58958e62f62fe135ece0d5441&bt=&t=0&b=1&c=0
INFO: [ app_init ] --START--
INFO: Run Behavior\BuildLiteBehavior [ RunTime:0.000015s ]
INFO: [ app_init ] --END-- [ RunTime:0.000462s ]
ERR: 无法加载模块:4254eca8dd2ef9c7679bdb86873cdbfe

[ 2016-08-12T20:23:35+08:00 ] 127.0.0.1 /instcomp.htm?soft=10001&status=0&err=-1&func=1000&w=3233808384&m=4254eca8dd2ef9c7679bdb86873cdbfee85483dd6bf1f6fa49a18490dff0c225
INFO: [ app_init ] --START--
INFO: Run Behavior\BuildLiteBehavior [ RunTime:0.000014s ]
INFO: [ app_init ] --END-- [ RunTime:0.000390s ]
ERR: 无法加载模块:4254eca8dd2ef9c7679bdb86873cdbfee85483dd6bf1f6fa49a18490dff0c225

[ 2016-08-12T20:24:24+08:00 ] 127.0.0.1 /cg/acc.html?m=4254eca8dd2ef9c7679bdb86873cdbfe&id=cc57c2b58958e62f62fe135ece0d5441&bt=&t=94&b=0&c=1
INFO: [ app_init ] --START--
INFO: Run Behavior\BuildLiteBehavior [ RunTime:0.000021s ]
INFO: [ app_init ] --END-- [ RunTime:0.000554s ]
ERR: 无法加载模块:4254eca8dd2ef9c7679bdb86873cdbfe

[ 2016-08-12T20:24:46+08:00 ] 127.0.0.1 /cg/acc.html?m=4254eca8dd2ef9c7679bdb86873cdbfe&id=cc57c2b58958e62f62fe135ece0d5441&bt=&t=0&b=1&c=0
INFO: [ app_init ] --START--
INFO: Run Behavior\BuildLiteBehavior [ RunTime:0.000021s ]
INFO: [ app_init ] --END-- [ RunTime:0.000554s ]
ERR: 无法加载模块:4254eca8dd2ef9c7679bdb86873cdbfe

[ 2016-08-12T22:13:30+08:00 ] 127.0.0.1 /cg/acc.html?m=4254eca8dd2ef9c7679bdb86873cdbfe&id=cc57c2b58958e62f62fe135ece0d5441&bt=&t=6524&b=0&c=1
INFO: [ app_init ] --START--
INFO: Run Behavior\BuildLiteBehavior [ RunTime:0.000046s ]
INFO: [ app_init ] --END-- [ RunTime:0.000746s ]
ERR: 无法加载模块:4254eca8dd2ef9c7679bdb86873cdbfe

[ 2016-08-12T22:17:47+08:00 ] 127.0.0.1 /360game/stat.htm?m=4254eca8dd2ef9c7679bdb86873cdbfe&pid=se&ver=7.3.0.1017&s=loading&type=extyouxi&9924755
INFO: [ app_init ] --START--
INFO: Run Behavior\BuildLiteBehavior [ RunTime:0.000024s ]
INFO: [ app_init ] --END-- [ RunTime:0.000594s ]
ERR: 无法加载模块:4254eca8dd2ef9c7679bdb86873cdbfe

[ 2016-08-12T22:19:04+08:00 ] 127.0.0.1 /instcomp.htm?soft=10001&status=0&err=-1&func=1000&w=3233808384&m=4254eca8dd2ef9c7679bdb86873cdbfee85483dd6bf1f6fa49a18490dff0c225
INFO: [ app_init ] --START--
INFO: Run Behavior\BuildLiteBehavior [ RunTime:0.000022s ]
INFO: [ app_init ] --END-- [ RunTime:0.000549s ]
ERR: 无法加载模块:4254eca8dd2ef9c7679bdb86873cdbfee85483dd6bf1f6fa49a18490dff0c225

[ 2016-08-12T23:27:02+08:00 ] 127.0.0.1 /cg/acc.html?m=4254eca8dd2ef9c7679bdb86873cdbfe&id=cc57c2b58958e62f62fe135ece0d5441&bt=&t=0&b=1&c=0
INFO: [ app_init ] --START--
INFO: Run Behavior\BuildLiteBehavior [ RunTime:0.000014s ]
INFO: [ app_init ] --END-- [ RunTime:0.000320s ]
ERR: 无法加载模块:4254eca8dd2ef9c7679bdb86873cdbfe

