[ 2016-07-23T16:35:24+08:00 ] ::1 /admin.php/Login/Login/login
INFO: [ app_begin ] --START--
INFO: Run Behavior\ReadHtmlCacheBehavior [ RunTime:0.000407s ]
INFO: [ app_begin ] --END-- [ RunTime:0.000791s ]
SQL: SHOW COLUMNS FROM `map_admin` [ RunTime:0.0493s ]
SQL: SELECT * FROM `map_admin` WHERE `name` = '王晓杰' AND `password` = '501e0bbac99eb3673e5df715eacd9d0efb5601f5' LIMIT 1   [ RunTime:0.0004s ]
SQL: SELECT * FROM `map_admin` WHERE `name` = '王晓杰' AND `password` = '501e0bbac99eb3673e5df715eacd9d0efb5601f5' LIMIT 1   [ RunTime:0.0003s ]

[ 2016-07-23T16:35:24+08:00 ] ::1 /admin.php/Index/index.html
INFO: [ app_begin ] --START--
INFO: Run Behavior\ReadHtmlCacheBehavior [ RunTime:0.000437s ]
INFO: [ app_begin ] --END-- [ RunTime:0.000851s ]
INFO: [ view_parse ] --START--
INFO: [ template_filter ] --START--
INFO: Run Behavior\ContentReplaceBehavior [ RunTime:0.000045s ]
INFO: [ template_filter ] --END-- [ RunTime:0.000089s ]
INFO: Run Behavior\ParseTemplateBehavior [ RunTime:0.007081s ]
INFO: [ view_parse ] --END-- [ RunTime:0.007121s ]
INFO: [ view_filter ] --START--
INFO: Run Behavior\WriteHtmlCacheBehavior [ RunTime:0.000288s ]
INFO: [ view_filter ] --END-- [ RunTime:0.000315s ]
INFO: [ app_end ] --START--
INFO: Run Behavior\ShowPageTraceBehavior [ RunTime:0.000462s ]
INFO: [ app_end ] --END-- [ RunTime:0.000494s ]

[ 2016-07-23T16:35:24+08:00 ] ::1 /admin.php/Login/%3C!doctype%20html%3E%3Chtml%20lang=%22zh-CN%22%3E%3Chead%3E%3Cmeta%20charset=%22UTF-8%22%3E%3Ctitle%3E%E5%90%8E%E5%8F%B0%E7%AE%A1%E7%90%86-%E9%A6%96%E9%A1%B5%3C/title%3E%3Clink%20rel=%22stylesheet%22%20href=%22/Public/Admin/css/common.css%22%3E%3Clink%20rel=%22stylesheet%22%20href=%22/Public/Admin/css/style.css%22%3E%3Cscript%20type=%22text/javascript%22%20src=%22/Public/Admin/js/jquery.min.js%22%3E%3C/script%3E%3Cscript%20type=%22text/javascript%22%20src=%22/Public/Admin/js/jquery.SuperSlide.js%22%3E%3C/script%3E%3Cscript%20type=%22text/javascript%22%20src=%22/Public/Admin/js/base_admin.js%22%3E%3C/script%3E%3Ctitle%3E%E5%90%8E%E5%8F%B0%E9%A6%96%E9%A1%B5%3C/title%3E%3C/head%3E%3Cbody%3E%3Cdiv%20class=%22top%22%3E%3Cdiv%20id=%22top_t%22%3E%3Cdiv%20id=%22logo%22%20class=%22fl%22%3E&emsp;&emsp;%E6%B5%8B%E7%BB%98%E5%AD%A6%E9%99%A2%E5%90%8E%E5%8F%B0%E7%AE%A1%E7%90%86%3C/div%3E%3Cdiv%20id=%22photo_info%22%20class=%22fr%22%3E%3Cdiv%20id=%22photo%22%20class=%22fl%22%3E%3Ca%20href=%22
ERR: 非法操作:后台管理-首页

[ 2016-07-23T16:35:49+08:00 ] ::1 /admin.php/Login/%3C!doctype%20html%3E%3Chtml%20lang=%22zh-CN%22%3E%3Chead%3E%3Cmeta%20charset=%22UTF-8%22%3E%3Ctitle%3E%E5%90%8E%E5%8F%B0%E7%AE%A1%E7%90%86-%E9%A6%96%E9%A1%B5%3C/title%3E%3Clink%20rel=%22stylesheet%22%20href=%22/Public/Admin/css/common.css%22%3E%3Clink%20rel=%22stylesheet%22%20href=%22/Public/Admin/css/style.css%22%3E%3Cscript%20type=%22text/javascript%22%20src=%22/Public/Admin/js/jquery.min.js%22%3E%3C/script%3E%3Cscript%20type=%22text/javascript%22%20src=%22/Public/Admin/js/jquery.SuperSlide.js%22%3E%3C/script%3E%3Cscript%20type=%22text/javascript%22%20src=%22/Public/Admin/js/base_admin.js%22%3E%3C/script%3E%3Ctitle%3E%E5%90%8E%E5%8F%B0%E9%A6%96%E9%A1%B5%3C/title%3E%3C/head%3E%3Cbody%3E%3Cdiv%20class=%22top%22%3E%3Cdiv%20id=%22top_t%22%3E%3Cdiv%20id=%22logo%22%20class=%22fl%22%3E&emsp;&emsp;%E6%B5%8B%E7%BB%98%E5%AD%A6%E9%99%A2%E5%90%8E%E5%8F%B0%E7%AE%A1%E7%90%86%3C/div%3E%3Cdiv%20id=%22photo_info%22%20class=%22fr%22%3E%3Cdiv%20id=%22photo%22%20class=%22fl%22%3E%3Ca%20href=%22
ERR: 非法操作:后台管理-首页

[ 2016-07-23T16:39:17+08:00 ] ::1 /admin.php/Upload/delFile.html
INFO: [ app_begin ] --START--
INFO: Run Behavior\ReadHtmlCacheBehavior [ RunTime:0.000440s ]
INFO: [ app_begin ] --END-- [ RunTime:0.000853s ]
SQL: SHOW COLUMNS FROM `map_down` [ RunTime:0.0054s ]
SQL: SELECT * FROM `map_down` WHERE `id` = 29 LIMIT 1   [ RunTime:0.0004s ]
SQL: DELETE FROM `map_down` WHERE `id` = 29 [ RunTime:0.0614s ]
INFO: [ app_end ] --START--
INFO: Run Behavior\ShowPageTraceBehavior [ RunTime:0.000830s ]
INFO: [ app_end ] --END-- [ RunTime:0.000874s ]

[ 2016-07-23T16:39:19+08:00 ] ::1 /admin.php/Upload/delFile.html
INFO: [ app_begin ] --START--
INFO: Run Behavior\ReadHtmlCacheBehavior [ RunTime:0.000467s ]
INFO: [ app_begin ] --END-- [ RunTime:0.000832s ]
SQL: SHOW COLUMNS FROM `map_down` [ RunTime:0.0037s ]
SQL: SELECT * FROM `map_down` WHERE `id` = 28 LIMIT 1   [ RunTime:0.0003s ]
SQL: DELETE FROM `map_down` WHERE `id` = 28 [ RunTime:0.0003s ]
INFO: [ app_end ] --START--
INFO: Run Behavior\ShowPageTraceBehavior [ RunTime:0.000871s ]
INFO: [ app_end ] --END-- [ RunTime:0.000914s ]

[ 2016-07-23T16:46:05+08:00 ] ::1 /admin.php/Examine/fixScore.html
INFO: [ app_begin ] --START--
INFO: Run Behavior\ReadHtmlCacheBehavior [ RunTime:0.000453s ]
INFO: [ app_begin ] --END-- [ RunTime:0.000849s ]
SQL: SHOW COLUMNS FROM `map_exam` [ RunTime:0.0038s ]
SQL: SELECT * FROM `map_exam` WHERE `id` = 103 LIMIT 1   [ RunTime:0.0003s ]
SQL: UPDATE `map_exam` SET `score`='555',`verify`='1',`fixScore`='' WHERE `id` = 103 [ RunTime:0.0003s ]
INFO: [ app_end ] --START--
INFO: Run Behavior\ShowPageTraceBehavior [ RunTime:0.000578s ]
INFO: [ app_end ] --END-- [ RunTime:0.000617s ]

[ 2016-07-23T16:46:06+08:00 ] ::1 /admin.php/Examine/fixScore.html
INFO: [ app_begin ] --START--
INFO: Run Behavior\ReadHtmlCacheBehavior [ RunTime:0.000465s ]
INFO: [ app_begin ] --END-- [ RunTime:0.000856s ]
SQL: SHOW COLUMNS FROM `map_exam` [ RunTime:0.0042s ]
SQL: SELECT * FROM `map_exam` WHERE `id` = 226 LIMIT 1   [ RunTime:0.0004s ]
SQL: UPDATE `map_exam` SET `score`='555',`verify`='1',`fixScore`='' WHERE `id` = 226 [ RunTime:0.0003s ]
INFO: [ app_end ] --START--
INFO: Run Behavior\ShowPageTraceBehavior [ RunTime:0.000641s ]
INFO: [ app_end ] --END-- [ RunTime:0.000680s ]

[ 2016-07-23T16:46:07+08:00 ] ::1 /admin.php/Examine/fixScore.html
INFO: [ app_begin ] --START--
INFO: Run Behavior\ReadHtmlCacheBehavior [ RunTime:0.000435s ]
INFO: [ app_begin ] --END-- [ RunTime:0.000801s ]
SQL: SHOW COLUMNS FROM `map_exam` [ RunTime:0.0038s ]
SQL: SELECT * FROM `map_exam` WHERE `id` = 349 LIMIT 1   [ RunTime:0.0003s ]
SQL: UPDATE `map_exam` SET `verify`='2' WHERE `id` = 349 [ RunTime:0.0003s ]
INFO: [ app_end ] --START--
INFO: Run Behavior\ShowPageTraceBehavior [ RunTime:0.000596s ]
INFO: [ app_end ] --END-- [ RunTime:0.000634s ]

[ 2016-07-23T16:46:27+08:00 ] ::1 /admin.php/Examine/fixScore.html
INFO: [ app_begin ] --START--
INFO: Run Behavior\ReadHtmlCacheBehavior [ RunTime:0.000441s ]
INFO: [ app_begin ] --END-- [ RunTime:0.000805s ]
SQL: SHOW COLUMNS FROM `map_exam` [ RunTime:0.0042s ]
SQL: SELECT * FROM `map_exam` WHERE `id` = 103 LIMIT 1   [ RunTime:0.0003s ]
SQL: UPDATE `map_exam` SET `score`='666',`verify`='1',`fixScore`='' WHERE `id` = 103 [ RunTime:0.0003s ]
INFO: [ app_end ] --START--
INFO: Run Behavior\ShowPageTraceBehavior [ RunTime:0.000596s ]
INFO: [ app_end ] --END-- [ RunTime:0.000630s ]

[ 2016-07-23T16:46:27+08:00 ] ::1 /admin.php/Examine/fixScore.html
INFO: [ app_begin ] --START--
INFO: Run Behavior\ReadHtmlCacheBehavior [ RunTime:0.000549s ]
INFO: [ app_begin ] --END-- [ RunTime:0.001077s ]
SQL: SHOW COLUMNS FROM `map_exam` [ RunTime:0.0053s ]
SQL: SELECT * FROM `map_exam` WHERE `id` = 226 LIMIT 1   [ RunTime:0.0005s ]
SQL: UPDATE `map_exam` SET `score`='666',`verify`='1',`fixScore`='' WHERE `id` = 226 [ RunTime:0.0004s ]
INFO: [ app_end ] --START--
INFO: Run Behavior\ShowPageTraceBehavior [ RunTime:0.000642s ]
INFO: [ app_end ] --END-- [ RunTime:0.000684s ]

[ 2016-07-23T16:46:28+08:00 ] ::1 /admin.php/Examine/fixScore.html
INFO: [ app_begin ] --START--
INFO: Run Behavior\ReadHtmlCacheBehavior [ RunTime:0.000431s ]
INFO: [ app_begin ] --END-- [ RunTime:0.000816s ]
SQL: SHOW COLUMNS FROM `map_exam` [ RunTime:0.0038s ]
SQL: SELECT * FROM `map_exam` WHERE `id` = 349 LIMIT 1   [ RunTime:0.0003s ]
SQL: UPDATE `map_exam` SET `score`='666',`verify`='1',`fixScore`='' WHERE `id` = 349 [ RunTime:0.0003s ]
INFO: [ app_end ] --START--
INFO: Run Behavior\ShowPageTraceBehavior [ RunTime:0.000570s ]
INFO: [ app_end ] --END-- [ RunTime:0.000606s ]

[ 2016-07-23T16:47:11+08:00 ] ::1 /admin.php/Examine/verifyCertificate.html
INFO: [ app_begin ] --START--
INFO: Run Behavior\ReadHtmlCacheBehavior [ RunTime:0.000553s ]
INFO: [ app_begin ] --END-- [ RunTime:0.000944s ]
SQL: SHOW COLUMNS FROM `map_certificate` [ RunTime:0.0052s ]
SQL: UPDATE `map_certificate` SET `verify`='1' WHERE `id` = 17 [ RunTime:0.0004s ]
INFO: [ app_end ] --START--
INFO: Run Behavior\ShowPageTraceBehavior [ RunTime:0.000735s ]
INFO: [ app_end ] --END-- [ RunTime:0.000781s ]

[ 2016-07-23T16:48:13+08:00 ] ::1 /admin.php/Admin/swapAvaliable.html
INFO: [ app_begin ] --START--
INFO: Run Behavior\ReadHtmlCacheBehavior [ RunTime:0.000556s ]
INFO: [ app_begin ] --END-- [ RunTime:0.000962s ]
SQL: SHOW COLUMNS FROM `map_admin` [ RunTime:0.0039s ]
SQL: SELECT * FROM `map_admin` WHERE `id` = 9 LIMIT 1   [ RunTime:0.0003s ]
SQL: UPDATE `map_admin` SET `avaliable`='0' WHERE `id` = 9 [ RunTime:0.0004s ]
INFO: [ app_end ] --START--
INFO: Run Behavior\ShowPageTraceBehavior [ RunTime:0.000700s ]
INFO: [ app_end ] --END-- [ RunTime:0.000754s ]

[ 2016-07-23T16:48:14+08:00 ] ::1 /admin.php/Admin/swapAvaliable.html
INFO: [ app_begin ] --START--
INFO: Run Behavior\ReadHtmlCacheBehavior [ RunTime:0.000647s ]
INFO: [ app_begin ] --END-- [ RunTime:0.001080s ]
SQL: SHOW COLUMNS FROM `map_admin` [ RunTime:0.0041s ]
SQL: SELECT * FROM `map_admin` WHERE `id` = 9 LIMIT 1   [ RunTime:0.0005s ]
SQL: UPDATE `map_admin` SET `avaliable`='1' WHERE `id` = 9 [ RunTime:0.0003s ]
INFO: [ app_end ] --START--
INFO: Run Behavior\ShowPageTraceBehavior [ RunTime:0.000818s ]
INFO: [ app_end ] --END-- [ RunTime:0.000860s ]

[ 2016-07-23T16:48:16+08:00 ] ::1 /admin.php/Admin/swapAvaliable.html
INFO: [ app_begin ] --START--
INFO: Run Behavior\ReadHtmlCacheBehavior [ RunTime:0.000578s ]
INFO: [ app_begin ] --END-- [ RunTime:0.000974s ]
SQL: SHOW COLUMNS FROM `map_admin` [ RunTime:0.0039s ]
SQL: SELECT * FROM `map_admin` WHERE `id` = 9 LIMIT 1   [ RunTime:0.0003s ]
SQL: UPDATE `map_admin` SET `avaliable`='0' WHERE `id` = 9 [ RunTime:0.0003s ]
INFO: [ app_end ] --START--
INFO: Run Behavior\ShowPageTraceBehavior [ RunTime:0.000781s ]
INFO: [ app_end ] --END-- [ RunTime:0.000819s ]

[ 2016-07-23T16:48:18+08:00 ] ::1 /admin.php/Admin/swapAvaliable.html
INFO: [ app_begin ] --START--
INFO: Run Behavior\ReadHtmlCacheBehavior [ RunTime:0.000583s ]
INFO: [ app_begin ] --END-- [ RunTime:0.000977s ]
SQL: SHOW COLUMNS FROM `map_admin` [ RunTime:0.0039s ]
SQL: SELECT * FROM `map_admin` WHERE `id` = 9 LIMIT 1   [ RunTime:0.0004s ]
SQL: UPDATE `map_admin` SET `avaliable`='1' WHERE `id` = 9 [ RunTime:0.0003s ]
INFO: [ app_end ] --START--
INFO: Run Behavior\ShowPageTraceBehavior [ RunTime:0.000881s ]
INFO: [ app_end ] --END-- [ RunTime:0.000932s ]

[ 2016-07-23T17:49:10+08:00 ] ::1 /admin.php/Examine/verifyCertificate.html
INFO: [ app_begin ] --START--
INFO: Run Behavior\ReadHtmlCacheBehavior [ RunTime:0.000610s ]
INFO: [ app_begin ] --END-- [ RunTime:0.001016s ]
SQL: SHOW COLUMNS FROM `map_certificate` [ RunTime:0.0040s ]
SQL: UPDATE `map_certificate` SET `verify`='2' WHERE `id` = 18 [ RunTime:0.0004s ]
INFO: [ app_end ] --START--
INFO: Run Behavior\ShowPageTraceBehavior [ RunTime:0.000671s ]
INFO: [ app_end ] --END-- [ RunTime:0.000716s ]

[ 2016-07-23T21:40:21+08:00 ] ::1 /admin.php/Examine/fixScore.html
INFO: [ app_begin ] --START--
INFO: Run Behavior\ReadHtmlCacheBehavior [ RunTime:0.000413s ]
INFO: [ app_begin ] --END-- [ RunTime:0.000774s ]
SQL: SHOW COLUMNS FROM `map_exam` [ RunTime:0.0037s ]
SQL: SELECT * FROM `map_exam` WHERE `id` = 84 LIMIT 1   [ RunTime:0.0003s ]
SQL: UPDATE `map_exam` SET `score`='1',`verify`='1',`fixScore`='' WHERE `id` = 84 [ RunTime:0.0003s ]
INFO: [ app_end ] --START--
INFO: Run Behavior\ShowPageTraceBehavior [ RunTime:0.000586s ]
INFO: [ app_end ] --END-- [ RunTime:0.000621s ]

[ 2016-07-23T21:40:23+08:00 ] ::1 /admin.php/Examine/fixScore.html
INFO: [ app_begin ] --START--
INFO: Run Behavior\ReadHtmlCacheBehavior [ RunTime:0.000403s ]
INFO: [ app_begin ] --END-- [ RunTime:0.000754s ]
SQL: SHOW COLUMNS FROM `map_exam` [ RunTime:0.0039s ]
SQL: SELECT * FROM `map_exam` WHERE `id` = 207 LIMIT 1   [ RunTime:0.0003s ]
SQL: UPDATE `map_exam` SET `score`='11',`verify`='1',`fixScore`='' WHERE `id` = 207 [ RunTime:0.0003s ]
INFO: [ app_end ] --START--
INFO: Run Behavior\ShowPageTraceBehavior [ RunTime:0.000598s ]
INFO: [ app_end ] --END-- [ RunTime:0.000631s ]

[ 2016-07-23T21:40:24+08:00 ] ::1 /admin.php/Examine/fixScore.html
INFO: [ app_begin ] --START--
INFO: Run Behavior\ReadHtmlCacheBehavior [ RunTime:0.000455s ]
INFO: [ app_begin ] --END-- [ RunTime:0.000813s ]
SQL: SHOW COLUMNS FROM `map_exam` [ RunTime:0.0037s ]
SQL: SELECT * FROM `map_exam` WHERE `id` = 330 LIMIT 1   [ RunTime:0.0003s ]
SQL: UPDATE `map_exam` SET `verify`='2' WHERE `id` = 330 [ RunTime:0.0003s ]
INFO: [ app_end ] --START--
INFO: Run Behavior\ShowPageTraceBehavior [ RunTime:0.000591s ]
INFO: [ app_end ] --END-- [ RunTime:0.000627s ]

[ 2016-07-23T21:40:34+08:00 ] ::1 /admin.php/Examine/fixScore.html
INFO: [ app_begin ] --START--
INFO: Run Behavior\ReadHtmlCacheBehavior [ RunTime:0.000447s ]
INFO: [ app_begin ] --END-- [ RunTime:0.000806s ]
SQL: SHOW COLUMNS FROM `map_exam` [ RunTime:0.0037s ]
SQL: SELECT * FROM `map_exam` WHERE `id` = 330 LIMIT 1   [ RunTime:0.0003s ]
SQL: UPDATE `map_exam` SET `score`='1',`verify`='1',`fixScore`='' WHERE `id` = 330 [ RunTime:0.0003s ]
INFO: [ app_end ] --START--
INFO: Run Behavior\ShowPageTraceBehavior [ RunTime:0.000597s ]
INFO: [ app_end ] --END-- [ RunTime:0.000633s ]

[ 2016-07-23T21:41:06+08:00 ] ::1 /admin.php/Examine/verifyCertificate.html
INFO: [ app_begin ] --START--
INFO: Run Behavior\ReadHtmlCacheBehavior [ RunTime:0.000801s ]
INFO: [ app_begin ] --END-- [ RunTime:0.001348s ]
SQL: SHOW COLUMNS FROM `map_certificate` [ RunTime:0.0039s ]
SQL: UPDATE `map_certificate` SET `verify`='1' WHERE `id` = 19 [ RunTime:0.0004s ]
INFO: [ app_end ] --START--
INFO: Run Behavior\ShowPageTraceBehavior [ RunTime:0.001117s ]
INFO: [ app_end ] --END-- [ RunTime:0.001159s ]

[ 2016-07-23T21:44:29+08:00 ] ::1 /admin.php/News/delNews.html
INFO: [ app_begin ] --START--
INFO: Run Behavior\ReadHtmlCacheBehavior [ RunTime:0.000505s ]
INFO: [ app_begin ] --END-- [ RunTime:0.000905s ]
SQL: SHOW COLUMNS FROM `map_news` [ RunTime:0.0055s ]
SQL: DELETE FROM `map_news` WHERE `id` = 28 [ RunTime:0.0003s ]
INFO: [ app_end ] --START--
INFO: Run Behavior\ShowPageTraceBehavior [ RunTime:0.000689s ]
INFO: [ app_end ] --END-- [ RunTime:0.000726s ]

[ 2016-07-23T22:02:36+08:00 ] ::1 /admin.php/Score/ajaxFixScore.html
INFO: [ app_begin ] --START--
INFO: Run Behavior\ReadHtmlCacheBehavior [ RunTime:0.000416s ]
INFO: [ app_begin ] --END-- [ RunTime:0.000777s ]
SQL: SHOW COLUMNS FROM `map_exam` [ RunTime:0.0036s ]
SQL: UPDATE `map_exam` SET `score`='2' WHERE `id` = 84 [ RunTime:0.0003s ]
INFO: [ app_end ] --START--
INFO: Run Behavior\ShowPageTraceBehavior [ RunTime:0.000573s ]
INFO: [ app_end ] --END-- [ RunTime:0.000609s ]

[ 2016-07-23T22:02:44+08:00 ] ::1 /admin.php/Score/ajaxFixScore.html
INFO: [ app_begin ] --START--
INFO: Run Behavior\ReadHtmlCacheBehavior [ RunTime:0.000442s ]
INFO: [ app_begin ] --END-- [ RunTime:0.000942s ]
SQL: SHOW COLUMNS FROM `map_exam` [ RunTime:0.0042s ]
SQL: UPDATE `map_exam` SET `score`='222' WHERE `id` = 84 [ RunTime:0.0003s ]
INFO: [ app_end ] --START--
INFO: Run Behavior\ShowPageTraceBehavior [ RunTime:0.000596s ]
INFO: [ app_end ] --END-- [ RunTime:0.000632s ]

[ 2016-07-23T22:02:48+08:00 ] ::1 /admin.php/Score/ajaxFixScore.html
INFO: [ app_begin ] --START--
INFO: Run Behavior\ReadHtmlCacheBehavior [ RunTime:0.000419s ]
INFO: [ app_begin ] --END-- [ RunTime:0.000799s ]
SQL: SHOW COLUMNS FROM `map_exam` [ RunTime:0.0051s ]
SQL: UPDATE `map_exam` SET `score`='222222' WHERE `id` = 84 [ RunTime:0.0003s ]
INFO: [ app_end ] --START--
INFO: Run Behavior\ShowPageTraceBehavior [ RunTime:0.000570s ]
INFO: [ app_end ] --END-- [ RunTime:0.000606s ]

[ 2016-07-23T22:02:52+08:00 ] ::1 /admin.php/Score/ajaxFixScore.html
INFO: [ app_begin ] --START--
INFO: Run Behavior\ReadHtmlCacheBehavior [ RunTime:0.000484s ]
INFO: [ app_begin ] --END-- [ RunTime:0.000871s ]
SQL: SHOW COLUMNS FROM `map_exam` [ RunTime:0.0040s ]
SQL: UPDATE `map_exam` SET `score`='1' WHERE `id` = 84 [ RunTime:0.0004s ]
INFO: [ app_end ] --START--
INFO: Run Behavior\ShowPageTraceBehavior [ RunTime:0.000704s ]
INFO: [ app_end ] --END-- [ RunTime:0.000763s ]

[ 2016-07-23T22:02:55+08:00 ] ::1 /admin.php/Score/ajaxFixScore.html
INFO: [ app_begin ] --START--
INFO: Run Behavior\ReadHtmlCacheBehavior [ RunTime:0.000661s ]
INFO: [ app_begin ] --END-- [ RunTime:0.001161s ]
SQL: SHOW COLUMNS FROM `map_exam` [ RunTime:0.0045s ]
SQL: UPDATE `map_exam` SET `score`='1' WHERE `id` = 207 [ RunTime:0.0003s ]
INFO: [ app_end ] --START--
INFO: Run Behavior\ShowPageTraceBehavior [ RunTime:0.000595s ]
INFO: [ app_end ] --END-- [ RunTime:0.000632s ]

[ 2016-07-23T22:04:45+08:00 ] ::1 /admin.php/Score/ajaxFixScore.html
INFO: [ app_begin ] --START--
INFO: Run Behavior\ReadHtmlCacheBehavior [ RunTime:0.000515s ]
INFO: [ app_begin ] --END-- [ RunTime:0.000955s ]
SQL: SHOW COLUMNS FROM `map_exam` [ RunTime:0.0041s ]
SQL: UPDATE `map_exam` SET `score`='2' WHERE `id` = 84 [ RunTime:0.0004s ]
INFO: [ app_end ] --START--
INFO: Run Behavior\ShowPageTraceBehavior [ RunTime:0.000602s ]
INFO: [ app_end ] --END-- [ RunTime:0.000638s ]

[ 2016-07-23T22:04:47+08:00 ] ::1 /admin.php/Score/ajaxFixScore.html
INFO: [ app_begin ] --START--
INFO: Run Behavior\ReadHtmlCacheBehavior [ RunTime:0.000411s ]
INFO: [ app_begin ] --END-- [ RunTime:0.000753s ]
SQL: SHOW COLUMNS FROM `map_exam` [ RunTime:0.0063s ]
SQL: UPDATE `map_exam` SET `score`='2' WHERE `id` = 207 [ RunTime:0.0004s ]
INFO: [ app_end ] --START--
INFO: Run Behavior\ShowPageTraceBehavior [ RunTime:0.000612s ]
INFO: [ app_end ] --END-- [ RunTime:0.000655s ]

[ 2016-07-23T22:04:48+08:00 ] ::1 /admin.php/Score/ajaxFixScore.html
INFO: [ app_begin ] --START--
INFO: Run Behavior\ReadHtmlCacheBehavior [ RunTime:0.000429s ]
INFO: [ app_begin ] --END-- [ RunTime:0.000836s ]
INFO: [ app_end ] --START--
INFO: Run Behavior\ShowPageTraceBehavior [ RunTime:0.000483s ]
INFO: [ app_end ] --END-- [ RunTime:0.000524s ]

[ 2016-07-23T22:04:50+08:00 ] ::1 /admin.php/Score/ajaxFixScore.html
INFO: [ app_begin ] --START--
INFO: Run Behavior\ReadHtmlCacheBehavior [ RunTime:0.000424s ]
INFO: [ app_begin ] --END-- [ RunTime:0.000789s ]
INFO: [ app_end ] --START--
INFO: Run Behavior\ShowPageTraceBehavior [ RunTime:0.000439s ]
INFO: [ app_end ] --END-- [ RunTime:0.000478s ]

[ 2016-07-23T22:04:50+08:00 ] ::1 /admin.php/Score/ajaxFixScore.html
INFO: [ app_begin ] --START--
INFO: Run Behavior\ReadHtmlCacheBehavior [ RunTime:0.000528s ]
INFO: [ app_begin ] --END-- [ RunTime:0.000924s ]
INFO: [ app_end ] --START--
INFO: Run Behavior\ShowPageTraceBehavior [ RunTime:0.000449s ]
INFO: [ app_end ] --END-- [ RunTime:0.000490s ]

[ 2016-07-23T22:04:53+08:00 ] ::1 /admin.php/Score/ajaxFixScore.html
INFO: [ app_begin ] --START--
INFO: Run Behavior\ReadHtmlCacheBehavior [ RunTime:0.000451s ]
INFO: [ app_begin ] --END-- [ RunTime:0.000808s ]
SQL: SHOW COLUMNS FROM `map_exam` [ RunTime:0.0039s ]
SQL: UPDATE `map_exam` SET `score`=' ' WHERE `id` = 330 [ RunTime:0.0003s ]
INFO: [ app_end ] --START--
INFO: Run Behavior\ShowPageTraceBehavior [ RunTime:0.000594s ]
INFO: [ app_end ] --END-- [ RunTime:0.000630s ]

[ 2016-07-23T22:04:56+08:00 ] ::1 /admin.php/Score/ajaxFixScore.html
INFO: [ app_begin ] --START--
INFO: Run Behavior\ReadHtmlCacheBehavior [ RunTime:0.000423s ]
INFO: [ app_begin ] --END-- [ RunTime:0.000786s ]
SQL: SHOW COLUMNS FROM `map_exam` [ RunTime:0.0038s ]
SQL: UPDATE `map_exam` SET `score`='1' WHERE `id` = 330 [ RunTime:0.0003s ]
INFO: [ app_end ] --START--
INFO: Run Behavior\ShowPageTraceBehavior [ RunTime:0.000574s ]
INFO: [ app_end ] --END-- [ RunTime:0.000609s ]

[ 2016-07-23T22:05:25+08:00 ] ::1 /admin.php/Score/ajaxFixScore.html
INFO: [ app_begin ] --START--
INFO: Run Behavior\ReadHtmlCacheBehavior [ RunTime:0.000622s ]
INFO: [ app_begin ] --END-- [ RunTime:0.001137s ]
INFO: [ app_end ] --START--
INFO: Run Behavior\ShowPageTraceBehavior [ RunTime:0.000459s ]
INFO: [ app_end ] --END-- [ RunTime:0.000510s ]

[ 2016-07-23T22:05:27+08:00 ] ::1 /admin.php/Score/ajaxFixScore.html
INFO: [ app_begin ] --START--
INFO: Run Behavior\ReadHtmlCacheBehavior [ RunTime:0.000484s ]
INFO: [ app_begin ] --END-- [ RunTime:0.001010s ]
INFO: [ app_end ] --START--
INFO: Run Behavior\ShowPageTraceBehavior [ RunTime:0.000559s ]
INFO: [ app_end ] --END-- [ RunTime:0.000608s ]

[ 2016-07-23T22:05:31+08:00 ] ::1 /admin.php/Score/ajaxFixScore.html
INFO: [ app_begin ] --START--
INFO: Run Behavior\ReadHtmlCacheBehavior [ RunTime:0.000407s ]
INFO: [ app_begin ] --END-- [ RunTime:0.000778s ]
SQL: SHOW COLUMNS FROM `map_exam` [ RunTime:0.0037s ]
SQL: UPDATE `map_exam` SET `score`='12' WHERE `id` = 330 [ RunTime:0.0003s ]
INFO: [ app_end ] --START--
INFO: Run Behavior\ShowPageTraceBehavior [ RunTime:0.000578s ]
INFO: [ app_end ] --END-- [ RunTime:0.000614s ]

[ 2016-07-23T22:05:33+08:00 ] ::1 /admin.php/Score/ajaxFixScore.html
INFO: [ app_begin ] --START--
INFO: Run Behavior\ReadHtmlCacheBehavior [ RunTime:0.000748s ]
INFO: [ app_begin ] --END-- [ RunTime:0.001516s ]
SQL: SHOW COLUMNS FROM `map_exam` [ RunTime:0.0039s ]
SQL: UPDATE `map_exam` SET `score`='2' WHERE `id` = 330 [ RunTime:0.0004s ]
INFO: [ app_end ] --START--
INFO: Run Behavior\ShowPageTraceBehavior [ RunTime:0.000609s ]
INFO: [ app_end ] --END-- [ RunTime:0.000646s ]

[ 2016-07-23T22:05:36+08:00 ] ::1 /admin.php/Score/ajaxDelScore.html
INFO: [ app_begin ] --START--
INFO: Run Behavior\ReadHtmlCacheBehavior [ RunTime:0.000425s ]
INFO: [ app_begin ] --END-- [ RunTime:0.000787s ]
SQL: SHOW COLUMNS FROM `map_exam` [ RunTime:0.0040s ]
SQL: DELETE FROM `map_exam` WHERE `id` = 330 [ RunTime:0.0003s ]
INFO: [ app_end ] --START--
INFO: Run Behavior\ShowPageTraceBehavior [ RunTime:0.000600s ]
INFO: [ app_end ] --END-- [ RunTime:0.000638s ]

[ 2016-07-23T22:05:42+08:00 ] ::1 /admin.php/Score/ajaxDelScore.html
INFO: [ app_begin ] --START--
INFO: Run Behavior\ReadHtmlCacheBehavior [ RunTime:0.000447s ]
INFO: [ app_begin ] --END-- [ RunTime:0.000832s ]
SQL: SHOW COLUMNS FROM `map_exam` [ RunTime:0.0061s ]
SQL: DELETE FROM `map_exam` WHERE `id` = 84 [ RunTime:0.0004s ]
INFO: [ app_end ] --START--
INFO: Run Behavior\ShowPageTraceBehavior [ RunTime:0.000629s ]
INFO: [ app_end ] --END-- [ RunTime:0.000666s ]

[ 2016-07-23T22:07:32+08:00 ] ::1 /admin.php/Score/ajaxFixScore.html
INFO: [ app_begin ] --START--
INFO: Run Behavior\ReadHtmlCacheBehavior [ RunTime:0.000454s ]
INFO: [ app_begin ] --END-- [ RunTime:0.000857s ]
SQL: SHOW COLUMNS FROM `map_exam` [ RunTime:0.0041s ]
SQL: UPDATE `map_exam` SET `score`='3' WHERE `id` = 207 [ RunTime:0.0003s ]
INFO: [ app_end ] --START--
INFO: Run Behavior\ShowPageTraceBehavior [ RunTime:0.000811s ]
INFO: [ app_end ] --END-- [ RunTime:0.000909s ]

[ 2016-07-23T22:07:37+08:00 ] ::1 /admin.php/Score/ajaxFixScore.html
INFO: [ app_begin ] --START--
INFO: Run Behavior\ReadHtmlCacheBehavior [ RunTime:0.000489s ]
INFO: [ app_begin ] --END-- [ RunTime:0.000833s ]
SQL: SHOW COLUMNS FROM `map_exam` [ RunTime:0.0043s ]
SQL: UPDATE `map_exam` SET `score`='4' WHERE `id` = 207 [ RunTime:0.0004s ]
INFO: [ app_end ] --START--
INFO: Run Behavior\ShowPageTraceBehavior [ RunTime:0.000591s ]
INFO: [ app_end ] --END-- [ RunTime:0.000626s ]

[ 2016-07-23T22:07:40+08:00 ] ::1 /admin.php/Score/ajaxFixScore.html
INFO: [ app_begin ] --START--
INFO: Run Behavior\ReadHtmlCacheBehavior [ RunTime:0.000618s ]
INFO: [ app_begin ] --END-- [ RunTime:0.001439s ]
INFO: [ app_end ] --START--
INFO: Run Behavior\ShowPageTraceBehavior [ RunTime:0.000504s ]
INFO: [ app_end ] --END-- [ RunTime:0.000551s ]

[ 2016-07-23T22:08:09+08:00 ] ::1 /admin.php/Score/ajaxFixScore.html
INFO: [ app_begin ] --START--
INFO: Run Behavior\ReadHtmlCacheBehavior [ RunTime:0.000435s ]
INFO: [ app_begin ] --END-- [ RunTime:0.000808s ]
INFO: [ app_end ] --START--
INFO: Run Behavior\ShowPageTraceBehavior [ RunTime:0.000605s ]
INFO: [ app_end ] --END-- [ RunTime:0.000664s ]

[ 2016-07-23T22:08:11+08:00 ] ::1 /admin.php/Score/ajaxFixScore.html
INFO: [ app_begin ] --START--
INFO: Run Behavior\ReadHtmlCacheBehavior [ RunTime:0.000419s ]
INFO: [ app_begin ] --END-- [ RunTime:0.000774s ]
SQL: SHOW COLUMNS FROM `map_exam` [ RunTime:0.0040s ]
SQL: UPDATE `map_exam` SET `score`='5' WHERE `id` = 207 [ RunTime:0.0003s ]
INFO: [ app_end ] --START--
INFO: Run Behavior\ShowPageTraceBehavior [ RunTime:0.000621s ]
INFO: [ app_end ] --END-- [ RunTime:0.000657s ]

[ 2016-07-23T22:08:16+08:00 ] ::1 /admin.php/Score/ajaxDelScore.html
INFO: [ app_begin ] --START--
INFO: Run Behavior\ReadHtmlCacheBehavior [ RunTime:0.000456s ]
INFO: [ app_begin ] --END-- [ RunTime:0.000879s ]
SQL: SHOW COLUMNS FROM `map_exam` [ RunTime:0.0057s ]
SQL: DELETE FROM `map_exam` WHERE `id` = 207 [ RunTime:0.0003s ]
INFO: [ app_end ] --START--
INFO: Run Behavior\ShowPageTraceBehavior [ RunTime:0.000600s ]
INFO: [ app_end ] --END-- [ RunTime:0.000637s ]

[ 2016-07-23T22:08:47+08:00 ] ::1 /admin.php/Score/ajaxFixScore.html
INFO: [ app_begin ] --START--
INFO: Run Behavior\ReadHtmlCacheBehavior [ RunTime:0.000456s ]
INFO: [ app_begin ] --END-- [ RunTime:0.000845s ]
SQL: SHOW COLUMNS FROM `map_exam` [ RunTime:0.0060s ]
SQL: UPDATE `map_exam` SET `score`='66' WHERE `id` = 81 [ RunTime:0.0003s ]
INFO: [ app_end ] --START--
INFO: Run Behavior\ShowPageTraceBehavior [ RunTime:0.000593s ]
INFO: [ app_end ] --END-- [ RunTime:0.000631s ]

[ 2016-07-23T22:08:51+08:00 ] ::1 /admin.php/Score/ajaxFixScore.html
INFO: [ app_begin ] --START--
INFO: Run Behavior\ReadHtmlCacheBehavior [ RunTime:0.000466s ]
INFO: [ app_begin ] --END-- [ RunTime:0.000841s ]
SQL: SHOW COLUMNS FROM `map_exam` [ RunTime:0.0054s ]
SQL: UPDATE `map_exam` SET `score`='66' WHERE `id` = 204 [ RunTime:0.0004s ]
INFO: [ app_end ] --START--
INFO: Run Behavior\ShowPageTraceBehavior [ RunTime:0.000593s ]
INFO: [ app_end ] --END-- [ RunTime:0.000635s ]

[ 2016-07-23T22:08:53+08:00 ] ::1 /admin.php/Score/ajaxFixScore.html
INFO: [ app_begin ] --START--
INFO: Run Behavior\ReadHtmlCacheBehavior [ RunTime:0.000460s ]
INFO: [ app_begin ] --END-- [ RunTime:0.000825s ]
INFO: [ app_end ] --START--
INFO: Run Behavior\ShowPageTraceBehavior [ RunTime:0.000438s ]
INFO: [ app_end ] --END-- [ RunTime:0.000478s ]

[ 2016-07-23T22:08:55+08:00 ] ::1 /admin.php/Score/ajaxFixScore.html
INFO: [ app_begin ] --START--
INFO: Run Behavior\ReadHtmlCacheBehavior [ RunTime:0.000414s ]
INFO: [ app_begin ] --END-- [ RunTime:0.000761s ]
INFO: [ app_end ] --START--
INFO: Run Behavior\ShowPageTraceBehavior [ RunTime:0.000437s ]
INFO: [ app_end ] --END-- [ RunTime:0.000478s ]

[ 2016-07-23T22:08:57+08:00 ] ::1 /admin.php/Score/ajaxFixScore.html
INFO: [ app_begin ] --START--
INFO: Run Behavior\ReadHtmlCacheBehavior [ RunTime:0.000438s ]
INFO: [ app_begin ] --END-- [ RunTime:0.000846s ]
INFO: [ app_end ] --START--
INFO: Run Behavior\ShowPageTraceBehavior [ RunTime:0.000454s ]
INFO: [ app_end ] --END-- [ RunTime:0.000495s ]

[ 2016-07-23T22:09:02+08:00 ] ::1 /admin.php/Score/ajaxFixScore.html
INFO: [ app_begin ] --START--
INFO: Run Behavior\ReadHtmlCacheBehavior [ RunTime:0.000615s ]
INFO: [ app_begin ] --END-- [ RunTime:0.001337s ]
SQL: SHOW COLUMNS FROM `map_exam` [ RunTime:0.0038s ]
SQL: UPDATE `map_exam` SET `score`='66' WHERE `id` = 327 [ RunTime:0.0003s ]
INFO: [ app_end ] --START--
INFO: Run Behavior\ShowPageTraceBehavior [ RunTime:0.000586s ]
INFO: [ app_end ] --END-- [ RunTime:0.000623s ]

[ 2016-07-23T22:44:50+08:00 ] ::1 /admin.php/Examine/fixScore.html
INFO: [ app_begin ] --START--
INFO: Run Behavior\ReadHtmlCacheBehavior [ RunTime:0.000491s ]
INFO: [ app_begin ] --END-- [ RunTime:0.000856s ]
SQL: SHOW COLUMNS FROM `map_exam` [ RunTime:0.0053s ]
SQL: SELECT * FROM `map_exam` WHERE `id` = 491 LIMIT 1   [ RunTime:0.0003s ]
SQL: UPDATE `map_exam` SET `score`='100',`verify`='1',`fixScore`='' WHERE `id` = 491 [ RunTime:0.0003s ]
INFO: [ app_end ] --START--
INFO: Run Behavior\ShowPageTraceBehavior [ RunTime:0.000581s ]
INFO: [ app_end ] --END-- [ RunTime:0.000644s ]

[ 2016-07-23T22:44:56+08:00 ] ::1 /admin.php/Examine/fixScore.html
INFO: [ app_begin ] --START--
INFO: Run Behavior\ReadHtmlCacheBehavior [ RunTime:0.000428s ]
INFO: [ app_begin ] --END-- [ RunTime:0.000776s ]
SQL: SHOW COLUMNS FROM `map_exam` [ RunTime:0.0039s ]
SQL: SELECT * FROM `map_exam` WHERE `id` = 614 LIMIT 1   [ RunTime:0.0003s ]
SQL: UPDATE `map_exam` SET `verify`='2' WHERE `id` = 614 [ RunTime:0.0003s ]
INFO: [ app_end ] --START--
INFO: Run Behavior\ShowPageTraceBehavior [ RunTime:0.000586s ]
INFO: [ app_end ] --END-- [ RunTime:0.000632s ]

[ 2016-07-23T22:45:19+08:00 ] ::1 /admin.php/Examine/fixScore.html
INFO: [ app_begin ] --START--
INFO: Run Behavior\ReadHtmlCacheBehavior [ RunTime:0.000427s ]
INFO: [ app_begin ] --END-- [ RunTime:0.000794s ]
SQL: SHOW COLUMNS FROM `map_exam` [ RunTime:0.0042s ]
SQL: SELECT * FROM `map_exam` WHERE `id` = 614 LIMIT 1   [ RunTime:0.0003s ]
SQL: UPDATE `map_exam` SET `score`='100',`verify`='1',`fixScore`='' WHERE `id` = 614 [ RunTime:0.0003s ]
INFO: [ app_end ] --START--
INFO: Run Behavior\ShowPageTraceBehavior [ RunTime:0.000574s ]
INFO: [ app_end ] --END-- [ RunTime:0.000610s ]

[ 2016-07-23T22:57:39+08:00 ] ::1 /admin.php/Score/ajaxFixScore.html
INFO: [ app_begin ] --START--
INFO: Run Behavior\ReadHtmlCacheBehavior [ RunTime:0.000583s ]
INFO: [ app_begin ] --END-- [ RunTime:0.001085s ]
SQL: SHOW COLUMNS FROM `map_exam` [ RunTime:0.0036s ]
SQL: UPDATE `map_exam` SET `score`='0' WHERE `id` = 739 [ RunTime:0.0003s ]
INFO: [ app_end ] --START--
INFO: Run Behavior\ShowPageTraceBehavior [ RunTime:0.000570s ]
INFO: [ app_end ] --END-- [ RunTime:0.000605s ]

[ 2016-07-23T22:57:42+08:00 ] ::1 /admin.php/Score/ajaxFixScore.html
INFO: [ app_begin ] --START--
INFO: Run Behavior\ReadHtmlCacheBehavior [ RunTime:0.000426s ]
INFO: [ app_begin ] --END-- [ RunTime:0.000783s ]
SQL: SHOW COLUMNS FROM `map_exam` [ RunTime:0.0041s ]
SQL: UPDATE `map_exam` SET `score`='0' WHERE `id` = 740 [ RunTime:0.0003s ]
INFO: [ app_end ] --START--
INFO: Run Behavior\ShowPageTraceBehavior [ RunTime:0.000608s ]
INFO: [ app_end ] --END-- [ RunTime:0.000646s ]

[ 2016-07-23T22:57:46+08:00 ] ::1 /admin.php/Score/ajaxFixScore.html
INFO: [ app_begin ] --START--
INFO: Run Behavior\ReadHtmlCacheBehavior [ RunTime:0.000435s ]
INFO: [ app_begin ] --END-- [ RunTime:0.000802s ]
SQL: SHOW COLUMNS FROM `map_exam` [ RunTime:0.0056s ]
SQL: UPDATE `map_exam` SET `score`='0' WHERE `id` = 741 [ RunTime:0.0003s ]
INFO: [ app_end ] --START--
INFO: Run Behavior\ShowPageTraceBehavior [ RunTime:0.000629s ]
INFO: [ app_end ] --END-- [ RunTime:0.000667s ]

