[ 2016-07-16T02:57:21+08:00 ] ::1 /admin.php/Home/Upload/delFile.html
INFO: [ app_begin ] --START--
INFO: Run Behavior\ReadHtmlCacheBehavior [ RunTime:0.001618s ]
INFO: [ app_begin ] --END-- [ RunTime:0.002350s ]
INFO: [ app_end ] --START--
INFO: Run Behavior\ShowPageTraceBehavior [ RunTime:0.001568s ]
INFO: [ app_end ] --END-- [ RunTime:0.001794s ]

[ 2016-07-16T02:58:15+08:00 ] ::1 /admin.php/Home/Upload/delFile.html
INFO: [ app_begin ] --START--
INFO: Run Behavior\ReadHtmlCacheBehavior [ RunTime:0.001429s ]
INFO: [ app_begin ] --END-- [ RunTime:0.002037s ]
INFO: [ app_end ] --START--
INFO: Run Behavior\ShowPageTraceBehavior [ RunTime:0.001502s ]
INFO: [ app_end ] --END-- [ RunTime:0.001640s ]

[ 2016-07-16T02:58:17+08:00 ] ::1 /admin.php/Home/Upload/delFile.html
INFO: [ app_begin ] --START--
INFO: Run Behavior\ReadHtmlCacheBehavior [ RunTime:0.001465s ]
INFO: [ app_begin ] --END-- [ RunTime:0.002186s ]
INFO: [ app_end ] --START--
INFO: Run Behavior\ShowPageTraceBehavior [ RunTime:0.001442s ]
INFO: [ app_end ] --END-- [ RunTime:0.001566s ]

[ 2016-07-16T02:58:18+08:00 ] ::1 /admin.php/Home/Upload/delFile.html
INFO: [ app_begin ] --START--
INFO: Run Behavior\ReadHtmlCacheBehavior [ RunTime:0.001709s ]
INFO: [ app_begin ] --END-- [ RunTime:0.002723s ]
INFO: [ app_end ] --START--
INFO: Run Behavior\ShowPageTraceBehavior [ RunTime:0.001419s ]
INFO: [ app_end ] --END-- [ RunTime:0.001557s ]

[ 2016-07-16T02:59:10+08:00 ] ::1 /admin.php/Home/Upload/delFile.html
INFO: [ app_begin ] --START--
INFO: Run Behavior\ReadHtmlCacheBehavior [ RunTime:0.001451s ]
INFO: [ app_begin ] --END-- [ RunTime:0.002106s ]
INFO: [ app_end ] --START--
INFO: Run Behavior\ShowPageTraceBehavior [ RunTime:0.001457s ]
INFO: [ app_end ] --END-- [ RunTime:0.001580s ]

[ 2016-07-16T03:07:56+08:00 ] ::1 /admin.php/Home/Upload/delFile.html
INFO: [ app_begin ] --START--
INFO: Run Behavior\ReadHtmlCacheBehavior [ RunTime:0.001541s ]
INFO: [ app_begin ] --END-- [ RunTime:0.002255s ]
SQL: SHOW COLUMNS FROM `map_down` [ RunTime:0.0006s ]
SQL: SELECT * FROM `map_down` WHERE `id` = 6 LIMIT 1   [ RunTime:0.0003s ]
NOTIC: [2] unlink(/Uploads/Files/14686084931381.png): No such file or directory D:\ApacheServer\www\Admin\Home\Controller\UploadController.class.php 第 39 行.
INFO: [ app_end ] --START--
INFO: Run Behavior\ShowPageTraceBehavior [ RunTime:0.001760s ]
INFO: [ app_end ] --END-- [ RunTime:0.001892s ]

[ 2016-07-16T03:07:59+08:00 ] ::1 /admin.php/Home/Upload/delFile.html
INFO: [ app_begin ] --START--
INFO: Run Behavior\ReadHtmlCacheBehavior [ RunTime:0.001209s ]
INFO: [ app_begin ] --END-- [ RunTime:0.001923s ]
SQL: SHOW COLUMNS FROM `map_down` [ RunTime:0.0006s ]
SQL: SELECT * FROM `map_down` WHERE `id` = 5 LIMIT 1   [ RunTime:0.0003s ]
NOTIC: [2] unlink(/Uploads/Files/14686084848742.jpg): No such file or directory D:\ApacheServer\www\Admin\Home\Controller\UploadController.class.php 第 39 行.
INFO: [ app_end ] --START--
INFO: Run Behavior\ShowPageTraceBehavior [ RunTime:0.001321s ]
INFO: [ app_end ] --END-- [ RunTime:0.001440s ]

[ 2016-07-16T03:09:59+08:00 ] ::1 /admin.php/Home/Upload/delFile.html
INFO: [ app_begin ] --START--
INFO: Run Behavior\ReadHtmlCacheBehavior [ RunTime:0.001479s ]
INFO: [ app_begin ] --END-- [ RunTime:0.002136s ]
SQL: SHOW COLUMNS FROM `map_down` [ RunTime:0.0007s ]
SQL: SELECT * FROM `map_down` WHERE `id` = 6 LIMIT 1   [ RunTime:0.0003s ]
NOTIC: [2] unlink(//Uploads/Files/14686084931381.png): No such file or directory D:\ApacheServer\www\Admin\Home\Controller\UploadController.class.php 第 39 行.
INFO: [ app_end ] --START--
INFO: Run Behavior\ShowPageTraceBehavior [ RunTime:0.002347s ]
INFO: [ app_end ] --END-- [ RunTime:0.002527s ]

[ 2016-07-16T03:09:59+08:00 ] ::1 /admin.php/Home/Upload/delFile.html
INFO: [ app_begin ] --START--
INFO: Run Behavior\ReadHtmlCacheBehavior [ RunTime:0.001189s ]
INFO: [ app_begin ] --END-- [ RunTime:0.001887s ]
SQL: SHOW COLUMNS FROM `map_down` [ RunTime:0.0008s ]
SQL: SELECT * FROM `map_down` WHERE `id` = 6 LIMIT 1   [ RunTime:0.0005s ]
NOTIC: [2] unlink(//Uploads/Files/14686084931381.png): No such file or directory D:\ApacheServer\www\Admin\Home\Controller\UploadController.class.php 第 39 行.
INFO: [ app_end ] --START--
INFO: Run Behavior\ShowPageTraceBehavior [ RunTime:0.001641s ]
INFO: [ app_end ] --END-- [ RunTime:0.001840s ]

[ 2016-07-16T03:09:59+08:00 ] ::1 /admin.php/Home/Upload/delFile.html
INFO: [ app_begin ] --START--
INFO: Run Behavior\ReadHtmlCacheBehavior [ RunTime:0.002091s ]
INFO: [ app_begin ] --END-- [ RunTime:0.002995s ]
SQL: SHOW COLUMNS FROM `map_down` [ RunTime:0.0006s ]
SQL: SELECT * FROM `map_down` WHERE `id` = 6 LIMIT 1   [ RunTime:0.0003s ]
NOTIC: [2] unlink(//Uploads/Files/14686084931381.png): No such file or directory D:\ApacheServer\www\Admin\Home\Controller\UploadController.class.php 第 39 行.
INFO: [ app_end ] --START--
INFO: Run Behavior\ShowPageTraceBehavior [ RunTime:0.002691s ]
INFO: [ app_end ] --END-- [ RunTime:0.002980s ]

[ 2016-07-16T03:09:59+08:00 ] ::1 /admin.php/Home/Upload/delFile.html
INFO: [ app_begin ] --START--
INFO: Run Behavior\ReadHtmlCacheBehavior [ RunTime:0.001544s ]
INFO: [ app_begin ] --END-- [ RunTime:0.002310s ]
SQL: SHOW COLUMNS FROM `map_down` [ RunTime:0.0006s ]
SQL: SELECT * FROM `map_down` WHERE `id` = 5 LIMIT 1   [ RunTime:0.0003s ]
NOTIC: [2] unlink(//Uploads/Files/14686084848742.jpg): No such file or directory D:\ApacheServer\www\Admin\Home\Controller\UploadController.class.php 第 39 行.
INFO: [ app_end ] --START--
INFO: Run Behavior\ShowPageTraceBehavior [ RunTime:0.002058s ]
INFO: [ app_end ] --END-- [ RunTime:0.002192s ]

[ 2016-07-16T03:10:11+08:00 ] ::1 /admin.php/Home/Upload/delFile.html
INFO: [ app_begin ] --START--
INFO: Run Behavior\ReadHtmlCacheBehavior [ RunTime:0.002121s ]
INFO: [ app_begin ] --END-- [ RunTime:0.003188s ]
SQL: SHOW COLUMNS FROM `map_down` [ RunTime:0.0007s ]
SQL: SELECT * FROM `map_down` WHERE `id` = 6 LIMIT 1   [ RunTime:0.0004s ]
NOTIC: [2] unlink(//Uploads/Files/14686084931381.png): No such file or directory D:\ApacheServer\www\Admin\Home\Controller\UploadController.class.php 第 39 行.
INFO: [ app_end ] --START--
INFO: Run Behavior\ShowPageTraceBehavior [ RunTime:0.001875s ]
INFO: [ app_end ] --END-- [ RunTime:0.002003s ]

[ 2016-07-16T03:10:14+08:00 ] ::1 /admin.php/Home/Upload/delFile.html
INFO: [ app_begin ] --START--
INFO: Run Behavior\ReadHtmlCacheBehavior [ RunTime:0.001745s ]
INFO: [ app_begin ] --END-- [ RunTime:0.002458s ]
SQL: SHOW COLUMNS FROM `map_down` [ RunTime:0.0006s ]
SQL: SELECT * FROM `map_down` WHERE `id` = 6 LIMIT 1   [ RunTime:0.0003s ]
NOTIC: [2] unlink(//Uploads/Files/14686084931381.png): No such file or directory D:\ApacheServer\www\Admin\Home\Controller\UploadController.class.php 第 39 行.
INFO: [ app_end ] --START--
INFO: Run Behavior\ShowPageTraceBehavior [ RunTime:0.001669s ]
INFO: [ app_end ] --END-- [ RunTime:0.001789s ]

[ 2016-07-16T03:11:52+08:00 ] ::1 /admin.php/Home/Upload/delFile.html
INFO: [ app_begin ] --START--
INFO: Run Behavior\ReadHtmlCacheBehavior [ RunTime:0.001319s ]
INFO: [ app_begin ] --END-- [ RunTime:0.002064s ]
SQL: SHOW COLUMNS FROM `map_down` [ RunTime:0.0007s ]
SQL: SELECT * FROM `map_down` WHERE `id` = 6 LIMIT 1   [ RunTime:0.0004s ]
SQL: DELETE FROM `map_down` WHERE `id` = 6 [ RunTime:0.0004s ]
INFO: [ app_end ] --START--
INFO: Run Behavior\ShowPageTraceBehavior [ RunTime:0.002262s ]
INFO: [ app_end ] --END-- [ RunTime:0.002395s ]

[ 2016-07-16T03:11:59+08:00 ] ::1 /admin.php/Home/Upload/delFile.html
INFO: [ app_begin ] --START--
INFO: Run Behavior\ReadHtmlCacheBehavior [ RunTime:0.001564s ]
INFO: [ app_begin ] --END-- [ RunTime:0.002293s ]
SQL: SHOW COLUMNS FROM `map_down` [ RunTime:0.0006s ]
SQL: SELECT * FROM `map_down` WHERE `id` = 5 LIMIT 1   [ RunTime:0.0003s ]
SQL: DELETE FROM `map_down` WHERE `id` = 5 [ RunTime:0.0005s ]
INFO: [ app_end ] --START--
INFO: Run Behavior\ShowPageTraceBehavior [ RunTime:0.001742s ]
INFO: [ app_end ] --END-- [ RunTime:0.001868s ]

[ 2016-07-16T03:12:17+08:00 ] ::1 /admin.php/Home/Upload/delFile.html
INFO: [ app_begin ] --START--
INFO: Run Behavior\ReadHtmlCacheBehavior [ RunTime:0.001606s ]
INFO: [ app_begin ] --END-- [ RunTime:0.002513s ]
SQL: SHOW COLUMNS FROM `map_down` [ RunTime:0.0006s ]
SQL: SELECT * FROM `map_down` WHERE `id` = 4 LIMIT 1   [ RunTime:0.0003s ]
SQL: DELETE FROM `map_down` WHERE `id` = 4 [ RunTime:0.0005s ]
INFO: [ app_end ] --START--
INFO: Run Behavior\ShowPageTraceBehavior [ RunTime:0.002101s ]
INFO: [ app_end ] --END-- [ RunTime:0.002232s ]

[ 2016-07-16T03:15:06+08:00 ] ::1 /admin.php/Home/Login/Login/login
INFO: [ app_begin ] --START--
INFO: Run Behavior\ReadHtmlCacheBehavior [ RunTime:0.001068s ]
INFO: [ app_begin ] --END-- [ RunTime:0.001769s ]
SQL: SHOW COLUMNS FROM `map_admin` [ RunTime:0.0008s ]
SQL: SELECT * FROM `map_admin` WHERE `name` = '王晓杰' AND `password` = '501e0bbac99eb3673e5df715eacd9d0efb5601f5' LIMIT 1   [ RunTime:0.0005s ]
SQL: SELECT * FROM `map_admin` WHERE `name` = '王晓杰' AND `password` = '501e0bbac99eb3673e5df715eacd9d0efb5601f5' LIMIT 1   [ RunTime:0.0005s ]
INFO: [ app_end ] --START--
INFO: Run Behavior\ShowPageTraceBehavior [ RunTime:0.001136s ]
INFO: [ app_end ] --END-- [ RunTime:0.001292s ]

[ 2016-07-16T03:22:36+08:00 ] ::1 /admin.php/Home/Upload/delFile.html
INFO: [ app_begin ] --START--
INFO: Run Behavior\ReadHtmlCacheBehavior [ RunTime:0.001050s ]
INFO: [ app_begin ] --END-- [ RunTime:0.001776s ]
SQL: SHOW COLUMNS FROM `map_down` [ RunTime:0.0007s ]
SQL: SELECT * FROM `map_down` WHERE `id` = 7 LIMIT 1   [ RunTime:0.0003s ]
SQL: DELETE FROM `map_down` WHERE `id` = 7 [ RunTime:0.0005s ]
INFO: [ app_end ] --START--
INFO: Run Behavior\ShowPageTraceBehavior [ RunTime:0.001836s ]
INFO: [ app_end ] --END-- [ RunTime:0.001962s ]

[ 2016-07-16T12:49:28+08:00 ] ::1 /admin.php/Home/Login/Login/login
INFO: [ app_begin ] --START--
INFO: Run Behavior\ReadHtmlCacheBehavior [ RunTime:0.000927s ]
INFO: [ app_begin ] --END-- [ RunTime:0.001510s ]
SQL: SHOW COLUMNS FROM `map_admin` [ RunTime:0.0954s ]
SQL: SELECT * FROM `map_admin` WHERE `name` = '王晓杰' AND `password` = '501e0bbac99eb3673e5df715eacd9d0efb5601f5' LIMIT 1   [ RunTime:0.0132s ]
SQL: SELECT * FROM `map_admin` WHERE `name` = '王晓杰' AND `password` = '501e0bbac99eb3673e5df715eacd9d0efb5601f5' LIMIT 1   [ RunTime:0.0004s ]
INFO: [ app_end ] --START--
INFO: Run Behavior\ShowPageTraceBehavior [ RunTime:0.001015s ]
INFO: [ app_end ] --END-- [ RunTime:0.001153s ]

[ 2016-07-16T12:50:11+08:00 ] ::1 /admin.php/Home/Upload/delFile.html
INFO: [ app_begin ] --START--
INFO: Run Behavior\ReadHtmlCacheBehavior [ RunTime:0.003057s ]
INFO: [ app_begin ] --END-- [ RunTime:0.004179s ]
SQL: SHOW COLUMNS FROM `map_down` [ RunTime:0.0010s ]
SQL: SELECT * FROM `map_down` WHERE `id` = 8 LIMIT 1   [ RunTime:0.0003s ]
SQL: DELETE FROM `map_down` WHERE `id` = 8 [ RunTime:0.0268s ]
INFO: [ app_end ] --START--
INFO: Run Behavior\ShowPageTraceBehavior [ RunTime:0.001750s ]
INFO: [ app_end ] --END-- [ RunTime:0.001874s ]

[ 2016-07-16T14:17:20+08:00 ] ::1 /admin.php/Home/Upload/delFile.html
INFO: [ app_begin ] --START--
INFO: Run Behavior\ReadHtmlCacheBehavior [ RunTime:0.000930s ]
INFO: [ app_begin ] --END-- [ RunTime:0.001623s ]

[ 2016-07-16T14:17:59+08:00 ] ::1 /admin.php/Home/Upload/delFile.html
INFO: [ app_begin ] --START--
INFO: Run Behavior\ReadHtmlCacheBehavior [ RunTime:0.001052s ]
INFO: [ app_begin ] --END-- [ RunTime:0.001829s ]
SQL: SHOW COLUMNS FROM `map_down` [ RunTime:0.0013s ]
SQL: SELECT * FROM `map_down` WHERE `id` = 9 LIMIT 1   [ RunTime:0.0004s ]
SQL: DELETE FROM `map_down` WHERE `id` = 9 [ RunTime:0.0005s ]
INFO: [ app_end ] --START--
INFO: Run Behavior\ShowPageTraceBehavior [ RunTime:0.001716s ]
INFO: [ app_end ] --END-- [ RunTime:0.001847s ]

[ 2016-07-16T15:12:06+08:00 ] ::1 /admin.php/Home/Upload/delFile.html
INFO: [ app_begin ] --START--
INFO: Run Behavior\ReadHtmlCacheBehavior [ RunTime:0.000667s ]
INFO: [ app_begin ] --END-- [ RunTime:0.001202s ]
SQL: SHOW COLUMNS FROM `map_down` [ RunTime:0.0015s ]
SQL: SELECT * FROM `map_down` WHERE `id` = 12 LIMIT 1   [ RunTime:0.0004s ]
SQL: DELETE FROM `map_down` WHERE `id` = 12 [ RunTime:0.0006s ]
INFO: [ app_end ] --START--
INFO: Run Behavior\ShowPageTraceBehavior [ RunTime:0.001828s ]
INFO: [ app_end ] --END-- [ RunTime:0.001930s ]

[ 2016-07-16T15:12:08+08:00 ] ::1 /admin.php/Home/Upload/delFile.html
INFO: [ app_begin ] --START--
INFO: Run Behavior\ReadHtmlCacheBehavior [ RunTime:0.000657s ]
INFO: [ app_begin ] --END-- [ RunTime:0.001176s ]
SQL: SHOW COLUMNS FROM `map_down` [ RunTime:0.0015s ]
SQL: SELECT * FROM `map_down` WHERE `id` = 11 LIMIT 1   [ RunTime:0.0004s ]
SQL: DELETE FROM `map_down` WHERE `id` = 11 [ RunTime:0.0005s ]
INFO: [ app_end ] --START--
INFO: Run Behavior\ShowPageTraceBehavior [ RunTime:0.002095s ]
INFO: [ app_end ] --END-- [ RunTime:0.002191s ]

[ 2016-07-16T15:12:10+08:00 ] ::1 /admin.php/Home/Upload/delFile.html
INFO: [ app_begin ] --START--
INFO: Run Behavior\ReadHtmlCacheBehavior [ RunTime:0.000585s ]
INFO: [ app_begin ] --END-- [ RunTime:0.001156s ]
SQL: SHOW COLUMNS FROM `map_down` [ RunTime:0.0013s ]
SQL: SELECT * FROM `map_down` WHERE `id` = 10 LIMIT 1   [ RunTime:0.0004s ]
SQL: DELETE FROM `map_down` WHERE `id` = 10 [ RunTime:0.0005s ]
INFO: [ app_end ] --START--
INFO: Run Behavior\ShowPageTraceBehavior [ RunTime:0.002106s ]
INFO: [ app_end ] --END-- [ RunTime:0.002220s ]

[ 2016-07-16T15:14:30+08:00 ] ::1 /admin.php/Home/Upload/delFile.html
INFO: [ app_begin ] --START--
INFO: Run Behavior\ReadHtmlCacheBehavior [ RunTime:0.001534s ]
INFO: [ app_begin ] --END-- [ RunTime:0.002254s ]
SQL: SHOW COLUMNS FROM `map_down` [ RunTime:0.0012s ]
SQL: SELECT * FROM `map_down` WHERE `id` = 14 LIMIT 1   [ RunTime:0.0004s ]
SQL: DELETE FROM `map_down` WHERE `id` = 14 [ RunTime:0.0005s ]
INFO: [ app_end ] --START--
INFO: Run Behavior\ShowPageTraceBehavior [ RunTime:0.001946s ]
INFO: [ app_end ] --END-- [ RunTime:0.002042s ]

[ 2016-07-16T15:14:32+08:00 ] ::1 /admin.php/Home/Upload/delFile.html
INFO: [ app_begin ] --START--
INFO: Run Behavior\ReadHtmlCacheBehavior [ RunTime:0.000943s ]
INFO: [ app_begin ] --END-- [ RunTime:0.001632s ]
SQL: SHOW COLUMNS FROM `map_down` [ RunTime:0.0012s ]
SQL: SELECT * FROM `map_down` WHERE `id` = 13 LIMIT 1   [ RunTime:0.0003s ]
SQL: DELETE FROM `map_down` WHERE `id` = 13 [ RunTime:0.0006s ]
INFO: [ app_end ] --START--
INFO: Run Behavior\ShowPageTraceBehavior [ RunTime:0.002321s ]
INFO: [ app_end ] --END-- [ RunTime:0.002448s ]

[ 2016-07-16T15:16:20+08:00 ] ::1 /admin.php/Home/Upload/delFile.html
INFO: [ app_begin ] --START--
INFO: Run Behavior\ReadHtmlCacheBehavior [ RunTime:0.001416s ]
INFO: [ app_begin ] --END-- [ RunTime:0.002065s ]
SQL: SHOW COLUMNS FROM `map_down` [ RunTime:0.0013s ]
SQL: SELECT * FROM `map_down` WHERE `id` = 15 LIMIT 1   [ RunTime:0.0003s ]
SQL: DELETE FROM `map_down` WHERE `id` = 15 [ RunTime:0.0005s ]
INFO: [ app_end ] --START--
INFO: Run Behavior\ShowPageTraceBehavior [ RunTime:0.001876s ]
INFO: [ app_end ] --END-- [ RunTime:0.001968s ]

[ 2016-07-16T15:25:47+08:00 ] ::1 /admin.php/Home/Upload/delFile.html
INFO: [ app_begin ] --START--
INFO: Run Behavior\ReadHtmlCacheBehavior [ RunTime:0.001150s ]
INFO: [ app_begin ] --END-- [ RunTime:0.001687s ]
SQL: SHOW COLUMNS FROM `map_down` [ RunTime:0.0012s ]
SQL: SELECT * FROM `map_down` WHERE `id` = 16 LIMIT 1   [ RunTime:0.0005s ]
SQL: DELETE FROM `map_down` WHERE `id` = 16 [ RunTime:0.0006s ]
INFO: [ app_end ] --START--
INFO: Run Behavior\ShowPageTraceBehavior [ RunTime:0.002180s ]
INFO: [ app_end ] --END-- [ RunTime:0.002304s ]

[ 2016-07-16T15:43:18+08:00 ] ::1 /admin.php/Home/News/index.html
ERR: syntax error, unexpected 'id' (T_STRING), expecting ')'

[ 2016-07-16T15:43:43+08:00 ] ::1 /admin.php/Home/News/index.html
ERR: syntax error, unexpected 'id' (T_STRING), expecting ',' or ')'

[ 2016-07-16T15:43:45+08:00 ] ::1 /admin.php/Home/News/index.html
ERR: syntax error, unexpected 'id' (T_STRING), expecting ',' or ')'

[ 2016-07-16T15:43:59+08:00 ] ::1 /admin.php/Home/News/index.html
ERR: syntax error, unexpected 'id' (T_STRING), expecting ')'

[ 2016-07-16T15:44:00+08:00 ] ::1 /admin.php/Home/News/index.html
ERR: syntax error, unexpected 'id' (T_STRING), expecting ')'

[ 2016-07-16T15:44:00+08:00 ] ::1 /admin.php/Home/News/index.html
ERR: syntax error, unexpected 'id' (T_STRING), expecting ')'

[ 2016-07-16T15:44:23+08:00 ] ::1 /admin.php/Home/News/index.html
ERR: syntax error, unexpected 'id' (T_STRING), expecting ',' or ')'

[ 2016-07-16T15:44:23+08:00 ] ::1 /admin.php/Home/News/index.html
ERR: syntax error, unexpected 'id' (T_STRING), expecting ',' or ')'

[ 2016-07-16T15:44:41+08:00 ] ::1 /admin.php/Home/News/index.html
ERR: syntax error, unexpected 'id' (T_STRING), expecting ',' or ')'

[ 2016-07-16T15:45:04+08:00 ] ::1 /admin.php/Home/News/updateNews/id/3.html
ERR: 模板不存在:./Admin/Home/View/News/updateNews.php

[ 2016-07-16T15:58:31+08:00 ] ::1 /admin.php/Home/News/delNews.html
INFO: [ app_begin ] --START--
INFO: Run Behavior\ReadHtmlCacheBehavior [ RunTime:0.000597s ]
INFO: [ app_begin ] --END-- [ RunTime:0.001116s ]
SQL: SHOW COLUMNS FROM `map_news` [ RunTime:0.0007s ]
SQL: DELETE FROM `map_news` WHERE `id` = 3 [ RunTime:0.0003s ]
INFO: [ app_end ] --START--
INFO: Run Behavior\ShowPageTraceBehavior [ RunTime:0.000850s ]
INFO: [ app_end ] --END-- [ RunTime:0.000922s ]

[ 2016-07-16T16:24:59+08:00 ] ::1 /admin.php/Home/Import/
ERR: 无法加载控制器:Import

[ 2016-07-16T16:25:09+08:00 ] ::1 /admin.php/Home/Import/index
ERR: 无法加载控制器:Import

[ 2016-07-16T16:25:16+08:00 ] ::1 /admin.php/Home/Import/index
ERR: 无法加载控制器:Import

[ 2016-07-16T16:25:16+08:00 ] ::1 /admin.php/Home/Import/index
ERR: 无法加载控制器:Import

[ 2016-07-16T16:26:06+08:00 ] ::1 /admin.php/Home/Import/index
ERR: Class 'PHPExcel' not found

[ 2016-07-16T16:27:01+08:00 ] ::1 /admin.php/Home/Import/index
ERR: Class '__PUBLIC__\PHPExcel' not found

[ 2016-07-16T16:27:01+08:00 ] ::1 /admin.php/Home/Import/index
ERR: Class '__PUBLIC__\PHPExcel' not found

[ 2016-07-16T16:27:02+08:00 ] ::1 /admin.php/Home/Import/index
ERR: Class '__PUBLIC__\PHPExcel' not found

[ 2016-07-16T16:27:16+08:00 ] ::1 /admin.php/Home/Import/index
ERR: Class 'Home\Controller\PHPExcel' not found

[ 2016-07-16T16:27:44+08:00 ] ::1 /admin.php/Home/Import/index
ERR: syntax error, unexpected 'Public' (T_PUBLIC)

[ 2016-07-16T16:27:45+08:00 ] ::1 /admin.php/Home/Import/index
ERR: syntax error, unexpected 'Public' (T_PUBLIC)

[ 2016-07-16T16:28:49+08:00 ] ::1 /admin.php/Home/Import/index
ERR: Class 'Home\Controller\PHPExcel' not found

[ 2016-07-16T16:28:50+08:00 ] ::1 /admin.php/Home/Import/index
ERR: Class 'Home\Controller\PHPExcel' not found

[ 2016-07-16T16:28:50+08:00 ] ::1 /admin.php/Home/Import/index
ERR: Class 'Home\Controller\PHPExcel' not found

[ 2016-07-16T16:28:58+08:00 ] ::1 /admin.php/Home/Import/index
ERR: Class 'Home\Controller\PHPExcel' not found

[ 2016-07-16T16:28:59+08:00 ] ::1 /admin.php/Home/Import/index
ERR: Class 'Home\Controller\PHPExcel' not found

[ 2016-07-16T16:28:59+08:00 ] ::1 /admin.php/Home/Import/index
ERR: Class 'Home\Controller\PHPExcel' not found

[ 2016-07-16T16:30:09+08:00 ] ::1 /admin.php/Home/Import/index
ERR: Class 'Home\Controller\PHPExcel' not found

[ 2016-07-16T16:30:10+08:00 ] ::1 /admin.php/Home/Import/index
ERR: Class 'Home\Controller\PHPExcel' not found

[ 2016-07-16T16:30:10+08:00 ] ::1 /admin.php/Home/Import/index
ERR: Class 'Home\Controller\PHPExcel' not found

[ 2016-07-16T16:30:10+08:00 ] ::1 /admin.php/Home/Import/index
ERR: Class 'Home\Controller\PHPExcel' not found

[ 2016-07-16T17:16:48+08:00 ] ::1 /admin.php/Home/Import/
ERR: Class 'Home\Controller\PHPExcel' not found

[ 2016-07-16T17:17:36+08:00 ] ::1 /admin.php/Home/Upload/delFile.html
INFO: [ app_begin ] --START--
INFO: Run Behavior\ReadHtmlCacheBehavior [ RunTime:0.002688s ]
INFO: [ app_begin ] --END-- [ RunTime:0.003810s ]
SQL: SHOW COLUMNS FROM `map_down` [ RunTime:0.0012s ]
SQL: SELECT * FROM `map_down` WHERE `id` = 17 LIMIT 1   [ RunTime:0.0004s ]
SQL: DELETE FROM `map_down` WHERE `id` = 17 [ RunTime:0.0004s ]
INFO: [ app_end ] --START--
INFO: Run Behavior\ShowPageTraceBehavior [ RunTime:0.001723s ]
INFO: [ app_end ] --END-- [ RunTime:0.001811s ]

[ 2016-07-16T17:17:40+08:00 ] ::1 /admin.php/Home/News/delNews.html
INFO: [ app_begin ] --START--
INFO: Run Behavior\ReadHtmlCacheBehavior [ RunTime:0.000594s ]
INFO: [ app_begin ] --END-- [ RunTime:0.001240s ]
SQL: SHOW COLUMNS FROM `map_news` [ RunTime:0.0006s ]
SQL: DELETE FROM `map_news` WHERE `id` = 4 [ RunTime:0.0003s ]
INFO: [ app_end ] --START--
INFO: Run Behavior\ShowPageTraceBehavior [ RunTime:0.000885s ]
INFO: [ app_end ] --END-- [ RunTime:0.000976s ]

[ 2016-07-16T18:12:37+08:00 ] ::1 /admin.php/Home/Login/Login/login
INFO: [ app_begin ] --START--
INFO: Run Behavior\ReadHtmlCacheBehavior [ RunTime:0.000925s ]
INFO: [ app_begin ] --END-- [ RunTime:0.001572s ]
SQL: SHOW COLUMNS FROM `map_admin` [ RunTime:0.0008s ]
SQL: SELECT * FROM `map_admin` WHERE `name` = '王晓杰' AND `password` = '501e0bbac99eb3673e5df715eacd9d0efb5601f5' LIMIT 1   [ RunTime:0.0004s ]
SQL: SELECT * FROM `map_admin` WHERE `name` = '王晓杰' AND `password` = '501e0bbac99eb3673e5df715eacd9d0efb5601f5' LIMIT 1   [ RunTime:0.0004s ]
INFO: [ app_end ] --START--
INFO: Run Behavior\ShowPageTraceBehavior [ RunTime:0.001076s ]
INFO: [ app_end ] --END-- [ RunTime:0.001167s ]

[ 2016-07-16T18:14:21+08:00 ] ::1 /admin.php/Home/Upload/delFile.html
INFO: [ app_begin ] --START--
INFO: Run Behavior\ReadHtmlCacheBehavior [ RunTime:0.003009s ]
INFO: [ app_begin ] --END-- [ RunTime:0.004187s ]
SQL: SHOW COLUMNS FROM `map_down` [ RunTime:0.0006s ]
SQL: SELECT * FROM `map_down` WHERE `id` = 18 LIMIT 1   [ RunTime:0.0003s ]
SQL: DELETE FROM `map_down` WHERE `id` = 18 [ RunTime:0.0005s ]
INFO: [ app_end ] --START--
INFO: Run Behavior\ShowPageTraceBehavior [ RunTime:0.002253s ]
INFO: [ app_end ] --END-- [ RunTime:0.002346s ]

[ 2016-07-16T19:38:47+08:00 ] ::1 /admin.php/Home/import
ERR: Class 'PHPExcel' not found

[ 2016-07-16T19:39:09+08:00 ] ::1 /admin.php/Home/iImport/index
ERR: 无法加载控制器:IImport

[ 2016-07-16T19:39:45+08:00 ] ::1 /admin.php/Home/iImport/index
ERR: 无法加载控制器:IImport

[ 2016-07-16T19:39:45+08:00 ] ::1 /admin.php/Home/iImport/index
ERR: 无法加载控制器:IImport

[ 2016-07-16T19:39:46+08:00 ] ::1 /admin.php/Home/iImport/index
ERR: 无法加载控制器:IImport

[ 2016-07-16T19:39:46+08:00 ] ::1 /admin.php/Home/iImport/index
ERR: 无法加载控制器:IImport

[ 2016-07-16T19:39:51+08:00 ] ::1 /admin.php/Home/Import/index
ERR: Class 'PHPExcel' not found

[ 2016-07-16T19:46:39+08:00 ] ::1 /admin.php/Home/Import/index
ERR: Class 'Home\Controller\PHPExcel_Writer_Excel5' not found

[ 2016-07-16T22:07:51+08:00 ] ::1 /admin.php/Home/import/
ERR: 模板不存在:./Admin/Home/View/Import/index.php

[ 2016-07-16T22:15:15+08:00 ] ::1 /admin.php/Home/Upload/delFile.html
INFO: [ app_begin ] --START--
INFO: Run Behavior\ReadHtmlCacheBehavior [ RunTime:0.002357s ]
INFO: [ app_begin ] --END-- [ RunTime:0.003407s ]
SQL: SHOW COLUMNS FROM `map_down` [ RunTime:0.0007s ]
SQL: SELECT * FROM `map_down` WHERE `id` = 19 LIMIT 1   [ RunTime:0.0003s ]
SQL: DELETE FROM `map_down` WHERE `id` = 19 [ RunTime:0.0006s ]
INFO: [ app_end ] --START--
INFO: Run Behavior\ShowPageTraceBehavior [ RunTime:0.001942s ]
INFO: [ app_end ] --END-- [ RunTime:0.002075s ]

[ 2016-07-16T22:28:38+08:00 ] ::1 /admin.php/Home/Import/upload.html
ERR: Could not open /Uploads/Excel/2016-07-16/14686793187500.xls for reading! File does not exist, or it is not readable.

[ 2016-07-16T22:29:37+08:00 ] ::1 /admin.php/Home/Import/upload.html
ERR: Could not open /Uploads/Excel/2016-07-16/14686793772630.xls for reading! File does not exist, or it is not readable.

[ 2016-07-16T22:30:19+08:00 ] ::1 /admin.php/Home/Import/upload.html
ERR: Could not open /Uploads/Excel/2016-07-16/14686794195113.xls for reading! File does not exist, or it is not readable.

[ 2016-07-16T22:33:14+08:00 ] ::1 /admin.php/Home/Import/upload.html
ERR: Could not open /Uploads/Excel/2016-07-16/14686795938252.xls for reading! File does not exist, or it is not readable.

[ 2016-07-16T22:33:19+08:00 ] ::1 /admin.php/Home/Import/upload.html
ERR: Could not open /Uploads/Excel/2016-07-16/14686795993036.xls for reading! File does not exist, or it is not readable.

[ 2016-07-16T22:33:33+08:00 ] ::1 /admin.php/Home/Import/upload.html
ERR: Could not open /Uploads/Excel/2016-07-16/14686796137292.xls for reading! File does not exist, or it is not readable.

[ 2016-07-16T22:34:14+08:00 ] ::1 /admin.php/Home/Import/upload.html
ERR: Could not open /Uploads/Excel/2016-07-16/14686796544351.xls for reading! File does not exist, or it is not readable.

[ 2016-07-16T22:34:18+08:00 ] ::1 /admin.php/Home/Import/upload.html
ERR: Could not open /Uploads/Excel/2016-07-16/14686796589520.xls for reading! File does not exist, or it is not readable.

[ 2016-07-16T22:43:26+08:00 ] ::1 /admin.php/Home/Import/upload.html
ERR: 1146:Table 'geomatics.map_exam' doesn't exist
 [ SQL语句 ] : SHOW COLUMNS FROM `map_exam`

[ 2016-07-16T22:52:41+08:00 ] ::1 /admin.php/Home/Import/upload.html
ERR: 1146:Table 'geomatics.map_exam' doesn't exist
 [ SQL语句 ] : SHOW COLUMNS FROM `map_exam`

