[ 2016-07-25T00:50:44+08:00 ] ::1 /admin.php/Consult/index.html
ERR: 模板不存在:./Admin/Home/View/Consult/index.php

[ 2016-07-25T01:12:36+08:00 ] ::1 /admin.php/Consult/showFull/id/35.html
ERR: 非法操作:showFull

[ 2016-07-25T01:12:59+08:00 ] ::1 /admin.php/Consult/showFull/id/35.html
ERR: 非法操作:showFull

[ 2016-07-25T16:02:36+08:00 ] ::1 /admin.php/Evaluate/index.html
ERR: 模板不存在:./Admin/Home/View/Evaluate/index.php

[ 2016-07-25T17:52:23+08:00 ] 127.0.0.1 /admin.php/Evaluate/upload.html
ERR: 非法操作:upload

[ 2016-07-25T20:32:12+08:00 ] 127.0.0.1 /admin.php/Admin/delAdmin.html
INFO: [ app_begin ] --START--
INFO: Run Behavior\ReadHtmlCacheBehavior [ RunTime:0.000420s ]
INFO: [ app_begin ] --END-- [ RunTime:0.000841s ]
SQL: SHOW COLUMNS FROM `map_admin` [ RunTime:0.0050s ]
SQL: DELETE FROM `map_admin` WHERE `id` = 9 [ RunTime:0.0004s ]
INFO: [ app_end ] --START--
INFO: Run Behavior\ShowPageTraceBehavior [ RunTime:0.000571s ]
INFO: [ app_end ] --END-- [ RunTime:0.000607s ]

[ 2016-07-25T20:32:12+08:00 ] 127.0.0.1 /admin.php/Admin/delAdmin.html
INFO: [ app_begin ] --START--
INFO: Run Behavior\ReadHtmlCacheBehavior [ RunTime:0.000449s ]
INFO: [ app_begin ] --END-- [ RunTime:0.000903s ]
SQL: SHOW COLUMNS FROM `map_admin` [ RunTime:0.0050s ]
SQL: DELETE FROM `map_admin` WHERE `id` = 12 [ RunTime:0.0003s ]
INFO: [ app_end ] --START--
INFO: Run Behavior\ShowPageTraceBehavior [ RunTime:0.000579s ]
INFO: [ app_end ] --END-- [ RunTime:0.000616s ]

[ 2016-07-25T20:32:13+08:00 ] 127.0.0.1 /admin.php/Admin/delAdmin.html
INFO: [ app_begin ] --START--
INFO: Run Behavior\ReadHtmlCacheBehavior [ RunTime:0.000423s ]
INFO: [ app_begin ] --END-- [ RunTime:0.000805s ]
SQL: SHOW COLUMNS FROM `map_admin` [ RunTime:0.0058s ]
SQL: DELETE FROM `map_admin` WHERE `id` = 13 [ RunTime:0.0003s ]
INFO: [ app_end ] --START--
INFO: Run Behavior\ShowPageTraceBehavior [ RunTime:0.000617s ]
INFO: [ app_end ] --END-- [ RunTime:0.000664s ]

[ 2016-07-25T20:32:13+08:00 ] 127.0.0.1 /admin.php/Admin/delAdmin.html
INFO: [ app_begin ] --START--
INFO: Run Behavior\ReadHtmlCacheBehavior [ RunTime:0.000472s ]
INFO: [ app_begin ] --END-- [ RunTime:0.000876s ]
SQL: SHOW COLUMNS FROM `map_admin` [ RunTime:0.0053s ]
SQL: DELETE FROM `map_admin` WHERE `id` = 14 [ RunTime:0.0003s ]
INFO: [ app_end ] --START--
INFO: Run Behavior\ShowPageTraceBehavior [ RunTime:0.000581s ]
INFO: [ app_end ] --END-- [ RunTime:0.000619s ]

[ 2016-07-25T20:44:02+08:00 ] 127.0.0.1 /admin.php/Admin/2
ERR: 非法操作:2

[ 2016-07-25T21:00:56+08:00 ] ::1 /admin.php/Score/ajaxFixScore.html
INFO: [ app_begin ] --START--
INFO: Run Behavior\ReadHtmlCacheBehavior [ RunTime:0.000421s ]
INFO: [ app_begin ] --END-- [ RunTime:0.000785s ]
SQL: SHOW COLUMNS FROM `map_exam` [ RunTime:0.0038s ]
SQL: UPDATE `map_exam` SET `score`='66' WHERE `id` = 719 [ RunTime:0.0004s ]
INFO: [ app_end ] --START--
INFO: Run Behavior\ShowPageTraceBehavior [ RunTime:0.000557s ]
INFO: [ app_end ] --END-- [ RunTime:0.000597s ]

