[ 2016-07-18T08:22:57+08:00 ] ::1 /admin.php/Home/Login/Login/login
INFO: [ app_begin ] --START--
INFO: Run Behavior\ReadHtmlCacheBehavior [ RunTime:0.000515s ]
INFO: [ app_begin ] --END-- [ RunTime:0.000989s ]
SQL: SHOW COLUMNS FROM `map_admin` [ RunTime:0.0882s ]
SQL: SELECT * FROM `map_admin` WHERE `name` = '王晓杰' AND `password` = '501e0bbac99eb3673e5df715eacd9d0efb5601f5' LIMIT 1   [ RunTime:0.0225s ]
SQL: SELECT * FROM `map_admin` WHERE `name` = '王晓杰' AND `password` = '501e0bbac99eb3673e5df715eacd9d0efb5601f5' LIMIT 1   [ RunTime:0.0004s ]
INFO: [ app_end ] --START--
INFO: Run Behavior\ShowPageTraceBehavior [ RunTime:0.000706s ]
INFO: [ app_end ] --END-- [ RunTime:0.000894s ]

[ 2016-07-18T08:39:50+08:00 ] ::1 /admin.php/Home/Login/Login/login
INFO: [ app_begin ] --START--
INFO: Run Behavior\ReadHtmlCacheBehavior [ RunTime:0.000557s ]
INFO: [ app_begin ] --END-- [ RunTime:0.001047s ]
SQL: SHOW COLUMNS FROM `map_admin` [ RunTime:0.0010s ]
SQL: SELECT * FROM `map_admin` WHERE `name` = '李恒烜' AND `password` = '501e0bbac99eb3673e5df715eacd9d0efb5601f5' LIMIT 1   [ RunTime:0.0003s ]
INFO: [ app_end ] --START--
INFO: Run Behavior\ShowPageTraceBehavior [ RunTime:0.000549s ]
INFO: [ app_end ] --END-- [ RunTime:0.000682s ]

[ 2016-07-18T08:40:06+08:00 ] ::1 /admin.php/Home/Login/Login/login
INFO: [ app_begin ] --START--
INFO: Run Behavior\ReadHtmlCacheBehavior [ RunTime:0.000560s ]
INFO: [ app_begin ] --END-- [ RunTime:0.001041s ]
SQL: SHOW COLUMNS FROM `map_admin` [ RunTime:0.0010s ]
SQL: SELECT * FROM `map_admin` WHERE `name` = '王晓杰' AND `password` = '501e0bbac99eb3673e5df715eacd9d0efb5601f5' LIMIT 1   [ RunTime:0.0003s ]
SQL: SELECT * FROM `map_admin` WHERE `name` = '王晓杰' AND `password` = '501e0bbac99eb3673e5df715eacd9d0efb5601f5' LIMIT 1   [ RunTime:0.0003s ]
INFO: [ app_end ] --START--
INFO: Run Behavior\ShowPageTraceBehavior [ RunTime:0.000638s ]
INFO: [ app_end ] --END-- [ RunTime:0.000764s ]

[ 2016-07-18T08:52:00+08:00 ] ::1 /admin.php/Home/Admin/swapAvaliable.html,10
INFO: [ app_begin ] --START--
INFO: Run Behavior\ReadHtmlCacheBehavior [ RunTime:0.000547s ]
INFO: [ app_begin ] --END-- [ RunTime:0.001042s ]
ERR: 非法操作:swapAvaliable.html,10

[ 2016-07-18T08:52:02+08:00 ] ::1 /admin.php/Home/Admin/swapAvaliable.html,10
INFO: [ app_begin ] --START--
INFO: Run Behavior\ReadHtmlCacheBehavior [ RunTime:0.000593s ]
INFO: [ app_begin ] --END-- [ RunTime:0.001110s ]
ERR: 非法操作:swapAvaliable.html,10

[ 2016-07-18T08:52:04+08:00 ] ::1 /admin.php/Home/Admin/swapAvaliable.html,10
INFO: [ app_begin ] --START--
INFO: Run Behavior\ReadHtmlCacheBehavior [ RunTime:0.000543s ]
INFO: [ app_begin ] --END-- [ RunTime:0.001100s ]
ERR: 非法操作:swapAvaliable.html,10

[ 2016-07-18T08:52:08+08:00 ] ::1 /admin.php/Home/Admin/swapAvaliable.html,10
INFO: [ app_begin ] --START--
INFO: Run Behavior\ReadHtmlCacheBehavior [ RunTime:0.000682s ]
INFO: [ app_begin ] --END-- [ RunTime:0.001302s ]
ERR: 非法操作:swapAvaliable.html,10

[ 2016-07-18T08:55:10+08:00 ] ::1 /admin.php/Home/Admin/swapAvaliable.html
INFO: [ app_begin ] --START--
INFO: Run Behavior\ReadHtmlCacheBehavior [ RunTime:0.000642s ]
INFO: [ app_begin ] --END-- [ RunTime:0.001162s ]
SQL: SHOW COLUMNS FROM `map_admin` [ RunTime:0.0013s ]
SQL: SELECT * FROM `map_admin` WHERE `id` = 10 LIMIT 1   [ RunTime:0.0266s ]
SQL: UPDATE `map_admin` SET `avaliable`='1' WHERE `id` = 10 [ RunTime:0.0205s ]
INFO: [ app_end ] --START--
INFO: Run Behavior\ShowPageTraceBehavior [ RunTime:0.000770s ]
INFO: [ app_end ] --END-- [ RunTime:0.000896s ]

[ 2016-07-18T08:55:13+08:00 ] ::1 /admin.php/Home/Admin/swapAvaliable.html
INFO: [ app_begin ] --START--
INFO: Run Behavior\ReadHtmlCacheBehavior [ RunTime:0.000828s ]
INFO: [ app_begin ] --END-- [ RunTime:0.001798s ]
SQL: SHOW COLUMNS FROM `map_admin` [ RunTime:0.0007s ]
SQL: SELECT * FROM `map_admin` WHERE `id` = 10 LIMIT 1   [ RunTime:0.0004s ]
SQL: UPDATE `map_admin` SET `avaliable`='0' WHERE `id` = 10 [ RunTime:0.0003s ]
INFO: [ app_end ] --START--
INFO: Run Behavior\ShowPageTraceBehavior [ RunTime:0.000801s ]
INFO: [ app_end ] --END-- [ RunTime:0.000923s ]

[ 2016-07-18T08:55:14+08:00 ] ::1 /admin.php/Home/Admin/swapAvaliable.html
INFO: [ app_begin ] --START--
INFO: Run Behavior\ReadHtmlCacheBehavior [ RunTime:0.000496s ]
INFO: [ app_begin ] --END-- [ RunTime:0.000972s ]
SQL: SHOW COLUMNS FROM `map_admin` [ RunTime:0.0006s ]
SQL: SELECT * FROM `map_admin` WHERE `id` = 10 LIMIT 1   [ RunTime:0.0004s ]
SQL: UPDATE `map_admin` SET `avaliable`='1' WHERE `id` = 10 [ RunTime:0.0003s ]
INFO: [ app_end ] --START--
INFO: Run Behavior\ShowPageTraceBehavior [ RunTime:0.000720s ]
INFO: [ app_end ] --END-- [ RunTime:0.000832s ]

[ 2016-07-18T08:55:35+08:00 ] ::1 /admin.php/Home/Login/Login/login
INFO: [ app_begin ] --START--
INFO: Run Behavior\ReadHtmlCacheBehavior [ RunTime:0.000516s ]
INFO: [ app_begin ] --END-- [ RunTime:0.000996s ]
SQL: SHOW COLUMNS FROM `map_admin` [ RunTime:0.0006s ]
SQL: SELECT * FROM `map_admin` WHERE `name` = '李恒烜' AND `password` = '501e0bbac99eb3673e5df715eacd9d0efb5601f5' LIMIT 1   [ RunTime:0.0003s ]
SQL: SELECT * FROM `map_admin` WHERE `name` = '李恒烜' AND `password` = '501e0bbac99eb3673e5df715eacd9d0efb5601f5' LIMIT 1   [ RunTime:0.0003s ]
INFO: [ app_end ] --START--
INFO: Run Behavior\ShowPageTraceBehavior [ RunTime:0.000625s ]
INFO: [ app_end ] --END-- [ RunTime:0.000750s ]

[ 2016-07-18T08:55:46+08:00 ] ::1 /admin.php/Home/Admin/swapAvaliable.html
INFO: [ app_begin ] --START--
INFO: Run Behavior\ReadHtmlCacheBehavior [ RunTime:0.000557s ]
INFO: [ app_begin ] --END-- [ RunTime:0.001024s ]
SQL: SHOW COLUMNS FROM `map_admin` [ RunTime:0.0006s ]
SQL: SELECT * FROM `map_admin` WHERE `id` = 10 LIMIT 1   [ RunTime:0.0003s ]
SQL: UPDATE `map_admin` SET `avaliable`='0' WHERE `id` = 10 [ RunTime:0.0003s ]
INFO: [ app_end ] --START--
INFO: Run Behavior\ShowPageTraceBehavior [ RunTime:0.000690s ]
INFO: [ app_end ] --END-- [ RunTime:0.000807s ]

[ 2016-07-18T08:56:02+08:00 ] ::1 /admin.php/Home/Login/Login/login
INFO: [ app_begin ] --START--
INFO: Run Behavior\ReadHtmlCacheBehavior [ RunTime:0.000552s ]
INFO: [ app_begin ] --END-- [ RunTime:0.001031s ]
SQL: SHOW COLUMNS FROM `map_admin` [ RunTime:0.0006s ]
SQL: SELECT * FROM `map_admin` WHERE `name` = '李恒烜' AND `password` = '501e0bbac99eb3673e5df715eacd9d0efb5601f5' LIMIT 1   [ RunTime:0.0003s ]
INFO: [ app_end ] --START--
INFO: Run Behavior\ShowPageTraceBehavior [ RunTime:0.000533s ]
INFO: [ app_end ] --END-- [ RunTime:0.000664s ]

[ 2016-07-18T08:56:15+08:00 ] ::1 /admin.php/Home/Login/Login/login
INFO: [ app_begin ] --START--
INFO: Run Behavior\ReadHtmlCacheBehavior [ RunTime:0.000736s ]
INFO: [ app_begin ] --END-- [ RunTime:0.001292s ]
SQL: SHOW COLUMNS FROM `map_admin` [ RunTime:0.0007s ]
SQL: SELECT * FROM `map_admin` WHERE `name` = '王晓杰' AND `password` = '501e0bbac99eb3673e5df715eacd9d0efb5601f5' LIMIT 1   [ RunTime:0.0004s ]
SQL: SELECT * FROM `map_admin` WHERE `name` = '王晓杰' AND `password` = '501e0bbac99eb3673e5df715eacd9d0efb5601f5' LIMIT 1   [ RunTime:0.0003s ]
INFO: [ app_end ] --START--
INFO: Run Behavior\ShowPageTraceBehavior [ RunTime:0.000683s ]
INFO: [ app_end ] --END-- [ RunTime:0.000818s ]

[ 2016-07-18T08:59:25+08:00 ] ::1 /admin.php/Home/Admin/swapAvaliable.html
INFO: [ app_begin ] --START--
INFO: Run Behavior\ReadHtmlCacheBehavior [ RunTime:0.000554s ]
INFO: [ app_begin ] --END-- [ RunTime:0.001031s ]
SQL: SHOW COLUMNS FROM `map_admin` [ RunTime:0.0006s ]
SQL: SELECT * FROM `map_admin` WHERE `id` = 10 LIMIT 1   [ RunTime:0.0005s ]
SQL: UPDATE `map_admin` SET `avaliable`='1' WHERE `id` = 10 [ RunTime:0.0004s ]
INFO: [ app_end ] --START--
INFO: Run Behavior\ShowPageTraceBehavior [ RunTime:0.000689s ]
INFO: [ app_end ] --END-- [ RunTime:0.000804s ]

[ 2016-07-18T09:37:54+08:00 ] ::1 /admin.php/Login/Login/login
INFO: [ app_begin ] --START--
INFO: Run Behavior\ReadHtmlCacheBehavior [ RunTime:0.000640s ]
INFO: [ app_begin ] --END-- [ RunTime:0.001171s ]
SQL: SHOW COLUMNS FROM `map_admin` [ RunTime:0.0006s ]
SQL: SELECT * FROM `map_admin` WHERE `name` = '王晓杰' AND `password` = '501e0bbac99eb3673e5df715eacd9d0efb5601f5' LIMIT 1   [ RunTime:0.0003s ]
SQL: SELECT * FROM `map_admin` WHERE `name` = '王晓杰' AND `password` = '501e0bbac99eb3673e5df715eacd9d0efb5601f5' LIMIT 1   [ RunTime:0.0003s ]
INFO: [ app_end ] --START--
INFO: Run Behavior\ShowPageTraceBehavior [ RunTime:0.000708s ]
INFO: [ app_end ] --END-- [ RunTime:0.000835s ]

[ 2016-07-18T10:24:14+08:00 ] ::1 /admin.php/Admin/delAdmin.html
INFO: [ app_begin ] --START--
INFO: Run Behavior\ReadHtmlCacheBehavior [ RunTime:0.000659s ]
INFO: [ app_begin ] --END-- [ RunTime:0.001159s ]
SQL: SHOW COLUMNS FROM `map_admin` [ RunTime:0.0006s ]
SQL: DELETE FROM `map_admin` WHERE `id` = 10 [ RunTime:0.0005s ]
INFO: [ app_end ] --START--
INFO: Run Behavior\ShowPageTraceBehavior [ RunTime:0.000781s ]
INFO: [ app_end ] --END-- [ RunTime:0.000964s ]

[ 2016-07-18T10:24:31+08:00 ] ::1 /admin.php/Admin/swapAvaliable.html
INFO: [ app_begin ] --START--
INFO: Run Behavior\ReadHtmlCacheBehavior [ RunTime:0.000704s ]
INFO: [ app_begin ] --END-- [ RunTime:0.001261s ]
SQL: SHOW COLUMNS FROM `map_admin` [ RunTime:0.0007s ]
SQL: SELECT * FROM `map_admin` WHERE `id` = 8 LIMIT 1   [ RunTime:0.0003s ]
SQL: UPDATE `map_admin` SET `avaliable`='0' WHERE `id` = 8 [ RunTime:0.0003s ]
INFO: [ app_end ] --START--
INFO: Run Behavior\ShowPageTraceBehavior [ RunTime:0.000785s ]
INFO: [ app_end ] --END-- [ RunTime:0.000901s ]

[ 2016-07-18T10:24:32+08:00 ] ::1 /admin.php/Admin/swapAvaliable.html
INFO: [ app_begin ] --START--
INFO: Run Behavior\ReadHtmlCacheBehavior [ RunTime:0.000689s ]
INFO: [ app_begin ] --END-- [ RunTime:0.001260s ]
SQL: SHOW COLUMNS FROM `map_admin` [ RunTime:0.0006s ]
SQL: SELECT * FROM `map_admin` WHERE `id` = 9 LIMIT 1   [ RunTime:0.0004s ]
SQL: UPDATE `map_admin` SET `avaliable`='0' WHERE `id` = 9 [ RunTime:0.0003s ]
INFO: [ app_end ] --START--
INFO: Run Behavior\ShowPageTraceBehavior [ RunTime:0.000726s ]
INFO: [ app_end ] --END-- [ RunTime:0.000837s ]

[ 2016-07-18T10:24:33+08:00 ] ::1 /admin.php/Admin/swapAvaliable.html
INFO: [ app_begin ] --START--
INFO: Run Behavior\ReadHtmlCacheBehavior [ RunTime:0.000526s ]
INFO: [ app_begin ] --END-- [ RunTime:0.001006s ]
SQL: SHOW COLUMNS FROM `map_admin` [ RunTime:0.0006s ]
SQL: SELECT * FROM `map_admin` WHERE `id` = 8 LIMIT 1   [ RunTime:0.0003s ]
SQL: UPDATE `map_admin` SET `avaliable`='1' WHERE `id` = 8 [ RunTime:0.0003s ]
INFO: [ app_end ] --START--
INFO: Run Behavior\ShowPageTraceBehavior [ RunTime:0.000701s ]
INFO: [ app_end ] --END-- [ RunTime:0.000817s ]

[ 2016-07-18T10:24:33+08:00 ] ::1 /admin.php/Admin/swapAvaliable.html
INFO: [ app_begin ] --START--
INFO: Run Behavior\ReadHtmlCacheBehavior [ RunTime:0.000855s ]
INFO: [ app_begin ] --END-- [ RunTime:0.001509s ]
SQL: SHOW COLUMNS FROM `map_admin` [ RunTime:0.0006s ]
SQL: SELECT * FROM `map_admin` WHERE `id` = 9 LIMIT 1   [ RunTime:0.0003s ]
SQL: UPDATE `map_admin` SET `avaliable`='1' WHERE `id` = 9 [ RunTime:0.0003s ]
INFO: [ app_end ] --START--
INFO: Run Behavior\ShowPageTraceBehavior [ RunTime:0.000707s ]
INFO: [ app_end ] --END-- [ RunTime:0.000823s ]

[ 2016-07-18T10:33:49+08:00 ] ::1 /admin.php/Stu/index.html
ERR: 无法加载控制器:Stu

[ 2016-07-18T10:33:49+08:00 ] ::1 /admin.php/Stu/index.html
ERR: 无法加载控制器:Stu

[ 2016-07-18T11:31:05+08:00 ] ::1 /admin.php/Admin/fixAdminPass.html
ERR: 模板不存在:./Admin/Home/View/Admin/fixAdminPass.php

[ 2016-07-18T11:31:06+08:00 ] ::1 /admin.php/Admin/fixAdminPass.html
ERR: 模板不存在:./Admin/Home/View/Admin/fixAdminPass.php

[ 2016-07-18T13:35:53+08:00 ] ::1 /admin.php/Login/Login/login
INFO: [ app_begin ] --START--
INFO: Run Behavior\ReadHtmlCacheBehavior [ RunTime:0.000529s ]
INFO: [ app_begin ] --END-- [ RunTime:0.001018s ]
SQL: SHOW COLUMNS FROM `map_admin` [ RunTime:0.1824s ]
SQL: SELECT * FROM `map_admin` WHERE `name` = '王晓杰' AND `password` = '501e0bbac99eb3673e5df715eacd9d0efb5601f5' LIMIT 1   [ RunTime:0.0345s ]
INFO: [ app_end ] --START--
INFO: Run Behavior\ShowPageTraceBehavior [ RunTime:0.000657s ]
INFO: [ app_end ] --END-- [ RunTime:0.000804s ]

[ 2016-07-18T13:36:03+08:00 ] ::1 /admin.php/Login/Login/login
INFO: [ app_begin ] --START--
INFO: Run Behavior\ReadHtmlCacheBehavior [ RunTime:0.000557s ]
INFO: [ app_begin ] --END-- [ RunTime:0.001039s ]
SQL: SHOW COLUMNS FROM `map_admin` [ RunTime:0.0010s ]
SQL: SELECT * FROM `map_admin` WHERE `name` = '王晓杰' AND `password` = '501e0bbac99eb3673e5df715eacd9d0efb5601f5' LIMIT 1   [ RunTime:0.0003s ]
INFO: [ app_end ] --START--
INFO: Run Behavior\ShowPageTraceBehavior [ RunTime:0.000556s ]
INFO: [ app_end ] --END-- [ RunTime:0.000752s ]

[ 2016-07-18T13:36:15+08:00 ] ::1 /admin.php/Login/Login/login
INFO: [ app_begin ] --START--
INFO: Run Behavior\ReadHtmlCacheBehavior [ RunTime:0.000526s ]
INFO: [ app_begin ] --END-- [ RunTime:0.001034s ]
SQL: SHOW COLUMNS FROM `map_admin` [ RunTime:0.0009s ]
SQL: SELECT * FROM `map_admin` WHERE `name` = '王晓杰' AND `password` = '501e0bbac99eb3673e5df715eacd9d0efb5601f5' LIMIT 1   [ RunTime:0.0003s ]
SQL: SELECT * FROM `map_admin` WHERE `name` = '王晓杰' AND `password` = '501e0bbac99eb3673e5df715eacd9d0efb5601f5' LIMIT 1   [ RunTime:0.0003s ]
INFO: [ app_end ] --START--
INFO: Run Behavior\ShowPageTraceBehavior [ RunTime:0.000604s ]
INFO: [ app_end ] --END-- [ RunTime:0.000732s ]

[ 2016-07-18T13:59:12+08:00 ] ::1 /admin.php/Admin/runFixAdminPass.html
INFO: [ app_begin ] --START--
INFO: Run Behavior\ReadHtmlCacheBehavior [ RunTime:0.000767s ]
INFO: [ app_begin ] --END-- [ RunTime:0.001459s ]
INFO: [ app_end ] --START--
INFO: Run Behavior\ShowPageTraceBehavior [ RunTime:0.000635s ]
INFO: [ app_end ] --END-- [ RunTime:0.000774s ]

[ 2016-07-18T14:00:17+08:00 ] ::1 /admin.php/Admin/runFixAdminPass.html
INFO: [ app_begin ] --START--
INFO: Run Behavior\ReadHtmlCacheBehavior [ RunTime:0.000543s ]
INFO: [ app_begin ] --END-- [ RunTime:0.001083s ]
INFO: [ app_end ] --START--
INFO: Run Behavior\ShowPageTraceBehavior [ RunTime:0.000699s ]
INFO: [ app_end ] --END-- [ RunTime:0.000900s ]

[ 2016-07-18T14:00:37+08:00 ] ::1 /admin.php/Admin/runFixAdminPass.html
INFO: [ app_begin ] --START--
INFO: Run Behavior\ReadHtmlCacheBehavior [ RunTime:0.000570s ]
INFO: [ app_begin ] --END-- [ RunTime:0.001039s ]
SQL: SHOW COLUMNS FROM `map_admin` [ RunTime:0.0015s ]
NOTIC: [8] Undefined index: id D:\WampServer\www\Admin\Home\Controller\AdminController.class.php 第 61 行.
SQL: UPDATE `map_admin` SET `password`='e9934ca654ecf6c375246a71ce6cf60b8e8adb6b' WHERE `id` = null [ RunTime:0.0408s ]
INFO: [ app_end ] --START--
INFO: Run Behavior\ShowPageTraceBehavior [ RunTime:0.000783s ]
INFO: [ app_end ] --END-- [ RunTime:0.000922s ]

[ 2016-07-18T14:01:45+08:00 ] ::1 /admin.php/Admin/runFixAdminPass.html
INFO: [ app_begin ] --START--
INFO: Run Behavior\ReadHtmlCacheBehavior [ RunTime:0.000634s ]
INFO: [ app_begin ] --END-- [ RunTime:0.001182s ]
SQL: SHOW COLUMNS FROM `map_admin` [ RunTime:0.0011s ]
NOTIC: [8] Undefined index: id D:\WampServer\www\Admin\Home\Controller\AdminController.class.php 第 61 行.
SQL: UPDATE `map_admin` SET `password`='fcd6e47442fb40aa9ab8fc1c890e14c5b5a3ede4' WHERE `id` = null [ RunTime:0.0003s ]
INFO: [ app_end ] --START--
INFO: Run Behavior\ShowPageTraceBehavior [ RunTime:0.001007s ]
INFO: [ app_end ] --END-- [ RunTime:0.001147s ]

[ 2016-07-18T14:03:24+08:00 ] ::1 /admin.php/Admin/runFixAdminPass.html
INFO: [ app_begin ] --START--
INFO: Run Behavior\ReadHtmlCacheBehavior [ RunTime:0.000992s ]
INFO: [ app_begin ] --END-- [ RunTime:0.001801s ]
SQL: SHOW COLUMNS FROM `map_admin` [ RunTime:0.0011s ]
SQL: UPDATE `map_admin` SET `password`='fcd6e47442fb40aa9ab8fc1c890e14c5b5a3ede4' WHERE `id` = 8 [ RunTime:0.0382s ]
INFO: [ app_end ] --START--
INFO: Run Behavior\ShowPageTraceBehavior [ RunTime:0.000815s ]
INFO: [ app_end ] --END-- [ RunTime:0.000959s ]

[ 2016-07-18T14:03:46+08:00 ] ::1 /admin.php/Admin/runFixAdminPass.html
INFO: [ app_begin ] --START--
INFO: Run Behavior\ReadHtmlCacheBehavior [ RunTime:0.000684s ]
INFO: [ app_begin ] --END-- [ RunTime:0.001208s ]
INFO: [ app_end ] --START--
INFO: Run Behavior\ShowPageTraceBehavior [ RunTime:0.000523s ]
INFO: [ app_end ] --END-- [ RunTime:0.000672s ]

[ 2016-07-18T14:04:17+08:00 ] ::1 /admin.php/Admin/runFixAdminPass.html
INFO: [ app_begin ] --START--
INFO: Run Behavior\ReadHtmlCacheBehavior [ RunTime:0.000542s ]
INFO: [ app_begin ] --END-- [ RunTime:0.001099s ]
INFO: [ app_end ] --START--
INFO: Run Behavior\ShowPageTraceBehavior [ RunTime:0.000582s ]
INFO: [ app_end ] --END-- [ RunTime:0.000717s ]

[ 2016-07-18T14:04:25+08:00 ] ::1 /admin.php/Admin/runFixAdminPass.html
INFO: [ app_begin ] --START--
INFO: Run Behavior\ReadHtmlCacheBehavior [ RunTime:0.000615s ]
INFO: [ app_begin ] --END-- [ RunTime:0.001270s ]
INFO: [ app_end ] --START--
INFO: Run Behavior\ShowPageTraceBehavior [ RunTime:0.000549s ]
INFO: [ app_end ] --END-- [ RunTime:0.000687s ]

[ 2016-07-18T14:04:30+08:00 ] ::1 /admin.php/Admin/runFixAdminPass.html
INFO: [ app_begin ] --START--
INFO: Run Behavior\ReadHtmlCacheBehavior [ RunTime:0.000534s ]
INFO: [ app_begin ] --END-- [ RunTime:0.001034s ]
SQL: SHOW COLUMNS FROM `map_admin` [ RunTime:0.0010s ]
SQL: UPDATE `map_admin` SET `password`='e9934ca654ecf6c375246a71ce6cf60b8e8adb6b' WHERE `id` = 8 [ RunTime:0.0003s ]
INFO: [ app_end ] --START--
INFO: Run Behavior\ShowPageTraceBehavior [ RunTime:0.000653s ]
INFO: [ app_end ] --END-- [ RunTime:0.000766s ]

[ 2016-07-18T14:04:46+08:00 ] ::1 /admin.php/Login/Login/login
INFO: [ app_begin ] --START--
INFO: Run Behavior\ReadHtmlCacheBehavior [ RunTime:0.000653s ]
INFO: [ app_begin ] --END-- [ RunTime:0.001214s ]
SQL: SHOW COLUMNS FROM `map_admin` [ RunTime:0.0010s ]
SQL: SELECT * FROM `map_admin` WHERE `name` = '王晓杰' AND `password` = 'e9934ca654ecf6c375246a71ce6cf60b8e8adb6b' LIMIT 1   [ RunTime:0.0003s ]
SQL: SELECT * FROM `map_admin` WHERE `name` = '王晓杰' AND `password` = 'e9934ca654ecf6c375246a71ce6cf60b8e8adb6b' LIMIT 1   [ RunTime:0.0003s ]
INFO: [ app_end ] --START--
INFO: Run Behavior\ShowPageTraceBehavior [ RunTime:0.000702s ]
INFO: [ app_end ] --END-- [ RunTime:0.000834s ]

[ 2016-07-18T14:05:01+08:00 ] ::1 /admin.php/Login/Login/login
INFO: [ app_begin ] --START--
INFO: Run Behavior\ReadHtmlCacheBehavior [ RunTime:0.000645s ]
INFO: [ app_begin ] --END-- [ RunTime:0.001155s ]
SQL: SHOW COLUMNS FROM `map_admin` [ RunTime:0.0010s ]
SQL: SELECT * FROM `map_admin` WHERE `name` = '王晓杰' AND `password` = '501e0bbac99eb3673e5df715eacd9d0efb5601f5' LIMIT 1   [ RunTime:0.0003s ]
INFO: [ app_end ] --START--
INFO: Run Behavior\ShowPageTraceBehavior [ RunTime:0.000537s ]
INFO: [ app_end ] --END-- [ RunTime:0.000668s ]

[ 2016-07-18T14:05:15+08:00 ] ::1 /admin.php/Login/Login/login
INFO: [ app_begin ] --START--
INFO: Run Behavior\ReadHtmlCacheBehavior [ RunTime:0.000534s ]
INFO: [ app_begin ] --END-- [ RunTime:0.001040s ]
SQL: SHOW COLUMNS FROM `map_admin` [ RunTime:0.0010s ]
SQL: SELECT * FROM `map_admin` WHERE `name` = '王晓杰' AND `password` = 'e9934ca654ecf6c375246a71ce6cf60b8e8adb6b' LIMIT 1   [ RunTime:0.0003s ]
SQL: SELECT * FROM `map_admin` WHERE `name` = '王晓杰' AND `password` = 'e9934ca654ecf6c375246a71ce6cf60b8e8adb6b' LIMIT 1   [ RunTime:0.0004s ]
INFO: [ app_end ] --START--
INFO: Run Behavior\ShowPageTraceBehavior [ RunTime:0.000619s ]
INFO: [ app_end ] --END-- [ RunTime:0.000746s ]

[ 2016-07-18T14:24:24+08:00 ] ::1 /admin.php/Admin/swapAvaliable.html
INFO: [ app_begin ] --START--
INFO: Run Behavior\ReadHtmlCacheBehavior [ RunTime:0.000747s ]
INFO: [ app_begin ] --END-- [ RunTime:0.001270s ]
SQL: SHOW COLUMNS FROM `map_admin` [ RunTime:0.0010s ]
SQL: SELECT * FROM `map_admin` WHERE `id` = 9 LIMIT 1   [ RunTime:0.0470s ]
SQL: UPDATE `map_admin` SET `avaliable`='0' WHERE `id` = 9 [ RunTime:0.0004s ]
INFO: [ app_end ] --START--
INFO: Run Behavior\ShowPageTraceBehavior [ RunTime:0.000877s ]
INFO: [ app_end ] --END-- [ RunTime:0.001008s ]

[ 2016-07-18T14:24:25+08:00 ] ::1 /admin.php/Admin/swapAvaliable.html
INFO: [ app_begin ] --START--
INFO: Run Behavior\ReadHtmlCacheBehavior [ RunTime:0.000690s ]
INFO: [ app_begin ] --END-- [ RunTime:0.001241s ]
SQL: SHOW COLUMNS FROM `map_admin` [ RunTime:0.0006s ]
SQL: SELECT * FROM `map_admin` WHERE `id` = 9 LIMIT 1   [ RunTime:0.0003s ]
SQL: UPDATE `map_admin` SET `avaliable`='1' WHERE `id` = 9 [ RunTime:0.0003s ]
INFO: [ app_end ] --START--
INFO: Run Behavior\ShowPageTraceBehavior [ RunTime:0.000701s ]
INFO: [ app_end ] --END-- [ RunTime:0.000821s ]

[ 2016-07-18T14:59:28+08:00 ] ::1 /admin.php/Login/Login/login
INFO: [ app_begin ] --START--
INFO: Run Behavior\ReadHtmlCacheBehavior [ RunTime:0.000602s ]
INFO: [ app_begin ] --END-- [ RunTime:0.001114s ]
SQL: SHOW COLUMNS FROM `map_admin` [ RunTime:0.0007s ]
SQL: SELECT * FROM `map_admin` WHERE `name` = '王晓杰' AND `password` = 'e9934ca654ecf6c375246a71ce6cf60b8e8adb6b' LIMIT 1   [ RunTime:0.0003s ]
SQL: SELECT * FROM `map_admin` WHERE `name` = '王晓杰' AND `password` = 'e9934ca654ecf6c375246a71ce6cf60b8e8adb6b' LIMIT 1   [ RunTime:0.0003s ]
INFO: [ app_end ] --START--
INFO: Run Behavior\ShowPageTraceBehavior [ RunTime:0.000696s ]
INFO: [ app_end ] --END-- [ RunTime:0.000824s ]

[ 2016-07-18T15:00:12+08:00 ] ::1 /admin.php/Upload/delFile.html
INFO: [ app_begin ] --START--
INFO: Run Behavior\ReadHtmlCacheBehavior [ RunTime:0.000650s ]
INFO: [ app_begin ] --END-- [ RunTime:0.001142s ]
SQL: SHOW COLUMNS FROM `map_down` [ RunTime:0.0011s ]
SQL: SELECT * FROM `map_down` WHERE `id` = 21 LIMIT 1   [ RunTime:0.0004s ]
SQL: DELETE FROM `map_down` WHERE `id` = 21 [ RunTime:0.0006s ]
INFO: [ app_end ] --START--
INFO: Run Behavior\ShowPageTraceBehavior [ RunTime:0.001057s ]
INFO: [ app_end ] --END-- [ RunTime:0.001186s ]

[ 2016-07-18T15:00:45+08:00 ] ::1 /admin.php/Admin/swapAvaliable.html
INFO: [ app_begin ] --START--
INFO: Run Behavior\ReadHtmlCacheBehavior [ RunTime:0.000772s ]
INFO: [ app_begin ] --END-- [ RunTime:0.001360s ]
SQL: SHOW COLUMNS FROM `map_admin` [ RunTime:0.0006s ]
SQL: SELECT * FROM `map_admin` WHERE `id` = 9 LIMIT 1   [ RunTime:0.0004s ]
SQL: UPDATE `map_admin` SET `avaliable`='0' WHERE `id` = 9 [ RunTime:0.0004s ]
INFO: [ app_end ] --START--
INFO: Run Behavior\ShowPageTraceBehavior [ RunTime:0.000982s ]
INFO: [ app_end ] --END-- [ RunTime:0.001128s ]

[ 2016-07-18T15:00:46+08:00 ] ::1 /admin.php/Admin/swapAvaliable.html
INFO: [ app_begin ] --START--
INFO: Run Behavior\ReadHtmlCacheBehavior [ RunTime:0.000777s ]
INFO: [ app_begin ] --END-- [ RunTime:0.001414s ]
SQL: SHOW COLUMNS FROM `map_admin` [ RunTime:0.0008s ]
SQL: SELECT * FROM `map_admin` WHERE `id` = 9 LIMIT 1   [ RunTime:0.0006s ]
SQL: UPDATE `map_admin` SET `avaliable`='1' WHERE `id` = 9 [ RunTime:0.0005s ]
INFO: [ app_end ] --START--
INFO: Run Behavior\ShowPageTraceBehavior [ RunTime:0.000978s ]
INFO: [ app_end ] --END-- [ RunTime:0.001158s ]

[ 2016-07-18T15:13:33+08:00 ] ::1 /admin.php/Login/Login/login
INFO: [ app_begin ] --START--
INFO: Run Behavior\ReadHtmlCacheBehavior [ RunTime:0.000563s ]
INFO: [ app_begin ] --END-- [ RunTime:0.001110s ]
SQL: SHOW COLUMNS FROM `map_admin` [ RunTime:0.0006s ]
SQL: SELECT * FROM `map_admin` WHERE `name` = '王晓杰' AND `password` = 'e9934ca654ecf6c375246a71ce6cf60b8e8adb6b' LIMIT 1   [ RunTime:0.0003s ]
SQL: SELECT * FROM `map_admin` WHERE `name` = '王晓杰' AND `password` = 'e9934ca654ecf6c375246a71ce6cf60b8e8adb6b' LIMIT 1   [ RunTime:0.0004s ]
INFO: [ app_end ] --START--
INFO: Run Behavior\ShowPageTraceBehavior [ RunTime:0.000574s ]
INFO: [ app_end ] --END-- [ RunTime:0.000693s ]

[ 2016-07-18T15:39:43+08:00 ] ::1 /admin.php/Score
ERR: 1146:Table 'geomatics.map_score' doesn't exist
 [ SQL语句 ] : SHOW COLUMNS FROM `map_score`

[ 2016-07-18T15:41:41+08:00 ] ::1 /admin.php/Score
ERR: 模板不存在:./Admin/Home/View/Score/index.php

[ 2016-07-18T15:50:49+08:00 ] ::1 /admin.php/Import/1
ERR: 非法操作:1

[ 2016-07-18T19:51:24+08:00 ] 127.0.0.1 /admin.php/Login/Login/login
INFO: [ app_begin ] --START--
INFO: Run Behavior\ReadHtmlCacheBehavior [ RunTime:0.000770s ]
INFO: [ app_begin ] --END-- [ RunTime:0.001296s ]
SQL: SHOW COLUMNS FROM `map_admin` [ RunTime:0.0006s ]
SQL: SELECT * FROM `map_admin` WHERE `name` = '王晓杰' AND `password` = '48cf3a4f6ae1efd164438c0b4a427a5aec1d74d5' LIMIT 1   [ RunTime:0.0004s ]
INFO: [ app_end ] --START--
INFO: Run Behavior\ShowPageTraceBehavior [ RunTime:0.000813s ]
INFO: [ app_end ] --END-- [ RunTime:0.000947s ]

[ 2016-07-18T19:51:35+08:00 ] 127.0.0.1 /admin.php/Login/Login/login
INFO: [ app_begin ] --START--
INFO: Run Behavior\ReadHtmlCacheBehavior [ RunTime:0.000521s ]
INFO: [ app_begin ] --END-- [ RunTime:0.000977s ]
SQL: SHOW COLUMNS FROM `map_admin` [ RunTime:0.0007s ]
SQL: SELECT * FROM `map_admin` WHERE `name` = '王晓杰' AND `password` = 'e9934ca654ecf6c375246a71ce6cf60b8e8adb6b' LIMIT 1   [ RunTime:0.0004s ]
SQL: SELECT * FROM `map_admin` WHERE `name` = '王晓杰' AND `password` = 'e9934ca654ecf6c375246a71ce6cf60b8e8adb6b' LIMIT 1   [ RunTime:0.0004s ]
INFO: [ app_end ] --START--
INFO: Run Behavior\ShowPageTraceBehavior [ RunTime:0.000674s ]
INFO: [ app_end ] --END-- [ RunTime:0.000814s ]

[ 2016-07-18T19:52:02+08:00 ] 127.0.0.1 /admin.php/Scope/selectScope.html
ERR: 无法加载控制器:Scope

[ 2016-07-18T21:12:05+08:00 ] 127.0.0.1 /admin.php/Admin/swapAvaliable.html
INFO: [ app_begin ] --START--
INFO: Run Behavior\ReadHtmlCacheBehavior [ RunTime:0.000650s ]
INFO: [ app_begin ] --END-- [ RunTime:0.001226s ]
SQL: SHOW COLUMNS FROM `map_admin` [ RunTime:0.0006s ]
SQL: SELECT * FROM `map_admin` WHERE `id` = 11 LIMIT 1   [ RunTime:0.0003s ]
SQL: UPDATE `map_admin` SET `avaliable`='1' WHERE `id` = 11 [ RunTime:0.0003s ]
INFO: [ app_end ] --START--
INFO: Run Behavior\ShowPageTraceBehavior [ RunTime:0.000741s ]
INFO: [ app_end ] --END-- [ RunTime:0.000860s ]

[ 2016-07-18T21:12:08+08:00 ] 127.0.0.1 /admin.php/Admin/swapAvaliable.html
INFO: [ app_begin ] --START--
INFO: Run Behavior\ReadHtmlCacheBehavior [ RunTime:0.000644s ]
INFO: [ app_begin ] --END-- [ RunTime:0.001187s ]
SQL: SHOW COLUMNS FROM `map_admin` [ RunTime:0.0006s ]
SQL: SELECT * FROM `map_admin` WHERE `id` = 11 LIMIT 1   [ RunTime:0.0003s ]
SQL: UPDATE `map_admin` SET `avaliable`='0' WHERE `id` = 11 [ RunTime:0.0003s ]
INFO: [ app_end ] --START--
INFO: Run Behavior\ShowPageTraceBehavior [ RunTime:0.000926s ]
INFO: [ app_end ] --END-- [ RunTime:0.001049s ]

[ 2016-07-18T21:12:09+08:00 ] 127.0.0.1 /admin.php/Admin/swapAvaliable.html
INFO: [ app_begin ] --START--
INFO: Run Behavior\ReadHtmlCacheBehavior [ RunTime:0.000588s ]
INFO: [ app_begin ] --END-- [ RunTime:0.001112s ]
SQL: SHOW COLUMNS FROM `map_admin` [ RunTime:0.0006s ]
SQL: SELECT * FROM `map_admin` WHERE `id` = 11 LIMIT 1   [ RunTime:0.0004s ]
SQL: UPDATE `map_admin` SET `avaliable`='1' WHERE `id` = 11 [ RunTime:0.0004s ]
INFO: [ app_end ] --START--
INFO: Run Behavior\ShowPageTraceBehavior [ RunTime:0.000749s ]
INFO: [ app_end ] --END-- [ RunTime:0.000936s ]

[ 2016-07-18T21:12:11+08:00 ] 127.0.0.1 /admin.php/Admin/swapAvaliable.html
INFO: [ app_begin ] --START--
INFO: Run Behavior\ReadHtmlCacheBehavior [ RunTime:0.000645s ]
INFO: [ app_begin ] --END-- [ RunTime:0.001223s ]
SQL: SHOW COLUMNS FROM `map_admin` [ RunTime:0.0006s ]
SQL: SELECT * FROM `map_admin` WHERE `id` = 11 LIMIT 1   [ RunTime:0.0003s ]
SQL: UPDATE `map_admin` SET `avaliable`='0' WHERE `id` = 11 [ RunTime:0.0003s ]
INFO: [ app_end ] --START--
INFO: Run Behavior\ShowPageTraceBehavior [ RunTime:0.000775s ]
INFO: [ app_end ] --END-- [ RunTime:0.000893s ]

[ 2016-07-18T21:12:12+08:00 ] 127.0.0.1 /admin.php/Admin/swapAvaliable.html
INFO: [ app_begin ] --START--
INFO: Run Behavior\ReadHtmlCacheBehavior [ RunTime:0.000526s ]
INFO: [ app_begin ] --END-- [ RunTime:0.001004s ]
SQL: SHOW COLUMNS FROM `map_admin` [ RunTime:0.0006s ]
SQL: SELECT * FROM `map_admin` WHERE `id` = 11 LIMIT 1   [ RunTime:0.0003s ]
SQL: UPDATE `map_admin` SET `avaliable`='1' WHERE `id` = 11 [ RunTime:0.0003s ]
INFO: [ app_end ] --START--
INFO: Run Behavior\ShowPageTraceBehavior [ RunTime:0.000716s ]
INFO: [ app_end ] --END-- [ RunTime:0.000840s ]

[ 2016-07-18T21:12:13+08:00 ] 127.0.0.1 /admin.php/Admin/swapAvaliable.html
INFO: [ app_begin ] --START--
INFO: Run Behavior\ReadHtmlCacheBehavior [ RunTime:0.000539s ]
INFO: [ app_begin ] --END-- [ RunTime:0.001009s ]
SQL: SHOW COLUMNS FROM `map_admin` [ RunTime:0.0006s ]
SQL: SELECT * FROM `map_admin` WHERE `id` = 11 LIMIT 1   [ RunTime:0.0003s ]
SQL: UPDATE `map_admin` SET `avaliable`='0' WHERE `id` = 11 [ RunTime:0.0003s ]
INFO: [ app_end ] --START--
INFO: Run Behavior\ShowPageTraceBehavior [ RunTime:0.000689s ]
INFO: [ app_end ] --END-- [ RunTime:0.000804s ]

[ 2016-07-18T21:18:46+08:00 ] 127.0.0.1 /admin.php/Admin/runFixAdminPass.html
INFO: [ app_begin ] --START--
INFO: Run Behavior\ReadHtmlCacheBehavior [ RunTime:0.000645s ]
INFO: [ app_begin ] --END-- [ RunTime:0.001144s ]
INFO: [ app_end ] --START--
INFO: Run Behavior\ShowPageTraceBehavior [ RunTime:0.000584s ]
INFO: [ app_end ] --END-- [ RunTime:0.000720s ]

[ 2016-07-18T21:18:57+08:00 ] 127.0.0.1 /admin.php/Admin/runFixAdminPass.html
INFO: [ app_begin ] --START--
INFO: Run Behavior\ReadHtmlCacheBehavior [ RunTime:0.000842s ]
INFO: [ app_begin ] --END-- [ RunTime:0.001371s ]
SQL: SHOW COLUMNS FROM `map_admin` [ RunTime:0.0007s ]
SQL: UPDATE `map_admin` SET `password`='501e0bbac99eb3673e5df715eacd9d0efb5601f5' WHERE `id` = 8 [ RunTime:0.0004s ]
INFO: [ app_end ] --START--
INFO: Run Behavior\ShowPageTraceBehavior [ RunTime:0.000701s ]
INFO: [ app_end ] --END-- [ RunTime:0.000815s ]

[ 2016-07-18T21:19:22+08:00 ] 127.0.0.1 /admin.php/Admin/delAdmin.html
INFO: [ app_begin ] --START--
INFO: Run Behavior\ReadHtmlCacheBehavior [ RunTime:0.000637s ]
INFO: [ app_begin ] --END-- [ RunTime:0.001116s ]
SQL: SHOW COLUMNS FROM `map_admin` [ RunTime:0.0007s ]
SQL: DELETE FROM `map_admin` WHERE `id` = 11 [ RunTime:0.0004s ]
INFO: [ app_end ] --START--
INFO: Run Behavior\ShowPageTraceBehavior [ RunTime:0.000743s ]
INFO: [ app_end ] --END-- [ RunTime:0.000860s ]

[ 2016-07-18T21:24:23+08:00 ] 127.0.0.1 /admin.php/Upload/delFile.html
INFO: [ app_begin ] --START--
INFO: Run Behavior\ReadHtmlCacheBehavior [ RunTime:0.000599s ]
INFO: [ app_begin ] --END-- [ RunTime:0.001357s ]
SQL: SHOW COLUMNS FROM `map_down` [ RunTime:0.0007s ]
SQL: SELECT * FROM `map_down` WHERE `id` = 23 LIMIT 1   [ RunTime:0.0004s ]
SQL: DELETE FROM `map_down` WHERE `id` = 23 [ RunTime:0.0004s ]
INFO: [ app_end ] --START--
INFO: Run Behavior\ShowPageTraceBehavior [ RunTime:0.001285s ]
INFO: [ app_end ] --END-- [ RunTime:0.001473s ]

[ 2016-07-18T21:24:35+08:00 ] 127.0.0.1 /admin.php/Upload/delFile.html
INFO: [ app_begin ] --START--
INFO: Run Behavior\ReadHtmlCacheBehavior [ RunTime:0.000704s ]
INFO: [ app_begin ] --END-- [ RunTime:0.001289s ]
SQL: SHOW COLUMNS FROM `map_down` [ RunTime:0.0011s ]
SQL: SELECT * FROM `map_down` WHERE `id` = 22 LIMIT 1   [ RunTime:0.0004s ]
SQL: DELETE FROM `map_down` WHERE `id` = 22 [ RunTime:0.0005s ]
INFO: [ app_end ] --START--
INFO: Run Behavior\ShowPageTraceBehavior [ RunTime:0.001207s ]
INFO: [ app_end ] --END-- [ RunTime:0.001391s ]

