[ 2016-07-29T00:42:30+08:00 ] ::1 /admin.php/Login/checkInfo.html
INFO: [ app_begin ] --START--
INFO: Run Behavior\ReadHtmlCacheBehavior [ RunTime:0.000412s ]
INFO: [ app_begin ] --END-- [ RunTime:0.000767s ]
NOTIC: [8] Undefined index: verify D:\phpStudy\WWW\Admin\Home\Controller\LoginController.class.php 第 50 行.
SQL: SHOW COLUMNS FROM `map_admin` [ RunTime:0.0060s ]
SQL: SELECT * FROM `map_admin` WHERE `name` = '王晓杰' AND `password` = '501e0bbac99eb3673e5df715eacd9d0efb5601f5' LIMIT 1   [ RunTime:0.0004s ]
INFO: [ app_end ] --START--
INFO: Run Behavior\ShowPageTraceBehavior [ RunTime:0.000575s ]
INFO: [ app_end ] --END-- [ RunTime:0.000615s ]

[ 2016-07-29T00:42:35+08:00 ] ::1 /admin.php/Login/login.html
INFO: [ app_begin ] --START--
INFO: Run Behavior\ReadHtmlCacheBehavior [ RunTime:0.000435s ]
INFO: [ app_begin ] --END-- [ RunTime:0.000806s ]
SQL: SHOW COLUMNS FROM `map_admin` [ RunTime:0.0039s ]
SQL: SELECT * FROM `map_admin` WHERE `name` = '王晓杰' AND `password` = '501e0bbac99eb3673e5df715eacd9d0efb5601f5' LIMIT 1   [ RunTime:0.0003s ]
SQL: SELECT * FROM `map_admin` WHERE `name` = '王晓杰' AND `password` = '501e0bbac99eb3673e5df715eacd9d0efb5601f5' LIMIT 1   [ RunTime:0.0003s ]
INFO: [ app_end ] --START--
INFO: Run Behavior\ShowPageTraceBehavior [ RunTime:0.000472s ]
INFO: [ app_end ] --END-- [ RunTime:0.000508s ]

[ 2016-07-29T00:43:35+08:00 ] ::1 /admin.php/Imgtoggle/sortImg.html
INFO: [ app_begin ] --START--
INFO: Run Behavior\ReadHtmlCacheBehavior [ RunTime:0.000409s ]
INFO: [ app_begin ] --END-- [ RunTime:0.000751s ]
SQL: SHOW COLUMNS FROM `map_imgtoggle` [ RunTime:0.0056s ]
SQL: SELECT * FROM `map_imgtoggle` WHERE `id` > '3' LIMIT 1   [ RunTime:0.0004s ]
SQL: UPDATE `map_imgtoggle` SET `id`='0' WHERE `id` = 3 [ RunTime:0.0006s ]
SQL: UPDATE `map_imgtoggle` SET `id`='3' WHERE `id` = 4 [ RunTime:0.0003s ]
SQL: UPDATE `map_imgtoggle` SET `id`='4' WHERE `id` = 0 [ RunTime:0.0002s ]
INFO: [ app_end ] --START--
INFO: Run Behavior\ShowPageTraceBehavior [ RunTime:0.000593s ]
INFO: [ app_end ] --END-- [ RunTime:0.000631s ]

[ 2016-07-29T00:43:36+08:00 ] ::1 /admin.php/Imgtoggle/sortImg.html
INFO: [ app_begin ] --START--
INFO: Run Behavior\ReadHtmlCacheBehavior [ RunTime:0.000419s ]
INFO: [ app_begin ] --END-- [ RunTime:0.000772s ]
SQL: SHOW COLUMNS FROM `map_imgtoggle` [ RunTime:0.0056s ]
SQL: SELECT * FROM `map_imgtoggle` WHERE `id` > '3' LIMIT 1   [ RunTime:0.0004s ]
SQL: UPDATE `map_imgtoggle` SET `id`='0' WHERE `id` = 3 [ RunTime:0.0003s ]
SQL: UPDATE `map_imgtoggle` SET `id`='3' WHERE `id` = 4 [ RunTime:0.0002s ]
SQL: UPDATE `map_imgtoggle` SET `id`='4' WHERE `id` = 0 [ RunTime:0.0002s ]
INFO: [ app_end ] --START--
INFO: Run Behavior\ShowPageTraceBehavior [ RunTime:0.000584s ]
INFO: [ app_end ] --END-- [ RunTime:0.000623s ]

[ 2016-07-29T00:43:36+08:00 ] ::1 /admin.php/Imgtoggle/sortImg.html
INFO: [ app_begin ] --START--
INFO: Run Behavior\ReadHtmlCacheBehavior [ RunTime:0.000409s ]
INFO: [ app_begin ] --END-- [ RunTime:0.000755s ]
SQL: SHOW COLUMNS FROM `map_imgtoggle` [ RunTime:0.0041s ]
SQL: SELECT * FROM `map_imgtoggle` WHERE `id` > '3' LIMIT 1   [ RunTime:0.0004s ]
SQL: UPDATE `map_imgtoggle` SET `id`='0' WHERE `id` = 3 [ RunTime:0.0003s ]
SQL: UPDATE `map_imgtoggle` SET `id`='3' WHERE `id` = 4 [ RunTime:0.0002s ]
SQL: UPDATE `map_imgtoggle` SET `id`='4' WHERE `id` = 0 [ RunTime:0.0002s ]
INFO: [ app_end ] --START--
INFO: Run Behavior\ShowPageTraceBehavior [ RunTime:0.000601s ]
INFO: [ app_end ] --END-- [ RunTime:0.000641s ]

[ 2016-07-29T00:43:37+08:00 ] ::1 /admin.php/Imgtoggle/sortImg.html
INFO: [ app_begin ] --START--
INFO: Run Behavior\ReadHtmlCacheBehavior [ RunTime:0.000420s ]
INFO: [ app_begin ] --END-- [ RunTime:0.000771s ]
SQL: SHOW COLUMNS FROM `map_imgtoggle` [ RunTime:0.0056s ]
SQL: SELECT * FROM `map_imgtoggle` WHERE `id` > '3' LIMIT 1   [ RunTime:0.0005s ]
SQL: UPDATE `map_imgtoggle` SET `id`='0' WHERE `id` = 3 [ RunTime:0.0003s ]
SQL: UPDATE `map_imgtoggle` SET `id`='3' WHERE `id` = 4 [ RunTime:0.0003s ]
SQL: UPDATE `map_imgtoggle` SET `id`='4' WHERE `id` = 0 [ RunTime:0.0002s ]
INFO: [ app_end ] --START--
INFO: Run Behavior\ShowPageTraceBehavior [ RunTime:0.000608s ]
INFO: [ app_end ] --END-- [ RunTime:0.000653s ]

[ 2016-07-29T00:43:40+08:00 ] ::1 /admin.php/Imgtoggle/sortImg.html
INFO: [ app_begin ] --START--
INFO: Run Behavior\ReadHtmlCacheBehavior [ RunTime:0.000394s ]
INFO: [ app_begin ] --END-- [ RunTime:0.000783s ]
SQL: SHOW COLUMNS FROM `map_imgtoggle` [ RunTime:0.0053s ]
SQL: SELECT * FROM `map_imgtoggle` WHERE `id` > '1' LIMIT 1   [ RunTime:0.0003s ]
SQL: UPDATE `map_imgtoggle` SET `id`='0' WHERE `id` = 1 [ RunTime:0.0003s ]
SQL: UPDATE `map_imgtoggle` SET `id`='1' WHERE `id` = 2 [ RunTime:0.0002s ]
SQL: UPDATE `map_imgtoggle` SET `id`='2' WHERE `id` = 0 [ RunTime:0.0002s ]
INFO: [ app_end ] --START--
INFO: Run Behavior\ShowPageTraceBehavior [ RunTime:0.000635s ]
INFO: [ app_end ] --END-- [ RunTime:0.000677s ]

[ 2016-07-29T00:43:41+08:00 ] ::1 /admin.php/Imgtoggle/sortImg.html
INFO: [ app_begin ] --START--
INFO: Run Behavior\ReadHtmlCacheBehavior [ RunTime:0.000433s ]
INFO: [ app_begin ] --END-- [ RunTime:0.000811s ]
SQL: SHOW COLUMNS FROM `map_imgtoggle` [ RunTime:0.0057s ]
SQL: SELECT * FROM `map_imgtoggle` WHERE `id` > '3' LIMIT 1   [ RunTime:0.0004s ]
SQL: UPDATE `map_imgtoggle` SET `id`='0' WHERE `id` = 3 [ RunTime:0.0003s ]
SQL: UPDATE `map_imgtoggle` SET `id`='3' WHERE `id` = 4 [ RunTime:0.0003s ]
SQL: UPDATE `map_imgtoggle` SET `id`='4' WHERE `id` = 0 [ RunTime:0.0002s ]
INFO: [ app_end ] --START--
INFO: Run Behavior\ShowPageTraceBehavior [ RunTime:0.000611s ]
INFO: [ app_end ] --END-- [ RunTime:0.000650s ]

[ 2016-07-29T00:43:43+08:00 ] ::1 /admin.php/Imgtoggle/sortImg.html
INFO: [ app_begin ] --START--
INFO: Run Behavior\ReadHtmlCacheBehavior [ RunTime:0.000419s ]
INFO: [ app_begin ] --END-- [ RunTime:0.000774s ]
SQL: SHOW COLUMNS FROM `map_imgtoggle` [ RunTime:0.0040s ]
SQL: SELECT * FROM `map_imgtoggle` WHERE `id` > '1' LIMIT 1   [ RunTime:0.0003s ]
SQL: UPDATE `map_imgtoggle` SET `id`='0' WHERE `id` = 1 [ RunTime:0.0003s ]
SQL: UPDATE `map_imgtoggle` SET `id`='1' WHERE `id` = 2 [ RunTime:0.0002s ]
SQL: UPDATE `map_imgtoggle` SET `id`='2' WHERE `id` = 0 [ RunTime:0.0002s ]
INFO: [ app_end ] --START--
INFO: Run Behavior\ShowPageTraceBehavior [ RunTime:0.000604s ]
INFO: [ app_end ] --END-- [ RunTime:0.000644s ]

[ 2016-07-29T00:43:46+08:00 ] ::1 /admin.php/Imgtoggle/sortImg.html
INFO: [ app_begin ] --START--
INFO: Run Behavior\ReadHtmlCacheBehavior [ RunTime:0.000419s ]
INFO: [ app_begin ] --END-- [ RunTime:0.000763s ]
SQL: SHOW COLUMNS FROM `map_imgtoggle` [ RunTime:0.0039s ]
SQL: SELECT * FROM `map_imgtoggle` WHERE `id` > '2' LIMIT 1   [ RunTime:0.0003s ]
SQL: UPDATE `map_imgtoggle` SET `id`='0' WHERE `id` = 2 [ RunTime:0.0003s ]
SQL: UPDATE `map_imgtoggle` SET `id`='2' WHERE `id` = 3 [ RunTime:0.0002s ]
SQL: UPDATE `map_imgtoggle` SET `id`='3' WHERE `id` = 0 [ RunTime:0.0002s ]
INFO: [ app_end ] --START--
INFO: Run Behavior\ShowPageTraceBehavior [ RunTime:0.000583s ]
INFO: [ app_end ] --END-- [ RunTime:0.000620s ]

[ 2016-07-29T01:44:33+08:00 ] ::1 /admin.php/Excellent/runAddExcellent.html
ERR: 非法操作:runAddExcellent

[ 2016-07-29T01:47:44+08:00 ] ::1 /admin.php/Excellent/updateContent/id/436.html
ERR: 非法操作:updateContent

[ 2016-07-29T01:48:12+08:00 ] ::1 /admin.php/Excellent/updateExcellent/id/436.html
ERR: 模板不存在:./Admin/Home/View/Excellent/updateExcellent.php

[ 2016-07-29T01:52:38+08:00 ] ::1 /admin.php/Exccellent/index.html
ERR: 无法加载控制器:Exccellent

[ 2016-07-29T01:56:51+08:00 ] ::1 /admin.php/Evaluate/runEvaluateCer.html
INFO: [ app_begin ] --START--
INFO: Run Behavior\ReadHtmlCacheBehavior [ RunTime:0.000427s ]
INFO: [ app_begin ] --END-- [ RunTime:0.000804s ]
SQL: SHOW COLUMNS FROM `map_certificate` [ RunTime:0.0056s ]
SQL: SELECT * FROM `map_certificate` WHERE `id` = 19 LIMIT 1   [ RunTime:0.0003s ]
SQL: UPDATE `map_certificate` SET `verify`='1',`score`='5',`scoreLevel`='0' WHERE `id` = 19 [ RunTime:0.0003s ]
INFO: [ app_end ] --START--
INFO: Run Behavior\ShowPageTraceBehavior [ RunTime:0.000593s ]
INFO: [ app_end ] --END-- [ RunTime:0.000628s ]

[ 2016-07-29T01:58:03+08:00 ] ::1 /admin.php/Evaluate/runEvaluateCer.html
INFO: [ app_begin ] --START--
INFO: Run Behavior\ReadHtmlCacheBehavior [ RunTime:0.000438s ]
INFO: [ app_begin ] --END-- [ RunTime:0.000791s ]
SQL: SHOW COLUMNS FROM `map_certificate` [ RunTime:0.0055s ]
SQL: SELECT * FROM `map_certificate` WHERE `id` = 19 LIMIT 1   [ RunTime:0.0004s ]
SQL: UPDATE `map_certificate` SET `verify`='1',`score`='10',`scoreLevel`='0' WHERE `id` = 19 [ RunTime:0.0003s ]
INFO: [ app_end ] --START--
INFO: Run Behavior\ShowPageTraceBehavior [ RunTime:0.000625s ]
INFO: [ app_end ] --END-- [ RunTime:0.000661s ]

[ 2016-07-29T02:00:31+08:00 ] ::1 /admin.php/Evaluate/runEvaluateCer.html
INFO: [ app_begin ] --START--
INFO: Run Behavior\ReadHtmlCacheBehavior [ RunTime:0.000444s ]
INFO: [ app_begin ] --END-- [ RunTime:0.000812s ]
SQL: SHOW COLUMNS FROM `map_certificate` [ RunTime:0.0045s ]
SQL: SELECT * FROM `map_certificate` WHERE `id` = 19 LIMIT 1   [ RunTime:0.0003s ]
SQL: UPDATE `map_certificate` SET `verify`='1',`score`='5',`scoreLevel`='0' WHERE `id` = 19 [ RunTime:0.0003s ]
INFO: [ app_end ] --START--
INFO: Run Behavior\ShowPageTraceBehavior [ RunTime:0.000651s ]
INFO: [ app_end ] --END-- [ RunTime:0.000689s ]

[ 2016-07-29T02:00:55+08:00 ] ::1 /admin.php/Examine/verifyCertificate.html
INFO: [ app_begin ] --START--
INFO: Run Behavior\ReadHtmlCacheBehavior [ RunTime:0.000467s ]
INFO: [ app_begin ] --END-- [ RunTime:0.000833s ]
SQL: SHOW COLUMNS FROM `map_certificate` [ RunTime:0.0054s ]
SQL: UPDATE `map_certificate` SET `verify`='0',`score`=NULL,`scoreLevel`='4' WHERE `id` = 29 [ RunTime:0.0003s ]
INFO: [ app_end ] --START--
INFO: Run Behavior\ShowPageTraceBehavior [ RunTime:0.000589s ]
INFO: [ app_end ] --END-- [ RunTime:0.000626s ]

[ 2016-07-29T02:01:14+08:00 ] ::1 /admin.php/Evaluate/runEvaluateCer.html
INFO: [ app_begin ] --START--
INFO: Run Behavior\ReadHtmlCacheBehavior [ RunTime:0.000411s ]
INFO: [ app_begin ] --END-- [ RunTime:0.000785s ]
SQL: SHOW COLUMNS FROM `map_certificate` [ RunTime:0.0055s ]
SQL: SELECT * FROM `map_certificate` WHERE `id` = 29 LIMIT 1   [ RunTime:0.0003s ]
SQL: UPDATE `map_certificate` SET `verify`='1',`score`='20',`scoreLevel`='0' WHERE `id` = 29 [ RunTime:0.0003s ]
INFO: [ app_end ] --START--
INFO: Run Behavior\ShowPageTraceBehavior [ RunTime:0.000607s ]
INFO: [ app_end ] --END-- [ RunTime:0.000643s ]

[ 2016-07-29T02:01:28+08:00 ] ::1 /admin.php/Examine/verifyCharacter.html
INFO: [ app_begin ] --START--
INFO: Run Behavior\ReadHtmlCacheBehavior [ RunTime:0.000420s ]
INFO: [ app_begin ] --END-- [ RunTime:0.000777s ]
SQL: SHOW COLUMNS FROM `map_character` [ RunTime:0.0043s ]
SQL: SELECT * FROM `map_character` WHERE `id` = 28 LIMIT 1   [ RunTime:0.0004s ]
SQL: UPDATE `map_character` SET `verify`='2',`score`=NULL,`scoreLevel`='4' WHERE `id` = 28 [ RunTime:0.0003s ]
INFO: [ app_end ] --START--
INFO: Run Behavior\ShowPageTraceBehavior [ RunTime:0.000582s ]
INFO: [ app_end ] --END-- [ RunTime:0.000620s ]

[ 2016-07-29T02:01:31+08:00 ] ::1 /admin.php/Examine/verifyCharacter.html
INFO: [ app_begin ] --START--
INFO: Run Behavior\ReadHtmlCacheBehavior [ RunTime:0.000463s ]
INFO: [ app_begin ] --END-- [ RunTime:0.000816s ]
SQL: SHOW COLUMNS FROM `map_character` [ RunTime:0.0040s ]
SQL: UPDATE `map_character` SET `verify`='0',`score`=NULL,`scoreLevel`='4' WHERE `id` = 28 [ RunTime:0.0004s ]
INFO: [ app_end ] --START--
INFO: Run Behavior\ShowPageTraceBehavior [ RunTime:0.000612s ]
INFO: [ app_end ] --END-- [ RunTime:0.000652s ]

[ 2016-07-29T02:01:41+08:00 ] ::1 /admin.php/Evaluate/runEvaluateCha.html
INFO: [ app_begin ] --START--
INFO: Run Behavior\ReadHtmlCacheBehavior [ RunTime:0.000438s ]
INFO: [ app_begin ] --END-- [ RunTime:0.000800s ]
SQL: SHOW COLUMNS FROM `map_character` [ RunTime:0.0056s ]
SQL: SELECT * FROM `map_character` WHERE `id` = 28 LIMIT 1   [ RunTime:0.0003s ]
SQL: UPDATE `map_character` SET `verify`='1',`score`='20',`scoreLevel`='0' WHERE `id` = 28 [ RunTime:0.0003s ]
INFO: [ app_end ] --START--
INFO: Run Behavior\ShowPageTraceBehavior [ RunTime:0.000615s ]
INFO: [ app_end ] --END-- [ RunTime:0.000652s ]

[ 2016-07-29T02:24:00+08:00 ] ::1 /admin.php/Login/checkInfo.html
INFO: [ app_begin ] --START--
INFO: Run Behavior\ReadHtmlCacheBehavior [ RunTime:0.000449s ]
INFO: [ app_begin ] --END-- [ RunTime:0.000829s ]
NOTIC: [8] Undefined index: verify D:\phpStudy\WWW\Admin\Home\Controller\LoginController.class.php 第 50 行.
SQL: SHOW COLUMNS FROM `map_admin` [ RunTime:0.0036s ]
SQL: SELECT * FROM `map_admin` WHERE `name` = '王晓杰' AND `password` = '501e0bbac99eb3673e5df715eacd9d0efb5601f5' LIMIT 1   [ RunTime:0.0003s ]
INFO: [ app_end ] --START--
INFO: Run Behavior\ShowPageTraceBehavior [ RunTime:0.000710s ]
INFO: [ app_end ] --END-- [ RunTime:0.000752s ]

[ 2016-07-29T02:24:04+08:00 ] ::1 /admin.php/Login/login.html
INFO: [ app_begin ] --START--
INFO: Run Behavior\ReadHtmlCacheBehavior [ RunTime:0.000410s ]
INFO: [ app_begin ] --END-- [ RunTime:0.000778s ]
SQL: SHOW COLUMNS FROM `map_admin` [ RunTime:0.0038s ]
SQL: SELECT * FROM `map_admin` WHERE `name` = '王晓杰' AND `password` = '501e0bbac99eb3673e5df715eacd9d0efb5601f5' LIMIT 1   [ RunTime:0.0003s ]
SQL: SELECT * FROM `map_admin` WHERE `name` = '王晓杰' AND `password` = '501e0bbac99eb3673e5df715eacd9d0efb5601f5' LIMIT 1   [ RunTime:0.0003s ]
INFO: [ app_end ] --START--
INFO: Run Behavior\ShowPageTraceBehavior [ RunTime:0.000481s ]
INFO: [ app_end ] --END-- [ RunTime:0.000514s ]

[ 2016-07-29T02:28:39+08:00 ] ::1 /admin.php/Nav/index.php
ERR: 非法操作:index.php

[ 2016-07-29T02:28:43+08:00 ] ::1 /admin.php/Nav/index.php
ERR: 非法操作:index.php

[ 2016-07-29T02:28:52+08:00 ] ::1 /admin.php/Nav/index.php
ERR: 非法操作:index.php

[ 2016-07-29T02:28:55+08:00 ] ::1 /admin.php/Nav/index.php
ERR: 非法操作:index.php

[ 2016-07-29T02:31:27+08:00 ] ::1 /admin.php/Login/checkInfo.html
INFO: [ app_begin ] --START--
INFO: Run Behavior\ReadHtmlCacheBehavior [ RunTime:0.000410s ]
INFO: [ app_begin ] --END-- [ RunTime:0.000728s ]
NOTIC: [8] Undefined index: verify D:\phpStudy\WWW\Admin\Home\Controller\LoginController.class.php 第 50 行.
SQL: SHOW COLUMNS FROM `map_admin` [ RunTime:0.0053s ]
SQL: SELECT * FROM `map_admin` WHERE `name` = '王晓杰' AND `password` = '501e0bbac99eb3673e5df715eacd9d0efb5601f5' LIMIT 1   [ RunTime:0.0003s ]
INFO: [ app_end ] --START--
INFO: Run Behavior\ShowPageTraceBehavior [ RunTime:0.000589s ]
INFO: [ app_end ] --END-- [ RunTime:0.000625s ]

[ 2016-07-29T02:31:32+08:00 ] ::1 /admin.php/Login/login.html
INFO: [ app_begin ] --START--
INFO: Run Behavior\ReadHtmlCacheBehavior [ RunTime:0.000405s ]
INFO: [ app_begin ] --END-- [ RunTime:0.000745s ]
SQL: SHOW COLUMNS FROM `map_admin` [ RunTime:0.0057s ]
SQL: SELECT * FROM `map_admin` WHERE `name` = '王晓杰' AND `password` = '501e0bbac99eb3673e5df715eacd9d0efb5601f5' LIMIT 1   [ RunTime:0.0003s ]
INFO: [ app_end ] --START--
INFO: Run Behavior\ShowPageTraceBehavior [ RunTime:0.000449s ]
INFO: [ app_end ] --END-- [ RunTime:0.000490s ]

[ 2016-07-29T02:31:38+08:00 ] ::1 /admin.php/Login/login.html
INFO: [ app_begin ] --START--
INFO: Run Behavior\ReadHtmlCacheBehavior [ RunTime:0.000401s ]
INFO: [ app_begin ] --END-- [ RunTime:0.000742s ]
SQL: SHOW COLUMNS FROM `map_admin` [ RunTime:0.0039s ]
SQL: SELECT * FROM `map_admin` WHERE `name` = '王晓杰' AND `password` = '501e0bbac99eb3673e5df715eacd9d0efb5601f5' LIMIT 1   [ RunTime:0.0003s ]
SQL: SELECT * FROM `map_admin` WHERE `name` = '王晓杰' AND `password` = '501e0bbac99eb3673e5df715eacd9d0efb5601f5' LIMIT 1   [ RunTime:0.0003s ]
INFO: [ app_end ] --START--
INFO: Run Behavior\ShowPageTraceBehavior [ RunTime:0.000489s ]
INFO: [ app_end ] --END-- [ RunTime:0.000522s ]

[ 2016-07-29T02:40:24+08:00 ] ::1 /admin.php/Login/checkInfo.html
INFO: [ app_begin ] --START--
INFO: Run Behavior\ReadHtmlCacheBehavior [ RunTime:0.000515s ]
INFO: [ app_begin ] --END-- [ RunTime:0.000932s ]
NOTIC: [8] Undefined index: verify D:\phpStudy\WWW\Admin\Home\Controller\LoginController.class.php 第 50 行.
SQL: SHOW COLUMNS FROM `map_admin` [ RunTime:0.0052s ]
SQL: SELECT * FROM `map_admin` WHERE `name` = '王晓杰' AND `password` = '501e0bbac99eb3673e5df715eacd9d0efb5601f5' LIMIT 1   [ RunTime:0.0003s ]
INFO: [ app_end ] --START--
INFO: Run Behavior\ShowPageTraceBehavior [ RunTime:0.000785s ]
INFO: [ app_end ] --END-- [ RunTime:0.000825s ]

[ 2016-07-29T02:40:28+08:00 ] ::1 /admin.php/Login/login.html
INFO: [ app_begin ] --START--
INFO: Run Behavior\ReadHtmlCacheBehavior [ RunTime:0.000417s ]
INFO: [ app_begin ] --END-- [ RunTime:0.000764s ]
SQL: SHOW COLUMNS FROM `map_admin` [ RunTime:0.0051s ]
SQL: SELECT * FROM `map_admin` WHERE `name` = '王晓杰' AND `password` = '501e0bbac99eb3673e5df715eacd9d0efb5601f5' LIMIT 1   [ RunTime:0.0003s ]
SQL: SELECT * FROM `map_admin` WHERE `name` = '王晓杰' AND `password` = '501e0bbac99eb3673e5df715eacd9d0efb5601f5' LIMIT 1   [ RunTime:0.0003s ]
INFO: [ app_end ] --START--
INFO: Run Behavior\ShowPageTraceBehavior [ RunTime:0.000626s ]
INFO: [ app_end ] --END-- [ RunTime:0.000668s ]

[ 2016-07-29T02:40:37+08:00 ] ::1 /admin.php/Login/checkInfo.html
INFO: [ app_begin ] --START--
INFO: Run Behavior\ReadHtmlCacheBehavior [ RunTime:0.000413s ]
INFO: [ app_begin ] --END-- [ RunTime:0.000758s ]
NOTIC: [8] Undefined index: verify D:\phpStudy\WWW\Admin\Home\Controller\LoginController.class.php 第 50 行.
SQL: SHOW COLUMNS FROM `map_admin` [ RunTime:0.0054s ]
SQL: SELECT * FROM `map_admin` WHERE `name` = '王晓杰' AND `password` = '501e0bbac99eb3673e5df715eacd9d0efb5601f5' LIMIT 1   [ RunTime:0.0003s ]
INFO: [ app_end ] --START--
INFO: Run Behavior\ShowPageTraceBehavior [ RunTime:0.000579s ]
INFO: [ app_end ] --END-- [ RunTime:0.000612s ]

[ 2016-07-29T02:40:42+08:00 ] ::1 /admin.php/Login/login.html
INFO: [ app_begin ] --START--
INFO: Run Behavior\ReadHtmlCacheBehavior [ RunTime:0.000407s ]
INFO: [ app_begin ] --END-- [ RunTime:0.000764s ]
SQL: SHOW COLUMNS FROM `map_admin` [ RunTime:0.0035s ]
SQL: SELECT * FROM `map_admin` WHERE `name` = '王晓杰' AND `password` = '501e0bbac99eb3673e5df715eacd9d0efb5601f5' LIMIT 1   [ RunTime:0.0003s ]
SQL: SELECT * FROM `map_admin` WHERE `name` = '王晓杰' AND `password` = '501e0bbac99eb3673e5df715eacd9d0efb5601f5' LIMIT 1   [ RunTime:0.0003s ]
INFO: [ app_end ] --START--
INFO: Run Behavior\ShowPageTraceBehavior [ RunTime:0.000483s ]
INFO: [ app_end ] --END-- [ RunTime:0.000517s ]

[ 2016-07-29T02:42:00+08:00 ] ::1 /admin.php/Login/checkInfo.html
INFO: [ app_begin ] --START--
INFO: Run Behavior\ReadHtmlCacheBehavior [ RunTime:0.000458s ]
INFO: [ app_begin ] --END-- [ RunTime:0.000883s ]
NOTIC: [8] Undefined index: verify D:\phpStudy\WWW\Admin\Home\Controller\LoginController.class.php 第 50 行.
SQL: SHOW COLUMNS FROM `map_admin` [ RunTime:0.0055s ]
SQL: SELECT * FROM `map_admin` WHERE `name` = '王晓杰' AND `password` = '501e0bbac99eb3673e5df715eacd9d0efb5601f5' LIMIT 1   [ RunTime:0.0003s ]
INFO: [ app_end ] --START--
INFO: Run Behavior\ShowPageTraceBehavior [ RunTime:0.000620s ]
INFO: [ app_end ] --END-- [ RunTime:0.000670s ]

[ 2016-07-29T02:42:05+08:00 ] ::1 /admin.php/Login/login.html
INFO: [ app_begin ] --START--
INFO: Run Behavior\ReadHtmlCacheBehavior [ RunTime:0.000411s ]
INFO: [ app_begin ] --END-- [ RunTime:0.000767s ]
SQL: SHOW COLUMNS FROM `map_admin` [ RunTime:0.0054s ]
SQL: SELECT * FROM `map_admin` WHERE `name` = '王晓杰' AND `password` = '501e0bbac99eb3673e5df715eacd9d0efb5601f5' LIMIT 1   [ RunTime:0.0003s ]
SQL: SELECT * FROM `map_admin` WHERE `name` = '王晓杰' AND `password` = '501e0bbac99eb3673e5df715eacd9d0efb5601f5' LIMIT 1   [ RunTime:0.0003s ]
INFO: [ app_end ] --START--
INFO: Run Behavior\ShowPageTraceBehavior [ RunTime:0.000495s ]
INFO: [ app_end ] --END-- [ RunTime:0.000530s ]

[ 2016-07-29T02:45:30+08:00 ] ::1 /admin.php/Login/checkInfo.html
INFO: [ app_begin ] --START--
INFO: Run Behavior\ReadHtmlCacheBehavior [ RunTime:0.000442s ]
INFO: [ app_begin ] --END-- [ RunTime:0.000821s ]
NOTIC: [8] Undefined index: verify D:\phpStudy\WWW\Admin\Home\Controller\LoginController.class.php 第 50 行.
SQL: SHOW COLUMNS FROM `map_admin` [ RunTime:0.0054s ]
SQL: SELECT * FROM `map_admin` WHERE `name` = '王晓杰' AND `password` = '501e0bbac99eb3673e5df715eacd9d0efb5601f5' LIMIT 1   [ RunTime:0.0003s ]
INFO: [ app_end ] --START--
INFO: Run Behavior\ShowPageTraceBehavior [ RunTime:0.000633s ]
INFO: [ app_end ] --END-- [ RunTime:0.000667s ]

[ 2016-07-29T02:45:34+08:00 ] ::1 /admin.php/Login/login.html
INFO: [ app_begin ] --START--
INFO: Run Behavior\ReadHtmlCacheBehavior [ RunTime:0.000392s ]
INFO: [ app_begin ] --END-- [ RunTime:0.000737s ]
SQL: SHOW COLUMNS FROM `map_admin` [ RunTime:0.0058s ]
SQL: SELECT * FROM `map_admin` WHERE `name` = '王晓杰' AND `password` = '501e0bbac99eb3673e5df715eacd9d0efb5601f5' LIMIT 1   [ RunTime:0.0003s ]
SQL: SELECT * FROM `map_admin` WHERE `name` = '王晓杰' AND `password` = '501e0bbac99eb3673e5df715eacd9d0efb5601f5' LIMIT 1   [ RunTime:0.0004s ]
INFO: [ app_end ] --START--
INFO: Run Behavior\ShowPageTraceBehavior [ RunTime:0.000608s ]
INFO: [ app_end ] --END-- [ RunTime:0.000648s ]

[ 2016-07-29T02:45:48+08:00 ] ::1 /admin.php/Examine/verifyCertificate.html
INFO: [ app_begin ] --START--
INFO: Run Behavior\ReadHtmlCacheBehavior [ RunTime:0.000410s ]
INFO: [ app_begin ] --END-- [ RunTime:0.000758s ]
SQL: SHOW COLUMNS FROM `map_certificate` [ RunTime:0.0087s ]
SQL: SELECT * FROM `map_certificate` WHERE `id` = 27 LIMIT 1   [ RunTime:0.0004s ]
SQL: UPDATE `map_certificate` SET `verify`='2',`score`=NULL,`scoreLevel`='4' WHERE `id` = 27 [ RunTime:0.0003s ]
INFO: [ app_end ] --START--
INFO: Run Behavior\ShowPageTraceBehavior [ RunTime:0.000568s ]
INFO: [ app_end ] --END-- [ RunTime:0.000602s ]

[ 2016-07-29T02:45:51+08:00 ] ::1 /admin.php/Examine/verifyCertificate.html
INFO: [ app_begin ] --START--
INFO: Run Behavior\ReadHtmlCacheBehavior [ RunTime:0.000412s ]
INFO: [ app_begin ] --END-- [ RunTime:0.000761s ]
SQL: SHOW COLUMNS FROM `map_certificate` [ RunTime:0.0037s ]
SQL: UPDATE `map_certificate` SET `verify`='0',`score`=NULL,`scoreLevel`='4' WHERE `id` = 27 [ RunTime:0.0003s ]
INFO: [ app_end ] --START--
INFO: Run Behavior\ShowPageTraceBehavior [ RunTime:0.000583s ]
INFO: [ app_end ] --END-- [ RunTime:0.000619s ]

[ 2016-07-29T02:45:59+08:00 ] ::1 /admin.php/Evaluate/runEvaluateCer.html
INFO: [ app_begin ] --START--
INFO: Run Behavior\ReadHtmlCacheBehavior [ RunTime:0.000410s ]
INFO: [ app_begin ] --END-- [ RunTime:0.000761s ]
SQL: SHOW COLUMNS FROM `map_certificate` [ RunTime:0.0038s ]
SQL: SELECT * FROM `map_certificate` WHERE `id` = 27 LIMIT 1   [ RunTime:0.0003s ]
SQL: UPDATE `map_certificate` SET `verify`='1',`score`='20',`scoreLevel`='0' WHERE `id` = 27 [ RunTime:0.0002s ]
INFO: [ app_end ] --START--
INFO: Run Behavior\ShowPageTraceBehavior [ RunTime:0.000578s ]
INFO: [ app_end ] --END-- [ RunTime:0.000613s ]

[ 2016-07-29T02:46:06+08:00 ] ::1 /admin.php/Examine/verifyCharacter.html
INFO: [ app_begin ] --START--
INFO: Run Behavior\ReadHtmlCacheBehavior [ RunTime:0.000442s ]
INFO: [ app_begin ] --END-- [ RunTime:0.000816s ]
SQL: SHOW COLUMNS FROM `map_character` [ RunTime:0.0037s ]
SQL: SELECT * FROM `map_character` WHERE `id` = 28 LIMIT 1   [ RunTime:0.0003s ]
SQL: UPDATE `map_character` SET `verify`='2',`score`=NULL,`scoreLevel`='4' WHERE `id` = 28 [ RunTime:0.0003s ]
INFO: [ app_end ] --START--
INFO: Run Behavior\ShowPageTraceBehavior [ RunTime:0.000592s ]
INFO: [ app_end ] --END-- [ RunTime:0.000633s ]

[ 2016-07-29T02:46:09+08:00 ] ::1 /admin.php/Examine/verifyCharacter.html
INFO: [ app_begin ] --START--
INFO: Run Behavior\ReadHtmlCacheBehavior [ RunTime:0.000445s ]
INFO: [ app_begin ] --END-- [ RunTime:0.000810s ]
SQL: SHOW COLUMNS FROM `map_character` [ RunTime:0.0040s ]
SQL: UPDATE `map_character` SET `verify`='0',`score`=NULL,`scoreLevel`='4' WHERE `id` = 28 [ RunTime:0.0003s ]
INFO: [ app_end ] --START--
INFO: Run Behavior\ShowPageTraceBehavior [ RunTime:0.000588s ]
INFO: [ app_end ] --END-- [ RunTime:0.000622s ]

[ 2016-07-29T02:46:16+08:00 ] ::1 /admin.php/Evaluate/runEvaluateCha.html
INFO: [ app_begin ] --START--
INFO: Run Behavior\ReadHtmlCacheBehavior [ RunTime:0.000419s ]
INFO: [ app_begin ] --END-- [ RunTime:0.000773s ]
SQL: SHOW COLUMNS FROM `map_character` [ RunTime:0.0043s ]
SQL: SELECT * FROM `map_character` WHERE `id` = 28 LIMIT 1   [ RunTime:0.0003s ]
SQL: UPDATE `map_character` SET `verify`='1',`score`='666666',`scoreLevel`='0' WHERE `id` = 28 [ RunTime:0.0003s ]
INFO: [ app_end ] --START--
INFO: Run Behavior\ShowPageTraceBehavior [ RunTime:0.000576s ]
INFO: [ app_end ] --END-- [ RunTime:0.000608s ]

[ 2016-07-29T02:52:25+08:00 ] ::1 /admin.php/Login/checkInfo.html
INFO: [ app_begin ] --START--
INFO: Run Behavior\ReadHtmlCacheBehavior [ RunTime:0.000530s ]
INFO: [ app_begin ] --END-- [ RunTime:0.000886s ]
NOTIC: [8] Undefined index: verify D:\phpStudy\WWW\Admin\Home\Controller\LoginController.class.php 第 50 行.
SQL: SHOW COLUMNS FROM `map_admin` [ RunTime:0.0046s ]
SQL: SELECT * FROM `map_admin` WHERE `name` = '王晓杰' AND `password` = '501e0bbac99eb3673e5df715eacd9d0efb5601f5' LIMIT 1   [ RunTime:0.0004s ]
INFO: [ app_end ] --START--
INFO: Run Behavior\ShowPageTraceBehavior [ RunTime:0.000725s ]
INFO: [ app_end ] --END-- [ RunTime:0.000760s ]

[ 2016-07-29T02:52:29+08:00 ] ::1 /admin.php/Login/login.html
INFO: [ app_begin ] --START--
INFO: Run Behavior\ReadHtmlCacheBehavior [ RunTime:0.000526s ]
INFO: [ app_begin ] --END-- [ RunTime:0.000880s ]
SQL: SHOW COLUMNS FROM `map_admin` [ RunTime:0.0038s ]
SQL: SELECT * FROM `map_admin` WHERE `name` = '王晓杰' AND `password` = '501e0bbac99eb3673e5df715eacd9d0efb5601f5' LIMIT 1   [ RunTime:0.0003s ]
SQL: SELECT * FROM `map_admin` WHERE `name` = '王晓杰' AND `password` = '501e0bbac99eb3673e5df715eacd9d0efb5601f5' LIMIT 1   [ RunTime:0.0003s ]
INFO: [ app_end ] --START--
INFO: Run Behavior\ShowPageTraceBehavior [ RunTime:0.000631s ]
INFO: [ app_end ] --END-- [ RunTime:0.000669s ]

[ 2016-07-29T02:55:08+08:00 ] ::1 /admin.php/Stu/delStu.html
INFO: [ app_begin ] --START--
INFO: Run Behavior\ReadHtmlCacheBehavior [ RunTime:0.000519s ]
INFO: [ app_begin ] --END-- [ RunTime:0.000922s ]

[ 2016-07-29T02:55:11+08:00 ] ::1 /admin.php/Stu/delStu.html
INFO: [ app_begin ] --START--
INFO: Run Behavior\ReadHtmlCacheBehavior [ RunTime:0.000423s ]
INFO: [ app_begin ] --END-- [ RunTime:0.000822s ]

[ 2016-07-29T02:55:23+08:00 ] ::1 /admin.php/Login/checkInfo.html
INFO: [ app_begin ] --START--
INFO: Run Behavior\ReadHtmlCacheBehavior [ RunTime:0.000383s ]
INFO: [ app_begin ] --END-- [ RunTime:0.000720s ]
NOTIC: [8] Undefined index: verify D:\phpStudy\WWW\Admin\Home\Controller\LoginController.class.php 第 50 行.
SQL: SHOW COLUMNS FROM `map_admin` [ RunTime:0.0038s ]
SQL: SELECT * FROM `map_admin` WHERE `name` = '王晓杰' AND `password` = '501e0bbac99eb3673e5df715eacd9d0efb5601f5' LIMIT 1   [ RunTime:0.0003s ]
INFO: [ app_end ] --START--
INFO: Run Behavior\ShowPageTraceBehavior [ RunTime:0.000560s ]
INFO: [ app_end ] --END-- [ RunTime:0.000592s ]

[ 2016-07-29T02:55:28+08:00 ] ::1 /admin.php/Login/login.html
INFO: [ app_begin ] --START--
INFO: Run Behavior\ReadHtmlCacheBehavior [ RunTime:0.000439s ]
INFO: [ app_begin ] --END-- [ RunTime:0.000815s ]
SQL: SHOW COLUMNS FROM `map_admin` [ RunTime:0.0036s ]
SQL: SELECT * FROM `map_admin` WHERE `name` = '王晓杰' AND `password` = '501e0bbac99eb3673e5df715eacd9d0efb5601f5' LIMIT 1   [ RunTime:0.0003s ]
SQL: SELECT * FROM `map_admin` WHERE `name` = '王晓杰' AND `password` = '501e0bbac99eb3673e5df715eacd9d0efb5601f5' LIMIT 1   [ RunTime:0.0003s ]
INFO: [ app_end ] --START--
INFO: Run Behavior\ShowPageTraceBehavior [ RunTime:0.000479s ]
INFO: [ app_end ] --END-- [ RunTime:0.000513s ]

[ 2016-07-29T14:54:59+08:00 ] ::1 /admin.php/Login/checkInfo.html
INFO: [ app_begin ] --START--
INFO: Run Behavior\ReadHtmlCacheBehavior [ RunTime:0.000417s ]
INFO: [ app_begin ] --END-- [ RunTime:0.000803s ]
NOTIC: [8] Undefined index: verify D:\phpStudy\WWW\Admin\Home\Controller\LoginController.class.php 第 50 行.
SQL: SHOW COLUMNS FROM `map_admin` [ RunTime:0.0057s ]
SQL: SELECT * FROM `map_admin` WHERE `name` = '王晓杰' AND `password` = '501e0bbac99eb3673e5df715eacd9d0efb5601f5' LIMIT 1   [ RunTime:0.0004s ]
INFO: [ app_end ] --START--
INFO: Run Behavior\ShowPageTraceBehavior [ RunTime:0.000593s ]
INFO: [ app_end ] --END-- [ RunTime:0.000632s ]

[ 2016-07-29T14:55:02+08:00 ] ::1 /admin.php/Login/login.html
INFO: [ app_begin ] --START--
INFO: Run Behavior\ReadHtmlCacheBehavior [ RunTime:0.000424s ]
INFO: [ app_begin ] --END-- [ RunTime:0.000780s ]
SQL: SHOW COLUMNS FROM `map_admin` [ RunTime:0.0042s ]
SQL: SELECT * FROM `map_admin` WHERE `name` = '王晓杰' AND `password` = '501e0bbac99eb3673e5df715eacd9d0efb5601f5' LIMIT 1   [ RunTime:0.0004s ]
SQL: SELECT * FROM `map_admin` WHERE `name` = '王晓杰' AND `password` = '501e0bbac99eb3673e5df715eacd9d0efb5601f5' LIMIT 1   [ RunTime:0.0005s ]
INFO: [ app_end ] --START--
INFO: Run Behavior\ShowPageTraceBehavior [ RunTime:0.000668s ]
INFO: [ app_end ] --END-- [ RunTime:0.000722s ]

[ 2016-07-29T15:13:17+08:00 ] ::1 /admin.php/Excellent/runUpdateExcellent.html
ERR: 模板不存在:./Admin/Home/View/Public/success.php

[ 2016-07-29T15:13:57+08:00 ] ::1 /admin.php/Excellent/runUpdateExcellent.html
ERR: 模板不存在:./Admin/Home/View/__PUBLIC__/success.php

[ 2016-07-29T15:14:25+08:00 ] ::1 /admin.php/Excellent/runUpdateExcellent.html
ERR: 模板不存在:./Admin/Home/View/./Public/success.php

[ 2016-07-29T15:15:48+08:00 ] ::1 /admin.php/Excellent/runUpdateExcellent.html
ERR: 模板不存在:./Admin/Home/View/Public/error.php

[ 2016-07-29T15:55:52+08:00 ] ::1 /admin.php/Login/index.php
ERR: 非法操作:index.php

[ 2016-07-29T15:55:52+08:00 ] ::1 /admin.php/Login/index.php
ERR: 非法操作:index.php

[ 2016-07-29T16:00:53+08:00 ] ::1 /admin.php/Login/checkInfo.html
INFO: [ app_begin ] --START--
INFO: Run Behavior\ReadHtmlCacheBehavior [ RunTime:0.000446s ]
INFO: [ app_begin ] --END-- [ RunTime:0.000804s ]
NOTIC: [8] Undefined index: verify D:\phpStudy\WWW\Admin\Home\Controller\LoginController.class.php 第 50 行.
SQL: SHOW COLUMNS FROM `map_admin` [ RunTime:0.0530s ]
SQL: SELECT * FROM `map_admin` WHERE `name` = '王晓杰' AND `password` = '501e0bbac99eb3673e5df715eacd9d0efb5601f5' LIMIT 1   [ RunTime:0.0003s ]
INFO: [ app_end ] --START--
INFO: Run Behavior\ShowPageTraceBehavior [ RunTime:0.000570s ]
INFO: [ app_end ] --END-- [ RunTime:0.000604s ]

[ 2016-07-29T16:00:57+08:00 ] ::1 /admin.php/Login/login.html
INFO: [ app_begin ] --START--
INFO: Run Behavior\ReadHtmlCacheBehavior [ RunTime:0.000387s ]
INFO: [ app_begin ] --END-- [ RunTime:0.000725s ]
SQL: SHOW COLUMNS FROM `map_admin` [ RunTime:0.0041s ]
SQL: SELECT * FROM `map_admin` WHERE `name` = '王晓杰' AND `password` = '501e0bbac99eb3673e5df715eacd9d0efb5601f5' LIMIT 1   [ RunTime:0.0003s ]
SQL: SELECT * FROM `map_admin` WHERE `name` = '王晓杰' AND `password` = '501e0bbac99eb3673e5df715eacd9d0efb5601f5' LIMIT 1   [ RunTime:0.0004s ]
INFO: [ app_end ] --START--
INFO: Run Behavior\ShowPageTraceBehavior [ RunTime:0.000507s ]
INFO: [ app_end ] --END-- [ RunTime:0.000540s ]

[ 2016-07-29T16:49:02+08:00 ] ::1 /admin.php/Login/@/admin.php/Index/index.html
ERR: 非法操作:@

[ 2016-07-29T16:49:22+08:00 ] ::1 /admin.php/Login/@/admin.php/Index/index.html
ERR: 非法操作:@

[ 2016-07-29T16:49:24+08:00 ] ::1 /admin.php/Login/@/admin.php/GeomaticsIndex/index.html
ERR: 非法操作:@

[ 2016-07-29T16:49:31+08:00 ] ::1 /admin.php/Login/@/admin.php/Geomatics/Index/index.html
ERR: 非法操作:@

[ 2016-07-29T16:49:31+08:00 ] ::1 /admin.php/Login/@/admin.php/Geomatics/Index/index.html
ERR: 非法操作:@

[ 2016-07-29T20:01:06+08:00 ] ::1 /admin.php/Login/checkInfo.html
INFO: [ app_begin ] --START--
INFO: Run Behavior\ReadHtmlCacheBehavior [ RunTime:0.000432s ]
INFO: [ app_begin ] --END-- [ RunTime:0.000802s ]
NOTIC: [8] Undefined index: verify D:\phpStudy\WWW\Admin\Home\Controller\LoginController.class.php 第 50 行.
SQL: SHOW COLUMNS FROM `map_admin` [ RunTime:0.0042s ]
SQL: SELECT * FROM `map_admin` WHERE `name` = '王晓杰' AND `password` = '501e0bbac99eb3673e5df715eacd9d0efb5601f5' LIMIT 1   [ RunTime:0.0003s ]
INFO: [ app_end ] --START--
INFO: Run Behavior\ShowPageTraceBehavior [ RunTime:0.000574s ]
INFO: [ app_end ] --END-- [ RunTime:0.000610s ]

[ 2016-07-29T20:01:09+08:00 ] ::1 /admin.php/Login/login.html
INFO: [ app_begin ] --START--
INFO: Run Behavior\ReadHtmlCacheBehavior [ RunTime:0.000410s ]
INFO: [ app_begin ] --END-- [ RunTime:0.000761s ]
SQL: SHOW COLUMNS FROM `map_admin` [ RunTime:0.0040s ]
SQL: SELECT * FROM `map_admin` WHERE `name` = '王晓杰' AND `password` = '501e0bbac99eb3673e5df715eacd9d0efb5601f5' LIMIT 1   [ RunTime:0.0003s ]
SQL: SELECT * FROM `map_admin` WHERE `name` = '王晓杰' AND `password` = '501e0bbac99eb3673e5df715eacd9d0efb5601f5' LIMIT 1   [ RunTime:0.0003s ]
INFO: [ app_end ] --START--
INFO: Run Behavior\ShowPageTraceBehavior [ RunTime:0.000522s ]
INFO: [ app_end ] --END-- [ RunTime:0.000560s ]

[ 2016-07-29T22:16:17+08:00 ] ::1 /admin.php/Evaluate/runEvaluateCer.html
INFO: [ app_begin ] --START--
INFO: Run Behavior\ReadHtmlCacheBehavior [ RunTime:0.000499s ]
INFO: [ app_begin ] --END-- [ RunTime:0.000877s ]
SQL: SHOW COLUMNS FROM `map_certificate` [ RunTime:0.0042s ]
SQL: SELECT * FROM `map_certificate` WHERE `id` = 30 LIMIT 1   [ RunTime:0.0003s ]
SQL: UPDATE `map_certificate` SET `verify`='1',`score`='10',`scoreLevel`='0' WHERE `id` = 30 [ RunTime:0.0003s ]
INFO: [ app_end ] --START--
INFO: Run Behavior\ShowPageTraceBehavior [ RunTime:0.000652s ]
INFO: [ app_end ] --END-- [ RunTime:0.000689s ]

[ 2016-07-29T22:27:25+08:00 ] ::1 /admin.php/Evaluate/runEvaluateCha.html
INFO: [ app_begin ] --START--
INFO: Run Behavior\ReadHtmlCacheBehavior [ RunTime:0.000566s ]
INFO: [ app_begin ] --END-- [ RunTime:0.000943s ]
SQL: SHOW COLUMNS FROM `map_character` [ RunTime:0.0053s ]
SQL: SELECT * FROM `map_character` WHERE `id` = 30 LIMIT 1   [ RunTime:0.0004s ]
SQL: UPDATE `map_character` SET `verify`='1',`score`='20',`scoreLevel`='0' WHERE `id` = 30 [ RunTime:0.0004s ]
INFO: [ app_end ] --START--
INFO: Run Behavior\ShowPageTraceBehavior [ RunTime:0.000836s ]
INFO: [ app_end ] --END-- [ RunTime:0.000890s ]

[ 2016-07-29T22:27:31+08:00 ] ::1 /admin.php/Evaluate/runEvaluateCha.html
INFO: [ app_begin ] --START--
INFO: Run Behavior\ReadHtmlCacheBehavior [ RunTime:0.000559s ]
INFO: [ app_begin ] --END-- [ RunTime:0.000948s ]
SQL: SHOW COLUMNS FROM `map_character` [ RunTime:0.0053s ]
SQL: SELECT * FROM `map_character` WHERE `id` = 28 LIMIT 1   [ RunTime:0.0004s ]
SQL: UPDATE `map_character` SET `verify`='1',`score`='5',`scoreLevel`='0' WHERE `id` = 28 [ RunTime:0.0003s ]
INFO: [ app_end ] --START--
INFO: Run Behavior\ShowPageTraceBehavior [ RunTime:0.000808s ]
INFO: [ app_end ] --END-- [ RunTime:0.000853s ]

