[ 2016-07-17T00:35:05+08:00 ] ::1 /admin.php/Home/Login/Login/login
INFO: [ app_begin ] --START--
INFO: Run Behavior\ReadHtmlCacheBehavior [ RunTime:0.000922s ]
INFO: [ app_begin ] --END-- [ RunTime:0.001474s ]
SQL: SHOW COLUMNS FROM `map_admin` [ RunTime:0.0046s ]
SQL: SELECT * FROM `map_admin` WHERE `name` = '王晓杰' AND `password` = '501e0bbac99eb3673e5df715eacd9d0efb5601f5' LIMIT 1   [ RunTime:0.0005s ]
SQL: SELECT * FROM `map_admin` WHERE `name` = '王晓杰' AND `password` = '501e0bbac99eb3673e5df715eacd9d0efb5601f5' LIMIT 1   [ RunTime:0.0003s ]
INFO: [ app_end ] --START--
INFO: Run Behavior\ShowPageTraceBehavior [ RunTime:0.001376s ]
INFO: [ app_end ] --END-- [ RunTime:0.001592s ]

[ 2016-07-17T00:35:43+08:00 ] ::1 /admin.php/Home/Upload/delFile.html
INFO: [ app_begin ] --START--
INFO: Run Behavior\ReadHtmlCacheBehavior [ RunTime:0.002991s ]
INFO: [ app_begin ] --END-- [ RunTime:0.004184s ]
SQL: SHOW COLUMNS FROM `map_down` [ RunTime:0.0012s ]
SQL: SELECT * FROM `map_down` WHERE `id` = 20 LIMIT 1   [ RunTime:0.0004s ]
SQL: DELETE FROM `map_down` WHERE `id` = 20 [ RunTime:0.0007s ]
INFO: [ app_end ] --START--
INFO: Run Behavior\ShowPageTraceBehavior [ RunTime:0.002172s ]
INFO: [ app_end ] --END-- [ RunTime:0.002353s ]

[ 2016-07-17T01:03:10+08:00 ] ::1 /admin.php/Home/IMport
ERR: 无法加载控制器:IMport

[ 2016-07-17T11:49:37+08:00 ] ::1 /admin.php/Home/Login/Login/login
INFO: [ app_begin ] --START--
INFO: Run Behavior\ReadHtmlCacheBehavior [ RunTime:0.000613s ]
INFO: [ app_begin ] --END-- [ RunTime:0.001174s ]
SQL: SHOW COLUMNS FROM `map_admin` [ RunTime:0.0727s ]
SQL: SELECT * FROM `map_admin` WHERE `name` = '王晓杰' AND `password` = '501e0bbac99eb3673e5df715eacd9d0efb5601f5' LIMIT 1   [ RunTime:0.0233s ]
SQL: SELECT * FROM `map_admin` WHERE `name` = '王晓杰' AND `password` = '501e0bbac99eb3673e5df715eacd9d0efb5601f5' LIMIT 1   [ RunTime:0.0004s ]
INFO: [ app_end ] --START--
INFO: Run Behavior\ShowPageTraceBehavior [ RunTime:0.000796s ]
INFO: [ app_end ] --END-- [ RunTime:0.000923s ]

[ 2016-07-17T13:36:13+08:00 ] ::1 /admin.php/Home/Login/Login/login
INFO: [ app_begin ] --START--
INFO: Run Behavior\ReadHtmlCacheBehavior [ RunTime:0.000986s ]
INFO: [ app_begin ] --END-- [ RunTime:0.001729s ]
SQL: SHOW COLUMNS FROM `map_admin` [ RunTime:0.0652s ]
SQL: SELECT * FROM `map_admin` WHERE `name` = '王晓杰' AND `password` = '501e0bbac99eb3673e5df715eacd9d0efb5601f5' LIMIT 1   [ RunTime:0.0005s ]
SQL: SELECT * FROM `map_admin` WHERE `name` = '王晓杰' AND `password` = '501e0bbac99eb3673e5df715eacd9d0efb5601f5' LIMIT 1   [ RunTime:0.0006s ]
INFO: [ app_end ] --START--
INFO: Run Behavior\ShowPageTraceBehavior [ RunTime:0.001443s ]
INFO: [ app_end ] --END-- [ RunTime:0.001689s ]

[ 2016-07-17T13:41:06+08:00 ] ::1 /admin.php/Home/Login/Login/login
INFO: [ app_begin ] --START--
INFO: Run Behavior\ReadHtmlCacheBehavior [ RunTime:0.000946s ]
INFO: [ app_begin ] --END-- [ RunTime:0.001651s ]
SQL: SHOW COLUMNS FROM `map_admin` [ RunTime:0.0012s ]
SQL: SELECT * FROM `map_admin` WHERE `name` = '王晓杰' AND `password` = '501e0bbac99eb3673e5df715eacd9d0efb5601f5' LIMIT 1   [ RunTime:0.0004s ]
INFO: [ app_end ] --START--
INFO: Run Behavior\ShowPageTraceBehavior [ RunTime:0.000951s ]
INFO: [ app_end ] --END-- [ RunTime:0.001107s ]

[ 2016-07-17T13:41:14+08:00 ] ::1 /admin.php/Home/Login/Login/login
INFO: [ app_begin ] --START--
INFO: Run Behavior\ReadHtmlCacheBehavior [ RunTime:0.000937s ]
INFO: [ app_begin ] --END-- [ RunTime:0.001608s ]
SQL: SHOW COLUMNS FROM `map_admin` [ RunTime:0.0011s ]
SQL: SELECT * FROM `map_admin` WHERE `name` = '王晓杰' AND `password` = '501e0bbac99eb3673e5df715eacd9d0efb5601f5' LIMIT 1   [ RunTime:0.0003s ]
SQL: SELECT * FROM `map_admin` WHERE `name` = '王晓杰' AND `password` = '501e0bbac99eb3673e5df715eacd9d0efb5601f5' LIMIT 1   [ RunTime:0.0003s ]
INFO: [ app_end ] --START--
INFO: Run Behavior\ShowPageTraceBehavior [ RunTime:0.000893s ]
INFO: [ app_end ] --END-- [ RunTime:0.001017s ]

[ 2016-07-17T13:41:29+08:00 ] ::1 /admin.php/Home/News/delNews.html
INFO: [ app_begin ] --START--
INFO: Run Behavior\ReadHtmlCacheBehavior [ RunTime:0.000608s ]
INFO: [ app_begin ] --END-- [ RunTime:0.001176s ]
SQL: SHOW COLUMNS FROM `map_news` [ RunTime:0.0013s ]
SQL: DELETE FROM `map_news` WHERE `id` = 5 [ RunTime:0.1143s ]
INFO: [ app_end ] --START--
INFO: Run Behavior\ShowPageTraceBehavior [ RunTime:0.000855s ]
INFO: [ app_end ] --END-- [ RunTime:0.000987s ]

[ 2016-07-17T14:49:09+08:00 ] ::1 /admin.php/Home/News/delNews.html
INFO: [ app_begin ] --START--
INFO: Run Behavior\ReadHtmlCacheBehavior [ RunTime:0.000589s ]
INFO: [ app_begin ] --END-- [ RunTime:0.001171s ]
SQL: SHOW COLUMNS FROM `map_news` [ RunTime:0.0017s ]
SQL: DELETE FROM `map_news` WHERE `id` = 8 [ RunTime:0.0005s ]
INFO: [ app_end ] --START--
INFO: Run Behavior\ShowPageTraceBehavior [ RunTime:0.000899s ]
INFO: [ app_end ] --END-- [ RunTime:0.001072s ]

[ 2016-07-17T15:11:29+08:00 ] ::1 /admin.php/Home/News/delNews.html
INFO: [ app_begin ] --START--
INFO: Run Behavior\ReadHtmlCacheBehavior [ RunTime:0.000931s ]
INFO: [ app_begin ] --END-- [ RunTime:0.001613s ]
SQL: SHOW COLUMNS FROM `map_news` [ RunTime:0.0006s ]
SQL: DELETE FROM `map_news` WHERE `id` = 11 [ RunTime:0.0004s ]
INFO: [ app_end ] --START--
INFO: Run Behavior\ShowPageTraceBehavior [ RunTime:0.001006s ]
INFO: [ app_end ] --END-- [ RunTime:0.001136s ]

[ 2016-07-17T15:11:31+08:00 ] ::1 /admin.php/Home/News/delNews.html
INFO: [ app_begin ] --START--
INFO: Run Behavior\ReadHtmlCacheBehavior [ RunTime:0.001118s ]
INFO: [ app_begin ] --END-- [ RunTime:0.001873s ]
SQL: SHOW COLUMNS FROM `map_news` [ RunTime:0.0006s ]
SQL: DELETE FROM `map_news` WHERE `id` = 10 [ RunTime:0.0003s ]
INFO: [ app_end ] --START--
INFO: Run Behavior\ShowPageTraceBehavior [ RunTime:0.001033s ]
INFO: [ app_end ] --END-- [ RunTime:0.001148s ]

[ 2016-07-17T15:11:35+08:00 ] ::1 /admin.php/Home/News/delNews.html
INFO: [ app_begin ] --START--
INFO: Run Behavior\ReadHtmlCacheBehavior [ RunTime:0.001011s ]
INFO: [ app_begin ] --END-- [ RunTime:0.001785s ]
SQL: SHOW COLUMNS FROM `map_news` [ RunTime:0.0007s ]
SQL: DELETE FROM `map_news` WHERE `id` = 9 [ RunTime:0.0003s ]
INFO: [ app_end ] --START--
INFO: Run Behavior\ShowPageTraceBehavior [ RunTime:0.001029s ]
INFO: [ app_end ] --END-- [ RunTime:0.001146s ]

[ 2016-07-17T15:11:36+08:00 ] ::1 /admin.php/Home/News/delNews.html
INFO: [ app_begin ] --START--
INFO: Run Behavior\ReadHtmlCacheBehavior [ RunTime:0.000645s ]
INFO: [ app_begin ] --END-- [ RunTime:0.001342s ]
SQL: SHOW COLUMNS FROM `map_news` [ RunTime:0.0006s ]
SQL: DELETE FROM `map_news` WHERE `id` = 7 [ RunTime:0.0003s ]
INFO: [ app_end ] --START--
INFO: Run Behavior\ShowPageTraceBehavior [ RunTime:0.000777s ]
INFO: [ app_end ] --END-- [ RunTime:0.000902s ]

[ 2016-07-17T15:11:37+08:00 ] ::1 /admin.php/Home/News/delNews.html
INFO: [ app_begin ] --START--
INFO: Run Behavior\ReadHtmlCacheBehavior [ RunTime:0.000988s ]
INFO: [ app_begin ] --END-- [ RunTime:0.001937s ]
SQL: SHOW COLUMNS FROM `map_news` [ RunTime:0.0006s ]
SQL: DELETE FROM `map_news` WHERE `id` = 6 [ RunTime:0.0006s ]
INFO: [ app_end ] --START--
INFO: Run Behavior\ShowPageTraceBehavior [ RunTime:0.001146s ]
INFO: [ app_end ] --END-- [ RunTime:0.001388s ]

[ 2016-07-17T15:15:30+08:00 ] ::1 /admin.php/Home/News/delNews.html
INFO: [ app_begin ] --START--
INFO: Run Behavior\ReadHtmlCacheBehavior [ RunTime:0.000922s ]
INFO: [ app_begin ] --END-- [ RunTime:0.001584s ]
SQL: SHOW COLUMNS FROM `map_news` [ RunTime:0.0006s ]
SQL: DELETE FROM `map_news` WHERE `id` = 12 [ RunTime:0.0003s ]
INFO: [ app_end ] --START--
INFO: Run Behavior\ShowPageTraceBehavior [ RunTime:0.001038s ]
INFO: [ app_end ] --END-- [ RunTime:0.001186s ]

[ 2016-07-17T16:20:28+08:00 ] ::1 /admin.php/Home/Login/Login/login
INFO: [ app_begin ] --START--
INFO: Run Behavior\ReadHtmlCacheBehavior [ RunTime:0.000605s ]
INFO: [ app_begin ] --END-- [ RunTime:0.001162s ]
SQL: SHOW COLUMNS FROM `map_admin` [ RunTime:0.0008s ]
SQL: SELECT * FROM `map_admin` WHERE `name` = '王晓杰' AND `password` = '501e0bbac99eb3673e5df715eacd9d0efb5601f5' LIMIT 1   [ RunTime:0.0004s ]
SQL: SELECT * FROM `map_admin` WHERE `name` = '王晓杰' AND `password` = '501e0bbac99eb3673e5df715eacd9d0efb5601f5' LIMIT 1   [ RunTime:0.0003s ]
INFO: [ app_end ] --START--
INFO: Run Behavior\ShowPageTraceBehavior [ RunTime:0.000713s ]
INFO: [ app_end ] --END-- [ RunTime:0.000850s ]

[ 2016-07-17T16:43:41+08:00 ] ::1 /admin.php/Home/Login/Login/login
INFO: [ app_begin ] --START--
INFO: Run Behavior\ReadHtmlCacheBehavior [ RunTime:0.000915s ]
INFO: [ app_begin ] --END-- [ RunTime:0.001590s ]
SQL: SHOW COLUMNS FROM `map_admin` [ RunTime:0.0008s ]
SQL: SELECT * FROM `map_admin` WHERE `name` = '王晓杰' AND `password` = '501e0bbac99eb3673e5df715eacd9d0efb5601f5' LIMIT 1   [ RunTime:0.0004s ]
INFO: [ app_end ] --START--
INFO: Run Behavior\ShowPageTraceBehavior [ RunTime:0.000837s ]
INFO: [ app_end ] --END-- [ RunTime:0.000964s ]

[ 2016-07-17T16:43:47+08:00 ] ::1 /admin.php/Home/Login/Login/login
INFO: [ app_begin ] --START--
INFO: Run Behavior\ReadHtmlCacheBehavior [ RunTime:0.000632s ]
INFO: [ app_begin ] --END-- [ RunTime:0.001191s ]
SQL: SHOW COLUMNS FROM `map_admin` [ RunTime:0.0006s ]
SQL: SELECT * FROM `map_admin` WHERE `name` = '王晓杰' AND `password` = '501e0bbac99eb3673e5df715eacd9d0efb5601f5' LIMIT 1   [ RunTime:0.0004s ]
SQL: SELECT * FROM `map_admin` WHERE `name` = '王晓杰' AND `password` = '501e0bbac99eb3673e5df715eacd9d0efb5601f5' LIMIT 1   [ RunTime:0.0004s ]
INFO: [ app_end ] --START--
INFO: Run Behavior\ShowPageTraceBehavior [ RunTime:0.000766s ]
INFO: [ app_end ] --END-- [ RunTime:0.000934s ]

[ 2016-07-17T16:48:57+08:00 ] ::1 /admin.php/Home/News/__PUBLIC/umeditor/third-party/jquery.min.js
ERR: 非法操作:__PUBLIC

[ 2016-07-17T16:48:57+08:00 ] ::1 /admin.php/Home/News/__PUBLIC/umeditor/umeditor.min.js
ERR: 非法操作:__PUBLIC

[ 2016-07-17T16:48:57+08:00 ] ::1 /admin.php/Home/News/__PUBLIC/umeditor/umeditor.config.js
ERR: 非法操作:__PUBLIC

[ 2016-07-17T16:48:57+08:00 ] ::1 /admin.php/Home/News/__PUBLIC/umeditor/themes/default/css/umeditor.css
ERR: 非法操作:__PUBLIC

[ 2016-07-17T16:48:57+08:00 ] ::1 /admin.php/Home/News/__PUBLIC/umeditor/lang/zh-cn/zh-cn.js
ERR: 非法操作:__PUBLIC

[ 2016-07-17T16:49:00+08:00 ] ::1 /admin.php/Home/News/__PUBLIC/umeditor/themes/default/css/umeditor.css
ERR: 非法操作:__PUBLIC

[ 2016-07-17T16:55:58+08:00 ] ::1 /admin.php/Home/News/delNews.html
INFO: [ app_begin ] --START--
INFO: Run Behavior\ReadHtmlCacheBehavior [ RunTime:0.000587s ]
INFO: [ app_begin ] --END-- [ RunTime:0.001162s ]
SQL: SHOW COLUMNS FROM `map_news` [ RunTime:0.0007s ]
SQL: DELETE FROM `map_news` WHERE `id` = 20 [ RunTime:0.0004s ]
INFO: [ app_end ] --START--
INFO: Run Behavior\ShowPageTraceBehavior [ RunTime:0.000787s ]
INFO: [ app_end ] --END-- [ RunTime:0.000919s ]

[ 2016-07-17T16:59:29+08:00 ] ::1 /admin.php/Home/News/delNews.html
INFO: [ app_begin ] --START--
INFO: Run Behavior\ReadHtmlCacheBehavior [ RunTime:0.000820s ]
INFO: [ app_begin ] --END-- [ RunTime:0.001441s ]
SQL: SHOW COLUMNS FROM `map_news` [ RunTime:0.0006s ]
SQL: DELETE FROM `map_news` WHERE `id` = 21 [ RunTime:0.0003s ]
INFO: [ app_end ] --START--
INFO: Run Behavior\ShowPageTraceBehavior [ RunTime:0.000791s ]
INFO: [ app_end ] --END-- [ RunTime:0.000909s ]

[ 2016-07-17T16:59:56+08:00 ] ::1 /admin.php/Home/News/delNews.html
INFO: [ app_begin ] --START--
INFO: Run Behavior\ReadHtmlCacheBehavior [ RunTime:0.000617s ]
INFO: [ app_begin ] --END-- [ RunTime:0.001190s ]
SQL: SHOW COLUMNS FROM `map_news` [ RunTime:0.0006s ]
SQL: DELETE FROM `map_news` WHERE `id` = 22 [ RunTime:0.0003s ]
INFO: [ app_end ] --START--
INFO: Run Behavior\ShowPageTraceBehavior [ RunTime:0.000796s ]
INFO: [ app_end ] --END-- [ RunTime:0.000922s ]

[ 2016-07-17T17:01:37+08:00 ] ::1 /admin.php/Home/News/delNews.html
INFO: [ app_begin ] --START--
INFO: Run Behavior\ReadHtmlCacheBehavior [ RunTime:0.000610s ]
INFO: [ app_begin ] --END-- [ RunTime:0.001168s ]
SQL: SHOW COLUMNS FROM `map_news` [ RunTime:0.0006s ]
SQL: DELETE FROM `map_news` WHERE `id` = 23 [ RunTime:0.0004s ]
INFO: [ app_end ] --START--
INFO: Run Behavior\ShowPageTraceBehavior [ RunTime:0.000839s ]
INFO: [ app_end ] --END-- [ RunTime:0.000964s ]

[ 2016-07-17T17:16:47+08:00 ] ::1 /admin.php/Home/News/delNews.html
INFO: [ app_begin ] --START--
INFO: Run Behavior\ReadHtmlCacheBehavior [ RunTime:0.000967s ]
INFO: [ app_begin ] --END-- [ RunTime:0.001600s ]
SQL: SHOW COLUMNS FROM `map_news` [ RunTime:0.0007s ]
SQL: DELETE FROM `map_news` WHERE `id` = 24 [ RunTime:0.0003s ]
INFO: [ app_end ] --START--
INFO: Run Behavior\ShowPageTraceBehavior [ RunTime:0.001017s ]
INFO: [ app_end ] --END-- [ RunTime:0.001144s ]

[ 2016-07-17T18:13:39+08:00 ] ::1 /admin.php/Home/Login/Login/login
INFO: [ app_begin ] --START--
INFO: Run Behavior\ReadHtmlCacheBehavior [ RunTime:0.000657s ]
INFO: [ app_begin ] --END-- [ RunTime:0.001182s ]
SQL: SHOW COLUMNS FROM `map_admin` [ RunTime:0.0007s ]
SQL: SELECT * FROM `map_admin` WHERE `name` = '王晓杰' AND `password` = '501e0bbac99eb3673e5df715eacd9d0efb5601f5' LIMIT 1   [ RunTime:0.0003s ]
SQL: SELECT * FROM `map_admin` WHERE `name` = '王晓杰' AND `password` = '501e0bbac99eb3673e5df715eacd9d0efb5601f5' LIMIT 1   [ RunTime:0.0003s ]
INFO: [ app_end ] --START--
INFO: Run Behavior\ShowPageTraceBehavior [ RunTime:0.000732s ]
INFO: [ app_end ] --END-- [ RunTime:0.000891s ]

[ 2016-07-17T18:14:28+08:00 ] ::1 /admin.php/Home/News/delNews.html
INFO: [ app_begin ] --START--
INFO: Run Behavior\ReadHtmlCacheBehavior [ RunTime:0.000522s ]
INFO: [ app_begin ] --END-- [ RunTime:0.001025s ]
SQL: SHOW COLUMNS FROM `map_news` [ RunTime:0.0008s ]
SQL: DELETE FROM `map_news` WHERE `id` = 26 [ RunTime:0.0005s ]
INFO: [ app_end ] --START--
INFO: Run Behavior\ShowPageTraceBehavior [ RunTime:0.001069s ]
INFO: [ app_end ] --END-- [ RunTime:0.001344s ]

[ 2016-07-17T18:18:54+08:00 ] ::1 /admin.php/Home/News/delNews.html
INFO: [ app_begin ] --START--
INFO: Run Behavior\ReadHtmlCacheBehavior [ RunTime:0.000540s ]
INFO: [ app_begin ] --END-- [ RunTime:0.001026s ]
SQL: SHOW COLUMNS FROM `map_news` [ RunTime:0.0011s ]
SQL: DELETE FROM `map_news` WHERE `id` = 27 [ RunTime:0.0004s ]
INFO: [ app_end ] --START--
INFO: Run Behavior\ShowPageTraceBehavior [ RunTime:0.000729s ]
INFO: [ app_end ] --END-- [ RunTime:0.000842s ]

[ 2016-07-17T20:31:26+08:00 ] ::1 /admin.php/Home/Import/upload.html
ERR: 1406:Data too long for column 'sex' at row 1
 [ SQL语句 ] : INSERT INTO `map_exam` (`stuId`,`name`,`sex`,`score`,`mark`) VALUES ('班号：','','2015-2016学年春(两学期)','',NULL)

[ 2016-07-17T20:38:35+08:00 ] ::1 /admin.php/Home/Import/import
ERR: 模板不存在:./Admin/Home/View/Import/excel_import.php

[ 2016-07-17T21:03:42+08:00 ] ::1 /admin.php/Home/Import/import
ERR: 模板不存在:./Admin/Home/View/Import/excel_import.php

