[ 2016-07-14T11:01:35+08:00 ] 222.88.196.225 /admin.php
INFO: [ app_init ] --START--
INFO: Run Behavior\BuildLiteBehavior [ RunTime:0.000083s ]
INFO: [ app_init ] --END-- [ RunTime:0.000412s ]
INFO: [ app_begin ] --START--
INFO: Run Behavior\ReadHtmlCacheBehavior [ RunTime:0.000794s ]
INFO: [ app_begin ] --END-- [ RunTime:0.001070s ]
INFO: [ view_parse ] --START--
INFO: [ template_filter ] --START--
INFO: Run Behavior\ContentReplaceBehavior [ RunTime:0.000241s ]
INFO: [ template_filter ] --END-- [ RunTime:0.001489s ]
INFO: Run Behavior\ParseTemplateBehavior [ RunTime:0.009801s ]
INFO: [ view_parse ] --END-- [ RunTime:0.010105s ]
INFO: [ view_filter ] --START--
INFO: Run Behavior\WriteHtmlCacheBehavior [ RunTime:0.000531s ]
INFO: [ view_filter ] --END-- [ RunTime:0.000799s ]
INFO: [ app_end ] --START--
INFO: Run Behavior\ShowPageTraceBehavior [ RunTime:0.000654s ]
INFO: [ app_end ] --END-- [ RunTime:0.000918s ]

[ 2016-07-14T11:01:35+08:00 ] 222.88.196.225 /admin.php
INFO: [ app_init ] --START--
INFO: Run Behavior\BuildLiteBehavior [ RunTime:0.000056s ]
INFO: [ app_init ] --END-- [ RunTime:0.000822s ]
INFO: [ app_begin ] --START--
INFO: Run Behavior\ReadHtmlCacheBehavior [ RunTime:0.000694s ]
INFO: [ app_begin ] --END-- [ RunTime:0.000928s ]
INFO: [ view_parse ] --START--
INFO: Run Behavior\ParseTemplateBehavior [ RunTime:0.000605s ]
INFO: [ view_parse ] --END-- [ RunTime:0.000841s ]
INFO: [ view_filter ] --START--
INFO: Run Behavior\WriteHtmlCacheBehavior [ RunTime:0.005516s ]
INFO: [ view_filter ] --END-- [ RunTime:0.005751s ]
INFO: [ app_end ] --START--
INFO: Run Behavior\ShowPageTraceBehavior [ RunTime:0.000625s ]
INFO: [ app_end ] --END-- [ RunTime:0.000839s ]

[ 2016-07-14T11:01:35+08:00 ] 222.88.196.225 /admin.php
INFO: [ app_init ] --START--
INFO: Run Behavior\BuildLiteBehavior [ RunTime:0.000077s ]
INFO: [ app_init ] --END-- [ RunTime:0.000689s ]
INFO: [ app_begin ] --START--
INFO: Run Behavior\ReadHtmlCacheBehavior [ RunTime:0.000609s ]
INFO: [ app_begin ] --END-- [ RunTime:0.000871s ]
INFO: [ view_parse ] --START--
INFO: Run Behavior\ParseTemplateBehavior [ RunTime:0.000516s ]
INFO: [ view_parse ] --END-- [ RunTime:0.000790s ]
INFO: [ view_filter ] --START--
INFO: Run Behavior\WriteHtmlCacheBehavior [ RunTime:0.000357s ]
INFO: [ view_filter ] --END-- [ RunTime:0.000607s ]
INFO: [ app_end ] --START--
INFO: Run Behavior\ShowPageTraceBehavior [ RunTime:0.000561s ]
INFO: [ app_end ] --END-- [ RunTime:0.000818s ]

[ 2016-07-14T17:16:39+08:00 ] 222.88.196.228 /admin.php/Home/Down/delNews
ERR: 非法操作:delNews

[ 2016-07-14T17:17:33+08:00 ] 222.88.196.228 /admin.php/Home/Down/uopfile
ERR: 非法操作:uopfile

[ 2016-07-14T19:11:47+08:00 ] 222.88.196.228 /admin.php
ERR: 模板不存在:./Admin/Home/View/Index/index.php

[ 2016-07-14T19:24:05+08:00 ] 222.88.196.228 /admin.php/Home/Login/index
ERR: 模板不存在:./Admin/Home/View/Login/index.php

[ 2016-07-14T19:25:02+08:00 ] 222.88.196.228 /admin.php/Home/Login/js/jquery.min.js
ERR: 非法操作:js

[ 2016-07-14T19:25:02+08:00 ] 222.88.196.228 /admin.php/Home/Login/css/login.css
ERR: 非法操作:css

[ 2016-07-14T19:25:05+08:00 ] 222.88.196.228 /admin.php/Home/Login/css/login.css
ERR: 非法操作:css

[ 2016-07-14T20:12:55+08:00 ] 222.88.196.228 /admin.php/Home/index/2
ERR: 非法操作:2

[ 2016-07-14T20:34:33+08:00 ] ::1 /admin.php/Home/News/index.html
ERR: 模板不存在:./Admin/Home/View/News/index.php

[ 2016-07-14T20:55:57+08:00 ] ::1 /admin.php/Home/News/delNews.html
INFO: [ app_begin ] --START--
INFO: Run Behavior\ReadHtmlCacheBehavior [ RunTime:0.001628s ]
INFO: [ app_begin ] --END-- [ RunTime:0.002457s ]
INFO: [ app_end ] --START--
INFO: Run Behavior\ShowPageTraceBehavior [ RunTime:0.001545s ]
INFO: [ app_end ] --END-- [ RunTime:0.001693s ]

[ 2016-07-14T20:55:59+08:00 ] ::1 /admin.php/Home/News/delNews.html
INFO: [ app_begin ] --START--
INFO: Run Behavior\ReadHtmlCacheBehavior [ RunTime:0.001190s ]
INFO: [ app_begin ] --END-- [ RunTime:0.001951s ]
INFO: [ app_end ] --START--
INFO: Run Behavior\ShowPageTraceBehavior [ RunTime:0.001107s ]
INFO: [ app_end ] --END-- [ RunTime:0.001243s ]

[ 2016-07-14T20:56:00+08:00 ] ::1 /admin.php/Home/News/delNews.html
INFO: [ app_begin ] --START--
INFO: Run Behavior\ReadHtmlCacheBehavior [ RunTime:0.001390s ]
INFO: [ app_begin ] --END-- [ RunTime:0.002094s ]
INFO: [ app_end ] --START--
INFO: Run Behavior\ShowPageTraceBehavior [ RunTime:0.001656s ]
INFO: [ app_end ] --END-- [ RunTime:0.001843s ]

[ 2016-07-14T20:56:01+08:00 ] ::1 /admin.php/Home/News/delNews.html
INFO: [ app_begin ] --START--
INFO: Run Behavior\ReadHtmlCacheBehavior [ RunTime:0.001343s ]
INFO: [ app_begin ] --END-- [ RunTime:0.002041s ]
INFO: [ app_end ] --START--
INFO: Run Behavior\ShowPageTraceBehavior [ RunTime:0.002354s ]
INFO: [ app_end ] --END-- [ RunTime:0.002518s ]

[ 2016-07-14T20:56:24+08:00 ] ::1 /admin.php/Home/News/delNews.html
INFO: [ app_begin ] --START--
INFO: Run Behavior\ReadHtmlCacheBehavior [ RunTime:0.001377s ]
INFO: [ app_begin ] --END-- [ RunTime:0.002119s ]
INFO: [ app_end ] --START--
INFO: Run Behavior\ShowPageTraceBehavior [ RunTime:0.001405s ]
INFO: [ app_end ] --END-- [ RunTime:0.001530s ]

[ 2016-07-14T20:56:25+08:00 ] ::1 /admin.php/Home/News/delNews.html
INFO: [ app_begin ] --START--
INFO: Run Behavior\ReadHtmlCacheBehavior [ RunTime:0.001677s ]
INFO: [ app_begin ] --END-- [ RunTime:0.002693s ]
INFO: [ app_end ] --START--
INFO: Run Behavior\ShowPageTraceBehavior [ RunTime:0.001410s ]
INFO: [ app_end ] --END-- [ RunTime:0.001542s ]

[ 2016-07-14T20:56:25+08:00 ] ::1 /admin.php/Home/News/delNews.html
INFO: [ app_begin ] --START--
INFO: Run Behavior\ReadHtmlCacheBehavior [ RunTime:0.001647s ]
INFO: [ app_begin ] --END-- [ RunTime:0.002336s ]
INFO: [ app_end ] --START--
INFO: Run Behavior\ShowPageTraceBehavior [ RunTime:0.001450s ]
INFO: [ app_end ] --END-- [ RunTime:0.001576s ]

[ 2016-07-14T20:56:25+08:00 ] ::1 /admin.php/Home/News/delNews.html
INFO: [ app_begin ] --START--
INFO: Run Behavior\ReadHtmlCacheBehavior [ RunTime:0.002305s ]
INFO: [ app_begin ] --END-- [ RunTime:0.003061s ]
INFO: [ app_end ] --START--
INFO: Run Behavior\ShowPageTraceBehavior [ RunTime:0.001358s ]
INFO: [ app_end ] --END-- [ RunTime:0.001474s ]

[ 2016-07-14T21:07:09+08:00 ] ::1 /admin.php/Home/News/delNews.html
INFO: [ app_begin ] --START--
INFO: Run Behavior\ReadHtmlCacheBehavior [ RunTime:0.001559s ]
INFO: [ app_begin ] --END-- [ RunTime:0.002370s ]
INFO: [ app_end ] --START--
INFO: Run Behavior\ShowPageTraceBehavior [ RunTime:0.001547s ]
INFO: [ app_end ] --END-- [ RunTime:0.001679s ]

[ 2016-07-14T21:07:48+08:00 ] ::1 /admin.php/Home/News/delNews.html
INFO: [ app_begin ] --START--
INFO: Run Behavior\ReadHtmlCacheBehavior [ RunTime:0.001101s ]
INFO: [ app_begin ] --END-- [ RunTime:0.001847s ]
INFO: [ app_end ] --START--
INFO: Run Behavior\ShowPageTraceBehavior [ RunTime:0.001440s ]
INFO: [ app_end ] --END-- [ RunTime:0.001588s ]

[ 2016-07-14T21:07:53+08:00 ] ::1 /admin.php/Home/News/delNews.html
INFO: [ app_begin ] --START--
INFO: Run Behavior\ReadHtmlCacheBehavior [ RunTime:0.001074s ]
INFO: [ app_begin ] --END-- [ RunTime:0.001807s ]
INFO: [ app_end ] --START--
INFO: Run Behavior\ShowPageTraceBehavior [ RunTime:0.001084s ]
INFO: [ app_end ] --END-- [ RunTime:0.001222s ]

[ 2016-07-14T21:09:41+08:00 ] ::1 /admin.php/Home/News/delNews.html
INFO: [ app_begin ] --START--
INFO: Run Behavior\ReadHtmlCacheBehavior [ RunTime:0.002406s ]
INFO: [ app_begin ] --END-- [ RunTime:0.003361s ]
SQL: SHOW COLUMNS FROM `map_news` [ RunTime:0.0009s ]
SQL: DELETE FROM `map_news` WHERE `id` = 9999 [ RunTime:0.0832s ]
INFO: [ app_end ] --START--
INFO: Run Behavior\ShowPageTraceBehavior [ RunTime:0.001656s ]
INFO: [ app_end ] --END-- [ RunTime:0.001789s ]

[ 2016-07-14T21:29:05+08:00 ] ::1 /admin.php/Home/News/delNews.html
INFO: [ app_begin ] --START--
INFO: Run Behavior\ReadHtmlCacheBehavior [ RunTime:0.001098s ]
INFO: [ app_begin ] --END-- [ RunTime:0.001893s ]
SQL: SHOW COLUMNS FROM `map_news` [ RunTime:0.0012s ]
SQL: DELETE FROM `map_news` WHERE `id` = 66 [ RunTime:0.0004s ]
INFO: [ app_end ] --START--
INFO: Run Behavior\ShowPageTraceBehavior [ RunTime:0.001426s ]
INFO: [ app_end ] --END-- [ RunTime:0.001553s ]

[ 2016-07-14T21:47:27+08:00 ] ::1 /admin.php/Home/News/addNews.html
ERR: 模板不存在:./Admin/Home/View/News/addNews.php

[ 2016-07-14T22:34:13+08:00 ] ::1 /admin.php/Home/User/addAdmin
ERR: 模板不存在:./Admin/Home/View/User/addAdmin.php

[ 2016-07-14T23:51:59+08:00 ] ::1 /admin.php/Home/Login/admin.php/Login/login
INFO: [ app_begin ] --START--
INFO: Run Behavior\ReadHtmlCacheBehavior [ RunTime:0.001610s ]
INFO: [ app_begin ] --END-- [ RunTime:0.002341s ]
ERR: 非法操作:admin.php

[ 2016-07-14T23:52:23+08:00 ] ::1 /admin.php/Home/Login/Login/login
INFO: [ app_begin ] --START--
INFO: Run Behavior\ReadHtmlCacheBehavior [ RunTime:0.001644s ]
INFO: [ app_begin ] --END-- [ RunTime:0.002600s ]
SQL: SHOW COLUMNS FROM `map_admin` [ RunTime:0.0009s ]
SQL: SELECT * FROM `map_admin` WHERE `name` = 'HPU' AND `password` = '8953995bddc5604ba8e46e567f837f7f7304ab65' LIMIT 1   [ RunTime:0.0004s ]

[ 2016-07-14T23:52:23+08:00 ] ::1 /admin.php/Home/Index/index.html
INFO: [ app_begin ] --START--
INFO: Run Behavior\ReadHtmlCacheBehavior [ RunTime:0.001379s ]
INFO: [ app_begin ] --END-- [ RunTime:0.002114s ]
INFO: [ view_parse ] --START--
INFO: [ template_filter ] --START--
INFO: Run Behavior\ContentReplaceBehavior [ RunTime:0.000086s ]
INFO: [ template_filter ] --END-- [ RunTime:0.000206s ]
INFO: Run Behavior\ParseTemplateBehavior [ RunTime:0.011675s ]
INFO: [ view_parse ] --END-- [ RunTime:0.011819s ]
INFO: [ view_filter ] --START--
INFO: Run Behavior\WriteHtmlCacheBehavior [ RunTime:0.001226s ]
INFO: [ view_filter ] --END-- [ RunTime:0.001338s ]
INFO: [ app_end ] --START--
INFO: Run Behavior\ShowPageTraceBehavior [ RunTime:0.001360s ]
INFO: [ app_end ] --END-- [ RunTime:0.001474s ]

[ 2016-07-14T23:53:07+08:00 ] ::1 /admin.php/Home/Login/Login/login
INFO: [ app_begin ] --START--
INFO: Run Behavior\ReadHtmlCacheBehavior [ RunTime:0.001476s ]
INFO: [ app_begin ] --END-- [ RunTime:0.002223s ]
SQL: SHOW COLUMNS FROM `map_admin` [ RunTime:0.0007s ]
SQL: SELECT * FROM `map_admin` WHERE `name` = 'HPU' AND `password` = '8953995bddc5604ba8e46e567f837f7f7304ab65' LIMIT 1   [ RunTime:0.0003s ]
INFO: [ app_end ] --START--
INFO: Run Behavior\ShowPageTraceBehavior [ RunTime:0.001584s ]
INFO: [ app_end ] --END-- [ RunTime:0.001704s ]

[ 2016-07-14T23:53:24+08:00 ] ::1 /admin.php/Home/Login/Login/login
INFO: [ app_begin ] --START--
INFO: Run Behavior\ReadHtmlCacheBehavior [ RunTime:0.002945s ]
INFO: [ app_begin ] --END-- [ RunTime:0.004070s ]
SQL: SHOW COLUMNS FROM `map_admin` [ RunTime:0.0009s ]
SQL: SELECT * FROM `map_admin` WHERE `name` = 'HPU' AND `password` = '8953995bddc5604ba8e46e567f837f7f7304ab65' LIMIT 1   [ RunTime:0.0004s ]
INFO: [ app_end ] --START--
INFO: Run Behavior\ShowPageTraceBehavior [ RunTime:0.001626s ]
INFO: [ app_end ] --END-- [ RunTime:0.001748s ]

[ 2016-07-14T23:54:04+08:00 ] ::1 /admin.php/Home/Login/Login/login
INFO: [ app_begin ] --START--
INFO: Run Behavior\ReadHtmlCacheBehavior [ RunTime:0.001456s ]
INFO: [ app_begin ] --END-- [ RunTime:0.002175s ]
SQL: SHOW COLUMNS FROM `map_admin` [ RunTime:0.0006s ]
SQL: SELECT * FROM `map_admin` WHERE `name` = '11' AND `password` = '17ba0791499db908433b80f37c5fbc89b870084b' LIMIT 1   [ RunTime:0.0003s ]
INFO: [ app_end ] --START--
INFO: Run Behavior\ShowPageTraceBehavior [ RunTime:0.001585s ]
INFO: [ app_end ] --END-- [ RunTime:0.001707s ]

[ 2016-07-14T23:56:31+08:00 ] ::1 /admin.php/Home/Login/Login/login
INFO: [ app_begin ] --START--
INFO: Run Behavior\ReadHtmlCacheBehavior [ RunTime:0.001744s ]
INFO: [ app_begin ] --END-- [ RunTime:0.002518s ]
SQL: SHOW COLUMNS FROM `map_admin` [ RunTime:0.0007s ]
SQL: SELECT * FROM `map_admin` WHERE `name` = '' AND `password` = 'da39a3ee5e6b4b0d3255bfef95601890afd80709' LIMIT 1   [ RunTime:0.0003s ]
INFO: [ app_end ] --START--
INFO: Run Behavior\ShowPageTraceBehavior [ RunTime:0.001744s ]
INFO: [ app_end ] --END-- [ RunTime:0.001866s ]

[ 2016-07-14T23:56:36+08:00 ] ::1 /admin.php/Home/Login/Login/login
INFO: [ app_begin ] --START--
INFO: Run Behavior\ReadHtmlCacheBehavior [ RunTime:0.001566s ]
INFO: [ app_begin ] --END-- [ RunTime:0.002369s ]
SQL: SHOW COLUMNS FROM `map_admin` [ RunTime:0.0006s ]
SQL: SELECT * FROM `map_admin` WHERE `name` = '' AND `password` = 'da39a3ee5e6b4b0d3255bfef95601890afd80709' LIMIT 1   [ RunTime:0.0003s ]
INFO: [ app_end ] --START--
INFO: Run Behavior\ShowPageTraceBehavior [ RunTime:0.001655s ]
INFO: [ app_end ] --END-- [ RunTime:0.001777s ]

[ 2016-07-14T23:56:39+08:00 ] ::1 /admin.php/Home/Login/Login/login
INFO: [ app_begin ] --START--
INFO: Run Behavior\ReadHtmlCacheBehavior [ RunTime:0.001412s ]
INFO: [ app_begin ] --END-- [ RunTime:0.002068s ]
SQL: SHOW COLUMNS FROM `map_admin` [ RunTime:0.0006s ]
SQL: SELECT * FROM `map_admin` WHERE `name` = '111' AND `password` = '356a192b7913b04c54574d18c28d46e6395428ab' LIMIT 1   [ RunTime:0.0003s ]
INFO: [ app_end ] --START--
INFO: Run Behavior\ShowPageTraceBehavior [ RunTime:0.001836s ]
INFO: [ app_end ] --END-- [ RunTime:0.001969s ]

[ 2016-07-14T23:56:40+08:00 ] ::1 /admin.php/Home/Login/Login/login
INFO: [ app_begin ] --START--
INFO: Run Behavior\ReadHtmlCacheBehavior [ RunTime:0.001428s ]
INFO: [ app_begin ] --END-- [ RunTime:0.002105s ]
SQL: SHOW COLUMNS FROM `map_admin` [ RunTime:0.0006s ]
SQL: SELECT * FROM `map_admin` WHERE `name` = '111' AND `password` = '356a192b7913b04c54574d18c28d46e6395428ab' LIMIT 1   [ RunTime:0.0003s ]
INFO: [ app_end ] --START--
INFO: Run Behavior\ShowPageTraceBehavior [ RunTime:0.001759s ]
INFO: [ app_end ] --END-- [ RunTime:0.001893s ]

[ 2016-07-14T23:56:40+08:00 ] ::1 /admin.php/Home/Login/Login/login
INFO: [ app_begin ] --START--
INFO: Run Behavior\ReadHtmlCacheBehavior [ RunTime:0.001792s ]
INFO: [ app_begin ] --END-- [ RunTime:0.002646s ]
SQL: SHOW COLUMNS FROM `map_admin` [ RunTime:0.0006s ]
SQL: SELECT * FROM `map_admin` WHERE `name` = '111' AND `password` = '356a192b7913b04c54574d18c28d46e6395428ab' LIMIT 1   [ RunTime:0.0003s ]
INFO: [ app_end ] --START--
INFO: Run Behavior\ShowPageTraceBehavior [ RunTime:0.001676s ]
INFO: [ app_end ] --END-- [ RunTime:0.001799s ]

[ 2016-07-14T23:56:40+08:00 ] ::1 /admin.php/Home/Login/Login/login
INFO: [ app_begin ] --START--
INFO: Run Behavior\ReadHtmlCacheBehavior [ RunTime:0.001482s ]
INFO: [ app_begin ] --END-- [ RunTime:0.002239s ]
SQL: SHOW COLUMNS FROM `map_admin` [ RunTime:0.0006s ]
SQL: SELECT * FROM `map_admin` WHERE `name` = '111' AND `password` = '356a192b7913b04c54574d18c28d46e6395428ab' LIMIT 1   [ RunTime:0.0004s ]
INFO: [ app_end ] --START--
INFO: Run Behavior\ShowPageTraceBehavior [ RunTime:0.001955s ]
INFO: [ app_end ] --END-- [ RunTime:0.002174s ]

[ 2016-07-14T23:56:40+08:00 ] ::1 /admin.php/Home/Login/Login/login
INFO: [ app_begin ] --START--
INFO: Run Behavior\ReadHtmlCacheBehavior [ RunTime:0.001502s ]
INFO: [ app_begin ] --END-- [ RunTime:0.002350s ]
SQL: SHOW COLUMNS FROM `map_admin` [ RunTime:0.0006s ]
SQL: SELECT * FROM `map_admin` WHERE `name` = '111' AND `password` = '356a192b7913b04c54574d18c28d46e6395428ab' LIMIT 1   [ RunTime:0.0003s ]
INFO: [ app_end ] --START--
INFO: Run Behavior\ShowPageTraceBehavior [ RunTime:0.001891s ]
INFO: [ app_end ] --END-- [ RunTime:0.002073s ]

[ 2016-07-14T23:56:59+08:00 ] ::1 /admin.php/Home/Login/Login/login
INFO: [ app_begin ] --START--
INFO: Run Behavior\ReadHtmlCacheBehavior [ RunTime:0.001466s ]
INFO: [ app_begin ] --END-- [ RunTime:0.002218s ]
SQL: SHOW COLUMNS FROM `map_admin` [ RunTime:0.0007s ]
SQL: SELECT * FROM `map_admin` WHERE `name` = '111' AND `password` = '356a192b7913b04c54574d18c28d46e6395428ab' LIMIT 1   [ RunTime:0.0003s ]
INFO: [ app_end ] --START--
INFO: Run Behavior\ShowPageTraceBehavior [ RunTime:0.001625s ]
INFO: [ app_end ] --END-- [ RunTime:0.001749s ]

[ 2016-07-14T23:58:48+08:00 ] ::1 /admin.php/Home/Login/Login/login
INFO: [ app_begin ] --START--
INFO: Run Behavior\ReadHtmlCacheBehavior [ RunTime:0.001542s ]
INFO: [ app_begin ] --END-- [ RunTime:0.002439s ]
SQL: SHOW COLUMNS FROM `map_admin` [ RunTime:0.0006s ]
SQL: SELECT * FROM `map_admin` WHERE `name` = 'HPU' AND `password` = '8953995bddc5604ba8e46e567f837f7f7304ab65' LIMIT 1   [ RunTime:0.0004s ]
INFO: [ app_end ] --START--
INFO: Run Behavior\ShowPageTraceBehavior [ RunTime:0.001656s ]
INFO: [ app_end ] --END-- [ RunTime:0.001790s ]

[ 2016-07-14T23:59:31+08:00 ] ::1 /admin.php/Home/Login/Index/Login/login
INFO: [ app_begin ] --START--
INFO: Run Behavior\ReadHtmlCacheBehavior [ RunTime:0.001532s ]
INFO: [ app_begin ] --END-- [ RunTime:0.004147s ]
INFO: [ view_parse ] --START--
INFO: [ template_filter ] --START--
INFO: Run Behavior\ContentReplaceBehavior [ RunTime:0.000084s ]
INFO: [ template_filter ] --END-- [ RunTime:0.000219s ]
INFO: Run Behavior\ParseTemplateBehavior [ RunTime:0.011432s ]
INFO: [ view_parse ] --END-- [ RunTime:0.011575s ]
INFO: [ view_filter ] --START--
INFO: Run Behavior\WriteHtmlCacheBehavior [ RunTime:0.001303s ]
INFO: [ view_filter ] --END-- [ RunTime:0.001440s ]
INFO: [ app_end ] --START--
INFO: Run Behavior\ShowPageTraceBehavior [ RunTime:0.001437s ]
INFO: [ app_end ] --END-- [ RunTime:0.001554s ]

