[ 2016-08-02T19:55:18+08:00 ] ::1 /admin.php/Login/checkInfo.html
INFO: [ app_begin ] --START--
INFO: Run Behavior\ReadHtmlCacheBehavior [ RunTime:0.000500s ]
INFO: [ app_begin ] --END-- [ RunTime:0.000959s ]
NOTIC: [8] Undefined index: verify D:\phpStudy\WWW\Project\Admin\Home\Controller\LoginController.class.php 第 50 行.
SQL: SHOW COLUMNS FROM `map_admin` [ RunTime:0.0591s ]
SQL: SELECT * FROM `map_admin` WHERE `name` = '王晓杰' AND `password` = '501e0bbac99eb3673e5df715eacd9d0efb5601f5' LIMIT 1   [ RunTime:0.0005s ]
INFO: [ app_end ] --START--
INFO: Run Behavior\ShowPageTraceBehavior [ RunTime:0.000664s ]
INFO: [ app_end ] --END-- [ RunTime:0.000714s ]

[ 2016-08-02T19:55:22+08:00 ] ::1 /admin.php/Login/login.html
INFO: [ app_begin ] --START--
INFO: Run Behavior\ReadHtmlCacheBehavior [ RunTime:0.000416s ]
INFO: [ app_begin ] --END-- [ RunTime:0.000762s ]
SQL: SHOW COLUMNS FROM `map_admin` [ RunTime:0.0054s ]
SQL: SELECT * FROM `map_admin` WHERE `name` = '王晓杰' AND `password` = '501e0bbac99eb3673e5df715eacd9d0efb5601f5' LIMIT 1   [ RunTime:0.0004s ]
SQL: SELECT * FROM `map_admin` WHERE `name` = '王晓杰' AND `password` = '501e0bbac99eb3673e5df715eacd9d0efb5601f5' LIMIT 1   [ RunTime:0.0003s ]
INFO: [ app_end ] --START--
INFO: Run Behavior\ShowPageTraceBehavior [ RunTime:0.000542s ]
INFO: [ app_end ] --END-- [ RunTime:0.000588s ]

[ 2016-08-02T20:14:50+08:00 ] ::1 /admin.php/Score/ajaxFixScore.html
INFO: [ app_begin ] --START--
INFO: Run Behavior\ReadHtmlCacheBehavior [ RunTime:0.000422s ]
INFO: [ app_begin ] --END-- [ RunTime:0.000816s ]
SQL: SHOW COLUMNS FROM `map_exam` [ RunTime:0.0066s ]
SQL: UPDATE `map_exam` SET `score`='130' WHERE `id` = 1098 [ RunTime:0.0009s ]
INFO: [ app_end ] --START--
INFO: Run Behavior\ShowPageTraceBehavior [ RunTime:0.000767s ]
INFO: [ app_end ] --END-- [ RunTime:0.000839s ]

[ 2016-08-02T20:14:56+08:00 ] ::1 /admin.php/Score/ajaxFixScore.html
INFO: [ app_begin ] --START--
INFO: Run Behavior\ReadHtmlCacheBehavior [ RunTime:0.000595s ]
INFO: [ app_begin ] --END-- [ RunTime:0.000979s ]
INFO: [ app_end ] --START--
INFO: Run Behavior\ShowPageTraceBehavior [ RunTime:0.000528s ]
INFO: [ app_end ] --END-- [ RunTime:0.000587s ]

[ 2016-08-02T20:15:43+08:00 ] ::1 /admin.php/Score/ajaxFixScore.html
INFO: [ app_begin ] --START--
INFO: Run Behavior\ReadHtmlCacheBehavior [ RunTime:0.000602s ]
INFO: [ app_begin ] --END-- [ RunTime:0.001021s ]
INFO: [ app_end ] --START--
INFO: Run Behavior\ShowPageTraceBehavior [ RunTime:0.000482s ]
INFO: [ app_end ] --END-- [ RunTime:0.000530s ]

[ 2016-08-02T20:15:47+08:00 ] ::1 /admin.php/Score/ajaxFixScore.html
INFO: [ app_begin ] --START--
INFO: Run Behavior\ReadHtmlCacheBehavior [ RunTime:0.000433s ]
INFO: [ app_begin ] --END-- [ RunTime:0.000803s ]
SQL: SHOW COLUMNS FROM `map_exam` [ RunTime:0.0044s ]
SQL: UPDATE `map_exam` SET `score`='0' WHERE `id` = 1098 [ RunTime:0.0003s ]
INFO: [ app_end ] --START--
INFO: Run Behavior\ShowPageTraceBehavior [ RunTime:0.000583s ]
INFO: [ app_end ] --END-- [ RunTime:0.000618s ]

[ 2016-08-02T20:15:55+08:00 ] ::1 /admin.php/Score/ajaxFixScore.html
INFO: [ app_begin ] --START--
INFO: Run Behavior\ReadHtmlCacheBehavior [ RunTime:0.000426s ]
INFO: [ app_begin ] --END-- [ RunTime:0.000779s ]
SQL: SHOW COLUMNS FROM `map_exam` [ RunTime:0.0037s ]
SQL: UPDATE `map_exam` SET `score`='150' WHERE `id` = 1098 [ RunTime:0.0003s ]
INFO: [ app_end ] --START--
INFO: Run Behavior\ShowPageTraceBehavior [ RunTime:0.000582s ]
INFO: [ app_end ] --END-- [ RunTime:0.000616s ]

[ 2016-08-02T20:49:36+08:00 ] ::1 /admin.php/Evaluate/showStuCer.html
INFO: [ app_init ] --START--
INFO: Run Behavior\BuildLiteBehavior [ RunTime:0.000020s ]
INFO: [ app_init ] --END-- [ RunTime:0.000580s ]
INFO: [ app_begin ] --START--
INFO: Run Behavior\ReadHtmlCacheBehavior [ RunTime:0.000423s ]
INFO: [ app_begin ] --END-- [ RunTime:0.000462s ]
SQL: SHOW COLUMNS FROM `map_certificate` [ RunTime:0.0074s ]
SQL: SELECT DISTINCT  `stuId` FROM `map_certificate` WHERE `verify` < '2' ORDER BY stuId asc  [ RunTime:0.0009s ]
SQL: SHOW COLUMNS FROM `map_stu` [ RunTime:0.0055s ]
SQL: SELECT * FROM `map_stu` WHERE `stuId` = '311509060319' LIMIT 1   [ RunTime:0.0006s ]
SQL: SELECT COUNT(*) AS tp_count FROM `map_certificate` WHERE `stuId` = '311509060319' AND `verify` = 1 LIMIT 1   [ RunTime:0.0003s ]
SQL: SELECT COUNT(*) AS tp_count FROM `map_certificate` WHERE `stuId` = '311509060319' AND (  `verify` < '2' ) LIMIT 1   [ RunTime:0.0003s ]
SQL: SELECT `score` FROM `map_certificate` WHERE `stuId` = '311509060319' AND `verify` = 1  [ RunTime:0.0003s ]
NOTIC: [8] Undefined index: scoreCount D:\phpStudy\WWW\Project\Admin\Home\Controller\EvaluateController.class.php 第 50 行.
SQL: SELECT * FROM `map_stu` WHERE `stuId` = '311509060322' LIMIT 1   [ RunTime:0.0005s ]
SQL: SELECT COUNT(*) AS tp_count FROM `map_certificate` WHERE `stuId` = '311509060322' AND `verify` = 1 LIMIT 1   [ RunTime:0.0002s ]
SQL: SELECT COUNT(*) AS tp_count FROM `map_certificate` WHERE `stuId` = '311509060322' AND (  `verify` < '2' ) LIMIT 1   [ RunTime:0.0002s ]
SQL: SELECT `score` FROM `map_certificate` WHERE `stuId` = '311509060322' AND `verify` = 1  [ RunTime:0.0002s ]
NOTIC: [8] Undefined index: scoreCount D:\phpStudy\WWW\Project\Admin\Home\Controller\EvaluateController.class.php 第 50 行.
SQL: SELECT * FROM `map_stu` WHERE `stuId` = '311509060402' LIMIT 1   [ RunTime:0.0004s ]
SQL: SELECT COUNT(*) AS tp_count FROM `map_certificate` WHERE `stuId` = '311509060402' AND `verify` = 1 LIMIT 1   [ RunTime:0.0002s ]
SQL: SELECT COUNT(*) AS tp_count FROM `map_certificate` WHERE `stuId` = '311509060402' AND (  `verify` < '2' ) LIMIT 1   [ RunTime:0.0002s ]
SQL: SELECT `score` FROM `map_certificate` WHERE `stuId` = '311509060402' AND `verify` = 1  [ RunTime:0.0002s ]
NOTIC: [8] Undefined index: scoreCount D:\phpStudy\WWW\Project\Admin\Home\Controller\EvaluateController.class.php 第 50 行.
SQL: SELECT * FROM `map_stu` WHERE `stuId` = '311509060403' LIMIT 1   [ RunTime:0.0004s ]
SQL: SELECT COUNT(*) AS tp_count FROM `map_certificate` WHERE `stuId` = '311509060403' AND `verify` = 1 LIMIT 1   [ RunTime:0.0002s ]
SQL: SELECT COUNT(*) AS tp_count FROM `map_certificate` WHERE `stuId` = '311509060403' AND (  `verify` < '2' ) LIMIT 1   [ RunTime:0.0003s ]
SQL: SELECT `score` FROM `map_certificate` WHERE `stuId` = '311509060403' AND `verify` = 1  [ RunTime:0.0004s ]
NOTIC: [8] Undefined index: scoreCount D:\phpStudy\WWW\Project\Admin\Home\Controller\EvaluateController.class.php 第 50 行.
SQL: SELECT * FROM `map_stu` WHERE `stuId` = '311509060404' LIMIT 1   [ RunTime:0.0009s ]
SQL: SELECT COUNT(*) AS tp_count FROM `map_certificate` WHERE `stuId` = '311509060404' AND `verify` = 1 LIMIT 1   [ RunTime:0.0003s ]
SQL: SELECT COUNT(*) AS tp_count FROM `map_certificate` WHERE `stuId` = '311509060404' AND (  `verify` < '2' ) LIMIT 1   [ RunTime:0.0002s ]
SQL: SELECT `score` FROM `map_certificate` WHERE `stuId` = '311509060404' AND `verify` = 1  [ RunTime:0.0002s ]
NOTIC: [8] Undefined index: scoreCount D:\phpStudy\WWW\Project\Admin\Home\Controller\EvaluateController.class.php 第 50 行.
SQL: SELECT * FROM `map_stu` WHERE `stuId` = '311509060405' LIMIT 1   [ RunTime:0.0004s ]
SQL: SELECT COUNT(*) AS tp_count FROM `map_certificate` WHERE `stuId` = '311509060405' AND `verify` = 1 LIMIT 1   [ RunTime:0.0002s ]
SQL: SELECT COUNT(*) AS tp_count FROM `map_certificate` WHERE `stuId` = '311509060405' AND (  `verify` < '2' ) LIMIT 1   [ RunTime:0.0002s ]
SQL: SELECT `score` FROM `map_certificate` WHERE `stuId` = '311509060405' AND `verify` = 1  [ RunTime:0.0002s ]
NOTIC: [8] Undefined index: scoreCount D:\phpStudy\WWW\Project\Admin\Home\Controller\EvaluateController.class.php 第 50 行.
SQL: SELECT * FROM `map_stu` WHERE `stuId` = '311509060406' LIMIT 1   [ RunTime:0.0005s ]
SQL: SELECT COUNT(*) AS tp_count FROM `map_certificate` WHERE `stuId` = '311509060406' AND `verify` = 1 LIMIT 1   [ RunTime:0.0002s ]
SQL: SELECT COUNT(*) AS tp_count FROM `map_certificate` WHERE `stuId` = '311509060406' AND (  `verify` < '2' ) LIMIT 1   [ RunTime:0.0002s ]
SQL: SELECT `score` FROM `map_certificate` WHERE `stuId` = '311509060406' AND `verify` = 1  [ RunTime:0.0002s ]
NOTIC: [8] Undefined index: scoreCount D:\phpStudy\WWW\Project\Admin\Home\Controller\EvaluateController.class.php 第 50 行.
SQL: SELECT * FROM `map_stu` WHERE `stuId` = '311509060407' LIMIT 1   [ RunTime:0.0004s ]
SQL: SELECT COUNT(*) AS tp_count FROM `map_certificate` WHERE `stuId` = '311509060407' AND `verify` = 1 LIMIT 1   [ RunTime:0.0002s ]
SQL: SELECT COUNT(*) AS tp_count FROM `map_certificate` WHERE `stuId` = '311509060407' AND (  `verify` < '2' ) LIMIT 1   [ RunTime:0.0002s ]
SQL: SELECT `score` FROM `map_certificate` WHERE `stuId` = '311509060407' AND `verify` = 1  [ RunTime:0.0002s ]
NOTIC: [8] Undefined index: scoreCount D:\phpStudy\WWW\Project\Admin\Home\Controller\EvaluateController.class.php 第 50 行.
SQL: SELECT * FROM `map_stu` WHERE `stuId` = '311509060408' LIMIT 1   [ RunTime:0.0004s ]
SQL: SELECT COUNT(*) AS tp_count FROM `map_certificate` WHERE `stuId` = '311509060408' AND `verify` = 1 LIMIT 1   [ RunTime:0.0002s ]
SQL: SELECT COUNT(*) AS tp_count FROM `map_certificate` WHERE `stuId` = '311509060408' AND (  `verify` < '2' ) LIMIT 1   [ RunTime:0.0002s ]
SQL: SELECT `score` FROM `map_certificate` WHERE `stuId` = '311509060408' AND `verify` = 1  [ RunTime:0.0002s ]
NOTIC: [8] Undefined index: scoreCount D:\phpStudy\WWW\Project\Admin\Home\Controller\EvaluateController.class.php 第 50 行.
SQL: SELECT * FROM `map_stu` WHERE `stuId` = '311509060409' LIMIT 1   [ RunTime:0.0004s ]
SQL: SELECT COUNT(*) AS tp_count FROM `map_certificate` WHERE `stuId` = '311509060409' AND `verify` = 1 LIMIT 1   [ RunTime:0.0002s ]
SQL: SELECT COUNT(*) AS tp_count FROM `map_certificate` WHERE `stuId` = '311509060409' AND (  `verify` < '2' ) LIMIT 1   [ RunTime:0.0002s ]
SQL: SELECT `score` FROM `map_certificate` WHERE `stuId` = '311509060409' AND `verify` = 1  [ RunTime:0.0002s ]
NOTIC: [8] Undefined index: scoreCount D:\phpStudy\WWW\Project\Admin\Home\Controller\EvaluateController.class.php 第 50 行.
SQL: SELECT * FROM `map_stu` WHERE `stuId` = '311509060410' LIMIT 1   [ RunTime:0.0004s ]
SQL: SELECT COUNT(*) AS tp_count FROM `map_certificate` WHERE `stuId` = '311509060410' AND `verify` = 1 LIMIT 1   [ RunTime:0.0002s ]
SQL: SELECT COUNT(*) AS tp_count FROM `map_certificate` WHERE `stuId` = '311509060410' AND (  `verify` < '2' ) LIMIT 1   [ RunTime:0.0002s ]
SQL: SELECT `score` FROM `map_certificate` WHERE `stuId` = '311509060410' AND `verify` = 1  [ RunTime:0.0002s ]
NOTIC: [8] Undefined index: scoreCount D:\phpStudy\WWW\Project\Admin\Home\Controller\EvaluateController.class.php 第 50 行.
SQL: SELECT * FROM `map_stu` WHERE `stuId` = '311509060411' LIMIT 1   [ RunTime:0.0004s ]
SQL: SELECT COUNT(*) AS tp_count FROM `map_certificate` WHERE `stuId` = '311509060411' AND `verify` = 1 LIMIT 1   [ RunTime:0.0002s ]
SQL: SELECT COUNT(*) AS tp_count FROM `map_certificate` WHERE `stuId` = '311509060411' AND (  `verify` < '2' ) LIMIT 1   [ RunTime:0.0002s ]
SQL: SELECT `score` FROM `map_certificate` WHERE `stuId` = '311509060411' AND `verify` = 1  [ RunTime:0.0003s ]
NOTIC: [8] Undefined index: scoreCount D:\phpStudy\WWW\Project\Admin\Home\Controller\EvaluateController.class.php 第 50 行.
SQL: SELECT * FROM `map_stu` WHERE `stuId` = '311509060412' LIMIT 1   [ RunTime:0.0005s ]
SQL: SELECT COUNT(*) AS tp_count FROM `map_certificate` WHERE `stuId` = '311509060412' AND `verify` = 1 LIMIT 1   [ RunTime:0.0002s ]
SQL: SELECT COUNT(*) AS tp_count FROM `map_certificate` WHERE `stuId` = '311509060412' AND (  `verify` < '2' ) LIMIT 1   [ RunTime:0.0003s ]
SQL: SELECT `score` FROM `map_certificate` WHERE `stuId` = '311509060412' AND `verify` = 1  [ RunTime:0.0002s ]
NOTIC: [8] Undefined index: scoreCount D:\phpStudy\WWW\Project\Admin\Home\Controller\EvaluateController.class.php 第 50 行.
SQL: SELECT * FROM `map_stu` WHERE `stuId` = '311509060413' LIMIT 1   [ RunTime:0.0005s ]
SQL: SELECT COUNT(*) AS tp_count FROM `map_certificate` WHERE `stuId` = '311509060413' AND `verify` = 1 LIMIT 1   [ RunTime:0.0003s ]
SQL: SELECT COUNT(*) AS tp_count FROM `map_certificate` WHERE `stuId` = '311509060413' AND (  `verify` < '2' ) LIMIT 1   [ RunTime:0.0003s ]
SQL: SELECT `score` FROM `map_certificate` WHERE `stuId` = '311509060413' AND `verify` = 1  [ RunTime:0.0003s ]
NOTIC: [8] Undefined index: scoreCount D:\phpStudy\WWW\Project\Admin\Home\Controller\EvaluateController.class.php 第 50 行.
SQL: SELECT * FROM `map_stu` WHERE `stuId` = '311509060415' LIMIT 1   [ RunTime:0.0004s ]
SQL: SELECT COUNT(*) AS tp_count FROM `map_certificate` WHERE `stuId` = '311509060415' AND `verify` = 1 LIMIT 1   [ RunTime:0.0002s ]
SQL: SELECT COUNT(*) AS tp_count FROM `map_certificate` WHERE `stuId` = '311509060415' AND (  `verify` < '2' ) LIMIT 1   [ RunTime:0.0002s ]
SQL: SELECT `score` FROM `map_certificate` WHERE `stuId` = '311509060415' AND `verify` = 1  [ RunTime:0.0002s ]
NOTIC: [8] Undefined index: scoreCount D:\phpStudy\WWW\Project\Admin\Home\Controller\EvaluateController.class.php 第 50 行.
SQL: SELECT * FROM `map_stu` WHERE `stuId` = '311509060416' LIMIT 1   [ RunTime:0.0004s ]
SQL: SELECT COUNT(*) AS tp_count FROM `map_certificate` WHERE `stuId` = '311509060416' AND `verify` = 1 LIMIT 1   [ RunTime:0.0002s ]
SQL: SELECT COUNT(*) AS tp_count FROM `map_certificate` WHERE `stuId` = '311509060416' AND (  `verify` < '2' ) LIMIT 1   [ RunTime:0.0002s ]
SQL: SELECT `score` FROM `map_certificate` WHERE `stuId` = '311509060416' AND `verify` = 1  [ RunTime:0.0002s ]
NOTIC: [8] Undefined index: scoreCount D:\phpStudy\WWW\Project\Admin\Home\Controller\EvaluateController.class.php 第 50 行.
SQL: SELECT * FROM `map_stu` WHERE `stuId` = '311509060417' LIMIT 1   [ RunTime:0.0004s ]
SQL: SELECT COUNT(*) AS tp_count FROM `map_certificate` WHERE `stuId` = '311509060417' AND `verify` = 1 LIMIT 1   [ RunTime:0.0002s ]
SQL: SELECT COUNT(*) AS tp_count FROM `map_certificate` WHERE `stuId` = '311509060417' AND (  `verify` < '2' ) LIMIT 1   [ RunTime:0.0002s ]
SQL: SELECT `score` FROM `map_certificate` WHERE `stuId` = '311509060417' AND `verify` = 1  [ RunTime:0.0002s ]
NOTIC: [8] Undefined index: scoreCount D:\phpStudy\WWW\Project\Admin\Home\Controller\EvaluateController.class.php 第 50 行.
SQL: SELECT * FROM `map_stu` WHERE `stuId` = '311509060419' LIMIT 1   [ RunTime:0.0004s ]
SQL: SELECT COUNT(*) AS tp_count FROM `map_certificate` WHERE `stuId` = '311509060419' AND `verify` = 1 LIMIT 1   [ RunTime:0.0002s ]
SQL: SELECT COUNT(*) AS tp_count FROM `map_certificate` WHERE `stuId` = '311509060419' AND (  `verify` < '2' ) LIMIT 1   [ RunTime:0.0002s ]
SQL: SELECT `score` FROM `map_certificate` WHERE `stuId` = '311509060419' AND `verify` = 1  [ RunTime:0.0002s ]
NOTIC: [8] Undefined index: scoreCount D:\phpStudy\WWW\Project\Admin\Home\Controller\EvaluateController.class.php 第 50 行.
SQL: SELECT * FROM `map_stu` WHERE `stuId` = '311509060420' LIMIT 1   [ RunTime:0.0006s ]
SQL: SELECT COUNT(*) AS tp_count FROM `map_certificate` WHERE `stuId` = '311509060420' AND `verify` = 1 LIMIT 1   [ RunTime:0.0003s ]
SQL: SELECT COUNT(*) AS tp_count FROM `map_certificate` WHERE `stuId` = '311509060420' AND (  `verify` < '2' ) LIMIT 1   [ RunTime:0.0002s ]
SQL: SELECT `score` FROM `map_certificate` WHERE `stuId` = '311509060420' AND `verify` = 1  [ RunTime:0.0002s ]
NOTIC: [8] Undefined index: scoreCount D:\phpStudy\WWW\Project\Admin\Home\Controller\EvaluateController.class.php 第 50 行.
SQL: SELECT * FROM `map_stu` WHERE `stuId` = '311509060427' LIMIT 1   [ RunTime:0.0005s ]
SQL: SELECT COUNT(*) AS tp_count FROM `map_certificate` WHERE `stuId` = '311509060427' AND `verify` = 1 LIMIT 1   [ RunTime:0.0004s ]
SQL: SELECT COUNT(*) AS tp_count FROM `map_certificate` WHERE `stuId` = '311509060427' AND (  `verify` < '2' ) LIMIT 1   [ RunTime:0.0003s ]
SQL: SELECT `score` FROM `map_certificate` WHERE `stuId` = '311509060427' AND `verify` = 1  [ RunTime:0.0002s ]
NOTIC: [8] Undefined index: scoreCount D:\phpStudy\WWW\Project\Admin\Home\Controller\EvaluateController.class.php 第 50 行.
SQL: SELECT * FROM `map_stu` WHERE `stuId` = '311509060428' LIMIT 1   [ RunTime:0.0005s ]
SQL: SELECT COUNT(*) AS tp_count FROM `map_certificate` WHERE `stuId` = '311509060428' AND `verify` = 1 LIMIT 1   [ RunTime:0.0003s ]
SQL: SELECT COUNT(*) AS tp_count FROM `map_certificate` WHERE `stuId` = '311509060428' AND (  `verify` < '2' ) LIMIT 1   [ RunTime:0.0003s ]
SQL: SELECT `score` FROM `map_certificate` WHERE `stuId` = '311509060428' AND `verify` = 1  [ RunTime:0.0003s ]
NOTIC: [8] Undefined index: scoreCount D:\phpStudy\WWW\Project\Admin\Home\Controller\EvaluateController.class.php 第 50 行.
SQL: SELECT * FROM `map_stu` WHERE `stuId` = '311509060429' LIMIT 1   [ RunTime:0.0004s ]
SQL: SELECT COUNT(*) AS tp_count FROM `map_certificate` WHERE `stuId` = '311509060429' AND `verify` = 1 LIMIT 1   [ RunTime:0.0002s ]
SQL: SELECT COUNT(*) AS tp_count FROM `map_certificate` WHERE `stuId` = '311509060429' AND (  `verify` < '2' ) LIMIT 1   [ RunTime:0.0002s ]
SQL: SELECT `score` FROM `map_certificate` WHERE `stuId` = '311509060429' AND `verify` = 1  [ RunTime:0.0003s ]
NOTIC: [8] Undefined index: scoreCount D:\phpStudy\WWW\Project\Admin\Home\Controller\EvaluateController.class.php 第 50 行.
SQL: SELECT * FROM `map_stu` WHERE `stuId` = '311509060430' LIMIT 1   [ RunTime:0.0005s ]
SQL: SELECT COUNT(*) AS tp_count FROM `map_certificate` WHERE `stuId` = '311509060430' AND `verify` = 1 LIMIT 1   [ RunTime:0.0003s ]
SQL: SELECT COUNT(*) AS tp_count FROM `map_certificate` WHERE `stuId` = '311509060430' AND (  `verify` < '2' ) LIMIT 1   [ RunTime:0.0004s ]
SQL: SELECT `score` FROM `map_certificate` WHERE `stuId` = '311509060430' AND `verify` = 1  [ RunTime:0.0005s ]
NOTIC: [8] Undefined index: scoreCount D:\phpStudy\WWW\Project\Admin\Home\Controller\EvaluateController.class.php 第 50 行.
INFO: [ view_parse ] --START--
INFO: [ template_filter ] --START--
INFO: Run Behavior\ContentReplaceBehavior [ RunTime:0.000055s ]
INFO: [ template_filter ] --END-- [ RunTime:0.000104s ]
INFO: Run Behavior\ParseTemplateBehavior [ RunTime:0.008374s ]
INFO: [ view_parse ] --END-- [ RunTime:0.008442s ]
INFO: [ view_filter ] --START--
INFO: Run Behavior\WriteHtmlCacheBehavior [ RunTime:0.000295s ]
INFO: [ view_filter ] --END-- [ RunTime:0.000325s ]
INFO: [ app_end ] --START--
INFO: Run Behavior\ShowPageTraceBehavior [ RunTime:0.000730s ]
INFO: [ app_end ] --END-- [ RunTime:0.000823s ]

[ 2016-08-02T20:49:37+08:00 ] ::1 /admin.php/Evaluate/showStuCer.html
INFO: [ app_init ] --START--
INFO: Run Behavior\BuildLiteBehavior [ RunTime:0.000016s ]
INFO: [ app_init ] --END-- [ RunTime:0.000623s ]
INFO: [ app_begin ] --START--
INFO: Run Behavior\ReadHtmlCacheBehavior [ RunTime:0.000452s ]
INFO: [ app_begin ] --END-- [ RunTime:0.000495s ]
SQL: SHOW COLUMNS FROM `map_certificate` [ RunTime:0.0038s ]
SQL: SELECT DISTINCT  `stuId` FROM `map_certificate` WHERE `verify` < '2' ORDER BY stuId asc  [ RunTime:0.0005s ]
SQL: SHOW COLUMNS FROM `map_stu` [ RunTime:0.0034s ]
SQL: SELECT * FROM `map_stu` WHERE `stuId` = '311509060319' LIMIT 1   [ RunTime:0.0005s ]
SQL: SELECT COUNT(*) AS tp_count FROM `map_certificate` WHERE `stuId` = '311509060319' AND `verify` = 1 LIMIT 1   [ RunTime:0.0002s ]
SQL: SELECT COUNT(*) AS tp_count FROM `map_certificate` WHERE `stuId` = '311509060319' AND (  `verify` < '2' ) LIMIT 1   [ RunTime:0.0002s ]
SQL: SELECT `score` FROM `map_certificate` WHERE `stuId` = '311509060319' AND `verify` = 1  [ RunTime:0.0003s ]
NOTIC: [8] Undefined index: scoreCount D:\phpStudy\WWW\Project\Admin\Home\Controller\EvaluateController.class.php 第 50 行.
SQL: SELECT * FROM `map_stu` WHERE `stuId` = '311509060322' LIMIT 1   [ RunTime:0.0005s ]
SQL: SELECT COUNT(*) AS tp_count FROM `map_certificate` WHERE `stuId` = '311509060322' AND `verify` = 1 LIMIT 1   [ RunTime:0.0004s ]
SQL: SELECT COUNT(*) AS tp_count FROM `map_certificate` WHERE `stuId` = '311509060322' AND (  `verify` < '2' ) LIMIT 1   [ RunTime:0.0003s ]
SQL: SELECT `score` FROM `map_certificate` WHERE `stuId` = '311509060322' AND `verify` = 1  [ RunTime:0.0003s ]
NOTIC: [8] Undefined index: scoreCount D:\phpStudy\WWW\Project\Admin\Home\Controller\EvaluateController.class.php 第 50 行.
SQL: SELECT * FROM `map_stu` WHERE `stuId` = '311509060402' LIMIT 1   [ RunTime:0.0005s ]
SQL: SELECT COUNT(*) AS tp_count FROM `map_certificate` WHERE `stuId` = '311509060402' AND `verify` = 1 LIMIT 1   [ RunTime:0.0003s ]
SQL: SELECT COUNT(*) AS tp_count FROM `map_certificate` WHERE `stuId` = '311509060402' AND (  `verify` < '2' ) LIMIT 1   [ RunTime:0.0003s ]
SQL: SELECT `score` FROM `map_certificate` WHERE `stuId` = '311509060402' AND `verify` = 1  [ RunTime:0.0003s ]
NOTIC: [8] Undefined index: scoreCount D:\phpStudy\WWW\Project\Admin\Home\Controller\EvaluateController.class.php 第 50 行.
SQL: SELECT * FROM `map_stu` WHERE `stuId` = '311509060403' LIMIT 1   [ RunTime:0.0004s ]
SQL: SELECT COUNT(*) AS tp_count FROM `map_certificate` WHERE `stuId` = '311509060403' AND `verify` = 1 LIMIT 1   [ RunTime:0.0003s ]
SQL: SELECT COUNT(*) AS tp_count FROM `map_certificate` WHERE `stuId` = '311509060403' AND (  `verify` < '2' ) LIMIT 1   [ RunTime:0.0003s ]
SQL: SELECT `score` FROM `map_certificate` WHERE `stuId` = '311509060403' AND `verify` = 1  [ RunTime:0.0003s ]
NOTIC: [8] Undefined index: scoreCount D:\phpStudy\WWW\Project\Admin\Home\Controller\EvaluateController.class.php 第 50 行.
SQL: SELECT * FROM `map_stu` WHERE `stuId` = '311509060404' LIMIT 1   [ RunTime:0.0005s ]
SQL: SELECT COUNT(*) AS tp_count FROM `map_certificate` WHERE `stuId` = '311509060404' AND `verify` = 1 LIMIT 1   [ RunTime:0.0003s ]
SQL: SELECT COUNT(*) AS tp_count FROM `map_certificate` WHERE `stuId` = '311509060404' AND (  `verify` < '2' ) LIMIT 1   [ RunTime:0.0003s ]
SQL: SELECT `score` FROM `map_certificate` WHERE `stuId` = '311509060404' AND `verify` = 1  [ RunTime:0.0003s ]
NOTIC: [8] Undefined index: scoreCount D:\phpStudy\WWW\Project\Admin\Home\Controller\EvaluateController.class.php 第 50 行.
SQL: SELECT * FROM `map_stu` WHERE `stuId` = '311509060405' LIMIT 1   [ RunTime:0.0005s ]
SQL: SELECT COUNT(*) AS tp_count FROM `map_certificate` WHERE `stuId` = '311509060405' AND `verify` = 1 LIMIT 1   [ RunTime:0.0003s ]
SQL: SELECT COUNT(*) AS tp_count FROM `map_certificate` WHERE `stuId` = '311509060405' AND (  `verify` < '2' ) LIMIT 1   [ RunTime:0.0003s ]
SQL: SELECT `score` FROM `map_certificate` WHERE `stuId` = '311509060405' AND `verify` = 1  [ RunTime:0.0002s ]
NOTIC: [8] Undefined index: scoreCount D:\phpStudy\WWW\Project\Admin\Home\Controller\EvaluateController.class.php 第 50 行.
SQL: SELECT * FROM `map_stu` WHERE `stuId` = '311509060406' LIMIT 1   [ RunTime:0.0004s ]
SQL: SELECT COUNT(*) AS tp_count FROM `map_certificate` WHERE `stuId` = '311509060406' AND `verify` = 1 LIMIT 1   [ RunTime:0.0002s ]
SQL: SELECT COUNT(*) AS tp_count FROM `map_certificate` WHERE `stuId` = '311509060406' AND (  `verify` < '2' ) LIMIT 1   [ RunTime:0.0002s ]
SQL: SELECT `score` FROM `map_certificate` WHERE `stuId` = '311509060406' AND `verify` = 1  [ RunTime:0.0002s ]
NOTIC: [8] Undefined index: scoreCount D:\phpStudy\WWW\Project\Admin\Home\Controller\EvaluateController.class.php 第 50 行.
SQL: SELECT * FROM `map_stu` WHERE `stuId` = '311509060407' LIMIT 1   [ RunTime:0.0004s ]
SQL: SELECT COUNT(*) AS tp_count FROM `map_certificate` WHERE `stuId` = '311509060407' AND `verify` = 1 LIMIT 1   [ RunTime:0.0002s ]
SQL: SELECT COUNT(*) AS tp_count FROM `map_certificate` WHERE `stuId` = '311509060407' AND (  `verify` < '2' ) LIMIT 1   [ RunTime:0.0004s ]
SQL: SELECT `score` FROM `map_certificate` WHERE `stuId` = '311509060407' AND `verify` = 1  [ RunTime:0.0002s ]
NOTIC: [8] Undefined index: scoreCount D:\phpStudy\WWW\Project\Admin\Home\Controller\EvaluateController.class.php 第 50 行.
SQL: SELECT * FROM `map_stu` WHERE `stuId` = '311509060408' LIMIT 1   [ RunTime:0.0005s ]
SQL: SELECT COUNT(*) AS tp_count FROM `map_certificate` WHERE `stuId` = '311509060408' AND `verify` = 1 LIMIT 1   [ RunTime:0.0002s ]
SQL: SELECT COUNT(*) AS tp_count FROM `map_certificate` WHERE `stuId` = '311509060408' AND (  `verify` < '2' ) LIMIT 1   [ RunTime:0.0002s ]
SQL: SELECT `score` FROM `map_certificate` WHERE `stuId` = '311509060408' AND `verify` = 1  [ RunTime:0.0002s ]
NOTIC: [8] Undefined index: scoreCount D:\phpStudy\WWW\Project\Admin\Home\Controller\EvaluateController.class.php 第 50 行.
SQL: SELECT * FROM `map_stu` WHERE `stuId` = '311509060409' LIMIT 1   [ RunTime:0.0004s ]
SQL: SELECT COUNT(*) AS tp_count FROM `map_certificate` WHERE `stuId` = '311509060409' AND `verify` = 1 LIMIT 1   [ RunTime:0.0002s ]
SQL: SELECT COUNT(*) AS tp_count FROM `map_certificate` WHERE `stuId` = '311509060409' AND (  `verify` < '2' ) LIMIT 1   [ RunTime:0.0002s ]
SQL: SELECT `score` FROM `map_certificate` WHERE `stuId` = '311509060409' AND `verify` = 1  [ RunTime:0.0003s ]
NOTIC: [8] Undefined index: scoreCount D:\phpStudy\WWW\Project\Admin\Home\Controller\EvaluateController.class.php 第 50 行.
SQL: SELECT * FROM `map_stu` WHERE `stuId` = '311509060410' LIMIT 1   [ RunTime:0.0004s ]
SQL: SELECT COUNT(*) AS tp_count FROM `map_certificate` WHERE `stuId` = '311509060410' AND `verify` = 1 LIMIT 1   [ RunTime:0.0003s ]
SQL: SELECT COUNT(*) AS tp_count FROM `map_certificate` WHERE `stuId` = '311509060410' AND (  `verify` < '2' ) LIMIT 1   [ RunTime:0.0002s ]
SQL: SELECT `score` FROM `map_certificate` WHERE `stuId` = '311509060410' AND `verify` = 1  [ RunTime:0.0003s ]
NOTIC: [8] Undefined index: scoreCount D:\phpStudy\WWW\Project\Admin\Home\Controller\EvaluateController.class.php 第 50 行.
SQL: SELECT * FROM `map_stu` WHERE `stuId` = '311509060411' LIMIT 1   [ RunTime:0.0004s ]
SQL: SELECT COUNT(*) AS tp_count FROM `map_certificate` WHERE `stuId` = '311509060411' AND `verify` = 1 LIMIT 1   [ RunTime:0.0002s ]
SQL: SELECT COUNT(*) AS tp_count FROM `map_certificate` WHERE `stuId` = '311509060411' AND (  `verify` < '2' ) LIMIT 1   [ RunTime:0.0002s ]
SQL: SELECT `score` FROM `map_certificate` WHERE `stuId` = '311509060411' AND `verify` = 1  [ RunTime:0.0002s ]
NOTIC: [8] Undefined index: scoreCount D:\phpStudy\WWW\Project\Admin\Home\Controller\EvaluateController.class.php 第 50 行.
SQL: SELECT * FROM `map_stu` WHERE `stuId` = '311509060412' LIMIT 1   [ RunTime:0.0004s ]
SQL: SELECT COUNT(*) AS tp_count FROM `map_certificate` WHERE `stuId` = '311509060412' AND `verify` = 1 LIMIT 1   [ RunTime:0.0002s ]
SQL: SELECT COUNT(*) AS tp_count FROM `map_certificate` WHERE `stuId` = '311509060412' AND (  `verify` < '2' ) LIMIT 1   [ RunTime:0.0002s ]
SQL: SELECT `score` FROM `map_certificate` WHERE `stuId` = '311509060412' AND `verify` = 1  [ RunTime:0.0003s ]
NOTIC: [8] Undefined index: scoreCount D:\phpStudy\WWW\Project\Admin\Home\Controller\EvaluateController.class.php 第 50 行.
SQL: SELECT * FROM `map_stu` WHERE `stuId` = '311509060413' LIMIT 1   [ RunTime:0.0005s ]
SQL: SELECT COUNT(*) AS tp_count FROM `map_certificate` WHERE `stuId` = '311509060413' AND `verify` = 1 LIMIT 1   [ RunTime:0.0003s ]
SQL: SELECT COUNT(*) AS tp_count FROM `map_certificate` WHERE `stuId` = '311509060413' AND (  `verify` < '2' ) LIMIT 1   [ RunTime:0.0002s ]
SQL: SELECT `score` FROM `map_certificate` WHERE `stuId` = '311509060413' AND `verify` = 1  [ RunTime:0.0002s ]
NOTIC: [8] Undefined index: scoreCount D:\phpStudy\WWW\Project\Admin\Home\Controller\EvaluateController.class.php 第 50 行.
SQL: SELECT * FROM `map_stu` WHERE `stuId` = '311509060415' LIMIT 1   [ RunTime:0.0004s ]
SQL: SELECT COUNT(*) AS tp_count FROM `map_certificate` WHERE `stuId` = '311509060415' AND `verify` = 1 LIMIT 1   [ RunTime:0.0002s ]
SQL: SELECT COUNT(*) AS tp_count FROM `map_certificate` WHERE `stuId` = '311509060415' AND (  `verify` < '2' ) LIMIT 1   [ RunTime:0.0002s ]
SQL: SELECT `score` FROM `map_certificate` WHERE `stuId` = '311509060415' AND `verify` = 1  [ RunTime:0.0002s ]
NOTIC: [8] Undefined index: scoreCount D:\phpStudy\WWW\Project\Admin\Home\Controller\EvaluateController.class.php 第 50 行.
SQL: SELECT * FROM `map_stu` WHERE `stuId` = '311509060416' LIMIT 1   [ RunTime:0.0004s ]
SQL: SELECT COUNT(*) AS tp_count FROM `map_certificate` WHERE `stuId` = '311509060416' AND `verify` = 1 LIMIT 1   [ RunTime:0.0002s ]
SQL: SELECT COUNT(*) AS tp_count FROM `map_certificate` WHERE `stuId` = '311509060416' AND (  `verify` < '2' ) LIMIT 1   [ RunTime:0.0002s ]
SQL: SELECT `score` FROM `map_certificate` WHERE `stuId` = '311509060416' AND `verify` = 1  [ RunTime:0.0002s ]
NOTIC: [8] Undefined index: scoreCount D:\phpStudy\WWW\Project\Admin\Home\Controller\EvaluateController.class.php 第 50 行.
SQL: SELECT * FROM `map_stu` WHERE `stuId` = '311509060417' LIMIT 1   [ RunTime:0.0004s ]
SQL: SELECT COUNT(*) AS tp_count FROM `map_certificate` WHERE `stuId` = '311509060417' AND `verify` = 1 LIMIT 1   [ RunTime:0.0002s ]
SQL: SELECT COUNT(*) AS tp_count FROM `map_certificate` WHERE `stuId` = '311509060417' AND (  `verify` < '2' ) LIMIT 1   [ RunTime:0.0002s ]
SQL: SELECT `score` FROM `map_certificate` WHERE `stuId` = '311509060417' AND `verify` = 1  [ RunTime:0.0002s ]
NOTIC: [8] Undefined index: scoreCount D:\phpStudy\WWW\Project\Admin\Home\Controller\EvaluateController.class.php 第 50 行.
SQL: SELECT * FROM `map_stu` WHERE `stuId` = '311509060419' LIMIT 1   [ RunTime:0.0004s ]
SQL: SELECT COUNT(*) AS tp_count FROM `map_certificate` WHERE `stuId` = '311509060419' AND `verify` = 1 LIMIT 1   [ RunTime:0.0002s ]
SQL: SELECT COUNT(*) AS tp_count FROM `map_certificate` WHERE `stuId` = '311509060419' AND (  `verify` < '2' ) LIMIT 1   [ RunTime:0.0002s ]
SQL: SELECT `score` FROM `map_certificate` WHERE `stuId` = '311509060419' AND `verify` = 1  [ RunTime:0.0002s ]
NOTIC: [8] Undefined index: scoreCount D:\phpStudy\WWW\Project\Admin\Home\Controller\EvaluateController.class.php 第 50 行.
SQL: SELECT * FROM `map_stu` WHERE `stuId` = '311509060420' LIMIT 1   [ RunTime:0.0005s ]
SQL: SELECT COUNT(*) AS tp_count FROM `map_certificate` WHERE `stuId` = '311509060420' AND `verify` = 1 LIMIT 1   [ RunTime:0.0003s ]
SQL: SELECT COUNT(*) AS tp_count FROM `map_certificate` WHERE `stuId` = '311509060420' AND (  `verify` < '2' ) LIMIT 1   [ RunTime:0.0002s ]
SQL: SELECT `score` FROM `map_certificate` WHERE `stuId` = '311509060420' AND `verify` = 1  [ RunTime:0.0002s ]
NOTIC: [8] Undefined index: scoreCount D:\phpStudy\WWW\Project\Admin\Home\Controller\EvaluateController.class.php 第 50 行.
SQL: SELECT * FROM `map_stu` WHERE `stuId` = '311509060427' LIMIT 1   [ RunTime:0.0004s ]
SQL: SELECT COUNT(*) AS tp_count FROM `map_certificate` WHERE `stuId` = '311509060427' AND `verify` = 1 LIMIT 1   [ RunTime:0.0002s ]
SQL: SELECT COUNT(*) AS tp_count FROM `map_certificate` WHERE `stuId` = '311509060427' AND (  `verify` < '2' ) LIMIT 1   [ RunTime:0.0002s ]
SQL: SELECT `score` FROM `map_certificate` WHERE `stuId` = '311509060427' AND `verify` = 1  [ RunTime:0.0002s ]
NOTIC: [8] Undefined index: scoreCount D:\phpStudy\WWW\Project\Admin\Home\Controller\EvaluateController.class.php 第 50 行.
SQL: SELECT * FROM `map_stu` WHERE `stuId` = '311509060428' LIMIT 1   [ RunTime:0.0004s ]
SQL: SELECT COUNT(*) AS tp_count FROM `map_certificate` WHERE `stuId` = '311509060428' AND `verify` = 1 LIMIT 1   [ RunTime:0.0002s ]
SQL: SELECT COUNT(*) AS tp_count FROM `map_certificate` WHERE `stuId` = '311509060428' AND (  `verify` < '2' ) LIMIT 1   [ RunTime:0.0002s ]
SQL: SELECT `score` FROM `map_certificate` WHERE `stuId` = '311509060428' AND `verify` = 1  [ RunTime:0.0003s ]
NOTIC: [8] Undefined index: scoreCount D:\phpStudy\WWW\Project\Admin\Home\Controller\EvaluateController.class.php 第 50 行.
SQL: SELECT * FROM `map_stu` WHERE `stuId` = '311509060429' LIMIT 1   [ RunTime:0.0005s ]
SQL: SELECT COUNT(*) AS tp_count FROM `map_certificate` WHERE `stuId` = '311509060429' AND `verify` = 1 LIMIT 1   [ RunTime:0.0003s ]
SQL: SELECT COUNT(*) AS tp_count FROM `map_certificate` WHERE `stuId` = '311509060429' AND (  `verify` < '2' ) LIMIT 1   [ RunTime:0.0002s ]
SQL: SELECT `score` FROM `map_certificate` WHERE `stuId` = '311509060429' AND `verify` = 1  [ RunTime:0.0002s ]
NOTIC: [8] Undefined index: scoreCount D:\phpStudy\WWW\Project\Admin\Home\Controller\EvaluateController.class.php 第 50 行.
SQL: SELECT * FROM `map_stu` WHERE `stuId` = '311509060430' LIMIT 1   [ RunTime:0.0004s ]
SQL: SELECT COUNT(*) AS tp_count FROM `map_certificate` WHERE `stuId` = '311509060430' AND `verify` = 1 LIMIT 1   [ RunTime:0.0002s ]
SQL: SELECT COUNT(*) AS tp_count FROM `map_certificate` WHERE `stuId` = '311509060430' AND (  `verify` < '2' ) LIMIT 1   [ RunTime:0.0002s ]
SQL: SELECT `score` FROM `map_certificate` WHERE `stuId` = '311509060430' AND `verify` = 1  [ RunTime:0.0002s ]
NOTIC: [8] Undefined index: scoreCount D:\phpStudy\WWW\Project\Admin\Home\Controller\EvaluateController.class.php 第 50 行.
INFO: [ view_parse ] --START--
INFO: [ template_filter ] --START--
INFO: Run Behavior\ContentReplaceBehavior [ RunTime:0.000050s ]
INFO: [ template_filter ] --END-- [ RunTime:0.000091s ]
INFO: Run Behavior\ParseTemplateBehavior [ RunTime:0.008087s ]
INFO: [ view_parse ] --END-- [ RunTime:0.008147s ]
INFO: [ view_filter ] --START--
INFO: Run Behavior\WriteHtmlCacheBehavior [ RunTime:0.000317s ]
INFO: [ view_filter ] --END-- [ RunTime:0.000350s ]
INFO: [ app_end ] --START--
INFO: Run Behavior\ShowPageTraceBehavior [ RunTime:0.000459s ]
INFO: [ app_end ] --END-- [ RunTime:0.000497s ]

[ 2016-08-02T20:49:38+08:00 ] ::1 /admin.php/Evaluate/showStuCer.html
INFO: [ app_init ] --START--
INFO: Run Behavior\BuildLiteBehavior [ RunTime:0.000016s ]
INFO: [ app_init ] --END-- [ RunTime:0.000380s ]
INFO: [ app_begin ] --START--
INFO: Run Behavior\ReadHtmlCacheBehavior [ RunTime:0.000440s ]
INFO: [ app_begin ] --END-- [ RunTime:0.000482s ]
SQL: SHOW COLUMNS FROM `map_certificate` [ RunTime:0.0067s ]
SQL: SELECT DISTINCT  `stuId` FROM `map_certificate` WHERE `verify` < '2' ORDER BY stuId asc  [ RunTime:0.0006s ]
SQL: SHOW COLUMNS FROM `map_stu` [ RunTime:0.0044s ]
SQL: SELECT * FROM `map_stu` WHERE `stuId` = '311509060319' LIMIT 1   [ RunTime:0.0009s ]
SQL: SELECT COUNT(*) AS tp_count FROM `map_certificate` WHERE `stuId` = '311509060319' AND `verify` = 1 LIMIT 1   [ RunTime:0.0004s ]
SQL: SELECT COUNT(*) AS tp_count FROM `map_certificate` WHERE `stuId` = '311509060319' AND (  `verify` < '2' ) LIMIT 1   [ RunTime:0.0003s ]
SQL: SELECT `score` FROM `map_certificate` WHERE `stuId` = '311509060319' AND `verify` = 1  [ RunTime:0.0003s ]
NOTIC: [8] Undefined index: scoreCount D:\phpStudy\WWW\Project\Admin\Home\Controller\EvaluateController.class.php 第 50 行.
SQL: SELECT * FROM `map_stu` WHERE `stuId` = '311509060322' LIMIT 1   [ RunTime:0.0005s ]
SQL: SELECT COUNT(*) AS tp_count FROM `map_certificate` WHERE `stuId` = '311509060322' AND `verify` = 1 LIMIT 1   [ RunTime:0.0003s ]
SQL: SELECT COUNT(*) AS tp_count FROM `map_certificate` WHERE `stuId` = '311509060322' AND (  `verify` < '2' ) LIMIT 1   [ RunTime:0.0003s ]
SQL: SELECT `score` FROM `map_certificate` WHERE `stuId` = '311509060322' AND `verify` = 1  [ RunTime:0.0003s ]
NOTIC: [8] Undefined index: scoreCount D:\phpStudy\WWW\Project\Admin\Home\Controller\EvaluateController.class.php 第 50 行.
SQL: SELECT * FROM `map_stu` WHERE `stuId` = '311509060402' LIMIT 1   [ RunTime:0.0004s ]
SQL: SELECT COUNT(*) AS tp_count FROM `map_certificate` WHERE `stuId` = '311509060402' AND `verify` = 1 LIMIT 1   [ RunTime:0.0002s ]
SQL: SELECT COUNT(*) AS tp_count FROM `map_certificate` WHERE `stuId` = '311509060402' AND (  `verify` < '2' ) LIMIT 1   [ RunTime:0.0002s ]
SQL: SELECT `score` FROM `map_certificate` WHERE `stuId` = '311509060402' AND `verify` = 1  [ RunTime:0.0002s ]
NOTIC: [8] Undefined index: scoreCount D:\phpStudy\WWW\Project\Admin\Home\Controller\EvaluateController.class.php 第 50 行.
SQL: SELECT * FROM `map_stu` WHERE `stuId` = '311509060403' LIMIT 1   [ RunTime:0.0004s ]
SQL: SELECT COUNT(*) AS tp_count FROM `map_certificate` WHERE `stuId` = '311509060403' AND `verify` = 1 LIMIT 1   [ RunTime:0.0002s ]
SQL: SELECT COUNT(*) AS tp_count FROM `map_certificate` WHERE `stuId` = '311509060403' AND (  `verify` < '2' ) LIMIT 1   [ RunTime:0.0002s ]
SQL: SELECT `score` FROM `map_certificate` WHERE `stuId` = '311509060403' AND `verify` = 1  [ RunTime:0.0002s ]
NOTIC: [8] Undefined index: scoreCount D:\phpStudy\WWW\Project\Admin\Home\Controller\EvaluateController.class.php 第 50 行.
SQL: SELECT * FROM `map_stu` WHERE `stuId` = '311509060404' LIMIT 1   [ RunTime:0.0004s ]
SQL: SELECT COUNT(*) AS tp_count FROM `map_certificate` WHERE `stuId` = '311509060404' AND `verify` = 1 LIMIT 1   [ RunTime:0.0002s ]
SQL: SELECT COUNT(*) AS tp_count FROM `map_certificate` WHERE `stuId` = '311509060404' AND (  `verify` < '2' ) LIMIT 1   [ RunTime:0.0002s ]
SQL: SELECT `score` FROM `map_certificate` WHERE `stuId` = '311509060404' AND `verify` = 1  [ RunTime:0.0002s ]
NOTIC: [8] Undefined index: scoreCount D:\phpStudy\WWW\Project\Admin\Home\Controller\EvaluateController.class.php 第 50 行.
SQL: SELECT * FROM `map_stu` WHERE `stuId` = '311509060405' LIMIT 1   [ RunTime:0.0004s ]
SQL: SELECT COUNT(*) AS tp_count FROM `map_certificate` WHERE `stuId` = '311509060405' AND `verify` = 1 LIMIT 1   [ RunTime:0.0002s ]
SQL: SELECT COUNT(*) AS tp_count FROM `map_certificate` WHERE `stuId` = '311509060405' AND (  `verify` < '2' ) LIMIT 1   [ RunTime:0.0002s ]
SQL: SELECT `score` FROM `map_certificate` WHERE `stuId` = '311509060405' AND `verify` = 1  [ RunTime:0.0002s ]
NOTIC: [8] Undefined index: scoreCount D:\phpStudy\WWW\Project\Admin\Home\Controller\EvaluateController.class.php 第 50 行.
SQL: SELECT * FROM `map_stu` WHERE `stuId` = '311509060406' LIMIT 1   [ RunTime:0.0004s ]
SQL: SELECT COUNT(*) AS tp_count FROM `map_certificate` WHERE `stuId` = '311509060406' AND `verify` = 1 LIMIT 1   [ RunTime:0.0002s ]
SQL: SELECT COUNT(*) AS tp_count FROM `map_certificate` WHERE `stuId` = '311509060406' AND (  `verify` < '2' ) LIMIT 1   [ RunTime:0.0003s ]
SQL: SELECT `score` FROM `map_certificate` WHERE `stuId` = '311509060406' AND `verify` = 1  [ RunTime:0.0003s ]
NOTIC: [8] Undefined index: scoreCount D:\phpStudy\WWW\Project\Admin\Home\Controller\EvaluateController.class.php 第 50 行.
SQL: SELECT * FROM `map_stu` WHERE `stuId` = '311509060407' LIMIT 1   [ RunTime:0.0006s ]
SQL: SELECT COUNT(*) AS tp_count FROM `map_certificate` WHERE `stuId` = '311509060407' AND `verify` = 1 LIMIT 1   [ RunTime:0.0004s ]
SQL: SELECT COUNT(*) AS tp_count FROM `map_certificate` WHERE `stuId` = '311509060407' AND (  `verify` < '2' ) LIMIT 1   [ RunTime:0.0003s ]
SQL: SELECT `score` FROM `map_certificate` WHERE `stuId` = '311509060407' AND `verify` = 1  [ RunTime:0.0003s ]
NOTIC: [8] Undefined index: scoreCount D:\phpStudy\WWW\Project\Admin\Home\Controller\EvaluateController.class.php 第 50 行.
SQL: SELECT * FROM `map_stu` WHERE `stuId` = '311509060408' LIMIT 1   [ RunTime:0.0005s ]
SQL: SELECT COUNT(*) AS tp_count FROM `map_certificate` WHERE `stuId` = '311509060408' AND `verify` = 1 LIMIT 1   [ RunTime:0.0003s ]
SQL: SELECT COUNT(*) AS tp_count FROM `map_certificate` WHERE `stuId` = '311509060408' AND (  `verify` < '2' ) LIMIT 1   [ RunTime:0.0003s ]
SQL: SELECT `score` FROM `map_certificate` WHERE `stuId` = '311509060408' AND `verify` = 1  [ RunTime:0.0004s ]
NOTIC: [8] Undefined index: scoreCount D:\phpStudy\WWW\Project\Admin\Home\Controller\EvaluateController.class.php 第 50 行.
SQL: SELECT * FROM `map_stu` WHERE `stuId` = '311509060409' LIMIT 1   [ RunTime:0.0005s ]
SQL: SELECT COUNT(*) AS tp_count FROM `map_certificate` WHERE `stuId` = '311509060409' AND `verify` = 1 LIMIT 1   [ RunTime:0.0003s ]
SQL: SELECT COUNT(*) AS tp_count FROM `map_certificate` WHERE `stuId` = '311509060409' AND (  `verify` < '2' ) LIMIT 1   [ RunTime:0.0002s ]
SQL: SELECT `score` FROM `map_certificate` WHERE `stuId` = '311509060409' AND `verify` = 1  [ RunTime:0.0002s ]
NOTIC: [8] Undefined index: scoreCount D:\phpStudy\WWW\Project\Admin\Home\Controller\EvaluateController.class.php 第 50 行.
SQL: SELECT * FROM `map_stu` WHERE `stuId` = '311509060410' LIMIT 1   [ RunTime:0.0004s ]
SQL: SELECT COUNT(*) AS tp_count FROM `map_certificate` WHERE `stuId` = '311509060410' AND `verify` = 1 LIMIT 1   [ RunTime:0.0002s ]
SQL: SELECT COUNT(*) AS tp_count FROM `map_certificate` WHERE `stuId` = '311509060410' AND (  `verify` < '2' ) LIMIT 1   [ RunTime:0.0002s ]
SQL: SELECT `score` FROM `map_certificate` WHERE `stuId` = '311509060410' AND `verify` = 1  [ RunTime:0.0003s ]
NOTIC: [8] Undefined index: scoreCount D:\phpStudy\WWW\Project\Admin\Home\Controller\EvaluateController.class.php 第 50 行.
SQL: SELECT * FROM `map_stu` WHERE `stuId` = '311509060411' LIMIT 1   [ RunTime:0.0004s ]
SQL: SELECT COUNT(*) AS tp_count FROM `map_certificate` WHERE `stuId` = '311509060411' AND `verify` = 1 LIMIT 1   [ RunTime:0.0003s ]
SQL: SELECT COUNT(*) AS tp_count FROM `map_certificate` WHERE `stuId` = '311509060411' AND (  `verify` < '2' ) LIMIT 1   [ RunTime:0.0003s ]
SQL: SELECT `score` FROM `map_certificate` WHERE `stuId` = '311509060411' AND `verify` = 1  [ RunTime:0.0002s ]
NOTIC: [8] Undefined index: scoreCount D:\phpStudy\WWW\Project\Admin\Home\Controller\EvaluateController.class.php 第 50 行.
SQL: SELECT * FROM `map_stu` WHERE `stuId` = '311509060412' LIMIT 1   [ RunTime:0.0004s ]
SQL: SELECT COUNT(*) AS tp_count FROM `map_certificate` WHERE `stuId` = '311509060412' AND `verify` = 1 LIMIT 1   [ RunTime:0.0002s ]
SQL: SELECT COUNT(*) AS tp_count FROM `map_certificate` WHERE `stuId` = '311509060412' AND (  `verify` < '2' ) LIMIT 1   [ RunTime:0.0002s ]
SQL: SELECT `score` FROM `map_certificate` WHERE `stuId` = '311509060412' AND `verify` = 1  [ RunTime:0.0002s ]
NOTIC: [8] Undefined index: scoreCount D:\phpStudy\WWW\Project\Admin\Home\Controller\EvaluateController.class.php 第 50 行.
SQL: SELECT * FROM `map_stu` WHERE `stuId` = '311509060413' LIMIT 1   [ RunTime:0.0004s ]
SQL: SELECT COUNT(*) AS tp_count FROM `map_certificate` WHERE `stuId` = '311509060413' AND `verify` = 1 LIMIT 1   [ RunTime:0.0002s ]
SQL: SELECT COUNT(*) AS tp_count FROM `map_certificate` WHERE `stuId` = '311509060413' AND (  `verify` < '2' ) LIMIT 1   [ RunTime:0.0002s ]
SQL: SELECT `score` FROM `map_certificate` WHERE `stuId` = '311509060413' AND `verify` = 1  [ RunTime:0.0002s ]
NOTIC: [8] Undefined index: scoreCount D:\phpStudy\WWW\Project\Admin\Home\Controller\EvaluateController.class.php 第 50 行.
SQL: SELECT * FROM `map_stu` WHERE `stuId` = '311509060415' LIMIT 1   [ RunTime:0.0004s ]
SQL: SELECT COUNT(*) AS tp_count FROM `map_certificate` WHERE `stuId` = '311509060415' AND `verify` = 1 LIMIT 1   [ RunTime:0.0002s ]
SQL: SELECT COUNT(*) AS tp_count FROM `map_certificate` WHERE `stuId` = '311509060415' AND (  `verify` < '2' ) LIMIT 1   [ RunTime:0.0002s ]
SQL: SELECT `score` FROM `map_certificate` WHERE `stuId` = '311509060415' AND `verify` = 1  [ RunTime:0.0002s ]
NOTIC: [8] Undefined index: scoreCount D:\phpStudy\WWW\Project\Admin\Home\Controller\EvaluateController.class.php 第 50 行.
SQL: SELECT * FROM `map_stu` WHERE `stuId` = '311509060416' LIMIT 1   [ RunTime:0.0004s ]
SQL: SELECT COUNT(*) AS tp_count FROM `map_certificate` WHERE `stuId` = '311509060416' AND `verify` = 1 LIMIT 1   [ RunTime:0.0002s ]
SQL: SELECT COUNT(*) AS tp_count FROM `map_certificate` WHERE `stuId` = '311509060416' AND (  `verify` < '2' ) LIMIT 1   [ RunTime:0.0002s ]
SQL: SELECT `score` FROM `map_certificate` WHERE `stuId` = '311509060416' AND `verify` = 1  [ RunTime:0.0002s ]
NOTIC: [8] Undefined index: scoreCount D:\phpStudy\WWW\Project\Admin\Home\Controller\EvaluateController.class.php 第 50 行.
SQL: SELECT * FROM `map_stu` WHERE `stuId` = '311509060417' LIMIT 1   [ RunTime:0.0004s ]
SQL: SELECT COUNT(*) AS tp_count FROM `map_certificate` WHERE `stuId` = '311509060417' AND `verify` = 1 LIMIT 1   [ RunTime:0.0002s ]
SQL: SELECT COUNT(*) AS tp_count FROM `map_certificate` WHERE `stuId` = '311509060417' AND (  `verify` < '2' ) LIMIT 1   [ RunTime:0.0002s ]
SQL: SELECT `score` FROM `map_certificate` WHERE `stuId` = '311509060417' AND `verify` = 1  [ RunTime:0.0003s ]
NOTIC: [8] Undefined index: scoreCount D:\phpStudy\WWW\Project\Admin\Home\Controller\EvaluateController.class.php 第 50 行.
SQL: SELECT * FROM `map_stu` WHERE `stuId` = '311509060419' LIMIT 1   [ RunTime:0.0006s ]
SQL: SELECT COUNT(*) AS tp_count FROM `map_certificate` WHERE `stuId` = '311509060419' AND `verify` = 1 LIMIT 1   [ RunTime:0.0003s ]
SQL: SELECT COUNT(*) AS tp_count FROM `map_certificate` WHERE `stuId` = '311509060419' AND (  `verify` < '2' ) LIMIT 1   [ RunTime:0.0002s ]
SQL: SELECT `score` FROM `map_certificate` WHERE `stuId` = '311509060419' AND `verify` = 1  [ RunTime:0.0002s ]
NOTIC: [8] Undefined index: scoreCount D:\phpStudy\WWW\Project\Admin\Home\Controller\EvaluateController.class.php 第 50 行.
SQL: SELECT * FROM `map_stu` WHERE `stuId` = '311509060420' LIMIT 1   [ RunTime:0.0005s ]
SQL: SELECT COUNT(*) AS tp_count FROM `map_certificate` WHERE `stuId` = '311509060420' AND `verify` = 1 LIMIT 1   [ RunTime:0.0003s ]
SQL: SELECT COUNT(*) AS tp_count FROM `map_certificate` WHERE `stuId` = '311509060420' AND (  `verify` < '2' ) LIMIT 1   [ RunTime:0.0005s ]
SQL: SELECT `score` FROM `map_certificate` WHERE `stuId` = '311509060420' AND `verify` = 1  [ RunTime:0.0002s ]
NOTIC: [8] Undefined index: scoreCount D:\phpStudy\WWW\Project\Admin\Home\Controller\EvaluateController.class.php 第 50 行.
SQL: SELECT * FROM `map_stu` WHERE `stuId` = '311509060427' LIMIT 1   [ RunTime:0.0004s ]
SQL: SELECT COUNT(*) AS tp_count FROM `map_certificate` WHERE `stuId` = '311509060427' AND `verify` = 1 LIMIT 1   [ RunTime:0.0002s ]
SQL: SELECT COUNT(*) AS tp_count FROM `map_certificate` WHERE `stuId` = '311509060427' AND (  `verify` < '2' ) LIMIT 1   [ RunTime:0.0002s ]
SQL: SELECT `score` FROM `map_certificate` WHERE `stuId` = '311509060427' AND `verify` = 1  [ RunTime:0.0002s ]
NOTIC: [8] Undefined index: scoreCount D:\phpStudy\WWW\Project\Admin\Home\Controller\EvaluateController.class.php 第 50 行.
SQL: SELECT * FROM `map_stu` WHERE `stuId` = '311509060428' LIMIT 1   [ RunTime:0.0004s ]
SQL: SELECT COUNT(*) AS tp_count FROM `map_certificate` WHERE `stuId` = '311509060428' AND `verify` = 1 LIMIT 1   [ RunTime:0.0002s ]
SQL: SELECT COUNT(*) AS tp_count FROM `map_certificate` WHERE `stuId` = '311509060428' AND (  `verify` < '2' ) LIMIT 1   [ RunTime:0.0002s ]
SQL: SELECT `score` FROM `map_certificate` WHERE `stuId` = '311509060428' AND `verify` = 1  [ RunTime:0.0002s ]
NOTIC: [8] Undefined index: scoreCount D:\phpStudy\WWW\Project\Admin\Home\Controller\EvaluateController.class.php 第 50 行.
SQL: SELECT * FROM `map_stu` WHERE `stuId` = '311509060429' LIMIT 1   [ RunTime:0.0004s ]
SQL: SELECT COUNT(*) AS tp_count FROM `map_certificate` WHERE `stuId` = '311509060429' AND `verify` = 1 LIMIT 1   [ RunTime:0.0002s ]
SQL: SELECT COUNT(*) AS tp_count FROM `map_certificate` WHERE `stuId` = '311509060429' AND (  `verify` < '2' ) LIMIT 1   [ RunTime:0.0002s ]
SQL: SELECT `score` FROM `map_certificate` WHERE `stuId` = '311509060429' AND `verify` = 1  [ RunTime:0.0002s ]
NOTIC: [8] Undefined index: scoreCount D:\phpStudy\WWW\Project\Admin\Home\Controller\EvaluateController.class.php 第 50 行.
SQL: SELECT * FROM `map_stu` WHERE `stuId` = '311509060430' LIMIT 1   [ RunTime:0.0004s ]
SQL: SELECT COUNT(*) AS tp_count FROM `map_certificate` WHERE `stuId` = '311509060430' AND `verify` = 1 LIMIT 1   [ RunTime:0.0002s ]
SQL: SELECT COUNT(*) AS tp_count FROM `map_certificate` WHERE `stuId` = '311509060430' AND (  `verify` < '2' ) LIMIT 1   [ RunTime:0.0002s ]
SQL: SELECT `score` FROM `map_certificate` WHERE `stuId` = '311509060430' AND `verify` = 1  [ RunTime:0.0002s ]
NOTIC: [8] Undefined index: scoreCount D:\phpStudy\WWW\Project\Admin\Home\Controller\EvaluateController.class.php 第 50 行.
INFO: [ view_parse ] --START--
INFO: [ template_filter ] --START--
INFO: Run Behavior\ContentReplaceBehavior [ RunTime:0.000051s ]
INFO: [ template_filter ] --END-- [ RunTime:0.000098s ]
INFO: Run Behavior\ParseTemplateBehavior [ RunTime:0.008556s ]
INFO: [ view_parse ] --END-- [ RunTime:0.008615s ]
INFO: [ view_filter ] --START--
INFO: Run Behavior\WriteHtmlCacheBehavior [ RunTime:0.000345s ]
INFO: [ view_filter ] --END-- [ RunTime:0.000375s ]
INFO: [ app_end ] --START--
INFO: Run Behavior\ShowPageTraceBehavior [ RunTime:0.000717s ]
INFO: [ app_end ] --END-- [ RunTime:0.000798s ]

[ 2016-08-02T20:49:39+08:00 ] ::1 /admin.php/Evaluate/showStuCer.html
INFO: [ app_init ] --START--
INFO: Run Behavior\BuildLiteBehavior [ RunTime:0.000013s ]
INFO: [ app_init ] --END-- [ RunTime:0.000425s ]
INFO: [ app_begin ] --START--
INFO: Run Behavior\ReadHtmlCacheBehavior [ RunTime:0.000647s ]
INFO: [ app_begin ] --END-- [ RunTime:0.000702s ]
SQL: SHOW COLUMNS FROM `map_certificate` [ RunTime:0.0058s ]
SQL: SELECT DISTINCT  `stuId` FROM `map_certificate` WHERE `verify` < '2' ORDER BY stuId asc  [ RunTime:0.0006s ]
SQL: SHOW COLUMNS FROM `map_stu` [ RunTime:0.0039s ]
SQL: SELECT * FROM `map_stu` WHERE `stuId` = '311509060319' LIMIT 1   [ RunTime:0.0008s ]
SQL: SELECT COUNT(*) AS tp_count FROM `map_certificate` WHERE `stuId` = '311509060319' AND `verify` = 1 LIMIT 1   [ RunTime:0.0005s ]
SQL: SELECT COUNT(*) AS tp_count FROM `map_certificate` WHERE `stuId` = '311509060319' AND (  `verify` < '2' ) LIMIT 1   [ RunTime:0.0003s ]
SQL: SELECT `score` FROM `map_certificate` WHERE `stuId` = '311509060319' AND `verify` = 1  [ RunTime:0.0003s ]
NOTIC: [8] Undefined index: scoreCount D:\phpStudy\WWW\Project\Admin\Home\Controller\EvaluateController.class.php 第 50 行.
SQL: SELECT * FROM `map_stu` WHERE `stuId` = '311509060322' LIMIT 1   [ RunTime:0.0005s ]
SQL: SELECT COUNT(*) AS tp_count FROM `map_certificate` WHERE `stuId` = '311509060322' AND `verify` = 1 LIMIT 1   [ RunTime:0.0002s ]
SQL: SELECT COUNT(*) AS tp_count FROM `map_certificate` WHERE `stuId` = '311509060322' AND (  `verify` < '2' ) LIMIT 1   [ RunTime:0.0002s ]
SQL: SELECT `score` FROM `map_certificate` WHERE `stuId` = '311509060322' AND `verify` = 1  [ RunTime:0.0002s ]
NOTIC: [8] Undefined index: scoreCount D:\phpStudy\WWW\Project\Admin\Home\Controller\EvaluateController.class.php 第 50 行.
SQL: SELECT * FROM `map_stu` WHERE `stuId` = '311509060402' LIMIT 1   [ RunTime:0.0004s ]
SQL: SELECT COUNT(*) AS tp_count FROM `map_certificate` WHERE `stuId` = '311509060402' AND `verify` = 1 LIMIT 1   [ RunTime:0.0002s ]
SQL: SELECT COUNT(*) AS tp_count FROM `map_certificate` WHERE `stuId` = '311509060402' AND (  `verify` < '2' ) LIMIT 1   [ RunTime:0.0002s ]
SQL: SELECT `score` FROM `map_certificate` WHERE `stuId` = '311509060402' AND `verify` = 1  [ RunTime:0.0002s ]
NOTIC: [8] Undefined index: scoreCount D:\phpStudy\WWW\Project\Admin\Home\Controller\EvaluateController.class.php 第 50 行.
SQL: SELECT * FROM `map_stu` WHERE `stuId` = '311509060403' LIMIT 1   [ RunTime:0.0004s ]
SQL: SELECT COUNT(*) AS tp_count FROM `map_certificate` WHERE `stuId` = '311509060403' AND `verify` = 1 LIMIT 1   [ RunTime:0.0002s ]
SQL: SELECT COUNT(*) AS tp_count FROM `map_certificate` WHERE `stuId` = '311509060403' AND (  `verify` < '2' ) LIMIT 1   [ RunTime:0.0002s ]
SQL: SELECT `score` FROM `map_certificate` WHERE `stuId` = '311509060403' AND `verify` = 1  [ RunTime:0.0002s ]
NOTIC: [8] Undefined index: scoreCount D:\phpStudy\WWW\Project\Admin\Home\Controller\EvaluateController.class.php 第 50 行.
SQL: SELECT * FROM `map_stu` WHERE `stuId` = '311509060404' LIMIT 1   [ RunTime:0.0004s ]
SQL: SELECT COUNT(*) AS tp_count FROM `map_certificate` WHERE `stuId` = '311509060404' AND `verify` = 1 LIMIT 1   [ RunTime:0.0002s ]
SQL: SELECT COUNT(*) AS tp_count FROM `map_certificate` WHERE `stuId` = '311509060404' AND (  `verify` < '2' ) LIMIT 1   [ RunTime:0.0002s ]
SQL: SELECT `score` FROM `map_certificate` WHERE `stuId` = '311509060404' AND `verify` = 1  [ RunTime:0.0002s ]
NOTIC: [8] Undefined index: scoreCount D:\phpStudy\WWW\Project\Admin\Home\Controller\EvaluateController.class.php 第 50 行.
SQL: SELECT * FROM `map_stu` WHERE `stuId` = '311509060405' LIMIT 1   [ RunTime:0.0004s ]
SQL: SELECT COUNT(*) AS tp_count FROM `map_certificate` WHERE `stuId` = '311509060405' AND `verify` = 1 LIMIT 1   [ RunTime:0.0002s ]
SQL: SELECT COUNT(*) AS tp_count FROM `map_certificate` WHERE `stuId` = '311509060405' AND (  `verify` < '2' ) LIMIT 1   [ RunTime:0.0002s ]
SQL: SELECT `score` FROM `map_certificate` WHERE `stuId` = '311509060405' AND `verify` = 1  [ RunTime:0.0002s ]
NOTIC: [8] Undefined index: scoreCount D:\phpStudy\WWW\Project\Admin\Home\Controller\EvaluateController.class.php 第 50 行.
SQL: SELECT * FROM `map_stu` WHERE `stuId` = '311509060406' LIMIT 1   [ RunTime:0.0004s ]
SQL: SELECT COUNT(*) AS tp_count FROM `map_certificate` WHERE `stuId` = '311509060406' AND `verify` = 1 LIMIT 1   [ RunTime:0.0002s ]
SQL: SELECT COUNT(*) AS tp_count FROM `map_certificate` WHERE `stuId` = '311509060406' AND (  `verify` < '2' ) LIMIT 1   [ RunTime:0.0002s ]
SQL: SELECT `score` FROM `map_certificate` WHERE `stuId` = '311509060406' AND `verify` = 1  [ RunTime:0.0002s ]
NOTIC: [8] Undefined index: scoreCount D:\phpStudy\WWW\Project\Admin\Home\Controller\EvaluateController.class.php 第 50 行.
SQL: SELECT * FROM `map_stu` WHERE `stuId` = '311509060407' LIMIT 1   [ RunTime:0.0004s ]
SQL: SELECT COUNT(*) AS tp_count FROM `map_certificate` WHERE `stuId` = '311509060407' AND `verify` = 1 LIMIT 1   [ RunTime:0.0002s ]
SQL: SELECT COUNT(*) AS tp_count FROM `map_certificate` WHERE `stuId` = '311509060407' AND (  `verify` < '2' ) LIMIT 1   [ RunTime:0.0002s ]
SQL: SELECT `score` FROM `map_certificate` WHERE `stuId` = '311509060407' AND `verify` = 1  [ RunTime:0.0002s ]
NOTIC: [8] Undefined index: scoreCount D:\phpStudy\WWW\Project\Admin\Home\Controller\EvaluateController.class.php 第 50 行.
SQL: SELECT * FROM `map_stu` WHERE `stuId` = '311509060408' LIMIT 1   [ RunTime:0.0004s ]
SQL: SELECT COUNT(*) AS tp_count FROM `map_certificate` WHERE `stuId` = '311509060408' AND `verify` = 1 LIMIT 1   [ RunTime:0.0002s ]
SQL: SELECT COUNT(*) AS tp_count FROM `map_certificate` WHERE `stuId` = '311509060408' AND (  `verify` < '2' ) LIMIT 1   [ RunTime:0.0002s ]
SQL: SELECT `score` FROM `map_certificate` WHERE `stuId` = '311509060408' AND `verify` = 1  [ RunTime:0.0003s ]
NOTIC: [8] Undefined index: scoreCount D:\phpStudy\WWW\Project\Admin\Home\Controller\EvaluateController.class.php 第 50 行.
SQL: SELECT * FROM `map_stu` WHERE `stuId` = '311509060409' LIMIT 1   [ RunTime:0.0005s ]
SQL: SELECT COUNT(*) AS tp_count FROM `map_certificate` WHERE `stuId` = '311509060409' AND `verify` = 1 LIMIT 1   [ RunTime:0.0003s ]
SQL: SELECT COUNT(*) AS tp_count FROM `map_certificate` WHERE `stuId` = '311509060409' AND (  `verify` < '2' ) LIMIT 1   [ RunTime:0.0002s ]
SQL: SELECT `score` FROM `map_certificate` WHERE `stuId` = '311509060409' AND `verify` = 1  [ RunTime:0.0002s ]
NOTIC: [8] Undefined index: scoreCount D:\phpStudy\WWW\Project\Admin\Home\Controller\EvaluateController.class.php 第 50 行.
SQL: SELECT * FROM `map_stu` WHERE `stuId` = '311509060410' LIMIT 1   [ RunTime:0.0005s ]
SQL: SELECT COUNT(*) AS tp_count FROM `map_certificate` WHERE `stuId` = '311509060410' AND `verify` = 1 LIMIT 1   [ RunTime:0.0003s ]
SQL: SELECT COUNT(*) AS tp_count FROM `map_certificate` WHERE `stuId` = '311509060410' AND (  `verify` < '2' ) LIMIT 1   [ RunTime:0.0003s ]
SQL: SELECT `score` FROM `map_certificate` WHERE `stuId` = '311509060410' AND `verify` = 1  [ RunTime:0.0002s ]
NOTIC: [8] Undefined index: scoreCount D:\phpStudy\WWW\Project\Admin\Home\Controller\EvaluateController.class.php 第 50 行.
SQL: SELECT * FROM `map_stu` WHERE `stuId` = '311509060411' LIMIT 1   [ RunTime:0.0004s ]
SQL: SELECT COUNT(*) AS tp_count FROM `map_certificate` WHERE `stuId` = '311509060411' AND `verify` = 1 LIMIT 1   [ RunTime:0.0002s ]
SQL: SELECT COUNT(*) AS tp_count FROM `map_certificate` WHERE `stuId` = '311509060411' AND (  `verify` < '2' ) LIMIT 1   [ RunTime:0.0002s ]
SQL: SELECT `score` FROM `map_certificate` WHERE `stuId` = '311509060411' AND `verify` = 1  [ RunTime:0.0003s ]
NOTIC: [8] Undefined index: scoreCount D:\phpStudy\WWW\Project\Admin\Home\Controller\EvaluateController.class.php 第 50 行.
SQL: SELECT * FROM `map_stu` WHERE `stuId` = '311509060412' LIMIT 1   [ RunTime:0.0004s ]
SQL: SELECT COUNT(*) AS tp_count FROM `map_certificate` WHERE `stuId` = '311509060412' AND `verify` = 1 LIMIT 1   [ RunTime:0.0002s ]
SQL: SELECT COUNT(*) AS tp_count FROM `map_certificate` WHERE `stuId` = '311509060412' AND (  `verify` < '2' ) LIMIT 1   [ RunTime:0.0003s ]
SQL: SELECT `score` FROM `map_certificate` WHERE `stuId` = '311509060412' AND `verify` = 1  [ RunTime:0.0002s ]
NOTIC: [8] Undefined index: scoreCount D:\phpStudy\WWW\Project\Admin\Home\Controller\EvaluateController.class.php 第 50 行.
SQL: SELECT * FROM `map_stu` WHERE `stuId` = '311509060413' LIMIT 1   [ RunTime:0.0004s ]
SQL: SELECT COUNT(*) AS tp_count FROM `map_certificate` WHERE `stuId` = '311509060413' AND `verify` = 1 LIMIT 1   [ RunTime:0.0002s ]
SQL: SELECT COUNT(*) AS tp_count FROM `map_certificate` WHERE `stuId` = '311509060413' AND (  `verify` < '2' ) LIMIT 1   [ RunTime:0.0002s ]
SQL: SELECT `score` FROM `map_certificate` WHERE `stuId` = '311509060413' AND `verify` = 1  [ RunTime:0.0002s ]
NOTIC: [8] Undefined index: scoreCount D:\phpStudy\WWW\Project\Admin\Home\Controller\EvaluateController.class.php 第 50 行.
SQL: SELECT * FROM `map_stu` WHERE `stuId` = '311509060415' LIMIT 1   [ RunTime:0.0004s ]
SQL: SELECT COUNT(*) AS tp_count FROM `map_certificate` WHERE `stuId` = '311509060415' AND `verify` = 1 LIMIT 1   [ RunTime:0.0002s ]
SQL: SELECT COUNT(*) AS tp_count FROM `map_certificate` WHERE `stuId` = '311509060415' AND (  `verify` < '2' ) LIMIT 1   [ RunTime:0.0002s ]
SQL: SELECT `score` FROM `map_certificate` WHERE `stuId` = '311509060415' AND `verify` = 1  [ RunTime:0.0002s ]
NOTIC: [8] Undefined index: scoreCount D:\phpStudy\WWW\Project\Admin\Home\Controller\EvaluateController.class.php 第 50 行.
SQL: SELECT * FROM `map_stu` WHERE `stuId` = '311509060416' LIMIT 1   [ RunTime:0.0004s ]
SQL: SELECT COUNT(*) AS tp_count FROM `map_certificate` WHERE `stuId` = '311509060416' AND `verify` = 1 LIMIT 1   [ RunTime:0.0002s ]
SQL: SELECT COUNT(*) AS tp_count FROM `map_certificate` WHERE `stuId` = '311509060416' AND (  `verify` < '2' ) LIMIT 1   [ RunTime:0.0002s ]
SQL: SELECT `score` FROM `map_certificate` WHERE `stuId` = '311509060416' AND `verify` = 1  [ RunTime:0.0002s ]
NOTIC: [8] Undefined index: scoreCount D:\phpStudy\WWW\Project\Admin\Home\Controller\EvaluateController.class.php 第 50 行.
SQL: SELECT * FROM `map_stu` WHERE `stuId` = '311509060417' LIMIT 1   [ RunTime:0.0004s ]
SQL: SELECT COUNT(*) AS tp_count FROM `map_certificate` WHERE `stuId` = '311509060417' AND `verify` = 1 LIMIT 1   [ RunTime:0.0002s ]
SQL: SELECT COUNT(*) AS tp_count FROM `map_certificate` WHERE `stuId` = '311509060417' AND (  `verify` < '2' ) LIMIT 1   [ RunTime:0.0002s ]
SQL: SELECT `score` FROM `map_certificate` WHERE `stuId` = '311509060417' AND `verify` = 1  [ RunTime:0.0002s ]
NOTIC: [8] Undefined index: scoreCount D:\phpStudy\WWW\Project\Admin\Home\Controller\EvaluateController.class.php 第 50 行.
SQL: SELECT * FROM `map_stu` WHERE `stuId` = '311509060419' LIMIT 1   [ RunTime:0.0006s ]
SQL: SELECT COUNT(*) AS tp_count FROM `map_certificate` WHERE `stuId` = '311509060419' AND `verify` = 1 LIMIT 1   [ RunTime:0.0003s ]
SQL: SELECT COUNT(*) AS tp_count FROM `map_certificate` WHERE `stuId` = '311509060419' AND (  `verify` < '2' ) LIMIT 1   [ RunTime:0.0003s ]
SQL: SELECT `score` FROM `map_certificate` WHERE `stuId` = '311509060419' AND `verify` = 1  [ RunTime:0.0002s ]
NOTIC: [8] Undefined index: scoreCount D:\phpStudy\WWW\Project\Admin\Home\Controller\EvaluateController.class.php 第 50 行.
SQL: SELECT * FROM `map_stu` WHERE `stuId` = '311509060420' LIMIT 1   [ RunTime:0.0004s ]
SQL: SELECT COUNT(*) AS tp_count FROM `map_certificate` WHERE `stuId` = '311509060420' AND `verify` = 1 LIMIT 1   [ RunTime:0.0002s ]
SQL: SELECT COUNT(*) AS tp_count FROM `map_certificate` WHERE `stuId` = '311509060420' AND (  `verify` < '2' ) LIMIT 1   [ RunTime:0.0002s ]
SQL: SELECT `score` FROM `map_certificate` WHERE `stuId` = '311509060420' AND `verify` = 1  [ RunTime:0.0003s ]
NOTIC: [8] Undefined index: scoreCount D:\phpStudy\WWW\Project\Admin\Home\Controller\EvaluateController.class.php 第 50 行.
SQL: SELECT * FROM `map_stu` WHERE `stuId` = '311509060427' LIMIT 1   [ RunTime:0.0005s ]
SQL: SELECT COUNT(*) AS tp_count FROM `map_certificate` WHERE `stuId` = '311509060427' AND `verify` = 1 LIMIT 1   [ RunTime:0.0003s ]
SQL: SELECT COUNT(*) AS tp_count FROM `map_certificate` WHERE `stuId` = '311509060427' AND (  `verify` < '2' ) LIMIT 1   [ RunTime:0.0003s ]
SQL: SELECT `score` FROM `map_certificate` WHERE `stuId` = '311509060427' AND `verify` = 1  [ RunTime:0.0003s ]
NOTIC: [8] Undefined index: scoreCount D:\phpStudy\WWW\Project\Admin\Home\Controller\EvaluateController.class.php 第 50 行.
SQL: SELECT * FROM `map_stu` WHERE `stuId` = '311509060428' LIMIT 1   [ RunTime:0.0005s ]
SQL: SELECT COUNT(*) AS tp_count FROM `map_certificate` WHERE `stuId` = '311509060428' AND `verify` = 1 LIMIT 1   [ RunTime:0.0002s ]
SQL: SELECT COUNT(*) AS tp_count FROM `map_certificate` WHERE `stuId` = '311509060428' AND (  `verify` < '2' ) LIMIT 1   [ RunTime:0.0002s ]
SQL: SELECT `score` FROM `map_certificate` WHERE `stuId` = '311509060428' AND `verify` = 1  [ RunTime:0.0002s ]
NOTIC: [8] Undefined index: scoreCount D:\phpStudy\WWW\Project\Admin\Home\Controller\EvaluateController.class.php 第 50 行.
SQL: SELECT * FROM `map_stu` WHERE `stuId` = '311509060429' LIMIT 1   [ RunTime:0.0004s ]
SQL: SELECT COUNT(*) AS tp_count FROM `map_certificate` WHERE `stuId` = '311509060429' AND `verify` = 1 LIMIT 1   [ RunTime:0.0003s ]
SQL: SELECT COUNT(*) AS tp_count FROM `map_certificate` WHERE `stuId` = '311509060429' AND (  `verify` < '2' ) LIMIT 1   [ RunTime:0.0002s ]
SQL: SELECT `score` FROM `map_certificate` WHERE `stuId` = '311509060429' AND `verify` = 1  [ RunTime:0.0002s ]
NOTIC: [8] Undefined index: scoreCount D:\phpStudy\WWW\Project\Admin\Home\Controller\EvaluateController.class.php 第 50 行.
SQL: SELECT * FROM `map_stu` WHERE `stuId` = '311509060430' LIMIT 1   [ RunTime:0.0004s ]
SQL: SELECT COUNT(*) AS tp_count FROM `map_certificate` WHERE `stuId` = '311509060430' AND `verify` = 1 LIMIT 1   [ RunTime:0.0002s ]
SQL: SELECT COUNT(*) AS tp_count FROM `map_certificate` WHERE `stuId` = '311509060430' AND (  `verify` < '2' ) LIMIT 1   [ RunTime:0.0002s ]
SQL: SELECT `score` FROM `map_certificate` WHERE `stuId` = '311509060430' AND `verify` = 1  [ RunTime:0.0002s ]
NOTIC: [8] Undefined index: scoreCount D:\phpStudy\WWW\Project\Admin\Home\Controller\EvaluateController.class.php 第 50 行.
INFO: [ view_parse ] --START--
INFO: [ template_filter ] --START--
INFO: Run Behavior\ContentReplaceBehavior [ RunTime:0.000052s ]
INFO: [ template_filter ] --END-- [ RunTime:0.000090s ]
INFO: Run Behavior\ParseTemplateBehavior [ RunTime:0.008422s ]
INFO: [ view_parse ] --END-- [ RunTime:0.008483s ]
INFO: [ view_filter ] --START--
INFO: Run Behavior\WriteHtmlCacheBehavior [ RunTime:0.000453s ]
INFO: [ view_filter ] --END-- [ RunTime:0.000493s ]
INFO: [ app_end ] --START--
INFO: Run Behavior\ShowPageTraceBehavior [ RunTime:0.000739s ]
INFO: [ app_end ] --END-- [ RunTime:0.000801s ]

[ 2016-08-02T21:02:24+08:00 ] ::1 /admin.php/Examine/score.html
INFO: [ app_init ] --START--
INFO: Run Behavior\BuildLiteBehavior [ RunTime:0.000012s ]
INFO: [ app_init ] --END-- [ RunTime:0.000418s ]
INFO: [ app_begin ] --START--
INFO: Run Behavior\ReadHtmlCacheBehavior [ RunTime:0.000521s ]
INFO: [ app_begin ] --END-- [ RunTime:0.000562s ]
SQL: SHOW COLUMNS FROM `map_exam` [ RunTime:0.0053s ]
SQL: SELECT * FROM `map_exam` WHERE `verify` = 0  [ RunTime:0.0004s ]
INFO: [ view_parse ] --START--
INFO: [ template_filter ] --START--
INFO: Run Behavior\ContentReplaceBehavior [ RunTime:0.000080s ]
INFO: [ template_filter ] --END-- [ RunTime:0.000138s ]
INFO: Run Behavior\ParseTemplateBehavior [ RunTime:0.015741s ]
INFO: [ view_parse ] --END-- [ RunTime:0.015784s ]
INFO: [ view_filter ] --START--
INFO: Run Behavior\WriteHtmlCacheBehavior [ RunTime:0.000323s ]
INFO: [ view_filter ] --END-- [ RunTime:0.000350s ]
INFO: [ app_end ] --START--
INFO: Run Behavior\ShowPageTraceBehavior [ RunTime:0.000467s ]
INFO: [ app_end ] --END-- [ RunTime:0.000498s ]

[ 2016-08-02T21:02:26+08:00 ] ::1 /admin.php/Score/index.html
INFO: [ app_init ] --START--
INFO: Run Behavior\BuildLiteBehavior [ RunTime:0.000012s ]
INFO: [ app_init ] --END-- [ RunTime:0.000422s ]
INFO: [ app_begin ] --START--
INFO: Run Behavior\ReadHtmlCacheBehavior [ RunTime:0.000814s ]
INFO: [ app_begin ] --END-- [ RunTime:0.000910s ]
SQL: SHOW COLUMNS FROM `map_exam` [ RunTime:0.0066s ]
SQL: SELECT DISTINCT  `subject` FROM `map_exam` ORDER BY subject asc  [ RunTime:0.0005s ]
INFO: [ view_parse ] --START--
INFO: [ template_filter ] --START--
INFO: Run Behavior\ContentReplaceBehavior [ RunTime:0.000056s ]
INFO: [ template_filter ] --END-- [ RunTime:0.000101s ]
NOTIC: [8] Undefined variable: scoreList D:\phpStudy\WWW\Project\Admin\Runtime\Cache\Home\aceaf1d4e3e07fb7c16faeb0a2fce595.php 第 201 行.
NOTIC: [8] Undefined variable: page D:\phpStudy\WWW\Project\Admin\Runtime\Cache\Home\aceaf1d4e3e07fb7c16faeb0a2fce595.php 第 219 行.
NOTIC: [8] Undefined variable: page D:\phpStudy\WWW\Project\Admin\Runtime\Cache\Home\aceaf1d4e3e07fb7c16faeb0a2fce595.php 第 219 行.
NOTIC: [8] Undefined variable: countList D:\phpStudy\WWW\Project\Admin\Runtime\Cache\Home\aceaf1d4e3e07fb7c16faeb0a2fce595.php 第 222 行.
NOTIC: [8] Undefined variable: pageCount D:\phpStudy\WWW\Project\Admin\Runtime\Cache\Home\aceaf1d4e3e07fb7c16faeb0a2fce595.php 第 222 行.
NOTIC: [8] Undefined variable: page D:\phpStudy\WWW\Project\Admin\Runtime\Cache\Home\aceaf1d4e3e07fb7c16faeb0a2fce595.php 第 222 行.
NOTIC: [8] Undefined variable: pageCount D:\phpStudy\WWW\Project\Admin\Runtime\Cache\Home\aceaf1d4e3e07fb7c16faeb0a2fce595.php 第 224 行.
NOTIC: [8] Undefined variable: page D:\phpStudy\WWW\Project\Admin\Runtime\Cache\Home\aceaf1d4e3e07fb7c16faeb0a2fce595.php 第 224 行.
NOTIC: [8] Undefined variable: pageCount D:\phpStudy\WWW\Project\Admin\Runtime\Cache\Home\aceaf1d4e3e07fb7c16faeb0a2fce595.php 第 228 行.
INFO: Run Behavior\ParseTemplateBehavior [ RunTime:0.009850s ]
INFO: [ view_parse ] --END-- [ RunTime:0.009887s ]
INFO: [ view_filter ] --START--
INFO: Run Behavior\WriteHtmlCacheBehavior [ RunTime:0.000288s ]
INFO: [ view_filter ] --END-- [ RunTime:0.000316s ]
INFO: [ app_end ] --START--
INFO: Run Behavior\ShowPageTraceBehavior [ RunTime:0.000465s ]
INFO: [ app_end ] --END-- [ RunTime:0.000500s ]

[ 2016-08-02T21:02:31+08:00 ] ::1 /admin.php/Score/selectCondition.html
INFO: [ app_init ] --START--
INFO: Run Behavior\BuildLiteBehavior [ RunTime:0.000028s ]
INFO: [ app_init ] --END-- [ RunTime:0.000936s ]
INFO: [ app_begin ] --START--
INFO: Run Behavior\ReadHtmlCacheBehavior [ RunTime:0.000757s ]
INFO: [ app_begin ] --END-- [ RunTime:0.000843s ]
NOTIC: [8] Undefined index: page D:\phpStudy\WWW\Project\Admin\Home\Controller\ScoreController.class.php 第 56 行.
SQL: SHOW COLUMNS FROM `map_exam` [ RunTime:0.0041s ]
NOTIC: [8] Undefined index: page D:\phpStudy\WWW\Project\Admin\Home\Controller\ScoreController.class.php 第 63 行.
SQL: SELECT * FROM `map_exam` WHERE `name` LIKE '%王晓杰%' ORDER BY stuId asc LIMIT 0,20   [ RunTime:0.0006s ]
SQL: SELECT COUNT(*) AS tp_count FROM `map_exam` WHERE `name` LIKE '%王晓杰%' LIMIT 1   [ RunTime:0.0004s ]
INFO: [ view_parse ] --START--
INFO: [ template_filter ] --START--
INFO: Run Behavior\ContentReplaceBehavior [ RunTime:0.000061s ]
INFO: [ template_filter ] --END-- [ RunTime:0.000107s ]
NOTIC: [8] Undefined index: page D:\phpStudy\WWW\Project\Admin\Runtime\Cache\Home\1a2950f9bcb28e74797a0452767dd130.php 第 191 行.
INFO: Run Behavior\ParseTemplateBehavior [ RunTime:0.009794s ]
INFO: [ view_parse ] --END-- [ RunTime:0.009857s ]
INFO: [ view_filter ] --START--
INFO: Run Behavior\WriteHtmlCacheBehavior [ RunTime:0.000288s ]
INFO: [ view_filter ] --END-- [ RunTime:0.000318s ]
INFO: [ app_end ] --START--
INFO: Run Behavior\ShowPageTraceBehavior [ RunTime:0.000425s ]
INFO: [ app_end ] --END-- [ RunTime:0.000457s ]

[ 2016-08-02T21:03:31+08:00 ] ::1 /admin.php/Excellent/addExcellent.html
INFO: [ app_init ] --START--
INFO: Run Behavior\BuildLiteBehavior [ RunTime:0.000013s ]
INFO: [ app_init ] --END-- [ RunTime:0.000409s ]
INFO: [ app_begin ] --START--
INFO: Run Behavior\ReadHtmlCacheBehavior [ RunTime:0.000704s ]
INFO: [ app_begin ] --END-- [ RunTime:0.000794s ]
INFO: [ view_parse ] --START--
INFO: [ template_filter ] --START--
INFO: Run Behavior\ContentReplaceBehavior [ RunTime:0.000059s ]
INFO: [ template_filter ] --END-- [ RunTime:0.000117s ]
INFO: Run Behavior\ParseTemplateBehavior [ RunTime:0.008786s ]
INFO: [ view_parse ] --END-- [ RunTime:0.008858s ]
INFO: [ view_filter ] --START--
INFO: Run Behavior\WriteHtmlCacheBehavior [ RunTime:0.000391s ]
INFO: [ view_filter ] --END-- [ RunTime:0.000439s ]
INFO: [ app_end ] --START--
INFO: Run Behavior\ShowPageTraceBehavior [ RunTime:0.000769s ]
INFO: [ app_end ] --END-- [ RunTime:0.000837s ]

