[ 2016-07-20T00:13:58+08:00 ] ::1 /admin.php/Login/Login/login
INFO: [ app_begin ] --START--
INFO: Run Behavior\ReadHtmlCacheBehavior [ RunTime:0.000518s ]
INFO: [ app_begin ] --END-- [ RunTime:0.000984s ]
SQL: SHOW COLUMNS FROM `map_admin` [ RunTime:0.0882s ]
SQL: SELECT * FROM `map_admin` WHERE `name` = '王晓杰' AND `password` = '501e0bbac99eb3673e5df715eacd9d0efb5601f5' LIMIT 1   [ RunTime:0.0379s ]
SQL: SELECT * FROM `map_admin` WHERE `name` = '王晓杰' AND `password` = '501e0bbac99eb3673e5df715eacd9d0efb5601f5' LIMIT 1   [ RunTime:0.0004s ]
INFO: [ app_end ] --START--
INFO: Run Behavior\ShowPageTraceBehavior [ RunTime:0.000627s ]
INFO: [ app_end ] --END-- [ RunTime:0.000753s ]

[ 2016-07-20T00:14:55+08:00 ] ::1 /admin.php/Upload/delFile.html
INFO: [ app_begin ] --START--
INFO: Run Behavior\ReadHtmlCacheBehavior [ RunTime:0.000716s ]
INFO: [ app_begin ] --END-- [ RunTime:0.001214s ]
SQL: SHOW COLUMNS FROM `map_down` [ RunTime:0.0009s ]
SQL: SELECT * FROM `map_down` WHERE `id` = 24 LIMIT 1   [ RunTime:0.0003s ]
SQL: DELETE FROM `map_down` WHERE `id` = 24 [ RunTime:0.0723s ]
INFO: [ app_end ] --START--
INFO: Run Behavior\ShowPageTraceBehavior [ RunTime:0.000961s ]
INFO: [ app_end ] --END-- [ RunTime:0.001070s ]

[ 2016-07-20T00:15:02+08:00 ] ::1 /admin.php/Admin/swapAvaliable.html
INFO: [ app_begin ] --START--
INFO: Run Behavior\ReadHtmlCacheBehavior [ RunTime:0.000514s ]
INFO: [ app_begin ] --END-- [ RunTime:0.000986s ]
SQL: SHOW COLUMNS FROM `map_admin` [ RunTime:0.0009s ]
SQL: SELECT * FROM `map_admin` WHERE `id` = 9 LIMIT 1   [ RunTime:0.0003s ]
SQL: UPDATE `map_admin` SET `avaliable`='0' WHERE `id` = 9 [ RunTime:0.0004s ]
INFO: [ app_end ] --START--
INFO: Run Behavior\ShowPageTraceBehavior [ RunTime:0.000706s ]
INFO: [ app_end ] --END-- [ RunTime:0.000889s ]

[ 2016-07-20T00:15:04+08:00 ] ::1 /admin.php/Admin/swapAvaliable.html
INFO: [ app_begin ] --START--
INFO: Run Behavior\ReadHtmlCacheBehavior [ RunTime:0.000516s ]
INFO: [ app_begin ] --END-- [ RunTime:0.001041s ]
SQL: SHOW COLUMNS FROM `map_admin` [ RunTime:0.0009s ]
SQL: SELECT * FROM `map_admin` WHERE `id` = 9 LIMIT 1   [ RunTime:0.0003s ]
SQL: UPDATE `map_admin` SET `avaliable`='1' WHERE `id` = 9 [ RunTime:0.0003s ]
INFO: [ app_end ] --START--
INFO: Run Behavior\ShowPageTraceBehavior [ RunTime:0.000657s ]
INFO: [ app_end ] --END-- [ RunTime:0.000772s ]

[ 2016-07-20T02:18:07+08:00 ] ::1 /admin.php/Login/Login/login
INFO: [ app_begin ] --START--
INFO: Run Behavior\ReadHtmlCacheBehavior [ RunTime:0.000623s ]
INFO: [ app_begin ] --END-- [ RunTime:0.001105s ]
SQL: SHOW COLUMNS FROM `map_admin` [ RunTime:0.0010s ]
SQL: SELECT * FROM `map_admin` WHERE `name` = '王晓杰' AND `password` = '501e0bbac99eb3673e5df715eacd9d0efb5601f5' LIMIT 1   [ RunTime:0.0003s ]
SQL: SELECT * FROM `map_admin` WHERE `name` = '王晓杰' AND `password` = '501e0bbac99eb3673e5df715eacd9d0efb5601f5' LIMIT 1   [ RunTime:0.0004s ]
INFO: [ app_end ] --START--
INFO: Run Behavior\ShowPageTraceBehavior [ RunTime:0.000669s ]
INFO: [ app_end ] --END-- [ RunTime:0.000780s ]

[ 2016-07-20T02:18:51+08:00 ] ::1 /admin.php/Login/Login/login
INFO: [ app_begin ] --START--
INFO: Run Behavior\ReadHtmlCacheBehavior [ RunTime:0.000685s ]
INFO: [ app_begin ] --END-- [ RunTime:0.001217s ]
SQL: SHOW COLUMNS FROM `map_admin` [ RunTime:0.0006s ]
SQL: SELECT * FROM `map_admin` WHERE `name` = '测绘学院' AND `password` = '501e0bbac99eb3673e5df715eacd9d0efb5601f5' LIMIT 1   [ RunTime:0.0003s ]
SQL: SELECT * FROM `map_admin` WHERE `name` = '测绘学院' AND `password` = '501e0bbac99eb3673e5df715eacd9d0efb5601f5' LIMIT 1   [ RunTime:0.0003s ]
INFO: [ app_end ] --START--
INFO: Run Behavior\ShowPageTraceBehavior [ RunTime:0.000746s ]
INFO: [ app_end ] --END-- [ RunTime:0.000862s ]

[ 2016-07-20T02:22:05+08:00 ] ::1 /admin.php/Login/Login/login
INFO: [ app_begin ] --START--
INFO: Run Behavior\ReadHtmlCacheBehavior [ RunTime:0.000628s ]
INFO: [ app_begin ] --END-- [ RunTime:0.001132s ]
SQL: SHOW COLUMNS FROM `map_admin` [ RunTime:0.0006s ]
SQL: SELECT * FROM `map_admin` WHERE `name` = '王晓杰' AND `password` = '501e0bbac99eb3673e5df715eacd9d0efb5601f5' LIMIT 1   [ RunTime:0.0004s ]
SQL: SELECT * FROM `map_admin` WHERE `name` = '王晓杰' AND `password` = '501e0bbac99eb3673e5df715eacd9d0efb5601f5' LIMIT 1   [ RunTime:0.0004s ]
INFO: [ app_end ] --START--
INFO: Run Behavior\ShowPageTraceBehavior [ RunTime:0.000742s ]
INFO: [ app_end ] --END-- [ RunTime:0.000880s ]

[ 2016-07-20T02:22:47+08:00 ] ::1 /admin.php/Upload/delFile.html
INFO: [ app_begin ] --START--
INFO: Run Behavior\ReadHtmlCacheBehavior [ RunTime:0.000658s ]
INFO: [ app_begin ] --END-- [ RunTime:0.001238s ]
SQL: SHOW COLUMNS FROM `map_down` [ RunTime:0.0006s ]
SQL: SELECT * FROM `map_down` WHERE `id` = 25 LIMIT 1   [ RunTime:0.0003s ]
SQL: DELETE FROM `map_down` WHERE `id` = 25 [ RunTime:0.0004s ]
INFO: [ app_end ] --START--
INFO: Run Behavior\ShowPageTraceBehavior [ RunTime:0.000972s ]
INFO: [ app_end ] --END-- [ RunTime:0.001089s ]

[ 2016-07-20T06:27:41+08:00 ] ::1 /admin.php/Login/Login/login
INFO: [ app_begin ] --START--
INFO: Run Behavior\ReadHtmlCacheBehavior [ RunTime:0.000753s ]
INFO: [ app_begin ] --END-- [ RunTime:0.001374s ]
SQL: SHOW COLUMNS FROM `map_admin` [ RunTime:0.0009s ]
SQL: SELECT * FROM `map_admin` WHERE `name` = '王晓杰' AND `password` = '501e0bbac99eb3673e5df715eacd9d0efb5601f5' LIMIT 1   [ RunTime:0.0003s ]
SQL: SELECT * FROM `map_admin` WHERE `name` = '王晓杰' AND `password` = '501e0bbac99eb3673e5df715eacd9d0efb5601f5' LIMIT 1   [ RunTime:0.0003s ]
INFO: [ app_end ] --START--
INFO: Run Behavior\ShowPageTraceBehavior [ RunTime:0.000725s ]
INFO: [ app_end ] --END-- [ RunTime:0.000848s ]

[ 2016-07-20T06:52:41+08:00 ] ::1 /admin.php/Examine/fixScore.html
INFO: [ app_begin ] --START--
INFO: Run Behavior\ReadHtmlCacheBehavior [ RunTime:0.000714s ]
INFO: [ app_begin ] --END-- [ RunTime:0.001257s ]
INFO: [ app_end ] --START--
INFO: Run Behavior\ShowPageTraceBehavior [ RunTime:0.000697s ]
INFO: [ app_end ] --END-- [ RunTime:0.000819s ]

[ 2016-07-20T06:52:52+08:00 ] ::1 /admin.php/Examine/fixScore.html
INFO: [ app_begin ] --START--
INFO: Run Behavior\ReadHtmlCacheBehavior [ RunTime:0.000677s ]
INFO: [ app_begin ] --END-- [ RunTime:0.001189s ]
INFO: [ app_end ] --START--
INFO: Run Behavior\ShowPageTraceBehavior [ RunTime:0.000678s ]
INFO: [ app_end ] --END-- [ RunTime:0.000797s ]

[ 2016-07-20T06:52:55+08:00 ] ::1 /admin.php/Examine/fixScore.html
INFO: [ app_begin ] --START--
INFO: Run Behavior\ReadHtmlCacheBehavior [ RunTime:0.000680s ]
INFO: [ app_begin ] --END-- [ RunTime:0.001202s ]
INFO: [ app_end ] --START--
INFO: Run Behavior\ShowPageTraceBehavior [ RunTime:0.000665s ]
INFO: [ app_end ] --END-- [ RunTime:0.000788s ]

[ 2016-07-20T06:52:59+08:00 ] ::1 /admin.php/Examine/fixScore.html
INFO: [ app_begin ] --START--
INFO: Run Behavior\ReadHtmlCacheBehavior [ RunTime:0.000657s ]
INFO: [ app_begin ] --END-- [ RunTime:0.001159s ]
INFO: [ app_end ] --START--
INFO: Run Behavior\ShowPageTraceBehavior [ RunTime:0.000675s ]
INFO: [ app_end ] --END-- [ RunTime:0.000793s ]

[ 2016-07-20T06:58:26+08:00 ] ::1 /admin.php/Examine/fixScore.html
INFO: [ app_begin ] --START--
INFO: Run Behavior\ReadHtmlCacheBehavior [ RunTime:0.000679s ]
INFO: [ app_begin ] --END-- [ RunTime:0.001231s ]
SQL: SHOW COLUMNS FROM `map_exam` [ RunTime:0.0006s ]
SQL: SELECT * FROM `map_exam` WHERE `id` = 3923 LIMIT 1   [ RunTime:0.0004s ]
SQL: UPDATE `map_exam` SET `score`='100',`fixScore`='' WHERE `id` = 3923 [ RunTime:0.0004s ]
INFO: [ app_end ] --START--
INFO: Run Behavior\ShowPageTraceBehavior [ RunTime:0.000804s ]
INFO: [ app_end ] --END-- [ RunTime:0.000920s ]

[ 2016-07-20T06:59:49+08:00 ] ::1 /admin.php/Examine/fixScore.html
INFO: [ app_begin ] --START--
INFO: Run Behavior\ReadHtmlCacheBehavior [ RunTime:0.000744s ]
INFO: [ app_begin ] --END-- [ RunTime:0.001296s ]
SQL: SHOW COLUMNS FROM `map_exam` [ RunTime:0.0006s ]
SQL: SELECT * FROM `map_exam` WHERE `id` = 3923 LIMIT 1   [ RunTime:0.0003s ]
SQL: UPDATE `map_exam` SET `score`='100',`verify`='1',`fixScore`='' WHERE `id` = 3923 [ RunTime:0.0003s ]
INFO: [ app_end ] --START--
INFO: Run Behavior\ShowPageTraceBehavior [ RunTime:0.000856s ]
INFO: [ app_end ] --END-- [ RunTime:0.000971s ]

[ 2016-07-20T06:59:52+08:00 ] ::1 /admin.php/Examine/fixScore.html
INFO: [ app_begin ] --START--
INFO: Run Behavior\ReadHtmlCacheBehavior [ RunTime:0.000673s ]
INFO: [ app_begin ] --END-- [ RunTime:0.001179s ]
SQL: SHOW COLUMNS FROM `map_exam` [ RunTime:0.0006s ]
SQL: SELECT * FROM `map_exam` WHERE `id` = 4046 LIMIT 1   [ RunTime:0.0003s ]
SQL: UPDATE `map_exam` SET `verify`='2' WHERE `id` = 4046 [ RunTime:0.0003s ]
INFO: [ app_end ] --START--
INFO: Run Behavior\ShowPageTraceBehavior [ RunTime:0.000837s ]
INFO: [ app_end ] --END-- [ RunTime:0.000957s ]

[ 2016-07-20T06:59:54+08:00 ] ::1 /admin.php/Examine/fixScore.html
INFO: [ app_begin ] --START--
INFO: Run Behavior\ReadHtmlCacheBehavior [ RunTime:0.000726s ]
INFO: [ app_begin ] --END-- [ RunTime:0.001266s ]
SQL: SHOW COLUMNS FROM `map_exam` [ RunTime:0.0006s ]
SQL: SELECT * FROM `map_exam` WHERE `id` = 4169 LIMIT 1   [ RunTime:0.0003s ]
SQL: UPDATE `map_exam` SET `score`='100',`verify`='1',`fixScore`='' WHERE `id` = 4169 [ RunTime:0.0003s ]
INFO: [ app_end ] --START--
INFO: Run Behavior\ShowPageTraceBehavior [ RunTime:0.000824s ]
INFO: [ app_end ] --END-- [ RunTime:0.000941s ]

[ 2016-07-20T07:00:15+08:00 ] ::1 /admin.php/Examine/fixScore.html
INFO: [ app_begin ] --START--
INFO: Run Behavior\ReadHtmlCacheBehavior [ RunTime:0.000690s ]
INFO: [ app_begin ] --END-- [ RunTime:0.001194s ]
SQL: SHOW COLUMNS FROM `map_exam` [ RunTime:0.0006s ]
SQL: SELECT * FROM `map_exam` WHERE `id` = 3923 LIMIT 1   [ RunTime:0.0003s ]
SQL: UPDATE `map_exam` SET `score`='0',`verify`='1',`fixScore`='' WHERE `id` = 3923 [ RunTime:0.0003s ]
INFO: [ app_end ] --START--
INFO: Run Behavior\ShowPageTraceBehavior [ RunTime:0.000836s ]
INFO: [ app_end ] --END-- [ RunTime:0.000951s ]

[ 2016-07-20T07:00:16+08:00 ] ::1 /admin.php/Examine/fixScore.html
INFO: [ app_begin ] --START--
INFO: Run Behavior\ReadHtmlCacheBehavior [ RunTime:0.000641s ]
INFO: [ app_begin ] --END-- [ RunTime:0.001222s ]
SQL: SHOW COLUMNS FROM `map_exam` [ RunTime:0.0007s ]
SQL: SELECT * FROM `map_exam` WHERE `id` = 4046 LIMIT 1   [ RunTime:0.0003s ]
SQL: UPDATE `map_exam` SET `score`='0',`verify`='1',`fixScore`='' WHERE `id` = 4046 [ RunTime:0.0003s ]
INFO: [ app_end ] --START--
INFO: Run Behavior\ShowPageTraceBehavior [ RunTime:0.000805s ]
INFO: [ app_end ] --END-- [ RunTime:0.000922s ]

[ 2016-07-20T07:00:16+08:00 ] ::1 /admin.php/Examine/fixScore.html
INFO: [ app_begin ] --START--
INFO: Run Behavior\ReadHtmlCacheBehavior [ RunTime:0.000515s ]
INFO: [ app_begin ] --END-- [ RunTime:0.000975s ]
SQL: SHOW COLUMNS FROM `map_exam` [ RunTime:0.0006s ]
SQL: SELECT * FROM `map_exam` WHERE `id` = 4169 LIMIT 1   [ RunTime:0.0004s ]
SQL: UPDATE `map_exam` SET `score`='0',`verify`='1',`fixScore`='' WHERE `id` = 4169 [ RunTime:0.0003s ]
INFO: [ app_end ] --START--
INFO: Run Behavior\ShowPageTraceBehavior [ RunTime:0.000674s ]
INFO: [ app_end ] --END-- [ RunTime:0.000785s ]

[ 2016-07-20T07:00:33+08:00 ] ::1 /admin.php/Examine/fixScore.html
INFO: [ app_begin ] --START--
INFO: Run Behavior\ReadHtmlCacheBehavior [ RunTime:0.000683s ]
INFO: [ app_begin ] --END-- [ RunTime:0.001186s ]
SQL: SHOW COLUMNS FROM `map_exam` [ RunTime:0.0007s ]
SQL: SELECT * FROM `map_exam` WHERE `id` = 3923 LIMIT 1   [ RunTime:0.0003s ]
SQL: UPDATE `map_exam` SET `score`='88',`verify`='1',`fixScore`='' WHERE `id` = 3923 [ RunTime:0.0003s ]
INFO: [ app_end ] --START--
INFO: Run Behavior\ShowPageTraceBehavior [ RunTime:0.000828s ]
INFO: [ app_end ] --END-- [ RunTime:0.000946s ]

[ 2016-07-20T07:00:35+08:00 ] ::1 /admin.php/Examine/fixScore.html
INFO: [ app_begin ] --START--
INFO: Run Behavior\ReadHtmlCacheBehavior [ RunTime:0.000666s ]
INFO: [ app_begin ] --END-- [ RunTime:0.001229s ]
SQL: SHOW COLUMNS FROM `map_exam` [ RunTime:0.0006s ]
SQL: SELECT * FROM `map_exam` WHERE `id` = 4046 LIMIT 1   [ RunTime:0.0003s ]
SQL: UPDATE `map_exam` SET `verify`='2' WHERE `id` = 4046 [ RunTime:0.0003s ]
INFO: [ app_end ] --START--
INFO: Run Behavior\ShowPageTraceBehavior [ RunTime:0.000803s ]
INFO: [ app_end ] --END-- [ RunTime:0.000918s ]

[ 2016-07-20T07:00:37+08:00 ] ::1 /admin.php/Examine/fixScore.html
INFO: [ app_begin ] --START--
INFO: Run Behavior\ReadHtmlCacheBehavior [ RunTime:0.000788s ]
INFO: [ app_begin ] --END-- [ RunTime:0.001345s ]
SQL: SHOW COLUMNS FROM `map_exam` [ RunTime:0.0007s ]
SQL: SELECT * FROM `map_exam` WHERE `id` = 4169 LIMIT 1   [ RunTime:0.0003s ]
SQL: UPDATE `map_exam` SET `score`='77',`verify`='1',`fixScore`='' WHERE `id` = 4169 [ RunTime:0.0003s ]
INFO: [ app_end ] --START--
INFO: Run Behavior\ShowPageTraceBehavior [ RunTime:0.000868s ]
INFO: [ app_end ] --END-- [ RunTime:0.000983s ]

[ 2016-07-20T07:01:02+08:00 ] ::1 /admin.php/Examine/fixScore.html
INFO: [ app_begin ] --START--
INFO: Run Behavior\ReadHtmlCacheBehavior [ RunTime:0.000520s ]
INFO: [ app_begin ] --END-- [ RunTime:0.000964s ]
SQL: SHOW COLUMNS FROM `map_exam` [ RunTime:0.0006s ]
SQL: SELECT * FROM `map_exam` WHERE `id` = 4046 LIMIT 1   [ RunTime:0.0003s ]
SQL: UPDATE `map_exam` SET `score`='100',`verify`='1',`fixScore`='' WHERE `id` = 4046 [ RunTime:0.0003s ]
INFO: [ app_end ] --START--
INFO: Run Behavior\ShowPageTraceBehavior [ RunTime:0.000682s ]
INFO: [ app_end ] --END-- [ RunTime:0.000832s ]

[ 2016-07-20T07:39:00+08:00 ] ::1 /admin.php/Examine/fixScore.html
INFO: [ app_begin ] --START--
INFO: Run Behavior\ReadHtmlCacheBehavior [ RunTime:0.000691s ]
INFO: [ app_begin ] --END-- [ RunTime:0.001227s ]
SQL: SHOW COLUMNS FROM `map_exam` [ RunTime:0.0008s ]
SQL: SELECT * FROM `map_exam` WHERE `id` = 3923 LIMIT 1   [ RunTime:0.0004s ]
SQL: UPDATE `map_exam` SET `score`='99',`verify`='1',`fixScore`='' WHERE `id` = 3923 [ RunTime:0.0005s ]
INFO: [ app_end ] --START--
INFO: Run Behavior\ShowPageTraceBehavior [ RunTime:0.000951s ]
INFO: [ app_end ] --END-- [ RunTime:0.001122s ]

[ 2016-07-20T07:39:01+08:00 ] ::1 /admin.php/Examine/fixScore.html
INFO: [ app_begin ] --START--
INFO: Run Behavior\ReadHtmlCacheBehavior [ RunTime:0.000617s ]
INFO: [ app_begin ] --END-- [ RunTime:0.001125s ]
SQL: SHOW COLUMNS FROM `map_exam` [ RunTime:0.0007s ]
SQL: SELECT * FROM `map_exam` WHERE `id` = 4169 LIMIT 1   [ RunTime:0.0003s ]
SQL: UPDATE `map_exam` SET `verify`='2' WHERE `id` = 4169 [ RunTime:0.0003s ]
INFO: [ app_end ] --START--
INFO: Run Behavior\ShowPageTraceBehavior [ RunTime:0.000749s ]
INFO: [ app_end ] --END-- [ RunTime:0.000863s ]

[ 2016-07-20T07:39:02+08:00 ] ::1 /admin.php/Examine/fixScore.html
INFO: [ app_begin ] --START--
INFO: Run Behavior\ReadHtmlCacheBehavior [ RunTime:0.000686s ]
INFO: [ app_begin ] --END-- [ RunTime:0.001279s ]
SQL: SHOW COLUMNS FROM `map_exam` [ RunTime:0.0007s ]
SQL: SELECT * FROM `map_exam` WHERE `id` = 4046 LIMIT 1   [ RunTime:0.0003s ]
SQL: UPDATE `map_exam` SET `score`='98',`verify`='1',`fixScore`='' WHERE `id` = 4046 [ RunTime:0.0003s ]
INFO: [ app_end ] --START--
INFO: Run Behavior\ShowPageTraceBehavior [ RunTime:0.000808s ]
INFO: [ app_end ] --END-- [ RunTime:0.000921s ]

[ 2016-07-20T07:39:31+08:00 ] ::1 /admin.php/Examine/fixScore.html
INFO: [ app_begin ] --START--
INFO: Run Behavior\ReadHtmlCacheBehavior [ RunTime:0.000669s ]
INFO: [ app_begin ] --END-- [ RunTime:0.001209s ]
SQL: SHOW COLUMNS FROM `map_exam` [ RunTime:0.0006s ]
SQL: SELECT * FROM `map_exam` WHERE `id` = 4046 LIMIT 1   [ RunTime:0.0003s ]
SQL: UPDATE `map_exam` SET `score`='66',`verify`='1',`fixScore`='' WHERE `id` = 4046 [ RunTime:0.0003s ]
INFO: [ app_end ] --START--
INFO: Run Behavior\ShowPageTraceBehavior [ RunTime:0.000812s ]
INFO: [ app_end ] --END-- [ RunTime:0.000929s ]

[ 2016-07-20T07:39:32+08:00 ] ::1 /admin.php/Examine/fixScore.html
INFO: [ app_begin ] --START--
INFO: Run Behavior\ReadHtmlCacheBehavior [ RunTime:0.000515s ]
INFO: [ app_begin ] --END-- [ RunTime:0.000985s ]
SQL: SHOW COLUMNS FROM `map_exam` [ RunTime:0.0006s ]
SQL: SELECT * FROM `map_exam` WHERE `id` = 4169 LIMIT 1   [ RunTime:0.0003s ]
SQL: UPDATE `map_exam` SET `score`='99',`verify`='1',`fixScore`='' WHERE `id` = 4169 [ RunTime:0.0003s ]
INFO: [ app_end ] --START--
INFO: Run Behavior\ShowPageTraceBehavior [ RunTime:0.000653s ]
INFO: [ app_end ] --END-- [ RunTime:0.000768s ]

[ 2016-07-20T10:37:20+08:00 ] ::1 /admin.php/Login/Login/login
INFO: [ app_begin ] --START--
INFO: Run Behavior\ReadHtmlCacheBehavior [ RunTime:0.000636s ]
INFO: [ app_begin ] --END-- [ RunTime:0.001148s ]
SQL: SHOW COLUMNS FROM `map_admin` [ RunTime:0.0163s ]
SQL: SELECT * FROM `map_admin` WHERE `name` = '王晓杰' AND `password` = '501e0bbac99eb3673e5df715eacd9d0efb5601f5' LIMIT 1   [ RunTime:0.0004s ]
SQL: SELECT * FROM `map_admin` WHERE `name` = '王晓杰' AND `password` = '501e0bbac99eb3673e5df715eacd9d0efb5601f5' LIMIT 1   [ RunTime:0.0004s ]
INFO: [ app_end ] --START--
INFO: Run Behavior\ShowPageTraceBehavior [ RunTime:0.000934s ]
INFO: [ app_end ] --END-- [ RunTime:0.001110s ]

[ 2016-07-20T10:37:26+08:00 ] ::1 /admin.php/Examine/fixScore.html
INFO: [ app_begin ] --START--
INFO: Run Behavior\ReadHtmlCacheBehavior [ RunTime:0.000533s ]
INFO: [ app_begin ] --END-- [ RunTime:0.000983s ]
SQL: SHOW COLUMNS FROM `map_exam` [ RunTime:0.0012s ]
SQL: SELECT * FROM `map_exam` WHERE `id` = 3923 LIMIT 1   [ RunTime:0.0003s ]
SQL: UPDATE `map_exam` SET `score`='66',`verify`='1',`fixScore`='' WHERE `id` = 3923 [ RunTime:0.0003s ]
INFO: [ app_end ] --START--
INFO: Run Behavior\ShowPageTraceBehavior [ RunTime:0.000742s ]
INFO: [ app_end ] --END-- [ RunTime:0.000893s ]

[ 2016-07-20T10:37:27+08:00 ] ::1 /admin.php/Examine/fixScore.html
INFO: [ app_begin ] --START--
INFO: Run Behavior\ReadHtmlCacheBehavior [ RunTime:0.000505s ]
INFO: [ app_begin ] --END-- [ RunTime:0.000968s ]
SQL: SHOW COLUMNS FROM `map_exam` [ RunTime:0.0010s ]
SQL: SELECT * FROM `map_exam` WHERE `id` = 4046 LIMIT 1   [ RunTime:0.0003s ]
SQL: UPDATE `map_exam` SET `verify`='2' WHERE `id` = 4046 [ RunTime:0.0003s ]
INFO: [ app_end ] --START--
INFO: Run Behavior\ShowPageTraceBehavior [ RunTime:0.000683s ]
INFO: [ app_end ] --END-- [ RunTime:0.000796s ]

[ 2016-07-20T10:37:29+08:00 ] ::1 /admin.php/Examine/fixScore.html
INFO: [ app_begin ] --START--
INFO: Run Behavior\ReadHtmlCacheBehavior [ RunTime:0.000515s ]
INFO: [ app_begin ] --END-- [ RunTime:0.000948s ]
SQL: SHOW COLUMNS FROM `map_exam` [ RunTime:0.0010s ]
SQL: SELECT * FROM `map_exam` WHERE `id` = 4169 LIMIT 1   [ RunTime:0.0004s ]
SQL: UPDATE `map_exam` SET `score`='100',`verify`='1',`fixScore`='' WHERE `id` = 4169 [ RunTime:0.0003s ]
INFO: [ app_end ] --START--
INFO: Run Behavior\ShowPageTraceBehavior [ RunTime:0.000660s ]
INFO: [ app_end ] --END-- [ RunTime:0.000774s ]

[ 2016-07-20T10:37:39+08:00 ] ::1 /admin.php/Examine/fixScore.html
INFO: [ app_begin ] --START--
INFO: Run Behavior\ReadHtmlCacheBehavior [ RunTime:0.000525s ]
INFO: [ app_begin ] --END-- [ RunTime:0.000989s ]
SQL: SHOW COLUMNS FROM `map_exam` [ RunTime:0.0006s ]
SQL: SELECT * FROM `map_exam` WHERE `id` = 4046 LIMIT 1   [ RunTime:0.0003s ]
SQL: UPDATE `map_exam` SET `score`='100',`verify`='1',`fixScore`='' WHERE `id` = 4046 [ RunTime:0.0003s ]
INFO: [ app_end ] --START--
INFO: Run Behavior\ShowPageTraceBehavior [ RunTime:0.000661s ]
INFO: [ app_end ] --END-- [ RunTime:0.000774s ]

[ 2016-07-20T10:40:37+08:00 ] ::1 /admin.php/Examine/fixScore.html
INFO: [ app_begin ] --START--
INFO: Run Behavior\ReadHtmlCacheBehavior [ RunTime:0.000672s ]
INFO: [ app_begin ] --END-- [ RunTime:0.001194s ]
SQL: SHOW COLUMNS FROM `map_exam` [ RunTime:0.0006s ]
SQL: SELECT * FROM `map_exam` WHERE `id` = 4046 LIMIT 1   [ RunTime:0.0003s ]
SQL: UPDATE `map_exam` SET `verify`='2' WHERE `id` = 4046 [ RunTime:0.0003s ]
INFO: [ app_end ] --START--
INFO: Run Behavior\ShowPageTraceBehavior [ RunTime:0.000792s ]
INFO: [ app_end ] --END-- [ RunTime:0.000905s ]

[ 2016-07-20T10:40:43+08:00 ] ::1 /admin.php/Examine/fixScore.html
INFO: [ app_begin ] --START--
INFO: Run Behavior\ReadHtmlCacheBehavior [ RunTime:0.000765s ]
INFO: [ app_begin ] --END-- [ RunTime:0.001279s ]
SQL: SHOW COLUMNS FROM `map_exam` [ RunTime:0.0006s ]
SQL: SELECT * FROM `map_exam` WHERE `id` = 3923 LIMIT 1   [ RunTime:0.0003s ]
SQL: UPDATE `map_exam` SET `score`='90',`verify`='1',`fixScore`='' WHERE `id` = 3923 [ RunTime:0.0003s ]
INFO: [ app_end ] --START--
INFO: Run Behavior\ShowPageTraceBehavior [ RunTime:0.000807s ]
INFO: [ app_end ] --END-- [ RunTime:0.000919s ]

[ 2016-07-20T10:41:07+08:00 ] ::1 /admin.php/Examine/fixScore.html
INFO: [ app_begin ] --START--
INFO: Run Behavior\ReadHtmlCacheBehavior [ RunTime:0.000502s ]
INFO: [ app_begin ] --END-- [ RunTime:0.000963s ]
SQL: SHOW COLUMNS FROM `map_exam` [ RunTime:0.0006s ]
SQL: SELECT * FROM `map_exam` WHERE `id` = 4046 LIMIT 1   [ RunTime:0.0003s ]
SQL: UPDATE `map_exam` SET `verify`='2' WHERE `id` = 4046 [ RunTime:0.0003s ]
INFO: [ app_end ] --START--
INFO: Run Behavior\ShowPageTraceBehavior [ RunTime:0.000659s ]
INFO: [ app_end ] --END-- [ RunTime:0.000772s ]

[ 2016-07-20T10:42:51+08:00 ] ::1 /admin.php/Examine/fixScore.html
INFO: [ app_begin ] --START--
INFO: Run Behavior\ReadHtmlCacheBehavior [ RunTime:0.000614s ]
INFO: [ app_begin ] --END-- [ RunTime:0.001128s ]
SQL: SHOW COLUMNS FROM `map_exam` [ RunTime:0.0006s ]
SQL: SELECT * FROM `map_exam` WHERE `id` = 3923 LIMIT 1   [ RunTime:0.0003s ]
SQL: UPDATE `map_exam` SET `score`='59',`verify`='1',`fixScore`='' WHERE `id` = 3923 [ RunTime:0.0003s ]
INFO: [ app_end ] --START--
INFO: Run Behavior\ShowPageTraceBehavior [ RunTime:0.000756s ]
INFO: [ app_end ] --END-- [ RunTime:0.000868s ]

[ 2016-07-20T10:42:52+08:00 ] ::1 /admin.php/Examine/fixScore.html
INFO: [ app_begin ] --START--
INFO: Run Behavior\ReadHtmlCacheBehavior [ RunTime:0.000661s ]
INFO: [ app_begin ] --END-- [ RunTime:0.001147s ]
SQL: SHOW COLUMNS FROM `map_exam` [ RunTime:0.0006s ]
SQL: SELECT * FROM `map_exam` WHERE `id` = 4046 LIMIT 1   [ RunTime:0.0003s ]
SQL: UPDATE `map_exam` SET `score`='59',`verify`='1',`fixScore`='' WHERE `id` = 4046 [ RunTime:0.0003s ]
INFO: [ app_end ] --START--
INFO: Run Behavior\ShowPageTraceBehavior [ RunTime:0.000831s ]
INFO: [ app_end ] --END-- [ RunTime:0.000947s ]

[ 2016-07-20T10:42:53+08:00 ] ::1 /admin.php/Examine/fixScore.html
INFO: [ app_begin ] --START--
INFO: Run Behavior\ReadHtmlCacheBehavior [ RunTime:0.000653s ]
INFO: [ app_begin ] --END-- [ RunTime:0.001171s ]
SQL: SHOW COLUMNS FROM `map_exam` [ RunTime:0.0006s ]
SQL: SELECT * FROM `map_exam` WHERE `id` = 4169 LIMIT 1   [ RunTime:0.0003s ]
SQL: UPDATE `map_exam` SET `score`='59',`verify`='1',`fixScore`='' WHERE `id` = 4169 [ RunTime:0.0003s ]
INFO: [ app_end ] --START--
INFO: Run Behavior\ShowPageTraceBehavior [ RunTime:0.000810s ]
INFO: [ app_end ] --END-- [ RunTime:0.000928s ]

[ 2016-07-20T17:40:45+08:00 ] ::1 /admin.php/Examine/fixScore.html
INFO: [ app_begin ] --START--
INFO: Run Behavior\ReadHtmlCacheBehavior [ RunTime:0.000693s ]
INFO: [ app_begin ] --END-- [ RunTime:0.001214s ]
SQL: SHOW COLUMNS FROM `map_exam` [ RunTime:0.0006s ]
SQL: SELECT * FROM `map_exam` WHERE `id` = 3923 LIMIT 1   [ RunTime:0.0003s ]
SQL: UPDATE `map_exam` SET `score`='60',`verify`='1',`fixScore`='' WHERE `id` = 3923 [ RunTime:0.0003s ]
INFO: [ app_end ] --START--
INFO: Run Behavior\ShowPageTraceBehavior [ RunTime:0.000874s ]
INFO: [ app_end ] --END-- [ RunTime:0.000995s ]

[ 2016-07-20T17:40:45+08:00 ] ::1 /admin.php/Examine/fixScore.html
INFO: [ app_begin ] --START--
INFO: Run Behavior\ReadHtmlCacheBehavior [ RunTime:0.000571s ]
INFO: [ app_begin ] --END-- [ RunTime:0.001049s ]
SQL: SHOW COLUMNS FROM `map_exam` [ RunTime:0.0007s ]
SQL: SELECT * FROM `map_exam` WHERE `id` = 4046 LIMIT 1   [ RunTime:0.0003s ]
SQL: UPDATE `map_exam` SET `score`='61',`verify`='1',`fixScore`='' WHERE `id` = 4046 [ RunTime:0.0003s ]
INFO: [ app_end ] --START--
INFO: Run Behavior\ShowPageTraceBehavior [ RunTime:0.000730s ]
INFO: [ app_end ] --END-- [ RunTime:0.000844s ]

[ 2016-07-20T17:40:46+08:00 ] ::1 /admin.php/Examine/fixScore.html
INFO: [ app_begin ] --START--
INFO: Run Behavior\ReadHtmlCacheBehavior [ RunTime:0.000516s ]
INFO: [ app_begin ] --END-- [ RunTime:0.001058s ]
SQL: SHOW COLUMNS FROM `map_exam` [ RunTime:0.0010s ]
SQL: SELECT * FROM `map_exam` WHERE `id` = 4169 LIMIT 1   [ RunTime:0.0003s ]
SQL: UPDATE `map_exam` SET `score`='62',`verify`='1',`fixScore`='' WHERE `id` = 4169 [ RunTime:0.0003s ]
INFO: [ app_end ] --START--
INFO: Run Behavior\ShowPageTraceBehavior [ RunTime:0.000675s ]
INFO: [ app_end ] --END-- [ RunTime:0.000789s ]

[ 2016-07-20T17:55:51+08:00 ] 127.0.0.1 /admin.php/Login/Login/login
INFO: [ app_begin ] --START--
INFO: Run Behavior\ReadHtmlCacheBehavior [ RunTime:0.000736s ]
INFO: [ app_begin ] --END-- [ RunTime:0.001499s ]
SQL: SHOW COLUMNS FROM `map_admin` [ RunTime:0.0013s ]
SQL: SELECT * FROM `map_admin` WHERE `name` = '王晓杰' AND `password` = '501e0bbac99eb3673e5df715eacd9d0efb5601f5' LIMIT 1   [ RunTime:0.0975s ]
SQL: SELECT * FROM `map_admin` WHERE `name` = '王晓杰' AND `password` = '501e0bbac99eb3673e5df715eacd9d0efb5601f5' LIMIT 1   [ RunTime:0.0005s ]
INFO: [ app_end ] --START--
INFO: Run Behavior\ShowPageTraceBehavior [ RunTime:0.000727s ]
INFO: [ app_end ] --END-- [ RunTime:0.000842s ]

[ 2016-07-20T18:01:38+08:00 ] 127.0.0.1 /admin.php/Examine/1
ERR: 非法操作:1

[ 2016-07-20T18:18:51+08:00 ] 127.0.0.1 /admin.php/Examine/1
ERR: 非法操作:1

[ 2016-07-20T18:18:55+08:00 ] 127.0.0.1 /admin.php/Examine/2
ERR: 非法操作:2

[ 2016-07-20T18:27:07+08:00 ] 127.0.0.1 /admin.php/Examine/fixScore.html
INFO: [ app_begin ] --START--
INFO: Run Behavior\ReadHtmlCacheBehavior [ RunTime:0.000494s ]
INFO: [ app_begin ] --END-- [ RunTime:0.000950s ]
SQL: SHOW COLUMNS FROM `map_exam` [ RunTime:0.0010s ]
SQL: SELECT * FROM `map_exam` WHERE `id` = 3923 LIMIT 1   [ RunTime:0.0005s ]
SQL: UPDATE `map_exam` SET `score`='100',`verify`='1',`fixScore`='' WHERE `id` = 3923 [ RunTime:0.0004s ]
INFO: [ app_end ] --START--
INFO: Run Behavior\ShowPageTraceBehavior [ RunTime:0.000837s ]
INFO: [ app_end ] --END-- [ RunTime:0.001013s ]

[ 2016-07-20T18:27:08+08:00 ] 127.0.0.1 /admin.php/Examine/fixScore.html
INFO: [ app_begin ] --START--
INFO: Run Behavior\ReadHtmlCacheBehavior [ RunTime:0.000506s ]
INFO: [ app_begin ] --END-- [ RunTime:0.000949s ]
SQL: SHOW COLUMNS FROM `map_exam` [ RunTime:0.0010s ]
SQL: SELECT * FROM `map_exam` WHERE `id` = 4046 LIMIT 1   [ RunTime:0.0004s ]
SQL: UPDATE `map_exam` SET `score`='200',`verify`='1',`fixScore`='' WHERE `id` = 4046 [ RunTime:0.0004s ]
INFO: [ app_end ] --START--
INFO: Run Behavior\ShowPageTraceBehavior [ RunTime:0.000665s ]
INFO: [ app_end ] --END-- [ RunTime:0.000777s ]

[ 2016-07-20T18:27:08+08:00 ] 127.0.0.1 /admin.php/Examine/fixScore.html
INFO: [ app_begin ] --START--
INFO: Run Behavior\ReadHtmlCacheBehavior [ RunTime:0.000589s ]
INFO: [ app_begin ] --END-- [ RunTime:0.001133s ]
SQL: SHOW COLUMNS FROM `map_exam` [ RunTime:0.0010s ]
SQL: SELECT * FROM `map_exam` WHERE `id` = 4169 LIMIT 1   [ RunTime:0.0003s ]
SQL: UPDATE `map_exam` SET `score`='300',`verify`='1',`fixScore`='' WHERE `id` = 4169 [ RunTime:0.0003s ]
INFO: [ app_end ] --START--
INFO: Run Behavior\ShowPageTraceBehavior [ RunTime:0.000704s ]
INFO: [ app_end ] --END-- [ RunTime:0.000819s ]

[ 2016-07-20T20:01:01+08:00 ] 127.0.0.1 /admin.php/Examine/verifyCertificate.html
INFO: [ app_begin ] --START--
INFO: Run Behavior\ReadHtmlCacheBehavior [ RunTime:0.000615s ]
INFO: [ app_begin ] --END-- [ RunTime:0.001177s ]
NOTIC: [8] Undefined offset: 0 D:\WampServer\www\Admin\Home\Controller\ExamineController.class.php 第 41 行.
NOTIC: [8] Undefined offset: 0 D:\WampServer\www\Admin\Home\Controller\ExamineController.class.php 第 43 行.
INFO: [ app_end ] --START--
INFO: Run Behavior\ShowPageTraceBehavior [ RunTime:0.000729s ]
INFO: [ app_end ] --END-- [ RunTime:0.000867s ]

[ 2016-07-20T20:01:10+08:00 ] 127.0.0.1 /admin.php/Examine/verifyCertificate.html
INFO: [ app_begin ] --START--
INFO: Run Behavior\ReadHtmlCacheBehavior [ RunTime:0.000515s ]
INFO: [ app_begin ] --END-- [ RunTime:0.001001s ]
NOTIC: [8] Undefined offset: 0 D:\WampServer\www\Admin\Home\Controller\ExamineController.class.php 第 41 行.
NOTIC: [8] Undefined offset: 0 D:\WampServer\www\Admin\Home\Controller\ExamineController.class.php 第 43 行.
INFO: [ app_end ] --START--
INFO: Run Behavior\ShowPageTraceBehavior [ RunTime:0.000522s ]
INFO: [ app_end ] --END-- [ RunTime:0.000634s ]

[ 2016-07-20T20:01:41+08:00 ] 127.0.0.1 /admin.php/Examine/verifyCertificate.html
INFO: [ app_begin ] --START--
INFO: Run Behavior\ReadHtmlCacheBehavior [ RunTime:0.001085s ]
INFO: [ app_begin ] --END-- [ RunTime:0.002238s ]
NOTIC: [8] Undefined offset: 0 D:\WampServer\www\Admin\Home\Controller\ExamineController.class.php 第 41 行.
NOTIC: [8] Undefined offset: 0 D:\WampServer\www\Admin\Home\Controller\ExamineController.class.php 第 43 行.
INFO: [ app_end ] --START--
INFO: Run Behavior\ShowPageTraceBehavior [ RunTime:0.000858s ]
INFO: [ app_end ] --END-- [ RunTime:0.001043s ]

[ 2016-07-20T20:02:05+08:00 ] 127.0.0.1 /admin.php/Examine/verifyCertificate.html
INFO: [ app_begin ] --START--
INFO: Run Behavior\ReadHtmlCacheBehavior [ RunTime:0.000979s ]
INFO: [ app_begin ] --END-- [ RunTime:0.002000s ]
NOTIC: [8] Undefined offset: 0 D:\WampServer\www\Admin\Home\Controller\ExamineController.class.php 第 41 行.
NOTIC: [8] Undefined offset: 0 D:\WampServer\www\Admin\Home\Controller\ExamineController.class.php 第 43 行.
INFO: [ app_end ] --START--
INFO: Run Behavior\ShowPageTraceBehavior [ RunTime:0.000936s ]
INFO: [ app_end ] --END-- [ RunTime:0.001167s ]

[ 2016-07-20T20:02:29+08:00 ] 127.0.0.1 /admin.php/Examine/verifyCertificate.html
INFO: [ app_begin ] --START--
INFO: Run Behavior\ReadHtmlCacheBehavior [ RunTime:0.001345s ]
INFO: [ app_begin ] --END-- [ RunTime:0.002478s ]
NOTIC: [8] Undefined offset: 0 D:\WampServer\www\Admin\Home\Controller\ExamineController.class.php 第 41 行.
NOTIC: [8] Undefined offset: 0 D:\WampServer\www\Admin\Home\Controller\ExamineController.class.php 第 43 行.
INFO: [ app_end ] --START--
INFO: Run Behavior\ShowPageTraceBehavior [ RunTime:0.001090s ]
INFO: [ app_end ] --END-- [ RunTime:0.001343s ]

[ 2016-07-20T20:02:31+08:00 ] 127.0.0.1 /admin.php/Examine/verifyCertificate.html
INFO: [ app_begin ] --START--
INFO: Run Behavior\ReadHtmlCacheBehavior [ RunTime:0.000662s ]
INFO: [ app_begin ] --END-- [ RunTime:0.001222s ]
NOTIC: [8] Undefined offset: 0 D:\WampServer\www\Admin\Home\Controller\ExamineController.class.php 第 41 行.
NOTIC: [8] Undefined offset: 0 D:\WampServer\www\Admin\Home\Controller\ExamineController.class.php 第 43 行.
INFO: [ app_end ] --START--
INFO: Run Behavior\ShowPageTraceBehavior [ RunTime:0.000785s ]
INFO: [ app_end ] --END-- [ RunTime:0.000912s ]

[ 2016-07-20T20:02:32+08:00 ] 127.0.0.1 /admin.php/Examine/verifyCertificate.html
INFO: [ app_begin ] --START--
INFO: Run Behavior\ReadHtmlCacheBehavior [ RunTime:0.000768s ]
INFO: [ app_begin ] --END-- [ RunTime:0.001703s ]
NOTIC: [8] Undefined offset: 0 D:\WampServer\www\Admin\Home\Controller\ExamineController.class.php 第 41 行.
NOTIC: [8] Undefined offset: 0 D:\WampServer\www\Admin\Home\Controller\ExamineController.class.php 第 43 行.
INFO: [ app_end ] --START--
INFO: Run Behavior\ShowPageTraceBehavior [ RunTime:0.001032s ]
INFO: [ app_end ] --END-- [ RunTime:0.001212s ]

[ 2016-07-20T20:02:33+08:00 ] 127.0.0.1 /admin.php/Examine/verifyCertificate.html
INFO: [ app_begin ] --START--
INFO: Run Behavior\ReadHtmlCacheBehavior [ RunTime:0.000669s ]
INFO: [ app_begin ] --END-- [ RunTime:0.001250s ]
NOTIC: [8] Undefined offset: 0 D:\WampServer\www\Admin\Home\Controller\ExamineController.class.php 第 41 行.
NOTIC: [8] Undefined offset: 0 D:\WampServer\www\Admin\Home\Controller\ExamineController.class.php 第 43 行.
INFO: [ app_end ] --START--
INFO: Run Behavior\ShowPageTraceBehavior [ RunTime:0.000987s ]
INFO: [ app_end ] --END-- [ RunTime:0.001154s ]

[ 2016-07-20T20:02:34+08:00 ] 127.0.0.1 /admin.php/Examine/verifyCertificate.html
INFO: [ app_begin ] --START--
INFO: Run Behavior\ReadHtmlCacheBehavior [ RunTime:0.001419s ]
INFO: [ app_begin ] --END-- [ RunTime:0.002413s ]
NOTIC: [8] Undefined offset: 0 D:\WampServer\www\Admin\Home\Controller\ExamineController.class.php 第 41 行.
NOTIC: [8] Undefined offset: 0 D:\WampServer\www\Admin\Home\Controller\ExamineController.class.php 第 43 行.
INFO: [ app_end ] --START--
INFO: Run Behavior\ShowPageTraceBehavior [ RunTime:0.000617s ]
INFO: [ app_end ] --END-- [ RunTime:0.000736s ]

[ 2016-07-20T20:03:10+08:00 ] 127.0.0.1 /admin.php/Examine/verifyCertificate.html
INFO: [ app_begin ] --START--
INFO: Run Behavior\ReadHtmlCacheBehavior [ RunTime:0.000972s ]
INFO: [ app_begin ] --END-- [ RunTime:0.001747s ]
NOTIC: [8] Undefined offset: 0 D:\WampServer\www\Admin\Home\Controller\ExamineController.class.php 第 41 行.
NOTIC: [8] Undefined offset: 0 D:\WampServer\www\Admin\Home\Controller\ExamineController.class.php 第 43 行.
INFO: [ app_end ] --START--
INFO: Run Behavior\ShowPageTraceBehavior [ RunTime:0.001100s ]
INFO: [ app_end ] --END-- [ RunTime:0.001373s ]

[ 2016-07-20T20:03:11+08:00 ] 127.0.0.1 /admin.php/Examine/verifyCertificate.html
INFO: [ app_begin ] --START--
INFO: Run Behavior\ReadHtmlCacheBehavior [ RunTime:0.000534s ]
INFO: [ app_begin ] --END-- [ RunTime:0.001155s ]
NOTIC: [8] Undefined offset: 0 D:\WampServer\www\Admin\Home\Controller\ExamineController.class.php 第 41 行.
NOTIC: [8] Undefined offset: 0 D:\WampServer\www\Admin\Home\Controller\ExamineController.class.php 第 43 行.
INFO: [ app_end ] --START--
INFO: Run Behavior\ShowPageTraceBehavior [ RunTime:0.000836s ]
INFO: [ app_end ] --END-- [ RunTime:0.000980s ]

[ 2016-07-20T20:03:12+08:00 ] 127.0.0.1 /admin.php/Examine/verifyCertificate.html
INFO: [ app_begin ] --START--
INFO: Run Behavior\ReadHtmlCacheBehavior [ RunTime:0.000841s ]
INFO: [ app_begin ] --END-- [ RunTime:0.001584s ]
NOTIC: [8] Undefined offset: 0 D:\WampServer\www\Admin\Home\Controller\ExamineController.class.php 第 41 行.
NOTIC: [8] Undefined offset: 0 D:\WampServer\www\Admin\Home\Controller\ExamineController.class.php 第 43 行.
INFO: [ app_end ] --START--
INFO: Run Behavior\ShowPageTraceBehavior [ RunTime:0.000698s ]
INFO: [ app_end ] --END-- [ RunTime:0.000863s ]

[ 2016-07-20T20:03:12+08:00 ] 127.0.0.1 /admin.php/Examine/verifyCertificate.html
INFO: [ app_begin ] --START--
INFO: Run Behavior\ReadHtmlCacheBehavior [ RunTime:0.000601s ]
INFO: [ app_begin ] --END-- [ RunTime:0.001184s ]
NOTIC: [8] Undefined offset: 0 D:\WampServer\www\Admin\Home\Controller\ExamineController.class.php 第 41 行.
NOTIC: [8] Undefined offset: 0 D:\WampServer\www\Admin\Home\Controller\ExamineController.class.php 第 43 行.
INFO: [ app_end ] --START--
INFO: Run Behavior\ShowPageTraceBehavior [ RunTime:0.000893s ]
INFO: [ app_end ] --END-- [ RunTime:0.001033s ]

[ 2016-07-20T20:03:13+08:00 ] 127.0.0.1 /admin.php/Examine/verifyCertificate.html
INFO: [ app_begin ] --START--
INFO: Run Behavior\ReadHtmlCacheBehavior [ RunTime:0.001260s ]
INFO: [ app_begin ] --END-- [ RunTime:0.002442s ]
NOTIC: [8] Undefined offset: 0 D:\WampServer\www\Admin\Home\Controller\ExamineController.class.php 第 41 行.
NOTIC: [8] Undefined offset: 0 D:\WampServer\www\Admin\Home\Controller\ExamineController.class.php 第 43 行.
INFO: [ app_end ] --START--
INFO: Run Behavior\ShowPageTraceBehavior [ RunTime:0.000604s ]
INFO: [ app_end ] --END-- [ RunTime:0.000759s ]

[ 2016-07-20T20:03:14+08:00 ] 127.0.0.1 /admin.php/Examine/verifyCertificate.html
INFO: [ app_begin ] --START--
INFO: Run Behavior\ReadHtmlCacheBehavior [ RunTime:0.000682s ]
INFO: [ app_begin ] --END-- [ RunTime:0.001476s ]
NOTIC: [8] Undefined offset: 0 D:\WampServer\www\Admin\Home\Controller\ExamineController.class.php 第 41 行.
NOTIC: [8] Undefined offset: 0 D:\WampServer\www\Admin\Home\Controller\ExamineController.class.php 第 43 行.
INFO: [ app_end ] --START--
INFO: Run Behavior\ShowPageTraceBehavior [ RunTime:0.000545s ]
INFO: [ app_end ] --END-- [ RunTime:0.000664s ]

[ 2016-07-20T20:03:15+08:00 ] 127.0.0.1 /admin.php/Examine/verifyCertificate.html
INFO: [ app_begin ] --START--
INFO: Run Behavior\ReadHtmlCacheBehavior [ RunTime:0.000541s ]
INFO: [ app_begin ] --END-- [ RunTime:0.001045s ]
NOTIC: [8] Undefined offset: 0 D:\WampServer\www\Admin\Home\Controller\ExamineController.class.php 第 41 行.
NOTIC: [8] Undefined offset: 0 D:\WampServer\www\Admin\Home\Controller\ExamineController.class.php 第 43 行.
INFO: [ app_end ] --START--
INFO: Run Behavior\ShowPageTraceBehavior [ RunTime:0.000532s ]
INFO: [ app_end ] --END-- [ RunTime:0.000644s ]

[ 2016-07-20T20:04:49+08:00 ] 127.0.0.1 /admin.php/Examine/verifyCertificate.html
INFO: [ app_begin ] --START--
INFO: Run Behavior\ReadHtmlCacheBehavior [ RunTime:0.001003s ]
INFO: [ app_begin ] --END-- [ RunTime:0.001930s ]
NOTIC: [8] Undefined offset: 0 D:\WampServer\www\Admin\Home\Controller\ExamineController.class.php 第 41 行.
NOTIC: [8] Undefined offset: 0 D:\WampServer\www\Admin\Home\Controller\ExamineController.class.php 第 44 行.
INFO: [ app_end ] --START--
INFO: Run Behavior\ShowPageTraceBehavior [ RunTime:0.001332s ]
INFO: [ app_end ] --END-- [ RunTime:0.001592s ]

[ 2016-07-20T20:05:48+08:00 ] 127.0.0.1 /admin.php/Examine/verifyCertificate.html
INFO: [ app_begin ] --START--
INFO: Run Behavior\ReadHtmlCacheBehavior [ RunTime:0.001081s ]
INFO: [ app_begin ] --END-- [ RunTime:0.001810s ]
NOTIC: [8] Undefined offset: 0 D:\WampServer\www\Admin\Home\Controller\ExamineController.class.php 第 41 行.
NOTIC: [8] Undefined offset: 0 D:\WampServer\www\Admin\Home\Controller\ExamineController.class.php 第 44 行.
INFO: [ app_end ] --START--
INFO: Run Behavior\ShowPageTraceBehavior [ RunTime:0.001227s ]
INFO: [ app_end ] --END-- [ RunTime:0.001476s ]

[ 2016-07-20T20:06:24+08:00 ] 127.0.0.1 /admin.php/Examine/verifyCertificate.html
INFO: [ app_begin ] --START--
INFO: Run Behavior\ReadHtmlCacheBehavior [ RunTime:0.000875s ]
INFO: [ app_begin ] --END-- [ RunTime:0.001859s ]
NOTIC: [8] Undefined offset: 0 D:\WampServer\www\Admin\Home\Controller\ExamineController.class.php 第 41 行.
NOTIC: [8] Undefined offset: 0 D:\WampServer\www\Admin\Home\Controller\ExamineController.class.php 第 45 行.
INFO: [ app_end ] --START--
INFO: Run Behavior\ShowPageTraceBehavior [ RunTime:0.000987s ]
INFO: [ app_end ] --END-- [ RunTime:0.001225s ]

[ 2016-07-20T20:06:44+08:00 ] 127.0.0.1 /admin.php/Examine/verifyCertificate.html
INFO: [ app_begin ] --START--
INFO: Run Behavior\ReadHtmlCacheBehavior [ RunTime:0.000703s ]
INFO: [ app_begin ] --END-- [ RunTime:0.001278s ]
NOTIC: [8] Undefined offset: 0 D:\WampServer\www\Admin\Home\Controller\ExamineController.class.php 第 41 行.
NOTIC: [8] Undefined offset: 0 D:\WampServer\www\Admin\Home\Controller\ExamineController.class.php 第 45 行.
INFO: [ app_end ] --START--
INFO: Run Behavior\ShowPageTraceBehavior [ RunTime:0.000773s ]
INFO: [ app_end ] --END-- [ RunTime:0.000952s ]

[ 2016-07-20T20:06:56+08:00 ] 127.0.0.1 /admin.php/Examine/verifyCertificate.html
INFO: [ app_begin ] --START--
INFO: Run Behavior\ReadHtmlCacheBehavior [ RunTime:0.000640s ]
INFO: [ app_begin ] --END-- [ RunTime:0.001240s ]
NOTIC: [8] Undefined offset: 0 D:\WampServer\www\Admin\Home\Controller\ExamineController.class.php 第 41 行.
NOTIC: [8] Undefined offset: 0 D:\WampServer\www\Admin\Home\Controller\ExamineController.class.php 第 45 行.
INFO: [ app_end ] --START--
INFO: Run Behavior\ShowPageTraceBehavior [ RunTime:0.000766s ]
INFO: [ app_end ] --END-- [ RunTime:0.000897s ]

[ 2016-07-20T20:07:43+08:00 ] 127.0.0.1 /admin.php/Examine/verifyCertificate.html
INFO: [ app_begin ] --START--
INFO: Run Behavior\ReadHtmlCacheBehavior [ RunTime:0.001305s ]
INFO: [ app_begin ] --END-- [ RunTime:0.002206s ]
SQL: SHOW COLUMNS FROM `map_certificate` [ RunTime:0.0007s ]
SQL: UPDATE `map_certificate` SET `verify`='1' WHERE `id` = 2 [ RunTime:0.0005s ]
INFO: [ app_end ] --START--
INFO: Run Behavior\ShowPageTraceBehavior [ RunTime:0.000873s ]
INFO: [ app_end ] --END-- [ RunTime:0.000993s ]

[ 2016-07-20T20:07:45+08:00 ] 127.0.0.1 /admin.php/Examine/verifyCertificate.html
INFO: [ app_begin ] --START--
INFO: Run Behavior\ReadHtmlCacheBehavior [ RunTime:0.000786s ]
INFO: [ app_begin ] --END-- [ RunTime:0.001407s ]
SQL: SHOW COLUMNS FROM `map_certificate` [ RunTime:0.0009s ]
SQL: UPDATE `map_certificate` SET `verify`='1' WHERE `id` = 3 [ RunTime:0.0004s ]
INFO: [ app_end ] --START--
INFO: Run Behavior\ShowPageTraceBehavior [ RunTime:0.000746s ]
INFO: [ app_end ] --END-- [ RunTime:0.000862s ]

[ 2016-07-20T20:07:49+08:00 ] 127.0.0.1 /admin.php/Examine/verifyCertificate.html
INFO: [ app_begin ] --START--
INFO: Run Behavior\ReadHtmlCacheBehavior [ RunTime:0.000569s ]
INFO: [ app_begin ] --END-- [ RunTime:0.001043s ]
SQL: SHOW COLUMNS FROM `map_certificate` [ RunTime:0.0006s ]
SQL: UPDATE `map_certificate` SET `verify`='1' WHERE `id` = 4 [ RunTime:0.0003s ]
INFO: [ app_end ] --START--
INFO: Run Behavior\ShowPageTraceBehavior [ RunTime:0.000666s ]
INFO: [ app_end ] --END-- [ RunTime:0.000778s ]

[ 2016-07-20T20:07:50+08:00 ] 127.0.0.1 /admin.php/Examine/verifyCertificate.html
INFO: [ app_begin ] --START--
INFO: Run Behavior\ReadHtmlCacheBehavior [ RunTime:0.000493s ]
INFO: [ app_begin ] --END-- [ RunTime:0.000937s ]
SQL: SHOW COLUMNS FROM `map_certificate` [ RunTime:0.0006s ]
SQL: UPDATE `map_certificate` SET `verify`='1' WHERE `id` = 5 [ RunTime:0.0003s ]
INFO: [ app_end ] --START--
INFO: Run Behavior\ShowPageTraceBehavior [ RunTime:0.000641s ]
INFO: [ app_end ] --END-- [ RunTime:0.000760s ]

[ 2016-07-20T20:07:51+08:00 ] 127.0.0.1 /admin.php/Examine/verifyCertificate.html
INFO: [ app_begin ] --START--
INFO: Run Behavior\ReadHtmlCacheBehavior [ RunTime:0.000631s ]
INFO: [ app_begin ] --END-- [ RunTime:0.001118s ]
SQL: SHOW COLUMNS FROM `map_certificate` [ RunTime:0.0006s ]
SQL: UPDATE `map_certificate` SET `verify`='1' WHERE `id` = 6 [ RunTime:0.0003s ]
INFO: [ app_end ] --START--
INFO: Run Behavior\ShowPageTraceBehavior [ RunTime:0.000756s ]
INFO: [ app_end ] --END-- [ RunTime:0.000871s ]

[ 2016-07-20T20:07:52+08:00 ] 127.0.0.1 /admin.php/Examine/verifyCertificate.html
INFO: [ app_begin ] --START--
INFO: Run Behavior\ReadHtmlCacheBehavior [ RunTime:0.000542s ]
INFO: [ app_begin ] --END-- [ RunTime:0.001068s ]
SQL: SHOW COLUMNS FROM `map_certificate` [ RunTime:0.0006s ]
SQL: UPDATE `map_certificate` SET `verify`='1' WHERE `id` = 7 [ RunTime:0.0003s ]
INFO: [ app_end ] --START--
INFO: Run Behavior\ShowPageTraceBehavior [ RunTime:0.000671s ]
INFO: [ app_end ] --END-- [ RunTime:0.000782s ]

[ 2016-07-20T20:07:55+08:00 ] 127.0.0.1 /admin.php/Examine/verifyCertificate.html
INFO: [ app_begin ] --START--
INFO: Run Behavior\ReadHtmlCacheBehavior [ RunTime:0.000711s ]
INFO: [ app_begin ] --END-- [ RunTime:0.001438s ]
SQL: SHOW COLUMNS FROM `map_certificate` [ RunTime:0.0008s ]
SQL: UPDATE `map_certificate` SET `verify`='1' WHERE `id` = 8 [ RunTime:0.0004s ]
INFO: [ app_end ] --START--
INFO: Run Behavior\ShowPageTraceBehavior [ RunTime:0.000769s ]
INFO: [ app_end ] --END-- [ RunTime:0.000913s ]

[ 2016-07-20T20:07:56+08:00 ] 127.0.0.1 /admin.php/Examine/verifyCertificate.html
INFO: [ app_begin ] --START--
INFO: Run Behavior\ReadHtmlCacheBehavior [ RunTime:0.000520s ]
INFO: [ app_begin ] --END-- [ RunTime:0.001021s ]
SQL: SHOW COLUMNS FROM `map_certificate` [ RunTime:0.0006s ]
SQL: UPDATE `map_certificate` SET `verify`='1' WHERE `id` = 9 [ RunTime:0.0003s ]
INFO: [ app_end ] --START--
INFO: Run Behavior\ShowPageTraceBehavior [ RunTime:0.000686s ]
INFO: [ app_end ] --END-- [ RunTime:0.000811s ]

[ 2016-07-20T20:07:58+08:00 ] 127.0.0.1 /admin.php/Examine/verifyCertificate.html
INFO: [ app_begin ] --START--
INFO: Run Behavior\ReadHtmlCacheBehavior [ RunTime:0.000612s ]
INFO: [ app_begin ] --END-- [ RunTime:0.001113s ]
SQL: SHOW COLUMNS FROM `map_certificate` [ RunTime:0.0006s ]
SQL: UPDATE `map_certificate` SET `verify`='2' WHERE `id` = 10 [ RunTime:0.0003s ]
INFO: [ app_end ] --START--
INFO: Run Behavior\ShowPageTraceBehavior [ RunTime:0.000749s ]
INFO: [ app_end ] --END-- [ RunTime:0.000863s ]

[ 2016-07-20T20:07:59+08:00 ] 127.0.0.1 /admin.php/Examine/verifyCertificate.html
INFO: [ app_begin ] --START--
INFO: Run Behavior\ReadHtmlCacheBehavior [ RunTime:0.000687s ]
INFO: [ app_begin ] --END-- [ RunTime:0.001217s ]
SQL: SHOW COLUMNS FROM `map_certificate` [ RunTime:0.0008s ]
SQL: UPDATE `map_certificate` SET `verify`='2' WHERE `id` = 11 [ RunTime:0.0004s ]
INFO: [ app_end ] --START--
INFO: Run Behavior\ShowPageTraceBehavior [ RunTime:0.000764s ]
INFO: [ app_end ] --END-- [ RunTime:0.000949s ]

[ 2016-07-20T20:08:55+08:00 ] 127.0.0.1 /admin.php/Examine/verifyCertificate.html
INFO: [ app_begin ] --START--
INFO: Run Behavior\ReadHtmlCacheBehavior [ RunTime:0.000716s ]
INFO: [ app_begin ] --END-- [ RunTime:0.001307s ]
SQL: SHOW COLUMNS FROM `map_certificate` [ RunTime:0.0006s ]
SQL: UPDATE `map_certificate` SET `verify`='1' WHERE `id` = 12 [ RunTime:0.0004s ]
INFO: [ app_end ] --START--
INFO: Run Behavior\ShowPageTraceBehavior [ RunTime:0.000807s ]
INFO: [ app_end ] --END-- [ RunTime:0.000921s ]

[ 2016-07-20T20:09:13+08:00 ] 127.0.0.1 /admin.php/Examine/verifyCertificate.html
INFO: [ app_begin ] --START--
INFO: Run Behavior\ReadHtmlCacheBehavior [ RunTime:0.000626s ]
INFO: [ app_begin ] --END-- [ RunTime:0.001182s ]
SQL: SHOW COLUMNS FROM `map_certificate` [ RunTime:0.0006s ]
SQL: UPDATE `map_certificate` SET `verify`='2' WHERE `id` = 13 [ RunTime:0.0004s ]
INFO: [ app_end ] --START--
INFO: Run Behavior\ShowPageTraceBehavior [ RunTime:0.000764s ]
INFO: [ app_end ] --END-- [ RunTime:0.000877s ]

[ 2016-07-20T20:11:32+08:00 ] 127.0.0.1 /admin.php/Examine/verifyCertificate.html
INFO: [ app_begin ] --START--
INFO: Run Behavior\ReadHtmlCacheBehavior [ RunTime:0.000803s ]
INFO: [ app_begin ] --END-- [ RunTime:0.001420s ]
SQL: SHOW COLUMNS FROM `map_certificate` [ RunTime:0.0007s ]
SQL: UPDATE `map_certificate` SET `verify`='1' WHERE `id` = 14 [ RunTime:0.0004s ]
INFO: [ app_end ] --START--
INFO: Run Behavior\ShowPageTraceBehavior [ RunTime:0.000842s ]
INFO: [ app_end ] --END-- [ RunTime:0.000958s ]

