[ 2016-07-19T00:15:08+08:00 ] ::1 /admin.php/Score/selectScore.html
ERR: 模板不存在:./Admin/Home/View/Score/selectScore.php

[ 2016-07-19T00:15:18+08:00 ] ::1 /admin.php/Score/selectScore.html
ERR: 模板不存在:./Admin/Home/View/Score/selectScore.php

[ 2016-07-19T14:28:16+08:00 ] ::1 /admin.php/Login/Login/login
INFO: [ app_begin ] --START--
INFO: Run Behavior\ReadHtmlCacheBehavior [ RunTime:0.000604s ]
INFO: [ app_begin ] --END-- [ RunTime:0.001107s ]
SQL: SHOW COLUMNS FROM `map_admin` [ RunTime:0.0010s ]
SQL: SELECT * FROM `map_admin` WHERE `name` = '王晓杰' AND `password` = '501e0bbac99eb3673e5df715eacd9d0efb5601f5' LIMIT 1   [ RunTime:0.0543s ]
SQL: SELECT * FROM `map_admin` WHERE `name` = '王晓杰' AND `password` = '501e0bbac99eb3673e5df715eacd9d0efb5601f5' LIMIT 1   [ RunTime:0.0004s ]
INFO: [ app_end ] --START--
INFO: Run Behavior\ShowPageTraceBehavior [ RunTime:0.001016s ]
INFO: [ app_end ] --END-- [ RunTime:0.001168s ]

[ 2016-07-19T15:20:38+08:00 ] ::1 /admin.php/Score/selectCondition.html
ERR: 模板不存在:./Admin/Home/View/Score/selectCondition.php

[ 2016-07-19T15:39:17+08:00 ] ::1 /admin.php/Score/selectScore/p/-1.html
ERR: 非法操作:selectScore

[ 2016-07-19T15:39:18+08:00 ] ::1 /admin.php/Score/selectScore/p/1.html
ERR: 非法操作:selectScore

[ 2016-07-19T16:16:59+08:00 ] ::1 /admin.php/Score/selectScore.html
ERR: 非法操作:selectScore

[ 2016-07-19T16:20:20+08:00 ] ::1 /admin.php/Score/selectScore/page/2.html
ERR: 非法操作:selectScore

[ 2016-07-19T16:20:22+08:00 ] ::1 /admin.php/Score/selectScore/page/2.html
ERR: 非法操作:selectScore

[ 2016-07-19T16:20:51+08:00 ] ::1 /admin.php/Score/selectList/page/2.html
ERR: 模板不存在:./Admin/Home/View/Score/selectList.php

[ 2016-07-19T16:22:59+08:00 ] ::1 /admin.php/Score/selectScore/page/4.88.html
ERR: 非法操作:selectScore

[ 2016-07-19T16:22:59+08:00 ] ::1 /admin.php/Score/selectScore/page/4.88.html
ERR: 非法操作:selectScore

[ 2016-07-19T16:23:15+08:00 ] ::1 /admin.php/Score/selectScore/page/4.88.html
ERR: 非法操作:selectScore

[ 2016-07-19T17:36:35+08:00 ] ::1 /admin.php/Export/index.html
ERR: 参数错误或者未定义:data

[ 2016-07-19T17:37:57+08:00 ] ::1 /admin.php/Export/index.html
ERR: 参数错误或者未定义:data

[ 2016-07-19T17:38:04+08:00 ] ::1 /admin.php/Export/index.html
ERR: 参数错误或者未定义:data

[ 2016-07-19T17:40:40+08:00 ] ::1 /admin.php/Export/index.html
ERR: 参数错误或者未定义:data

[ 2016-07-19T17:40:54+08:00 ] ::1 /admin.php/Export/index.html
ERR: 参数错误或者未定义:data

[ 2016-07-19T17:41:20+08:00 ] ::1 /admin.php/Export/index.html
ERR: 参数错误或者未定义:data

[ 2016-07-19T17:41:25+08:00 ] ::1 /admin.php/Export/index.html
ERR: 参数错误或者未定义:data

[ 2016-07-19T17:41:52+08:00 ] ::1 /admin.php/Export/index.html
ERR: 参数错误或者未定义:data

[ 2016-07-19T17:46:44+08:00 ] ::1 /admin.php/Score/1
ERR: 非法操作:1

