[ 2016-08-26T22:43:14+08:00 ] 192.168.2.104 /Project/
INFO: [ app_init ] --START--
INFO: Run Behavior\BuildLiteBehavior [ RunTime:0.000019s ]
INFO: [ app_init ] --END-- [ RunTime:0.000959s ]
INFO: [ app_begin ] --START--
INFO: Run Behavior\ReadHtmlCacheBehavior [ RunTime:0.001506s ]
INFO: [ app_begin ] --END-- [ RunTime:0.001550s ]
SQL: SHOW COLUMNS FROM `map_content` [ RunTime:0.0562s ]
SQL: SELECT `id`,`title`,`date` FROM `map_content` WHERE `type` = '最新公告' ORDER BY date desc LIMIT 5   [ RunTime:0.0377s ]
SQL: SELECT `id`,`title`,`date` FROM `map_content` WHERE `type` = '校内新闻' ORDER BY date desc LIMIT 5   [ RunTime:0.0017s ]
SQL: SELECT `id`,`title`,`date` FROM `map_content` WHERE `type` = '学院动态' ORDER BY date desc LIMIT 8   [ RunTime:0.0015s ]
SQL: SHOW COLUMNS FROM `map_down` [ RunTime:0.0202s ]
SQL: SELECT `id`,`title`,`route`,`date` FROM `map_down` ORDER BY date desc LIMIT 5   [ RunTime:0.0064s ]
SQL: SHOW COLUMNS FROM `map_imgtoggle` [ RunTime:0.0317s ]
SQL: SELECT * FROM `map_imgtoggle` ORDER BY id desc LIMIT 4   [ RunTime:0.0010s ]
INFO: [ view_parse ] --START--
INFO: [ template_filter ] --START--
INFO: Run Behavior\ContentReplaceBehavior [ RunTime:0.000064s ]
INFO: [ template_filter ] --END-- [ RunTime:0.000111s ]
NOTIC: [8] Use of undefined constant utf8 - assumed 'utf8' D:\phpStudy\WWW\Project\Geomatics\Runtime\Cache\Home\74cec26956cda6f8b067c71a467795e7.php 第 130 行.
NOTIC: [8] Use of undefined constant utf8 - assumed 'utf8' D:\phpStudy\WWW\Project\Geomatics\Runtime\Cache\Home\74cec26956cda6f8b067c71a467795e7.php 第 130 行.
NOTIC: [8] Use of undefined constant utf8 - assumed 'utf8' D:\phpStudy\WWW\Project\Geomatics\Runtime\Cache\Home\74cec26956cda6f8b067c71a467795e7.php 第 130 行.
NOTIC: [8] Use of undefined constant utf8 - assumed 'utf8' D:\phpStudy\WWW\Project\Geomatics\Runtime\Cache\Home\74cec26956cda6f8b067c71a467795e7.php 第 130 行.
NOTIC: [8] Use of undefined constant utf8 - assumed 'utf8' D:\phpStudy\WWW\Project\Geomatics\Runtime\Cache\Home\74cec26956cda6f8b067c71a467795e7.php 第 130 行.
NOTIC: [8] Use of undefined constant utf8 - assumed 'utf8' D:\phpStudy\WWW\Project\Geomatics\Runtime\Cache\Home\74cec26956cda6f8b067c71a467795e7.php 第 130 行.
NOTIC: [8] Use of undefined constant utf8 - assumed 'utf8' D:\phpStudy\WWW\Project\Geomatics\Runtime\Cache\Home\74cec26956cda6f8b067c71a467795e7.php 第 130 行.
NOTIC: [8] Use of undefined constant utf8 - assumed 'utf8' D:\phpStudy\WWW\Project\Geomatics\Runtime\Cache\Home\74cec26956cda6f8b067c71a467795e7.php 第 130 行.
NOTIC: [8] Use of undefined constant utf8 - assumed 'utf8' D:\phpStudy\WWW\Project\Geomatics\Runtime\Cache\Home\74cec26956cda6f8b067c71a467795e7.php 第 130 行.
NOTIC: [8] Use of undefined constant utf8 - assumed 'utf8' D:\phpStudy\WWW\Project\Geomatics\Runtime\Cache\Home\74cec26956cda6f8b067c71a467795e7.php 第 130 行.
NOTIC: [8] Use of undefined constant utf8 - assumed 'utf8' D:\phpStudy\WWW\Project\Geomatics\Runtime\Cache\Home\74cec26956cda6f8b067c71a467795e7.php 第 130 行.
NOTIC: [8] Use of undefined constant utf8 - assumed 'utf8' D:\phpStudy\WWW\Project\Geomatics\Runtime\Cache\Home\74cec26956cda6f8b067c71a467795e7.php 第 130 行.
NOTIC: [8] Use of undefined constant utf8 - assumed 'utf8' D:\phpStudy\WWW\Project\Geomatics\Runtime\Cache\Home\74cec26956cda6f8b067c71a467795e7.php 第 130 行.
NOTIC: [8] Use of undefined constant utf8 - assumed 'utf8' D:\phpStudy\WWW\Project\Geomatics\Runtime\Cache\Home\74cec26956cda6f8b067c71a467795e7.php 第 130 行.
NOTIC: [8] Use of undefined constant utf8 - assumed 'utf8' D:\phpStudy\WWW\Project\Geomatics\Runtime\Cache\Home\74cec26956cda6f8b067c71a467795e7.php 第 130 行.
NOTIC: [8] Use of undefined constant utf8 - assumed 'utf8' D:\phpStudy\WWW\Project\Geomatics\Runtime\Cache\Home\74cec26956cda6f8b067c71a467795e7.php 第 130 行.
NOTIC: [8] Undefined index: stuId D:\phpStudy\WWW\Project\Geomatics\Runtime\Cache\Home\74cec26956cda6f8b067c71a467795e7.php 第 136 行.
NOTIC: [8] Use of undefined constant utf8 - assumed 'utf8' D:\phpStudy\WWW\Project\Geomatics\Runtime\Cache\Home\74cec26956cda6f8b067c71a467795e7.php 第 173 行.
NOTIC: [8] Use of undefined constant utf8 - assumed 'utf8' D:\phpStudy\WWW\Project\Geomatics\Runtime\Cache\Home\74cec26956cda6f8b067c71a467795e7.php 第 173 行.
NOTIC: [8] Use of undefined constant utf8 - assumed 'utf8' D:\phpStudy\WWW\Project\Geomatics\Runtime\Cache\Home\74cec26956cda6f8b067c71a467795e7.php 第 173 行.
NOTIC: [8] Use of undefined constant utf8 - assumed 'utf8' D:\phpStudy\WWW\Project\Geomatics\Runtime\Cache\Home\74cec26956cda6f8b067c71a467795e7.php 第 173 行.
NOTIC: [8] Use of undefined constant utf8 - assumed 'utf8' D:\phpStudy\WWW\Project\Geomatics\Runtime\Cache\Home\74cec26956cda6f8b067c71a467795e7.php 第 173 行.
NOTIC: [8] Use of undefined constant utf8 - assumed 'utf8' D:\phpStudy\WWW\Project\Geomatics\Runtime\Cache\Home\74cec26956cda6f8b067c71a467795e7.php 第 173 行.
NOTIC: [8] Use of undefined constant utf8 - assumed 'utf8' D:\phpStudy\WWW\Project\Geomatics\Runtime\Cache\Home\74cec26956cda6f8b067c71a467795e7.php 第 173 行.
NOTIC: [8] Use of undefined constant utf8 - assumed 'utf8' D:\phpStudy\WWW\Project\Geomatics\Runtime\Cache\Home\74cec26956cda6f8b067c71a467795e7.php 第 173 行.
NOTIC: [8] Use of undefined constant utf8 - assumed 'utf8' D:\phpStudy\WWW\Project\Geomatics\Runtime\Cache\Home\74cec26956cda6f8b067c71a467795e7.php 第 173 行.
NOTIC: [8] Use of undefined constant utf8 - assumed 'utf8' D:\phpStudy\WWW\Project\Geomatics\Runtime\Cache\Home\74cec26956cda6f8b067c71a467795e7.php 第 173 行.
NOTIC: [8] Use of undefined constant utf8 - assumed 'utf8' D:\phpStudy\WWW\Project\Geomatics\Runtime\Cache\Home\74cec26956cda6f8b067c71a467795e7.php 第 180 行.
NOTIC: [8] Use of undefined constant utf8 - assumed 'utf8' D:\phpStudy\WWW\Project\Geomatics\Runtime\Cache\Home\74cec26956cda6f8b067c71a467795e7.php 第 180 行.
NOTIC: [8] Use of undefined constant utf8 - assumed 'utf8' D:\phpStudy\WWW\Project\Geomatics\Runtime\Cache\Home\74cec26956cda6f8b067c71a467795e7.php 第 180 行.
NOTIC: [8] Use of undefined constant utf8 - assumed 'utf8' D:\phpStudy\WWW\Project\Geomatics\Runtime\Cache\Home\74cec26956cda6f8b067c71a467795e7.php 第 180 行.
NOTIC: [8] Use of undefined constant utf8 - assumed 'utf8' D:\phpStudy\WWW\Project\Geomatics\Runtime\Cache\Home\74cec26956cda6f8b067c71a467795e7.php 第 180 行.
NOTIC: [8] Use of undefined constant utf8 - assumed 'utf8' D:\phpStudy\WWW\Project\Geomatics\Runtime\Cache\Home\74cec26956cda6f8b067c71a467795e7.php 第 180 行.
NOTIC: [8] Use of undefined constant utf8 - assumed 'utf8' D:\phpStudy\WWW\Project\Geomatics\Runtime\Cache\Home\74cec26956cda6f8b067c71a467795e7.php 第 180 行.
NOTIC: [8] Use of undefined constant utf8 - assumed 'utf8' D:\phpStudy\WWW\Project\Geomatics\Runtime\Cache\Home\74cec26956cda6f8b067c71a467795e7.php 第 180 行.
NOTIC: [8] Use of undefined constant utf8 - assumed 'utf8' D:\phpStudy\WWW\Project\Geomatics\Runtime\Cache\Home\74cec26956cda6f8b067c71a467795e7.php 第 180 行.
NOTIC: [8] Use of undefined constant utf8 - assumed 'utf8' D:\phpStudy\WWW\Project\Geomatics\Runtime\Cache\Home\74cec26956cda6f8b067c71a467795e7.php 第 180 行.
INFO: Run Behavior\ParseTemplateBehavior [ RunTime:0.059392s ]
INFO: [ view_parse ] --END-- [ RunTime:0.059913s ]
INFO: [ view_filter ] --START--
INFO: Run Behavior\WriteHtmlCacheBehavior [ RunTime:0.001776s ]
INFO: [ view_filter ] --END-- [ RunTime:0.001829s ]
INFO: [ app_end ] --START--
INFO: Run Behavior\ShowPageTraceBehavior [ RunTime:0.001638s ]
INFO: [ app_end ] --END-- [ RunTime:0.001677s ]

[ 2016-08-26T22:43:14+08:00 ] 192.168.2.104 /Project/index.php/Login/verifyImg.html
INFO: [ app_init ] --START--
INFO: Run Behavior\BuildLiteBehavior [ RunTime:0.000013s ]
INFO: [ app_init ] --END-- [ RunTime:0.001066s ]
INFO: [ app_begin ] --START--
INFO: Run Behavior\ReadHtmlCacheBehavior [ RunTime:0.001588s ]
INFO: [ app_begin ] --END-- [ RunTime:0.001746s ]
INFO: [ app_end ] --START--
INFO: Run Behavior\ShowPageTraceBehavior [ RunTime:0.001844s ]
INFO: [ app_end ] --END-- [ RunTime:0.001909s ]

[ 2016-08-26T22:43:39+08:00 ] 192.168.2.104 /Project/index.php/Consult/index.html
INFO: [ app_init ] --START--
INFO: Run Behavior\BuildLiteBehavior [ RunTime:0.000010s ]
INFO: [ app_init ] --END-- [ RunTime:0.001018s ]
INFO: [ app_begin ] --START--
INFO: Run Behavior\ReadHtmlCacheBehavior [ RunTime:0.001362s ]
INFO: [ app_begin ] --END-- [ RunTime:0.001396s ]
SQL: SHOW COLUMNS FROM `map_setting` [ RunTime:0.0754s ]
SQL: SELECT * FROM `map_setting` WHERE `code` = 'noName' LIMIT 1   [ RunTime:0.0003s ]
INFO: [ view_parse ] --START--
INFO: [ template_filter ] --START--
INFO: Run Behavior\ContentReplaceBehavior [ RunTime:0.000047s ]
INFO: [ template_filter ] --END-- [ RunTime:0.000084s ]
NOTIC: [8] Undefined index: stuId D:\phpStudy\WWW\Project\Geomatics\Runtime\Cache\Home\7593b0f7b0243bb4f3be2dffb93176e6.php 第 147 行.
INFO: Run Behavior\ParseTemplateBehavior [ RunTime:0.012641s ]
INFO: [ view_parse ] --END-- [ RunTime:0.012685s ]
INFO: [ view_filter ] --START--
INFO: Run Behavior\WriteHtmlCacheBehavior [ RunTime:0.002000s ]
INFO: [ view_filter ] --END-- [ RunTime:0.002063s ]
INFO: [ app_end ] --START--
INFO: Run Behavior\ShowPageTraceBehavior [ RunTime:0.001636s ]
INFO: [ app_end ] --END-- [ RunTime:0.001680s ]

[ 2016-08-26T22:43:44+08:00 ] 192.168.2.104 /Project/index.php/Index/index.html
INFO: [ app_init ] --START--
INFO: Run Behavior\BuildLiteBehavior [ RunTime:0.000016s ]
INFO: [ app_init ] --END-- [ RunTime:0.001262s ]
INFO: [ app_begin ] --START--
INFO: Run Behavior\ReadHtmlCacheBehavior [ RunTime:0.001367s ]
INFO: [ app_begin ] --END-- [ RunTime:0.001407s ]
SQL: SHOW COLUMNS FROM `map_content` [ RunTime:0.0041s ]
SQL: SELECT `id`,`title`,`date` FROM `map_content` WHERE `type` = '最新公告' ORDER BY date desc LIMIT 5   [ RunTime:0.0014s ]
SQL: SELECT `id`,`title`,`date` FROM `map_content` WHERE `type` = '校内新闻' ORDER BY date desc LIMIT 5   [ RunTime:0.0012s ]
SQL: SELECT `id`,`title`,`date` FROM `map_content` WHERE `type` = '学院动态' ORDER BY date desc LIMIT 8   [ RunTime:0.0012s ]
SQL: SHOW COLUMNS FROM `map_down` [ RunTime:0.0043s ]
SQL: SELECT `id`,`title`,`route`,`date` FROM `map_down` ORDER BY date desc LIMIT 5   [ RunTime:0.0003s ]
SQL: SHOW COLUMNS FROM `map_imgtoggle` [ RunTime:0.0037s ]
SQL: SELECT * FROM `map_imgtoggle` ORDER BY id desc LIMIT 4   [ RunTime:0.0003s ]
INFO: [ view_parse ] --START--
INFO: [ template_filter ] --START--
INFO: Run Behavior\ContentReplaceBehavior [ RunTime:0.000065s ]
INFO: [ template_filter ] --END-- [ RunTime:0.000105s ]
NOTIC: [8] Use of undefined constant utf8 - assumed 'utf8' D:\phpStudy\WWW\Project\Geomatics\Runtime\Cache\Home\74cec26956cda6f8b067c71a467795e7.php 第 130 行.
NOTIC: [8] Use of undefined constant utf8 - assumed 'utf8' D:\phpStudy\WWW\Project\Geomatics\Runtime\Cache\Home\74cec26956cda6f8b067c71a467795e7.php 第 130 行.
NOTIC: [8] Use of undefined constant utf8 - assumed 'utf8' D:\phpStudy\WWW\Project\Geomatics\Runtime\Cache\Home\74cec26956cda6f8b067c71a467795e7.php 第 130 行.
NOTIC: [8] Use of undefined constant utf8 - assumed 'utf8' D:\phpStudy\WWW\Project\Geomatics\Runtime\Cache\Home\74cec26956cda6f8b067c71a467795e7.php 第 130 行.
NOTIC: [8] Use of undefined constant utf8 - assumed 'utf8' D:\phpStudy\WWW\Project\Geomatics\Runtime\Cache\Home\74cec26956cda6f8b067c71a467795e7.php 第 130 行.
NOTIC: [8] Use of undefined constant utf8 - assumed 'utf8' D:\phpStudy\WWW\Project\Geomatics\Runtime\Cache\Home\74cec26956cda6f8b067c71a467795e7.php 第 130 行.
NOTIC: [8] Use of undefined constant utf8 - assumed 'utf8' D:\phpStudy\WWW\Project\Geomatics\Runtime\Cache\Home\74cec26956cda6f8b067c71a467795e7.php 第 130 行.
NOTIC: [8] Use of undefined constant utf8 - assumed 'utf8' D:\phpStudy\WWW\Project\Geomatics\Runtime\Cache\Home\74cec26956cda6f8b067c71a467795e7.php 第 130 行.
NOTIC: [8] Use of undefined constant utf8 - assumed 'utf8' D:\phpStudy\WWW\Project\Geomatics\Runtime\Cache\Home\74cec26956cda6f8b067c71a467795e7.php 第 130 行.
NOTIC: [8] Use of undefined constant utf8 - assumed 'utf8' D:\phpStudy\WWW\Project\Geomatics\Runtime\Cache\Home\74cec26956cda6f8b067c71a467795e7.php 第 130 行.
NOTIC: [8] Use of undefined constant utf8 - assumed 'utf8' D:\phpStudy\WWW\Project\Geomatics\Runtime\Cache\Home\74cec26956cda6f8b067c71a467795e7.php 第 130 行.
NOTIC: [8] Use of undefined constant utf8 - assumed 'utf8' D:\phpStudy\WWW\Project\Geomatics\Runtime\Cache\Home\74cec26956cda6f8b067c71a467795e7.php 第 130 行.
NOTIC: [8] Use of undefined constant utf8 - assumed 'utf8' D:\phpStudy\WWW\Project\Geomatics\Runtime\Cache\Home\74cec26956cda6f8b067c71a467795e7.php 第 130 行.
NOTIC: [8] Use of undefined constant utf8 - assumed 'utf8' D:\phpStudy\WWW\Project\Geomatics\Runtime\Cache\Home\74cec26956cda6f8b067c71a467795e7.php 第 130 行.
NOTIC: [8] Use of undefined constant utf8 - assumed 'utf8' D:\phpStudy\WWW\Project\Geomatics\Runtime\Cache\Home\74cec26956cda6f8b067c71a467795e7.php 第 130 行.
NOTIC: [8] Use of undefined constant utf8 - assumed 'utf8' D:\phpStudy\WWW\Project\Geomatics\Runtime\Cache\Home\74cec26956cda6f8b067c71a467795e7.php 第 130 行.
NOTIC: [8] Undefined index: stuId D:\phpStudy\WWW\Project\Geomatics\Runtime\Cache\Home\74cec26956cda6f8b067c71a467795e7.php 第 136 行.
NOTIC: [8] Use of undefined constant utf8 - assumed 'utf8' D:\phpStudy\WWW\Project\Geomatics\Runtime\Cache\Home\74cec26956cda6f8b067c71a467795e7.php 第 173 行.
NOTIC: [8] Use of undefined constant utf8 - assumed 'utf8' D:\phpStudy\WWW\Project\Geomatics\Runtime\Cache\Home\74cec26956cda6f8b067c71a467795e7.php 第 173 行.
NOTIC: [8] Use of undefined constant utf8 - assumed 'utf8' D:\phpStudy\WWW\Project\Geomatics\Runtime\Cache\Home\74cec26956cda6f8b067c71a467795e7.php 第 173 行.
NOTIC: [8] Use of undefined constant utf8 - assumed 'utf8' D:\phpStudy\WWW\Project\Geomatics\Runtime\Cache\Home\74cec26956cda6f8b067c71a467795e7.php 第 173 行.
NOTIC: [8] Use of undefined constant utf8 - assumed 'utf8' D:\phpStudy\WWW\Project\Geomatics\Runtime\Cache\Home\74cec26956cda6f8b067c71a467795e7.php 第 173 行.
NOTIC: [8] Use of undefined constant utf8 - assumed 'utf8' D:\phpStudy\WWW\Project\Geomatics\Runtime\Cache\Home\74cec26956cda6f8b067c71a467795e7.php 第 173 行.
NOTIC: [8] Use of undefined constant utf8 - assumed 'utf8' D:\phpStudy\WWW\Project\Geomatics\Runtime\Cache\Home\74cec26956cda6f8b067c71a467795e7.php 第 173 行.
NOTIC: [8] Use of undefined constant utf8 - assumed 'utf8' D:\phpStudy\WWW\Project\Geomatics\Runtime\Cache\Home\74cec26956cda6f8b067c71a467795e7.php 第 173 行.
NOTIC: [8] Use of undefined constant utf8 - assumed 'utf8' D:\phpStudy\WWW\Project\Geomatics\Runtime\Cache\Home\74cec26956cda6f8b067c71a467795e7.php 第 173 行.
NOTIC: [8] Use of undefined constant utf8 - assumed 'utf8' D:\phpStudy\WWW\Project\Geomatics\Runtime\Cache\Home\74cec26956cda6f8b067c71a467795e7.php 第 173 行.
NOTIC: [8] Use of undefined constant utf8 - assumed 'utf8' D:\phpStudy\WWW\Project\Geomatics\Runtime\Cache\Home\74cec26956cda6f8b067c71a467795e7.php 第 180 行.
NOTIC: [8] Use of undefined constant utf8 - assumed 'utf8' D:\phpStudy\WWW\Project\Geomatics\Runtime\Cache\Home\74cec26956cda6f8b067c71a467795e7.php 第 180 行.
NOTIC: [8] Use of undefined constant utf8 - assumed 'utf8' D:\phpStudy\WWW\Project\Geomatics\Runtime\Cache\Home\74cec26956cda6f8b067c71a467795e7.php 第 180 行.
NOTIC: [8] Use of undefined constant utf8 - assumed 'utf8' D:\phpStudy\WWW\Project\Geomatics\Runtime\Cache\Home\74cec26956cda6f8b067c71a467795e7.php 第 180 行.
NOTIC: [8] Use of undefined constant utf8 - assumed 'utf8' D:\phpStudy\WWW\Project\Geomatics\Runtime\Cache\Home\74cec26956cda6f8b067c71a467795e7.php 第 180 行.
NOTIC: [8] Use of undefined constant utf8 - assumed 'utf8' D:\phpStudy\WWW\Project\Geomatics\Runtime\Cache\Home\74cec26956cda6f8b067c71a467795e7.php 第 180 行.
NOTIC: [8] Use of undefined constant utf8 - assumed 'utf8' D:\phpStudy\WWW\Project\Geomatics\Runtime\Cache\Home\74cec26956cda6f8b067c71a467795e7.php 第 180 行.
NOTIC: [8] Use of undefined constant utf8 - assumed 'utf8' D:\phpStudy\WWW\Project\Geomatics\Runtime\Cache\Home\74cec26956cda6f8b067c71a467795e7.php 第 180 行.
NOTIC: [8] Use of undefined constant utf8 - assumed 'utf8' D:\phpStudy\WWW\Project\Geomatics\Runtime\Cache\Home\74cec26956cda6f8b067c71a467795e7.php 第 180 行.
NOTIC: [8] Use of undefined constant utf8 - assumed 'utf8' D:\phpStudy\WWW\Project\Geomatics\Runtime\Cache\Home\74cec26956cda6f8b067c71a467795e7.php 第 180 行.
INFO: Run Behavior\ParseTemplateBehavior [ RunTime:0.018103s ]
INFO: [ view_parse ] --END-- [ RunTime:0.018135s ]
INFO: [ view_filter ] --START--
INFO: Run Behavior\WriteHtmlCacheBehavior [ RunTime:0.001308s ]
INFO: [ view_filter ] --END-- [ RunTime:0.001337s ]
INFO: [ app_end ] --START--
INFO: Run Behavior\ShowPageTraceBehavior [ RunTime:0.001460s ]
INFO: [ app_end ] --END-- [ RunTime:0.001500s ]

[ 2016-08-26T22:43:44+08:00 ] 192.168.2.104 /Project/index.php/Login/verifyImg.html
INFO: [ app_init ] --START--
INFO: Run Behavior\BuildLiteBehavior [ RunTime:0.000009s ]
INFO: [ app_init ] --END-- [ RunTime:0.000946s ]
INFO: [ app_begin ] --START--
INFO: Run Behavior\ReadHtmlCacheBehavior [ RunTime:0.001427s ]
INFO: [ app_begin ] --END-- [ RunTime:0.001473s ]
INFO: [ app_end ] --START--
INFO: Run Behavior\ShowPageTraceBehavior [ RunTime:0.002145s ]
INFO: [ app_end ] --END-- [ RunTime:0.002217s ]

[ 2016-08-26T22:43:45+08:00 ] 192.168.2.104 /Project/index.php/Certificate/index.html
INFO: [ app_init ] --START--
INFO: Run Behavior\BuildLiteBehavior [ RunTime:0.000009s ]
INFO: [ app_init ] --END-- [ RunTime:0.000947s ]
INFO: [ app_begin ] --START--
INFO: Run Behavior\ReadHtmlCacheBehavior [ RunTime:0.001933s ]
INFO: [ app_begin ] --END-- [ RunTime:0.001993s ]
INFO: [ view_parse ] --START--
INFO: [ template_filter ] --START--
INFO: Run Behavior\ContentReplaceBehavior [ RunTime:0.000025s ]
INFO: [ template_filter ] --END-- [ RunTime:0.000066s ]
INFO: Run Behavior\ParseTemplateBehavior [ RunTime:0.029721s ]
INFO: [ view_parse ] --END-- [ RunTime:0.029780s ]
INFO: [ view_filter ] --START--
INFO: Run Behavior\WriteHtmlCacheBehavior [ RunTime:0.001519s ]
INFO: [ view_filter ] --END-- [ RunTime:0.001585s ]

[ 2016-08-26T22:43:50+08:00 ] 192.168.2.104 /Project/index.php/List/excellentEvent.html
INFO: [ app_init ] --START--
INFO: Run Behavior\BuildLiteBehavior [ RunTime:0.000011s ]
INFO: [ app_init ] --END-- [ RunTime:0.000949s ]
INFO: [ app_begin ] --START--
INFO: Run Behavior\ReadHtmlCacheBehavior [ RunTime:0.001424s ]
INFO: [ app_begin ] --END-- [ RunTime:0.001462s ]
NOTIC: [8] Undefined index: p D:\phpStudy\WWW\Project\Geomatics\Home\Controller\ListController.class.php 第 59 行.
SQL: SHOW COLUMNS FROM `map_excellent` [ RunTime:0.0833s ]
SQL: SELECT * FROM `map_excellent` WHERE `type` = '优秀事迹' ORDER BY id desc LIMIT 0,5   [ RunTime:0.0165s ]
SQL: SELECT `id`,`title` FROM `map_excellent` WHERE `type` = '优秀学生' ORDER BY id desc LIMIT 0,10   [ RunTime:0.0017s ]
SQL: SELECT COUNT(*) AS tp_count FROM `map_excellent` WHERE `type` = '优秀事迹' LIMIT 1   [ RunTime:0.0531s ]
INFO: [ view_parse ] --START--
INFO: [ template_filter ] --START--
INFO: Run Behavior\ContentReplaceBehavior [ RunTime:0.000055s ]
INFO: [ template_filter ] --END-- [ RunTime:0.000092s ]
NOTIC: [8] Use of undefined constant utf8 - assumed 'utf8' D:\phpStudy\WWW\Project\Geomatics\Runtime\Cache\Home\54e3999d1f43d8be26c46fe7b6558677.php 第 223 行.
NOTIC: [8] Use of undefined constant utf8 - assumed 'utf8' D:\phpStudy\WWW\Project\Geomatics\Runtime\Cache\Home\54e3999d1f43d8be26c46fe7b6558677.php 第 227 行.
NOTIC: [8] Use of undefined constant utf8 - assumed 'utf8' D:\phpStudy\WWW\Project\Geomatics\Runtime\Cache\Home\54e3999d1f43d8be26c46fe7b6558677.php 第 231 行.
NOTIC: [8] Use of undefined constant utf8 - assumed 'utf8' D:\phpStudy\WWW\Project\Geomatics\Runtime\Cache\Home\54e3999d1f43d8be26c46fe7b6558677.php 第 223 行.
NOTIC: [8] Use of undefined constant utf8 - assumed 'utf8' D:\phpStudy\WWW\Project\Geomatics\Runtime\Cache\Home\54e3999d1f43d8be26c46fe7b6558677.php 第 227 行.
NOTIC: [8] Use of undefined constant utf8 - assumed 'utf8' D:\phpStudy\WWW\Project\Geomatics\Runtime\Cache\Home\54e3999d1f43d8be26c46fe7b6558677.php 第 231 行.
NOTIC: [8] Use of undefined constant utf8 - assumed 'utf8' D:\phpStudy\WWW\Project\Geomatics\Runtime\Cache\Home\54e3999d1f43d8be26c46fe7b6558677.php 第 223 行.
NOTIC: [8] Use of undefined constant utf8 - assumed 'utf8' D:\phpStudy\WWW\Project\Geomatics\Runtime\Cache\Home\54e3999d1f43d8be26c46fe7b6558677.php 第 227 行.
NOTIC: [8] Use of undefined constant utf8 - assumed 'utf8' D:\phpStudy\WWW\Project\Geomatics\Runtime\Cache\Home\54e3999d1f43d8be26c46fe7b6558677.php 第 231 行.
NOTIC: [8] Use of undefined constant utf8 - assumed 'utf8' D:\phpStudy\WWW\Project\Geomatics\Runtime\Cache\Home\54e3999d1f43d8be26c46fe7b6558677.php 第 223 行.
NOTIC: [8] Use of undefined constant utf8 - assumed 'utf8' D:\phpStudy\WWW\Project\Geomatics\Runtime\Cache\Home\54e3999d1f43d8be26c46fe7b6558677.php 第 227 行.
NOTIC: [8] Use of undefined constant utf8 - assumed 'utf8' D:\phpStudy\WWW\Project\Geomatics\Runtime\Cache\Home\54e3999d1f43d8be26c46fe7b6558677.php 第 231 行.
NOTIC: [8] Use of undefined constant utf8 - assumed 'utf8' D:\phpStudy\WWW\Project\Geomatics\Runtime\Cache\Home\54e3999d1f43d8be26c46fe7b6558677.php 第 223 行.
NOTIC: [8] Use of undefined constant utf8 - assumed 'utf8' D:\phpStudy\WWW\Project\Geomatics\Runtime\Cache\Home\54e3999d1f43d8be26c46fe7b6558677.php 第 227 行.
NOTIC: [8] Use of undefined constant utf8 - assumed 'utf8' D:\phpStudy\WWW\Project\Geomatics\Runtime\Cache\Home\54e3999d1f43d8be26c46fe7b6558677.php 第 231 行.
NOTIC: [8] Use of undefined constant utf8 - assumed 'utf8' D:\phpStudy\WWW\Project\Geomatics\Runtime\Cache\Home\54e3999d1f43d8be26c46fe7b6558677.php 第 240 行.
NOTIC: [8] Use of undefined constant utf8 - assumed 'utf8' D:\phpStudy\WWW\Project\Geomatics\Runtime\Cache\Home\54e3999d1f43d8be26c46fe7b6558677.php 第 240 行.
NOTIC: [8] Use of undefined constant utf8 - assumed 'utf8' D:\phpStudy\WWW\Project\Geomatics\Runtime\Cache\Home\54e3999d1f43d8be26c46fe7b6558677.php 第 240 行.
NOTIC: [8] Use of undefined constant utf8 - assumed 'utf8' D:\phpStudy\WWW\Project\Geomatics\Runtime\Cache\Home\54e3999d1f43d8be26c46fe7b6558677.php 第 240 行.
NOTIC: [8] Use of undefined constant utf8 - assumed 'utf8' D:\phpStudy\WWW\Project\Geomatics\Runtime\Cache\Home\54e3999d1f43d8be26c46fe7b6558677.php 第 240 行.
NOTIC: [8] Use of undefined constant utf8 - assumed 'utf8' D:\phpStudy\WWW\Project\Geomatics\Runtime\Cache\Home\54e3999d1f43d8be26c46fe7b6558677.php 第 240 行.
NOTIC: [8] Use of undefined constant utf8 - assumed 'utf8' D:\phpStudy\WWW\Project\Geomatics\Runtime\Cache\Home\54e3999d1f43d8be26c46fe7b6558677.php 第 240 行.
NOTIC: [8] Use of undefined constant utf8 - assumed 'utf8' D:\phpStudy\WWW\Project\Geomatics\Runtime\Cache\Home\54e3999d1f43d8be26c46fe7b6558677.php 第 240 行.
NOTIC: [8] Use of undefined constant utf8 - assumed 'utf8' D:\phpStudy\WWW\Project\Geomatics\Runtime\Cache\Home\54e3999d1f43d8be26c46fe7b6558677.php 第 240 行.
NOTIC: [8] Use of undefined constant utf8 - assumed 'utf8' D:\phpStudy\WWW\Project\Geomatics\Runtime\Cache\Home\54e3999d1f43d8be26c46fe7b6558677.php 第 240 行.
INFO: Run Behavior\ParseTemplateBehavior [ RunTime:0.015958s ]
INFO: [ view_parse ] --END-- [ RunTime:0.016007s ]
INFO: [ view_filter ] --START--
INFO: Run Behavior\WriteHtmlCacheBehavior [ RunTime:0.001418s ]
INFO: [ view_filter ] --END-- [ RunTime:0.001458s ]
INFO: [ app_end ] --START--
INFO: Run Behavior\ShowPageTraceBehavior [ RunTime:0.001551s ]
INFO: [ app_end ] --END-- [ RunTime:0.001595s ]

[ 2016-08-26T22:43:54+08:00 ] 192.168.2.104 /Project/index.php/Show/excellent/id/8630.html
INFO: [ app_init ] --START--
INFO: Run Behavior\BuildLiteBehavior [ RunTime:0.000011s ]
INFO: [ app_init ] --END-- [ RunTime:0.001008s ]
INFO: [ app_begin ] --START--
INFO: Run Behavior\ReadHtmlCacheBehavior [ RunTime:0.001350s ]
INFO: [ app_begin ] --END-- [ RunTime:0.001387s ]
SQL: SHOW COLUMNS FROM `map_excellent` [ RunTime:0.0044s ]
SQL: SELECT * FROM `map_excellent` WHERE `id` = 8630 LIMIT 1   [ RunTime:0.0003s ]
INFO: [ view_parse ] --START--
INFO: [ template_filter ] --START--
INFO: Run Behavior\ContentReplaceBehavior [ RunTime:0.000048s ]
INFO: [ template_filter ] --END-- [ RunTime:0.000095s ]
INFO: Run Behavior\ParseTemplateBehavior [ RunTime:0.012649s ]
INFO: [ view_parse ] --END-- [ RunTime:0.012698s ]
INFO: [ view_filter ] --START--
INFO: Run Behavior\WriteHtmlCacheBehavior [ RunTime:0.001294s ]
INFO: [ view_filter ] --END-- [ RunTime:0.001322s ]
INFO: [ app_end ] --START--
INFO: Run Behavior\ShowPageTraceBehavior [ RunTime:0.001488s ]
INFO: [ app_end ] --END-- [ RunTime:0.001529s ]

