[ 2016-08-24T01:27:43+08:00 ] 127.0.0.1 /Project/
INFO: [ app_init ] --START--
INFO: Run Behavior\BuildLiteBehavior [ RunTime:0.000022s ]
INFO: [ app_init ] --END-- [ RunTime:0.014808s ]
INFO: [ app_begin ] --START--
INFO: Run Behavior\ReadHtmlCacheBehavior [ RunTime:0.001142s ]
INFO: [ app_begin ] --END-- [ RunTime:0.001199s ]
SQL: SHOW COLUMNS FROM `map_content` [ RunTime:0.0828s ]
SQL: SELECT `id`,`title`,`date` FROM `map_content` WHERE `type` = '最新公告' ORDER BY date desc LIMIT 5   [ RunTime:0.0350s ]
SQL: SELECT `id`,`title`,`date` FROM `map_content` WHERE `type` = '校内新闻' ORDER BY date desc LIMIT 5   [ RunTime:0.0013s ]
SQL: SELECT `id`,`title`,`date` FROM `map_content` WHERE `type` = '学院动态' ORDER BY date desc LIMIT 8   [ RunTime:0.0014s ]
SQL: SHOW COLUMNS FROM `map_down` [ RunTime:0.0218s ]
SQL: SELECT `id`,`title`,`route`,`date` FROM `map_down` ORDER BY date desc LIMIT 5   [ RunTime:0.0053s ]
SQL: SHOW COLUMNS FROM `map_imgtoggle` [ RunTime:0.0334s ]
SQL: SELECT * FROM `map_imgtoggle` ORDER BY id desc LIMIT 4   [ RunTime:0.0004s ]
INFO: [ view_parse ] --START--
INFO: [ template_filter ] --START--
INFO: Run Behavior\ContentReplaceBehavior [ RunTime:0.008805s ]
INFO: [ template_filter ] --END-- [ RunTime:0.008866s ]
NOTIC: [8] Use of undefined constant utf8 - assumed 'utf8' D:\phpStudy\WWW\Project\Geomatics\Runtime\Cache\Home\74cec26956cda6f8b067c71a467795e7.php 第 130 行.
NOTIC: [8] Use of undefined constant utf8 - assumed 'utf8' D:\phpStudy\WWW\Project\Geomatics\Runtime\Cache\Home\74cec26956cda6f8b067c71a467795e7.php 第 130 行.
NOTIC: [8] Use of undefined constant utf8 - assumed 'utf8' D:\phpStudy\WWW\Project\Geomatics\Runtime\Cache\Home\74cec26956cda6f8b067c71a467795e7.php 第 130 行.
NOTIC: [8] Use of undefined constant utf8 - assumed 'utf8' D:\phpStudy\WWW\Project\Geomatics\Runtime\Cache\Home\74cec26956cda6f8b067c71a467795e7.php 第 130 行.
NOTIC: [8] Use of undefined constant utf8 - assumed 'utf8' D:\phpStudy\WWW\Project\Geomatics\Runtime\Cache\Home\74cec26956cda6f8b067c71a467795e7.php 第 130 行.
NOTIC: [8] Use of undefined constant utf8 - assumed 'utf8' D:\phpStudy\WWW\Project\Geomatics\Runtime\Cache\Home\74cec26956cda6f8b067c71a467795e7.php 第 130 行.
NOTIC: [8] Use of undefined constant utf8 - assumed 'utf8' D:\phpStudy\WWW\Project\Geomatics\Runtime\Cache\Home\74cec26956cda6f8b067c71a467795e7.php 第 130 行.
NOTIC: [8] Use of undefined constant utf8 - assumed 'utf8' D:\phpStudy\WWW\Project\Geomatics\Runtime\Cache\Home\74cec26956cda6f8b067c71a467795e7.php 第 130 行.
NOTIC: [8] Use of undefined constant utf8 - assumed 'utf8' D:\phpStudy\WWW\Project\Geomatics\Runtime\Cache\Home\74cec26956cda6f8b067c71a467795e7.php 第 130 行.
NOTIC: [8] Use of undefined constant utf8 - assumed 'utf8' D:\phpStudy\WWW\Project\Geomatics\Runtime\Cache\Home\74cec26956cda6f8b067c71a467795e7.php 第 130 行.
NOTIC: [8] Use of undefined constant utf8 - assumed 'utf8' D:\phpStudy\WWW\Project\Geomatics\Runtime\Cache\Home\74cec26956cda6f8b067c71a467795e7.php 第 130 行.
NOTIC: [8] Use of undefined constant utf8 - assumed 'utf8' D:\phpStudy\WWW\Project\Geomatics\Runtime\Cache\Home\74cec26956cda6f8b067c71a467795e7.php 第 130 行.
NOTIC: [8] Use of undefined constant utf8 - assumed 'utf8' D:\phpStudy\WWW\Project\Geomatics\Runtime\Cache\Home\74cec26956cda6f8b067c71a467795e7.php 第 130 行.
NOTIC: [8] Use of undefined constant utf8 - assumed 'utf8' D:\phpStudy\WWW\Project\Geomatics\Runtime\Cache\Home\74cec26956cda6f8b067c71a467795e7.php 第 130 行.
NOTIC: [8] Use of undefined constant utf8 - assumed 'utf8' D:\phpStudy\WWW\Project\Geomatics\Runtime\Cache\Home\74cec26956cda6f8b067c71a467795e7.php 第 130 行.
NOTIC: [8] Use of undefined constant utf8 - assumed 'utf8' D:\phpStudy\WWW\Project\Geomatics\Runtime\Cache\Home\74cec26956cda6f8b067c71a467795e7.php 第 130 行.
NOTIC: [8] Undefined index: stuId D:\phpStudy\WWW\Project\Geomatics\Runtime\Cache\Home\74cec26956cda6f8b067c71a467795e7.php 第 136 行.
NOTIC: [8] Use of undefined constant utf8 - assumed 'utf8' D:\phpStudy\WWW\Project\Geomatics\Runtime\Cache\Home\74cec26956cda6f8b067c71a467795e7.php 第 173 行.
NOTIC: [8] Use of undefined constant utf8 - assumed 'utf8' D:\phpStudy\WWW\Project\Geomatics\Runtime\Cache\Home\74cec26956cda6f8b067c71a467795e7.php 第 173 行.
NOTIC: [8] Use of undefined constant utf8 - assumed 'utf8' D:\phpStudy\WWW\Project\Geomatics\Runtime\Cache\Home\74cec26956cda6f8b067c71a467795e7.php 第 173 行.
NOTIC: [8] Use of undefined constant utf8 - assumed 'utf8' D:\phpStudy\WWW\Project\Geomatics\Runtime\Cache\Home\74cec26956cda6f8b067c71a467795e7.php 第 173 行.
NOTIC: [8] Use of undefined constant utf8 - assumed 'utf8' D:\phpStudy\WWW\Project\Geomatics\Runtime\Cache\Home\74cec26956cda6f8b067c71a467795e7.php 第 173 行.
NOTIC: [8] Use of undefined constant utf8 - assumed 'utf8' D:\phpStudy\WWW\Project\Geomatics\Runtime\Cache\Home\74cec26956cda6f8b067c71a467795e7.php 第 173 行.
NOTIC: [8] Use of undefined constant utf8 - assumed 'utf8' D:\phpStudy\WWW\Project\Geomatics\Runtime\Cache\Home\74cec26956cda6f8b067c71a467795e7.php 第 173 行.
NOTIC: [8] Use of undefined constant utf8 - assumed 'utf8' D:\phpStudy\WWW\Project\Geomatics\Runtime\Cache\Home\74cec26956cda6f8b067c71a467795e7.php 第 173 行.
NOTIC: [8] Use of undefined constant utf8 - assumed 'utf8' D:\phpStudy\WWW\Project\Geomatics\Runtime\Cache\Home\74cec26956cda6f8b067c71a467795e7.php 第 173 行.
NOTIC: [8] Use of undefined constant utf8 - assumed 'utf8' D:\phpStudy\WWW\Project\Geomatics\Runtime\Cache\Home\74cec26956cda6f8b067c71a467795e7.php 第 173 行.
NOTIC: [8] Use of undefined constant utf8 - assumed 'utf8' D:\phpStudy\WWW\Project\Geomatics\Runtime\Cache\Home\74cec26956cda6f8b067c71a467795e7.php 第 180 行.
NOTIC: [8] Use of undefined constant utf8 - assumed 'utf8' D:\phpStudy\WWW\Project\Geomatics\Runtime\Cache\Home\74cec26956cda6f8b067c71a467795e7.php 第 180 行.
NOTIC: [8] Use of undefined constant utf8 - assumed 'utf8' D:\phpStudy\WWW\Project\Geomatics\Runtime\Cache\Home\74cec26956cda6f8b067c71a467795e7.php 第 180 行.
NOTIC: [8] Use of undefined constant utf8 - assumed 'utf8' D:\phpStudy\WWW\Project\Geomatics\Runtime\Cache\Home\74cec26956cda6f8b067c71a467795e7.php 第 180 行.
NOTIC: [8] Use of undefined constant utf8 - assumed 'utf8' D:\phpStudy\WWW\Project\Geomatics\Runtime\Cache\Home\74cec26956cda6f8b067c71a467795e7.php 第 180 行.
NOTIC: [8] Use of undefined constant utf8 - assumed 'utf8' D:\phpStudy\WWW\Project\Geomatics\Runtime\Cache\Home\74cec26956cda6f8b067c71a467795e7.php 第 180 行.
NOTIC: [8] Use of undefined constant utf8 - assumed 'utf8' D:\phpStudy\WWW\Project\Geomatics\Runtime\Cache\Home\74cec26956cda6f8b067c71a467795e7.php 第 180 行.
NOTIC: [8] Use of undefined constant utf8 - assumed 'utf8' D:\phpStudy\WWW\Project\Geomatics\Runtime\Cache\Home\74cec26956cda6f8b067c71a467795e7.php 第 180 行.
NOTIC: [8] Use of undefined constant utf8 - assumed 'utf8' D:\phpStudy\WWW\Project\Geomatics\Runtime\Cache\Home\74cec26956cda6f8b067c71a467795e7.php 第 180 行.
NOTIC: [8] Use of undefined constant utf8 - assumed 'utf8' D:\phpStudy\WWW\Project\Geomatics\Runtime\Cache\Home\74cec26956cda6f8b067c71a467795e7.php 第 180 行.
INFO: Run Behavior\ParseTemplateBehavior [ RunTime:0.136258s ]
INFO: [ view_parse ] --END-- [ RunTime:0.136305s ]
INFO: [ view_filter ] --START--
INFO: Run Behavior\WriteHtmlCacheBehavior [ RunTime:0.020045s ]
INFO: [ view_filter ] --END-- [ RunTime:0.020091s ]
INFO: [ app_end ] --START--
INFO: Run Behavior\ShowPageTraceBehavior [ RunTime:0.013494s ]
INFO: [ app_end ] --END-- [ RunTime:0.013561s ]

[ 2016-08-24T01:27:43+08:00 ] 127.0.0.1 /Project/index.php/Login/verifyImg.html
INFO: [ app_init ] --START--
INFO: Run Behavior\BuildLiteBehavior [ RunTime:0.000041s ]
INFO: [ app_init ] --END-- [ RunTime:0.002583s ]
INFO: [ app_begin ] --START--
INFO: Run Behavior\ReadHtmlCacheBehavior [ RunTime:0.000754s ]
INFO: [ app_begin ] --END-- [ RunTime:0.000800s ]
INFO: [ app_end ] --START--
INFO: Run Behavior\ShowPageTraceBehavior [ RunTime:0.000941s ]
INFO: [ app_end ] --END-- [ RunTime:0.001003s ]

