[ 2016-07-18T10:00:43+08:00 ] 127.0.0.1 /rjsdcctrl?mac%3d3c970edcbec0%26ipv4%3d1655623546%26ipv61%3d0%26ipv62%3d0%26ipv63%3d0%26ipv64%3d0%26product%3d33554432%26mainver%3d67108864%26subver%3d1660944384
ERR: 无法加载控制器:Rjsdcctrl

[ 2016-07-18T10:03:22+08:00 ] ::1 /Import/upload.html
ERR: 无法加载控制器:Import

[ 2016-07-18T10:03:56+08:00 ] ::1 /Import/upload.html
ERR: 无法加载控制器:Import

[ 2016-07-18T10:05:13+08:00 ] 127.0.0.1 /www/Admin/Common/Conf/config.php
ERR: 无法加载控制器:Www

[ 2016-07-18T10:05:27+08:00 ] ::1 /Import/upload.html
ERR: 无法加载控制器:Import

[ 2016-07-18T11:18:17+08:00 ] 127.0.0.1 /rjsdcctrl?mac%3d3c970edcbec0%26ipv4%3d1655623546%26ipv61%3d0%26ipv62%3d0%26ipv63%3d0%26ipv64%3d0%26product%3d33554432%26mainver%3d67108864%26subver%3d1660944384
ERR: 无法加载控制器:Rjsdcctrl

[ 2016-07-18T11:32:07+08:00 ] ::1 /Public/Admin/js/Admin_fixAdminPass.js
ERR: 无法加载控制器:Public

[ 2016-07-18T11:33:10+08:00 ] ::1 /Public/umeditor/themes/default/css/umeditor.css
ERR: 无法加载控制器:Public

[ 2016-07-18T11:34:06+08:00 ] ::1 /Public/umeditor/themes/default/css/umeditor.css
ERR: 无法加载控制器:Public

[ 2016-07-18T11:53:55+08:00 ] 127.0.0.1 /rjsdcctrl?mac%3d3c970edcbec0%26ipv4%3d1655623546%26ipv61%3d0%26ipv62%3d0%26ipv63%3d0%26ipv64%3d0%26product%3d33554432%26mainver%3d67108864%26subver%3d1660944384
ERR: 无法加载控制器:Rjsdcctrl

[ 2016-07-18T12:11:14+08:00 ] 127.0.0.1 /rjsdcctrl?mac%3d3c970edcbec0%26ipv4%3d1655623546%26ipv61%3d0%26ipv62%3d0%26ipv63%3d0%26ipv64%3d0%26product%3d33554432%26mainver%3d67108864%26subver%3d1660944384
ERR: 无法加载控制器:Rjsdcctrl

[ 2016-07-18T12:12:54+08:00 ] 127.0.0.1 /rjsdcctrl?mac%3d3c970edcbec0%26ipv4%3d1655623546%26ipv61%3d0%26ipv62%3d0%26ipv63%3d0%26ipv64%3d0%26product%3d33554432%26mainver%3d67108864%26subver%3d1660944384
ERR: 无法加载控制器:Rjsdcctrl

[ 2016-07-18T13:36:17+08:00 ] ::1 /Public/umeditor/themes/default/css/umeditor.css
ERR: 无法加载控制器:Public

[ 2016-07-18T13:36:18+08:00 ] ::1 /Public/umeditor/themes/default/css/umeditor.css
ERR: 无法加载控制器:Public

[ 2016-07-18T13:36:29+08:00 ] ::1 /Public/umeditor/themes/default/css/umeditor.css
ERR: 无法加载控制器:Public

[ 2016-07-18T14:25:50+08:00 ] ::1 /Public/umeditor/themes/default/css/umeditor.css
ERR: 无法加载控制器:Public

[ 2016-07-18T14:26:28+08:00 ] ::1 /Public/umeditor/themes/default/css/umeditor.css
ERR: 无法加载控制器:Public

[ 2016-07-18T14:59:40+08:00 ] ::1 /Public/umeditor/themes/default/css/umeditor.css
ERR: 无法加载控制器:Public

[ 2016-07-18T15:01:03+08:00 ] ::1 /Public/umeditor/themes/default/css/umeditor.css
ERR: 无法加载控制器:Public

[ 2016-07-18T15:01:23+08:00 ] ::1 /Public/umeditor/themes/default/css/umeditor.css
ERR: 无法加载控制器:Public

[ 2016-07-18T15:01:28+08:00 ] ::1 /Public/umeditor/themes/default/css/umeditor.css
ERR: 无法加载控制器:Public

[ 2016-07-18T15:01:32+08:00 ] ::1 /Public/umeditor/themes/default/css/umeditor.css
ERR: 无法加载控制器:Public

[ 2016-07-18T15:13:35+08:00 ] ::1 /Public/umeditor/themes/default/css/umeditor.css
ERR: 无法加载控制器:Public

[ 2016-07-18T15:13:49+08:00 ] ::1 /Public/umeditor/themes/default/css/umeditor.css
ERR: 无法加载控制器:Public

[ 2016-07-18T18:41:37+08:00 ] 127.0.0.1 /cpas
ERR: 无法加载控制器:Cpas

[ 2016-07-18T18:41:47+08:00 ] 127.0.0.1 /cpas
ERR: 无法加载控制器:Cpas

[ 2016-07-18T18:46:15+08:00 ] 127.0.0.1 /cpas
ERR: 无法加载控制器:Cpas

[ 2016-07-18T18:46:25+08:00 ] 127.0.0.1 /cpas
ERR: 无法加载控制器:Cpas

[ 2016-07-18T20:59:11+08:00 ] 127.0.0.1 /index.php/Personal/
ERR: 模板不存在:./Geomatics/Home/View/Personal/index.php

[ 2016-07-18T21:02:30+08:00 ] 127.0.0.1 /index.php/Personal/css/style1.css
ERR: 非法操作:css

[ 2016-07-18T21:02:30+08:00 ] 127.0.0.1 /index.php/Personal/js/jquery-1.12.2.js
ERR: 非法操作:js

[ 2016-07-18T21:02:32+08:00 ] 127.0.0.1 /index.php/Personal/css/style1.css
ERR: 非法操作:css

[ 2016-07-18T21:02:58+08:00 ] 127.0.0.1 /index.php/Personal/js/jquery-1.12.2.js
ERR: 非法操作:js

[ 2016-07-18T21:02:59+08:00 ] 127.0.0.1 /index.php/Personal/js/jquery-1.12.2.js
ERR: 非法操作:js

[ 2016-07-18T21:04:06+08:00 ] 127.0.0.1 /index.php/Personal/css/style1.css
ERR: 非法操作:css

[ 2016-07-18T21:04:09+08:00 ] 127.0.0.1 /index.php/Personal/css/style1.css
ERR: 非法操作:css

[ 2016-07-18T21:05:36+08:00 ] 127.0.0.1 /index.php/Personal/css/style1.css
ERR: 非法操作:css

[ 2016-07-18T21:20:56+08:00 ] 127.0.0.1 /Public/umeditor/themes/default/css/umeditor.css
ERR: 无法加载控制器:Public

[ 2016-07-18T21:21:14+08:00 ] 127.0.0.1 /Public/umeditor/themes/default/css/umeditor.css
ERR: 无法加载控制器:Public

[ 2016-07-18T21:24:51+08:00 ] 127.0.0.1 /Public/umeditor/themes/default/css/umeditor.css
ERR: 无法加载控制器:Public

[ 2016-07-18T21:25:53+08:00 ] 127.0.0.1 /Public/umeditor/themes/default/css/umeditor.css
ERR: 无法加载控制器:Public

[ 2016-07-18T21:25:55+08:00 ] 127.0.0.1 /Public/umeditor/themes/default/css/umeditor.css
ERR: 无法加载控制器:Public

[ 2016-07-18T21:40:46+08:00 ] 127.0.0.1 /web/pluginRepository.xml
ERR: 无法加载控制器:Web

