[ 2016-07-23T14:07:12+08:00 ] ::1 /index.php/Login/login.html
INFO: [ app_begin ] --START--
INFO: Run Behavior\ReadHtmlCacheBehavior [ RunTime:0.000420s ]
INFO: [ app_begin ] --END-- [ RunTime:0.000792s ]
SQL: SHOW COLUMNS FROM `map_stu` [ RunTime:0.0606s ]
SQL: SELECT * FROM `map_stu` WHERE `stuId` = '311509060410' AND `password` = '501e0bbac99eb3673e5df715eacd9d0efb5601f5' LIMIT 1   [ RunTime:0.1048s ]
INFO: [ app_end ] --START--
INFO: Run Behavior\ShowPageTraceBehavior [ RunTime:0.000633s ]
INFO: [ app_end ] --END-- [ RunTime:0.000670s ]

[ 2016-07-23T15:39:22+08:00 ] ::1 /index.php/Personal/logout.html
ERR: 非法操作:logout

[ 2016-07-23T15:44:47+08:00 ] ::1 /index.php/Login/login.html
INFO: [ app_begin ] --START--
INFO: Run Behavior\ReadHtmlCacheBehavior [ RunTime:0.000409s ]
INFO: [ app_begin ] --END-- [ RunTime:0.000790s ]
SQL: SHOW COLUMNS FROM `map_stu` [ RunTime:0.0054s ]
SQL: SELECT * FROM `map_stu` WHERE `stuId` = '311509060410' AND `password` = '501e0bbac99eb3673e5df715eacd9d0efb5601f5' LIMIT 1   [ RunTime:0.0004s ]
INFO: [ app_end ] --START--
INFO: Run Behavior\ShowPageTraceBehavior [ RunTime:0.000576s ]
INFO: [ app_end ] --END-- [ RunTime:0.000613s ]

[ 2016-07-23T15:45:43+08:00 ] ::1 /index.php/Login/login.html
INFO: [ app_begin ] --START--
INFO: Run Behavior\ReadHtmlCacheBehavior [ RunTime:0.000449s ]
INFO: [ app_begin ] --END-- [ RunTime:0.000789s ]
SQL: SHOW COLUMNS FROM `map_stu` [ RunTime:0.0053s ]
SQL: SELECT * FROM `map_stu` WHERE `stuId` = '311509060410' AND `password` = '501e0bbac99eb3673e5df715eacd9d0efb5601f5' LIMIT 1   [ RunTime:0.0003s ]
INFO: [ app_end ] --START--
INFO: Run Behavior\ShowPageTraceBehavior [ RunTime:0.000591s ]
INFO: [ app_end ] --END-- [ RunTime:0.000627s ]

[ 2016-07-23T15:46:01+08:00 ] ::1 /index.php/Login/login.html
INFO: [ app_begin ] --START--
INFO: Run Behavior\ReadHtmlCacheBehavior [ RunTime:0.000419s ]
INFO: [ app_begin ] --END-- [ RunTime:0.000818s ]
SQL: SHOW COLUMNS FROM `map_stu` [ RunTime:0.0039s ]
SQL: SELECT * FROM `map_stu` WHERE `stuId` = '311509060410' AND `password` = '501e0bbac99eb3673e5df715eacd9d0efb5601f5' LIMIT 1   [ RunTime:0.0003s ]
INFO: [ app_end ] --START--
INFO: Run Behavior\ShowPageTraceBehavior [ RunTime:0.000589s ]
INFO: [ app_end ] --END-- [ RunTime:0.000625s ]

[ 2016-07-23T15:46:16+08:00 ] ::1 /index.php/Login/login.html
INFO: [ app_begin ] --START--
INFO: Run Behavior\ReadHtmlCacheBehavior [ RunTime:0.000412s ]
INFO: [ app_begin ] --END-- [ RunTime:0.000769s ]
SQL: SHOW COLUMNS FROM `map_stu` [ RunTime:0.0040s ]
SQL: SELECT * FROM `map_stu` WHERE `stuId` = '311509060410' AND `password` = '501e0bbac99eb3673e5df715eacd9d0efb5601f5' LIMIT 1   [ RunTime:0.0003s ]
INFO: [ app_end ] --START--
INFO: Run Behavior\ShowPageTraceBehavior [ RunTime:0.000625s ]
INFO: [ app_end ] --END-- [ RunTime:0.000667s ]

[ 2016-07-23T16:18:03+08:00 ] ::1 /index.php/Login/login.html
INFO: [ app_begin ] --START--
INFO: Run Behavior\ReadHtmlCacheBehavior [ RunTime:0.000407s ]
INFO: [ app_begin ] --END-- [ RunTime:0.000769s ]
SQL: SHOW COLUMNS FROM `map_stu` [ RunTime:0.0062s ]
SQL: SELECT * FROM `map_stu` WHERE `stuId` = '311509060410' AND `password` = '501e0bbac99eb3673e5df715eacd9d0efb5601f5' LIMIT 1   [ RunTime:0.0004s ]
INFO: [ app_end ] --START--
INFO: Run Behavior\ShowPageTraceBehavior [ RunTime:0.000618s ]
INFO: [ app_end ] --END-- [ RunTime:0.000654s ]

[ 2016-07-23T16:59:18+08:00 ] ::1 /index.php/Index/index.htm
ERR: 非法操作:index.htm

[ 2016-07-23T17:20:05+08:00 ] ::1 /index.php/Consult/index.html
ERR: 模板不存在:./Geomatics/Home/View/Consult/index.php

[ 2016-07-23T21:39:12+08:00 ] 127.0.0.1 /
INFO: [ app_begin ] --START--
INFO: Run Behavior\ReadHtmlCacheBehavior [ RunTime:0.000446s ]
INFO: [ app_begin ] --END-- [ RunTime:0.000803s ]
SQL: SHOW COLUMNS FROM `map_news` [ RunTime:0.0067s ]
SQL: SELECT * FROM `map_news` ORDER BY date desc LIMIT 5   [ RunTime:0.0007s ]
SQL: SHOW COLUMNS FROM `map_down` [ RunTime:0.0037s ]
SQL: SELECT * FROM `map_down` ORDER BY date desc LIMIT 5   [ RunTime:0.0003s ]
INFO: [ view_parse ] --START--
INFO: [ template_filter ] --START--
INFO: Run Behavior\ContentReplaceBehavior [ RunTime:0.000102s ]
INFO: [ template_filter ] --END-- [ RunTime:0.000174s ]
NOTIC: [8] Undefined index: stuId D:\phpStudy\WWW\Geomatics\Runtime\Cache\Home\74cec26956cda6f8b067c71a467795e7.php 第 146 行.
NOTIC: [8] Use of undefined constant utf8 - assumed 'utf8' D:\phpStudy\WWW\Geomatics\Runtime\Cache\Home\74cec26956cda6f8b067c71a467795e7.php 第 183 行.
NOTIC: [8] Use of undefined constant utf8 - assumed 'utf8' D:\phpStudy\WWW\Geomatics\Runtime\Cache\Home\74cec26956cda6f8b067c71a467795e7.php 第 183 行.
NOTIC: [8] Use of undefined constant utf8 - assumed 'utf8' D:\phpStudy\WWW\Geomatics\Runtime\Cache\Home\74cec26956cda6f8b067c71a467795e7.php 第 183 行.
NOTIC: [8] Use of undefined constant utf8 - assumed 'utf8' D:\phpStudy\WWW\Geomatics\Runtime\Cache\Home\74cec26956cda6f8b067c71a467795e7.php 第 183 行.
NOTIC: [8] Use of undefined constant utf8 - assumed 'utf8' D:\phpStudy\WWW\Geomatics\Runtime\Cache\Home\74cec26956cda6f8b067c71a467795e7.php 第 183 行.
NOTIC: [8] Use of undefined constant utf8 - assumed 'utf8' D:\phpStudy\WWW\Geomatics\Runtime\Cache\Home\74cec26956cda6f8b067c71a467795e7.php 第 183 行.
NOTIC: [8] Use of undefined constant utf8 - assumed 'utf8' D:\phpStudy\WWW\Geomatics\Runtime\Cache\Home\74cec26956cda6f8b067c71a467795e7.php 第 183 行.
NOTIC: [8] Use of undefined constant utf8 - assumed 'utf8' D:\phpStudy\WWW\Geomatics\Runtime\Cache\Home\74cec26956cda6f8b067c71a467795e7.php 第 183 行.
NOTIC: [8] Use of undefined constant utf8 - assumed 'utf8' D:\phpStudy\WWW\Geomatics\Runtime\Cache\Home\74cec26956cda6f8b067c71a467795e7.php 第 183 行.
NOTIC: [8] Use of undefined constant utf8 - assumed 'utf8' D:\phpStudy\WWW\Geomatics\Runtime\Cache\Home\74cec26956cda6f8b067c71a467795e7.php 第 183 行.
INFO: Run Behavior\ParseTemplateBehavior [ RunTime:0.010792s ]
INFO: [ view_parse ] --END-- [ RunTime:0.010847s ]
INFO: [ view_filter ] --START--
INFO: Run Behavior\WriteHtmlCacheBehavior [ RunTime:0.000517s ]
INFO: [ view_filter ] --END-- [ RunTime:0.000596s ]
INFO: [ app_end ] --START--
INFO: Run Behavior\ShowPageTraceBehavior [ RunTime:0.000749s ]
INFO: [ app_end ] --END-- [ RunTime:0.000811s ]

[ 2016-07-23T21:42:55+08:00 ] 127.0.0.1 /index.php/Index/index.html
INFO: [ app_begin ] --START--
INFO: Run Behavior\ReadHtmlCacheBehavior [ RunTime:0.000545s ]
INFO: [ app_begin ] --END-- [ RunTime:0.000958s ]
SQL: SHOW COLUMNS FROM `map_news` [ RunTime:0.0048s ]
SQL: SELECT * FROM `map_news` ORDER BY date desc LIMIT 5   [ RunTime:0.0012s ]
SQL: SHOW COLUMNS FROM `map_down` [ RunTime:0.0055s ]
SQL: SELECT * FROM `map_down` ORDER BY date desc LIMIT 5   [ RunTime:0.0005s ]
INFO: [ view_parse ] --START--
INFO: [ template_filter ] --START--
INFO: Run Behavior\ContentReplaceBehavior [ RunTime:0.000094s ]
INFO: [ template_filter ] --END-- [ RunTime:0.000170s ]
NOTIC: [8] Use of undefined constant utf8 - assumed 'utf8' D:\phpStudy\WWW\Geomatics\Runtime\Cache\Home\74cec26956cda6f8b067c71a467795e7.php 第 183 行.
NOTIC: [8] Use of undefined constant utf8 - assumed 'utf8' D:\phpStudy\WWW\Geomatics\Runtime\Cache\Home\74cec26956cda6f8b067c71a467795e7.php 第 183 行.
NOTIC: [8] Use of undefined constant utf8 - assumed 'utf8' D:\phpStudy\WWW\Geomatics\Runtime\Cache\Home\74cec26956cda6f8b067c71a467795e7.php 第 183 行.
NOTIC: [8] Use of undefined constant utf8 - assumed 'utf8' D:\phpStudy\WWW\Geomatics\Runtime\Cache\Home\74cec26956cda6f8b067c71a467795e7.php 第 183 行.
NOTIC: [8] Use of undefined constant utf8 - assumed 'utf8' D:\phpStudy\WWW\Geomatics\Runtime\Cache\Home\74cec26956cda6f8b067c71a467795e7.php 第 183 行.
NOTIC: [8] Use of undefined constant utf8 - assumed 'utf8' D:\phpStudy\WWW\Geomatics\Runtime\Cache\Home\74cec26956cda6f8b067c71a467795e7.php 第 183 行.
NOTIC: [8] Use of undefined constant utf8 - assumed 'utf8' D:\phpStudy\WWW\Geomatics\Runtime\Cache\Home\74cec26956cda6f8b067c71a467795e7.php 第 183 行.
NOTIC: [8] Use of undefined constant utf8 - assumed 'utf8' D:\phpStudy\WWW\Geomatics\Runtime\Cache\Home\74cec26956cda6f8b067c71a467795e7.php 第 183 行.
NOTIC: [8] Use of undefined constant utf8 - assumed 'utf8' D:\phpStudy\WWW\Geomatics\Runtime\Cache\Home\74cec26956cda6f8b067c71a467795e7.php 第 183 行.
NOTIC: [8] Use of undefined constant utf8 - assumed 'utf8' D:\phpStudy\WWW\Geomatics\Runtime\Cache\Home\74cec26956cda6f8b067c71a467795e7.php 第 183 行.
INFO: Run Behavior\ParseTemplateBehavior [ RunTime:0.013437s ]
INFO: [ view_parse ] --END-- [ RunTime:0.013508s ]
INFO: [ view_filter ] --START--
INFO: Run Behavior\WriteHtmlCacheBehavior [ RunTime:0.000640s ]
INFO: [ view_filter ] --END-- [ RunTime:0.000692s ]
INFO: [ app_end ] --START--
INFO: Run Behavior\ShowPageTraceBehavior [ RunTime:0.001273s ]
INFO: [ app_end ] --END-- [ RunTime:0.001366s ]

