[ 2016-07-28T00:03:46+08:00 ] ::1 /index.php/Login/check.html
INFO: [ app_begin ] --START--
INFO: Run Behavior\ReadHtmlCacheBehavior [ RunTime:0.000475s ]
INFO: [ app_begin ] --END-- [ RunTime:0.000936s ]
SQL: SHOW COLUMNS FROM `map_stu` [ RunTime:0.0481s ]
SQL: SELECT * FROM `map_stu` WHERE `stuId` = '311509060410' AND `password` = '501e0bbac99eb3673e5df715eacd9d0efb5601f5' LIMIT 1   [ RunTime:0.1081s ]
INFO: [ app_end ] --START--
INFO: Run Behavior\ShowPageTraceBehavior [ RunTime:0.000642s ]
INFO: [ app_end ] --END-- [ RunTime:0.000680s ]

[ 2016-07-28T00:03:46+08:00 ] ::1 /index.php/Login/check.html
INFO: [ app_begin ] --START--
INFO: Run Behavior\ReadHtmlCacheBehavior [ RunTime:0.000435s ]
INFO: [ app_begin ] --END-- [ RunTime:0.000799s ]
SQL: SHOW COLUMNS FROM `map_stu` [ RunTime:0.0038s ]
SQL: SELECT * FROM `map_stu` WHERE `stuId` = '311509060410' AND `password` = '501e0bbac99eb3673e5df715eacd9d0efb5601f5' LIMIT 1   [ RunTime:0.0005s ]
INFO: [ app_end ] --START--
INFO: Run Behavior\ShowPageTraceBehavior [ RunTime:0.000607s ]
INFO: [ app_end ] --END-- [ RunTime:0.000656s ]

[ 2016-07-28T00:03:52+08:00 ] ::1 /index.php/Login/login.html
INFO: [ app_begin ] --START--
INFO: Run Behavior\ReadHtmlCacheBehavior [ RunTime:0.000456s ]
INFO: [ app_begin ] --END-- [ RunTime:0.000852s ]
SQL: SHOW COLUMNS FROM `map_stu` [ RunTime:0.0037s ]
SQL: SELECT * FROM `map_stu` WHERE `stuId` = '311509060410' AND `password` = '501e0bbac99eb3673e5df715eacd9d0efb5601f5' LIMIT 1   [ RunTime:0.0006s ]
INFO: [ app_end ] --START--
INFO: Run Behavior\ShowPageTraceBehavior [ RunTime:0.000775s ]
INFO: [ app_end ] --END-- [ RunTime:0.000892s ]

[ 2016-07-28T00:50:37+08:00 ] ::1 /index.php/Login/check.html
INFO: [ app_begin ] --START--
INFO: Run Behavior\ReadHtmlCacheBehavior [ RunTime:0.000436s ]
INFO: [ app_begin ] --END-- [ RunTime:0.000791s ]
SQL: SHOW COLUMNS FROM `map_stu` [ RunTime:0.0053s ]
SQL: SELECT * FROM `map_stu` WHERE `stuId` = '311509060319' AND `password` = 'ccc11ec3027920f31298752ea3aa2707477b39bb' LIMIT 1   [ RunTime:0.0005s ]
INFO: [ app_end ] --START--
INFO: Run Behavior\ShowPageTraceBehavior [ RunTime:0.000579s ]
INFO: [ app_end ] --END-- [ RunTime:0.000617s ]

[ 2016-07-28T00:50:38+08:00 ] ::1 /index.php/Login/check.html
INFO: [ app_begin ] --START--
INFO: Run Behavior\ReadHtmlCacheBehavior [ RunTime:0.000424s ]
INFO: [ app_begin ] --END-- [ RunTime:0.000781s ]
SQL: SHOW COLUMNS FROM `map_stu` [ RunTime:0.0054s ]
SQL: SELECT * FROM `map_stu` WHERE `stuId` = '311509060319' AND `password` = 'ccc11ec3027920f31298752ea3aa2707477b39bb' LIMIT 1   [ RunTime:0.0005s ]
INFO: [ app_end ] --START--
INFO: Run Behavior\ShowPageTraceBehavior [ RunTime:0.000608s ]
INFO: [ app_end ] --END-- [ RunTime:0.000646s ]

[ 2016-07-28T00:50:42+08:00 ] ::1 /index.php/Login/login.html
INFO: [ app_begin ] --START--
INFO: Run Behavior\ReadHtmlCacheBehavior [ RunTime:0.000422s ]
INFO: [ app_begin ] --END-- [ RunTime:0.000804s ]
SQL: SHOW COLUMNS FROM `map_stu` [ RunTime:0.0060s ]
SQL: SELECT * FROM `map_stu` WHERE `stuId` = '311509060319' AND `password` = 'ccc11ec3027920f31298752ea3aa2707477b39bb' LIMIT 1   [ RunTime:0.0005s ]
INFO: [ app_end ] --START--
INFO: Run Behavior\ShowPageTraceBehavior [ RunTime:0.000559s ]
INFO: [ app_end ] --END-- [ RunTime:0.000598s ]

[ 2016-07-28T01:05:30+08:00 ] ::1 /index.php/Login/check.html
INFO: [ app_begin ] --START--
INFO: Run Behavior\ReadHtmlCacheBehavior [ RunTime:0.000420s ]
INFO: [ app_begin ] --END-- [ RunTime:0.000774s ]
SQL: SHOW COLUMNS FROM `map_stu` [ RunTime:0.0068s ]
SQL: SELECT * FROM `map_stu` WHERE `stuId` = '311509060429' AND `password` = '1856d050a4335bb57a9a08d9475f060aacc32116' LIMIT 1   [ RunTime:0.0006s ]
INFO: [ app_end ] --START--
INFO: Run Behavior\ShowPageTraceBehavior [ RunTime:0.000636s ]
INFO: [ app_end ] --END-- [ RunTime:0.000678s ]

[ 2016-07-28T01:05:31+08:00 ] ::1 /index.php/Login/check.html
INFO: [ app_begin ] --START--
INFO: Run Behavior\ReadHtmlCacheBehavior [ RunTime:0.000466s ]
INFO: [ app_begin ] --END-- [ RunTime:0.000851s ]
SQL: SHOW COLUMNS FROM `map_stu` [ RunTime:0.0039s ]
SQL: SELECT * FROM `map_stu` WHERE `stuId` = '311509060429' AND `password` = '1856d050a4335bb57a9a08d9475f060aacc32116' LIMIT 1   [ RunTime:0.0005s ]
INFO: [ app_end ] --START--
INFO: Run Behavior\ShowPageTraceBehavior [ RunTime:0.000575s ]
INFO: [ app_end ] --END-- [ RunTime:0.000612s ]

[ 2016-07-28T01:05:41+08:00 ] ::1 /index.php/Login/check.html
INFO: [ app_begin ] --START--
INFO: Run Behavior\ReadHtmlCacheBehavior [ RunTime:0.000432s ]
INFO: [ app_begin ] --END-- [ RunTime:0.000878s ]
SQL: SHOW COLUMNS FROM `map_stu` [ RunTime:0.0064s ]
SQL: SELECT * FROM `map_stu` WHERE `stuId` = '311509060429' AND `password` = '1856d050a4335bb57a9a08d9475f060aacc32116' LIMIT 1   [ RunTime:0.0006s ]
INFO: [ app_end ] --START--
INFO: Run Behavior\ShowPageTraceBehavior [ RunTime:0.000585s ]
INFO: [ app_end ] --END-- [ RunTime:0.000621s ]

[ 2016-07-28T01:05:42+08:00 ] ::1 /index.php/Login/check.html
INFO: [ app_begin ] --START--
INFO: Run Behavior\ReadHtmlCacheBehavior [ RunTime:0.000445s ]
INFO: [ app_begin ] --END-- [ RunTime:0.000826s ]
SQL: SHOW COLUMNS FROM `map_stu` [ RunTime:0.0037s ]
SQL: SELECT * FROM `map_stu` WHERE `stuId` = '311509060429' AND `password` = '1856d050a4335bb57a9a08d9475f060aacc32116' LIMIT 1   [ RunTime:0.0005s ]
INFO: [ app_end ] --START--
INFO: Run Behavior\ShowPageTraceBehavior [ RunTime:0.000584s ]
INFO: [ app_end ] --END-- [ RunTime:0.000622s ]

[ 2016-07-28T01:05:45+08:00 ] ::1 /index.php/Login/login.html
INFO: [ app_begin ] --START--
INFO: Run Behavior\ReadHtmlCacheBehavior [ RunTime:0.000428s ]
INFO: [ app_begin ] --END-- [ RunTime:0.000816s ]
SQL: SHOW COLUMNS FROM `map_stu` [ RunTime:0.0051s ]
SQL: SELECT * FROM `map_stu` WHERE `stuId` = '311509060429' AND `password` = '1856d050a4335bb57a9a08d9475f060aacc32116' LIMIT 1   [ RunTime:0.0007s ]
INFO: [ app_end ] --START--
INFO: Run Behavior\ShowPageTraceBehavior [ RunTime:0.000608s ]
INFO: [ app_end ] --END-- [ RunTime:0.000646s ]

[ 2016-07-28T01:18:32+08:00 ] ::1 /index.php/List/news.html
ERR: 模板不存在:./Geomatics/Home/View/List/news.php

[ 2016-07-28T01:22:55+08:00 ] ::1 /index.php/List/event.html
ERR: 非法操作:event

[ 2016-07-28T01:24:08+08:00 ] ::1 /index.php/List/event.html
ERR: 模板不存在:./Geomatics/Home/View/List/event.php

[ 2016-07-28T01:24:16+08:00 ] ::1 /index.php/List/school.html
ERR: 模板不存在:./Geomatics/Home/View/List/school.php

[ 2016-07-28T01:24:18+08:00 ] ::1 /index.php/List/download.html
ERR: 模板不存在:./Geomatics/Home/View/List/download.php

[ 2016-07-28T01:24:21+08:00 ] ::1 /index.php/List/event.html
ERR: 模板不存在:./Geomatics/Home/View/List/event.php

[ 2016-07-28T01:31:41+08:00 ] ::1 /index.php/List/event.html
ERR: 模板不存在:./Geomatics/Home/View/List/event.php

[ 2016-07-28T04:35:50+08:00 ] ::1 /index.php/Login/check.html
INFO: [ app_begin ] --START--
INFO: Run Behavior\ReadHtmlCacheBehavior [ RunTime:0.000512s ]
INFO: [ app_begin ] --END-- [ RunTime:0.000939s ]
SQL: SHOW COLUMNS FROM `map_stu` [ RunTime:0.0048s ]
SQL: SELECT * FROM `map_stu` WHERE `stuId` = '311509060410' AND `password` = '501e0bbac99eb3673e5df715eacd9d0efb5601f5' LIMIT 1   [ RunTime:0.0005s ]
INFO: [ app_end ] --START--
INFO: Run Behavior\ShowPageTraceBehavior [ RunTime:0.000570s ]
INFO: [ app_end ] --END-- [ RunTime:0.000607s ]

[ 2016-07-28T04:35:51+08:00 ] ::1 /index.php/Login/check.html
INFO: [ app_begin ] --START--
INFO: Run Behavior\ReadHtmlCacheBehavior [ RunTime:0.000430s ]
INFO: [ app_begin ] --END-- [ RunTime:0.000789s ]
SQL: SHOW COLUMNS FROM `map_stu` [ RunTime:0.0032s ]
SQL: SELECT * FROM `map_stu` WHERE `stuId` = '311509060410' AND `password` = '501e0bbac99eb3673e5df715eacd9d0efb5601f5' LIMIT 1   [ RunTime:0.0006s ]
INFO: [ app_end ] --START--
INFO: Run Behavior\ShowPageTraceBehavior [ RunTime:0.000978s ]
INFO: [ app_end ] --END-- [ RunTime:0.001051s ]

[ 2016-07-28T04:35:56+08:00 ] ::1 /index.php/Login/login.html
INFO: [ app_begin ] --START--
INFO: Run Behavior\ReadHtmlCacheBehavior [ RunTime:0.000440s ]
INFO: [ app_begin ] --END-- [ RunTime:0.000809s ]
SQL: SHOW COLUMNS FROM `map_stu` [ RunTime:0.0038s ]
SQL: SELECT * FROM `map_stu` WHERE `stuId` = '311509060410' AND `password` = '501e0bbac99eb3673e5df715eacd9d0efb5601f5' LIMIT 1   [ RunTime:0.0006s ]
INFO: [ app_end ] --START--
INFO: Run Behavior\ShowPageTraceBehavior [ RunTime:0.000550s ]
INFO: [ app_end ] --END-- [ RunTime:0.000588s ]

[ 2016-07-28T04:43:24+08:00 ] ::1 /index.php/Show/showDown/id/30.html
ERR: 非法操作:showDown

[ 2016-07-28T04:50:32+08:00 ] ::1 /index.php/List/event.html
ERR: 模板不存在:./Geomatics/Home/View/List/event.php

[ 2016-07-28T04:56:32+08:00 ] ::1 /index.php/Show/showSchool/id/1.html
ERR: 非法操作:showSchool

[ 2016-07-28T05:02:59+08:00 ] ::1 /index.php/Show/showEvent/id/1.html
ERR: 非法操作:showEvent

[ 2016-07-28T05:06:02+08:00 ] ::1 /index.php/Show/showEvent/id/1.html
ERR: 1146:Table 'geomatics.map_neeventws' doesn't exist
 [ SQL语句 ] : SHOW COLUMNS FROM `map_neeventws`

[ 2016-07-28T05:06:13+08:00 ] ::1 /index.php/Show/showEvent/id/1.html
ERR: 模板不存在:./Geomatics/Home/View/Show/showEvent.php

[ 2016-07-28T07:17:11+08:00 ] 127.0.0.1 /index.php/List/xydt.html
ERR: 模板不存在:./Geomatics/Home/View/List/xydt.php

[ 2016-07-28T07:17:16+08:00 ] 127.0.0.1 /index.php/Show/index/id/1.html
ERR: 模板不存在:./Geomatics/Home/View/Show/index.php

[ 2016-07-28T07:17:16+08:00 ] 127.0.0.1 /index.php/Show/index/id/1.html
ERR: 模板不存在:./Geomatics/Home/View/Show/index.php

[ 2016-07-28T07:19:49+08:00 ] 127.0.0.1 /index.php/List/event.html
ERR: 非法操作:event

[ 2016-07-28T07:21:11+08:00 ] 127.0.0.1 /index.php/List/download.html
ERR: 1146:Table 'geomatics.map_news' doesn't exist
 [ SQL语句 ] : SHOW COLUMNS FROM `map_news`

[ 2016-07-28T07:22:20+08:00 ] 127.0.0.1 /index.php/Show/showNews/id/1.html
ERR: 非法操作:showNews

[ 2016-07-28T07:22:21+08:00 ] 127.0.0.1 /index.php/Show/showNews/id/1.html
ERR: 非法操作:showNews

[ 2016-07-28T07:44:05+08:00 ] 127.0.0.1 /index.php/Login/check.html
INFO: [ app_begin ] --START--
INFO: Run Behavior\ReadHtmlCacheBehavior [ RunTime:0.000499s ]
INFO: [ app_begin ] --END-- [ RunTime:0.000934s ]
SQL: SHOW COLUMNS FROM `map_stu` [ RunTime:0.0052s ]
SQL: SELECT * FROM `map_stu` WHERE `stuId` = '311509060410' AND `password` = '501e0bbac99eb3673e5df715eacd9d0efb5601f5' LIMIT 1   [ RunTime:0.0005s ]
INFO: [ app_end ] --START--
INFO: Run Behavior\ShowPageTraceBehavior [ RunTime:0.000714s ]
INFO: [ app_end ] --END-- [ RunTime:0.000774s ]

[ 2016-07-28T07:44:06+08:00 ] 127.0.0.1 /index.php/Login/check.html
INFO: [ app_begin ] --START--
INFO: Run Behavior\ReadHtmlCacheBehavior [ RunTime:0.000405s ]
INFO: [ app_begin ] --END-- [ RunTime:0.000748s ]
SQL: SHOW COLUMNS FROM `map_stu` [ RunTime:0.0051s ]
SQL: SELECT * FROM `map_stu` WHERE `stuId` = '311509060410' AND `password` = '501e0bbac99eb3673e5df715eacd9d0efb5601f5' LIMIT 1   [ RunTime:0.0005s ]
INFO: [ app_end ] --START--
INFO: Run Behavior\ShowPageTraceBehavior [ RunTime:0.000587s ]
INFO: [ app_end ] --END-- [ RunTime:0.000624s ]

[ 2016-07-28T07:44:09+08:00 ] 127.0.0.1 /index.php/Login/login.html
INFO: [ app_begin ] --START--
INFO: Run Behavior\ReadHtmlCacheBehavior [ RunTime:0.000419s ]
INFO: [ app_begin ] --END-- [ RunTime:0.000773s ]
INFO: [ app_end ] --START--
INFO: Run Behavior\ShowPageTraceBehavior [ RunTime:0.000414s ]
INFO: [ app_end ] --END-- [ RunTime:0.000450s ]

[ 2016-07-28T07:44:15+08:00 ] 127.0.0.1 /index.php/Login/check.html
INFO: [ app_begin ] --START--
INFO: Run Behavior\ReadHtmlCacheBehavior [ RunTime:0.000413s ]
INFO: [ app_begin ] --END-- [ RunTime:0.000757s ]
SQL: SHOW COLUMNS FROM `map_stu` [ RunTime:0.0037s ]
SQL: SELECT * FROM `map_stu` WHERE `stuId` = '311509060410' AND `password` = '501e0bbac99eb3673e5df715eacd9d0efb5601f5' LIMIT 1   [ RunTime:0.0005s ]
INFO: [ app_end ] --START--
INFO: Run Behavior\ShowPageTraceBehavior [ RunTime:0.000571s ]
INFO: [ app_end ] --END-- [ RunTime:0.000608s ]

[ 2016-07-28T07:44:18+08:00 ] 127.0.0.1 /index.php/Login/login.html
INFO: [ app_begin ] --START--
INFO: Run Behavior\ReadHtmlCacheBehavior [ RunTime:0.000407s ]
INFO: [ app_begin ] --END-- [ RunTime:0.000752s ]
SQL: SHOW COLUMNS FROM `map_stu` [ RunTime:0.0051s ]
SQL: SELECT * FROM `map_stu` WHERE `stuId` = '311509060410' AND `password` = '501e0bbac99eb3673e5df715eacd9d0efb5601f5' LIMIT 1   [ RunTime:0.0005s ]
INFO: [ app_end ] --START--
INFO: Run Behavior\ShowPageTraceBehavior [ RunTime:0.000563s ]
INFO: [ app_end ] --END-- [ RunTime:0.000600s ]

[ 2016-07-28T07:45:17+08:00 ] 127.0.0.1 /index.php/Login/check.html
INFO: [ app_begin ] --START--
INFO: Run Behavior\ReadHtmlCacheBehavior [ RunTime:0.000664s ]
INFO: [ app_begin ] --END-- [ RunTime:0.001058s ]
SQL: SHOW COLUMNS FROM `map_stu` [ RunTime:0.0052s ]
SQL: SELECT * FROM `map_stu` WHERE `stuId` = '311509060410' AND `password` = '501e0bbac99eb3673e5df715eacd9d0efb5601f5' LIMIT 1   [ RunTime:0.0005s ]
INFO: [ app_end ] --START--
INFO: Run Behavior\ShowPageTraceBehavior [ RunTime:0.000546s ]
INFO: [ app_end ] --END-- [ RunTime:0.000583s ]

[ 2016-07-28T07:45:18+08:00 ] 127.0.0.1 /index.php/Login/check.html
INFO: [ app_begin ] --START--
INFO: Run Behavior\ReadHtmlCacheBehavior [ RunTime:0.000443s ]
INFO: [ app_begin ] --END-- [ RunTime:0.000837s ]
SQL: SHOW COLUMNS FROM `map_stu` [ RunTime:0.0051s ]
SQL: SELECT * FROM `map_stu` WHERE `stuId` = '311509060410' AND `password` = '501e0bbac99eb3673e5df715eacd9d0efb5601f5' LIMIT 1   [ RunTime:0.0005s ]
INFO: [ app_end ] --START--
INFO: Run Behavior\ShowPageTraceBehavior [ RunTime:0.000580s ]
INFO: [ app_end ] --END-- [ RunTime:0.000617s ]

[ 2016-07-28T07:45:22+08:00 ] 127.0.0.1 /index.php/Login/login.html
INFO: [ app_begin ] --START--
INFO: Run Behavior\ReadHtmlCacheBehavior [ RunTime:0.000410s ]
INFO: [ app_begin ] --END-- [ RunTime:0.000750s ]
SQL: SHOW COLUMNS FROM `map_stu` [ RunTime:0.0040s ]
SQL: SELECT * FROM `map_stu` WHERE `stuId` = '311509060410' AND `password` = '501e0bbac99eb3673e5df715eacd9d0efb5601f5' LIMIT 1   [ RunTime:0.0005s ]
INFO: [ app_end ] --START--
INFO: Run Behavior\ShowPageTraceBehavior [ RunTime:0.000594s ]
INFO: [ app_end ] --END-- [ RunTime:0.000632s ]

[ 2016-07-28T13:44:02+08:00 ] 127.0.0.1 /index.php/Login/check.html
INFO: [ app_begin ] --START--
INFO: Run Behavior\ReadHtmlCacheBehavior [ RunTime:0.000449s ]
INFO: [ app_begin ] --END-- [ RunTime:0.000865s ]
SQL: SHOW COLUMNS FROM `map_stu` [ RunTime:0.0716s ]
SQL: SELECT * FROM `map_stu` WHERE `stuId` = '311509060410' AND `password` = '501e0bbac99eb3673e5df715eacd9d0efb5601f5' LIMIT 1   [ RunTime:0.0097s ]
INFO: [ app_end ] --START--
INFO: Run Behavior\ShowPageTraceBehavior [ RunTime:0.000637s ]
INFO: [ app_end ] --END-- [ RunTime:0.000672s ]

[ 2016-07-28T13:44:03+08:00 ] 127.0.0.1 /index.php/Login/check.html
INFO: [ app_begin ] --START--
INFO: Run Behavior\ReadHtmlCacheBehavior [ RunTime:0.000423s ]
INFO: [ app_begin ] --END-- [ RunTime:0.000784s ]
SQL: SHOW COLUMNS FROM `map_stu` [ RunTime:0.0046s ]
SQL: SELECT * FROM `map_stu` WHERE `stuId` = '311509060410' AND `password` = '501e0bbac99eb3673e5df715eacd9d0efb5601f5' LIMIT 1   [ RunTime:0.0005s ]
INFO: [ app_end ] --START--
INFO: Run Behavior\ShowPageTraceBehavior [ RunTime:0.000572s ]
INFO: [ app_end ] --END-- [ RunTime:0.000609s ]

[ 2016-07-28T13:44:07+08:00 ] 127.0.0.1 /index.php/Login/login.html
INFO: [ app_begin ] --START--
INFO: Run Behavior\ReadHtmlCacheBehavior [ RunTime:0.000426s ]
INFO: [ app_begin ] --END-- [ RunTime:0.000790s ]
SQL: SHOW COLUMNS FROM `map_stu` [ RunTime:0.0045s ]
SQL: SELECT * FROM `map_stu` WHERE `stuId` = '311509060410' AND `password` = '501e0bbac99eb3673e5df715eacd9d0efb5601f5' LIMIT 1   [ RunTime:0.0005s ]
INFO: [ app_end ] --START--
INFO: Run Behavior\ShowPageTraceBehavior [ RunTime:0.000566s ]
INFO: [ app_end ] --END-- [ RunTime:0.000603s ]

[ 2016-07-28T15:51:35+08:00 ] 127.0.0.1 /index.php/Login/check.html
INFO: [ app_begin ] --START--
INFO: Run Behavior\ReadHtmlCacheBehavior [ RunTime:0.000442s ]
INFO: [ app_begin ] --END-- [ RunTime:0.000850s ]
SQL: SHOW COLUMNS FROM `map_stu` [ RunTime:0.0063s ]
SQL: SELECT * FROM `map_stu` WHERE `stuId` = '311509060410' AND `password` = '501e0bbac99eb3673e5df715eacd9d0efb5601f5' LIMIT 1   [ RunTime:0.0005s ]
INFO: [ app_end ] --START--
INFO: Run Behavior\ShowPageTraceBehavior [ RunTime:0.000590s ]
INFO: [ app_end ] --END-- [ RunTime:0.000626s ]

[ 2016-07-28T15:51:36+08:00 ] 127.0.0.1 /index.php/Login/check.html
INFO: [ app_begin ] --START--
INFO: Run Behavior\ReadHtmlCacheBehavior [ RunTime:0.000504s ]
INFO: [ app_begin ] --END-- [ RunTime:0.000919s ]
SQL: SHOW COLUMNS FROM `map_stu` [ RunTime:0.0042s ]
SQL: SELECT * FROM `map_stu` WHERE `stuId` = '311509060410' AND `password` = '501e0bbac99eb3673e5df715eacd9d0efb5601f5' LIMIT 1   [ RunTime:0.0005s ]
INFO: [ app_end ] --START--
INFO: Run Behavior\ShowPageTraceBehavior [ RunTime:0.000567s ]
INFO: [ app_end ] --END-- [ RunTime:0.000607s ]

[ 2016-07-28T15:51:37+08:00 ] 127.0.0.1 /index.php/Login/check.html
INFO: [ app_begin ] --START--
INFO: Run Behavior\ReadHtmlCacheBehavior [ RunTime:0.000423s ]
INFO: [ app_begin ] --END-- [ RunTime:0.000773s ]
SQL: SHOW COLUMNS FROM `map_stu` [ RunTime:0.0041s ]
SQL: SELECT * FROM `map_stu` WHERE `stuId` = '311509060410' AND `password` = '501e0bbac99eb3673e5df715eacd9d0efb5601f5' LIMIT 1   [ RunTime:0.0005s ]
INFO: [ app_end ] --START--
INFO: Run Behavior\ShowPageTraceBehavior [ RunTime:0.000570s ]
INFO: [ app_end ] --END-- [ RunTime:0.000608s ]

[ 2016-07-28T15:51:40+08:00 ] 127.0.0.1 /index.php/Login/login.html
INFO: [ app_begin ] --START--
INFO: Run Behavior\ReadHtmlCacheBehavior [ RunTime:0.000424s ]
INFO: [ app_begin ] --END-- [ RunTime:0.000751s ]
SQL: SHOW COLUMNS FROM `map_stu` [ RunTime:0.0038s ]
SQL: SELECT * FROM `map_stu` WHERE `stuId` = '311509060410' AND `password` = '501e0bbac99eb3673e5df715eacd9d0efb5601f5' LIMIT 1   [ RunTime:0.0006s ]
INFO: [ app_end ] --START--
INFO: Run Behavior\ShowPageTraceBehavior [ RunTime:0.000771s ]
INFO: [ app_end ] --END-- [ RunTime:0.000835s ]

[ 2016-07-28T18:07:05+08:00 ] 127.0.0.1 /index.php/Login/check.html
INFO: [ app_begin ] --START--
INFO: Run Behavior\ReadHtmlCacheBehavior [ RunTime:0.000423s ]
INFO: [ app_begin ] --END-- [ RunTime:0.000778s ]
SQL: SHOW COLUMNS FROM `map_stu` [ RunTime:0.0040s ]
SQL: SELECT * FROM `map_stu` WHERE `stuId` = '311509060429' AND `password` = '1856d050a4335bb57a9a08d9475f060aacc32116' LIMIT 1   [ RunTime:0.0005s ]
INFO: [ app_end ] --START--
INFO: Run Behavior\ShowPageTraceBehavior [ RunTime:0.000568s ]
INFO: [ app_end ] --END-- [ RunTime:0.000603s ]

[ 2016-07-28T18:07:06+08:00 ] 127.0.0.1 /index.php/Login/check.html
INFO: [ app_begin ] --START--
INFO: Run Behavior\ReadHtmlCacheBehavior [ RunTime:0.000469s ]
INFO: [ app_begin ] --END-- [ RunTime:0.000825s ]
SQL: SHOW COLUMNS FROM `map_stu` [ RunTime:0.0052s ]
SQL: SELECT * FROM `map_stu` WHERE `stuId` = '311509060429' AND `password` = '1856d050a4335bb57a9a08d9475f060aacc32116' LIMIT 1   [ RunTime:0.0005s ]
INFO: [ app_end ] --START--
INFO: Run Behavior\ShowPageTraceBehavior [ RunTime:0.000563s ]
INFO: [ app_end ] --END-- [ RunTime:0.000604s ]

[ 2016-07-28T18:07:10+08:00 ] 127.0.0.1 /index.php/Login/login.html
INFO: [ app_begin ] --START--
INFO: Run Behavior\ReadHtmlCacheBehavior [ RunTime:0.000565s ]
INFO: [ app_begin ] --END-- [ RunTime:0.000953s ]
INFO: [ app_end ] --START--
INFO: Run Behavior\ShowPageTraceBehavior [ RunTime:0.000641s ]
INFO: [ app_end ] --END-- [ RunTime:0.000699s ]

[ 2016-07-28T18:07:13+08:00 ] 127.0.0.1 /index.php/Login/check.html
INFO: [ app_begin ] --START--
INFO: Run Behavior\ReadHtmlCacheBehavior [ RunTime:0.000432s ]
INFO: [ app_begin ] --END-- [ RunTime:0.000868s ]
SQL: SHOW COLUMNS FROM `map_stu` [ RunTime:0.0055s ]
SQL: SELECT * FROM `map_stu` WHERE `stuId` = '311509060429' AND `password` = '1856d050a4335bb57a9a08d9475f060aacc32116' LIMIT 1   [ RunTime:0.0005s ]
INFO: [ app_end ] --START--
INFO: Run Behavior\ShowPageTraceBehavior [ RunTime:0.000720s ]
INFO: [ app_end ] --END-- [ RunTime:0.000779s ]

[ 2016-07-28T18:07:16+08:00 ] 127.0.0.1 /index.php/Login/login.html
INFO: [ app_begin ] --START--
INFO: Run Behavior\ReadHtmlCacheBehavior [ RunTime:0.000421s ]
INFO: [ app_begin ] --END-- [ RunTime:0.000789s ]
SQL: SHOW COLUMNS FROM `map_stu` [ RunTime:0.0051s ]
SQL: SELECT * FROM `map_stu` WHERE `stuId` = '311509060429' AND `password` = '1856d050a4335bb57a9a08d9475f060aacc32116' LIMIT 1   [ RunTime:0.0005s ]
INFO: [ app_end ] --START--
INFO: Run Behavior\ShowPageTraceBehavior [ RunTime:0.000611s ]
INFO: [ app_end ] --END-- [ RunTime:0.000664s ]

[ 2016-07-28T18:28:03+08:00 ] 127.0.0.1 /index.php/Login/check.html
INFO: [ app_begin ] --START--
INFO: Run Behavior\ReadHtmlCacheBehavior [ RunTime:0.000582s ]
INFO: [ app_begin ] --END-- [ RunTime:0.001053s ]
SQL: SHOW COLUMNS FROM `map_stu` [ RunTime:0.0055s ]
SQL: SELECT * FROM `map_stu` WHERE `stuId` = '311509060429' AND `password` = 'c786bba27f5da668d874671060cdc1b87885f36f' LIMIT 1   [ RunTime:0.0005s ]
INFO: [ app_end ] --START--
INFO: Run Behavior\ShowPageTraceBehavior [ RunTime:0.000571s ]
INFO: [ app_end ] --END-- [ RunTime:0.000611s ]

[ 2016-07-28T18:28:04+08:00 ] 127.0.0.1 /index.php/Login/check.html
INFO: [ app_begin ] --START--
INFO: Run Behavior\ReadHtmlCacheBehavior [ RunTime:0.000487s ]
INFO: [ app_begin ] --END-- [ RunTime:0.000875s ]
SQL: SHOW COLUMNS FROM `map_stu` [ RunTime:0.0048s ]
SQL: SELECT * FROM `map_stu` WHERE `stuId` = '311509060429' AND `password` = 'c786bba27f5da668d874671060cdc1b87885f36f' LIMIT 1   [ RunTime:0.0005s ]
INFO: [ app_end ] --START--
INFO: Run Behavior\ShowPageTraceBehavior [ RunTime:0.000565s ]
INFO: [ app_end ] --END-- [ RunTime:0.000600s ]

[ 2016-07-28T18:28:11+08:00 ] 127.0.0.1 /index.php/Login/login.html
INFO: [ app_begin ] --START--
INFO: Run Behavior\ReadHtmlCacheBehavior [ RunTime:0.000522s ]
INFO: [ app_begin ] --END-- [ RunTime:0.001029s ]
SQL: SHOW COLUMNS FROM `map_stu` [ RunTime:0.0053s ]
SQL: SELECT * FROM `map_stu` WHERE `stuId` = '311509060429' AND `password` = 'c786bba27f5da668d874671060cdc1b87885f36f' LIMIT 1   [ RunTime:0.0005s ]
INFO: [ app_end ] --START--
INFO: Run Behavior\ShowPageTraceBehavior [ RunTime:0.000587s ]
INFO: [ app_end ] --END-- [ RunTime:0.000622s ]

[ 2016-07-28T18:31:03+08:00 ] 127.0.0.1 /index.php/Login/check.html
INFO: [ app_begin ] --START--
INFO: Run Behavior\ReadHtmlCacheBehavior [ RunTime:0.000587s ]
INFO: [ app_begin ] --END-- [ RunTime:0.001023s ]
SQL: SHOW COLUMNS FROM `map_stu` [ RunTime:0.0062s ]
SQL: SELECT * FROM `map_stu` WHERE `stuId` = '311509060429' AND `password` = 'c786bba27f5da668d874671060cdc1b87885f36f' LIMIT 1   [ RunTime:0.0006s ]
INFO: [ app_end ] --START--
INFO: Run Behavior\ShowPageTraceBehavior [ RunTime:0.000707s ]
INFO: [ app_end ] --END-- [ RunTime:0.000744s ]

[ 2016-07-28T18:31:04+08:00 ] 127.0.0.1 /index.php/Login/check.html
INFO: [ app_begin ] --START--
INFO: Run Behavior\ReadHtmlCacheBehavior [ RunTime:0.000515s ]
INFO: [ app_begin ] --END-- [ RunTime:0.000895s ]
SQL: SHOW COLUMNS FROM `map_stu` [ RunTime:0.0040s ]
SQL: SELECT * FROM `map_stu` WHERE `stuId` = '311509060429' AND `password` = 'c786bba27f5da668d874671060cdc1b87885f36f' LIMIT 1   [ RunTime:0.0005s ]
INFO: [ app_end ] --START--
INFO: Run Behavior\ShowPageTraceBehavior [ RunTime:0.000736s ]
INFO: [ app_end ] --END-- [ RunTime:0.000781s ]

[ 2016-07-28T18:31:07+08:00 ] 127.0.0.1 /index.php/Login/login.html
INFO: [ app_begin ] --START--
INFO: Run Behavior\ReadHtmlCacheBehavior [ RunTime:0.000513s ]
INFO: [ app_begin ] --END-- [ RunTime:0.000885s ]
SQL: SHOW COLUMNS FROM `map_stu` [ RunTime:0.0045s ]
SQL: SELECT * FROM `map_stu` WHERE `stuId` = '311509060429' AND `password` = 'c786bba27f5da668d874671060cdc1b87885f36f' LIMIT 1   [ RunTime:0.0005s ]
INFO: [ app_end ] --START--
INFO: Run Behavior\ShowPageTraceBehavior [ RunTime:0.000655s ]
INFO: [ app_end ] --END-- [ RunTime:0.000691s ]

[ 2016-07-28T18:32:46+08:00 ] 127.0.0.1 /index.php/Login/check.html
INFO: [ app_begin ] --START--
INFO: Run Behavior\ReadHtmlCacheBehavior [ RunTime:0.000702s ]
INFO: [ app_begin ] --END-- [ RunTime:0.001192s ]
SQL: SHOW COLUMNS FROM `map_stu` [ RunTime:0.0057s ]
SQL: SELECT * FROM `map_stu` WHERE `stuId` = 'very good、！' AND `password` = '414619ac423efcc0285d8479a6e16a0efdbe1cfe' LIMIT 1   [ RunTime:0.0005s ]
INFO: [ app_end ] --START--
INFO: Run Behavior\ShowPageTraceBehavior [ RunTime:0.000657s ]
INFO: [ app_end ] --END-- [ RunTime:0.000693s ]

[ 2016-07-28T18:32:47+08:00 ] 127.0.0.1 /index.php/Login/check.html
INFO: [ app_begin ] --START--
INFO: Run Behavior\ReadHtmlCacheBehavior [ RunTime:0.000598s ]
INFO: [ app_begin ] --END-- [ RunTime:0.001053s ]
SQL: SHOW COLUMNS FROM `map_stu` [ RunTime:0.0068s ]
SQL: SELECT * FROM `map_stu` WHERE `stuId` = 'very good、！' AND `password` = '414619ac423efcc0285d8479a6e16a0efdbe1cfe' LIMIT 1   [ RunTime:0.0007s ]
INFO: [ app_end ] --START--
INFO: Run Behavior\ShowPageTraceBehavior [ RunTime:0.000694s ]
INFO: [ app_end ] --END-- [ RunTime:0.000727s ]

[ 2016-07-28T18:32:50+08:00 ] 127.0.0.1 /index.php/Login/login.html
INFO: [ app_begin ] --START--
INFO: Run Behavior\ReadHtmlCacheBehavior [ RunTime:0.000531s ]
INFO: [ app_begin ] --END-- [ RunTime:0.000910s ]
SQL: SHOW COLUMNS FROM `map_stu` [ RunTime:0.0039s ]
SQL: SELECT * FROM `map_stu` WHERE `stuId` = 'very good、！' AND `password` = '414619ac423efcc0285d8479a6e16a0efdbe1cfe' LIMIT 1   [ RunTime:0.0005s ]
INFO: [ app_end ] --START--
INFO: Run Behavior\ShowPageTraceBehavior [ RunTime:0.000766s ]
INFO: [ app_end ] --END-- [ RunTime:0.000813s ]

[ 2016-07-28T18:32:55+08:00 ] 127.0.0.1 /index.php/Login/check.html
INFO: [ app_begin ] --START--
INFO: Run Behavior\ReadHtmlCacheBehavior [ RunTime:0.000780s ]
INFO: [ app_begin ] --END-- [ RunTime:0.001288s ]
SQL: SHOW COLUMNS FROM `map_stu` [ RunTime:0.0069s ]
SQL: SELECT * FROM `map_stu` WHERE `stuId` = 'very good、！' AND `password` = '414619ac423efcc0285d8479a6e16a0efdbe1cfe' LIMIT 1   [ RunTime:0.0007s ]
INFO: [ app_end ] --START--
INFO: Run Behavior\ShowPageTraceBehavior [ RunTime:0.000856s ]
INFO: [ app_end ] --END-- [ RunTime:0.000910s ]

[ 2016-07-28T18:33:02+08:00 ] 127.0.0.1 /index.php/Login/check.html
INFO: [ app_begin ] --START--
INFO: Run Behavior\ReadHtmlCacheBehavior [ RunTime:0.000491s ]
INFO: [ app_begin ] --END-- [ RunTime:0.000865s ]
SQL: SHOW COLUMNS FROM `map_stu` [ RunTime:0.0064s ]
SQL: SELECT * FROM `map_stu` WHERE `stuId` = '311509060429' AND `password` = 'da39a3ee5e6b4b0d3255bfef95601890afd80709' LIMIT 1   [ RunTime:0.0005s ]
INFO: [ app_end ] --START--
INFO: Run Behavior\ShowPageTraceBehavior [ RunTime:0.000627s ]
INFO: [ app_end ] --END-- [ RunTime:0.000666s ]

[ 2016-07-28T18:33:03+08:00 ] 127.0.0.1 /index.php/Login/check.html
INFO: [ app_begin ] --START--
INFO: Run Behavior\ReadHtmlCacheBehavior [ RunTime:0.000495s ]
INFO: [ app_begin ] --END-- [ RunTime:0.000842s ]
SQL: SHOW COLUMNS FROM `map_stu` [ RunTime:0.0065s ]
SQL: SELECT * FROM `map_stu` WHERE `stuId` = '311509060429' AND `password` = 'da39a3ee5e6b4b0d3255bfef95601890afd80709' LIMIT 1   [ RunTime:0.0005s ]
INFO: [ app_end ] --START--
INFO: Run Behavior\ShowPageTraceBehavior [ RunTime:0.000649s ]
INFO: [ app_end ] --END-- [ RunTime:0.000684s ]

[ 2016-07-28T18:33:07+08:00 ] 127.0.0.1 /index.php/Login/check.html
INFO: [ app_begin ] --START--
INFO: Run Behavior\ReadHtmlCacheBehavior [ RunTime:0.000488s ]
INFO: [ app_begin ] --END-- [ RunTime:0.000852s ]
SQL: SHOW COLUMNS FROM `map_stu` [ RunTime:0.0057s ]
SQL: SELECT * FROM `map_stu` WHERE `stuId` = '311509060429' AND `password` = '1856d050a4335bb57a9a08d9475f060aacc32116' LIMIT 1   [ RunTime:0.0005s ]
INFO: [ app_end ] --START--
INFO: Run Behavior\ShowPageTraceBehavior [ RunTime:0.000669s ]
INFO: [ app_end ] --END-- [ RunTime:0.000707s ]

[ 2016-07-28T18:33:08+08:00 ] 127.0.0.1 /index.php/Login/check.html
INFO: [ app_begin ] --START--
INFO: Run Behavior\ReadHtmlCacheBehavior [ RunTime:0.000497s ]
INFO: [ app_begin ] --END-- [ RunTime:0.000872s ]
SQL: SHOW COLUMNS FROM `map_stu` [ RunTime:0.0058s ]
SQL: SELECT * FROM `map_stu` WHERE `stuId` = '311509060429' AND `password` = '1856d050a4335bb57a9a08d9475f060aacc32116' LIMIT 1   [ RunTime:0.0005s ]
INFO: [ app_end ] --START--
INFO: Run Behavior\ShowPageTraceBehavior [ RunTime:0.000645s ]
INFO: [ app_end ] --END-- [ RunTime:0.000679s ]

[ 2016-07-28T18:33:12+08:00 ] 127.0.0.1 /index.php/Login/login.html
INFO: [ app_begin ] --START--
INFO: Run Behavior\ReadHtmlCacheBehavior [ RunTime:0.000468s ]
INFO: [ app_begin ] --END-- [ RunTime:0.000828s ]
SQL: SHOW COLUMNS FROM `map_stu` [ RunTime:0.0041s ]
SQL: SELECT * FROM `map_stu` WHERE `stuId` = '311509060429' AND `password` = '1856d050a4335bb57a9a08d9475f060aacc32116' LIMIT 1   [ RunTime:0.0005s ]
INFO: [ app_end ] --START--
INFO: Run Behavior\ShowPageTraceBehavior [ RunTime:0.000655s ]
INFO: [ app_end ] --END-- [ RunTime:0.000691s ]

[ 2016-07-28T18:33:16+08:00 ] 127.0.0.1 /index.php/Login/check.html
INFO: [ app_begin ] --START--
INFO: Run Behavior\ReadHtmlCacheBehavior [ RunTime:0.000516s ]
INFO: [ app_begin ] --END-- [ RunTime:0.000900s ]
SQL: SHOW COLUMNS FROM `map_stu` [ RunTime:0.0039s ]
SQL: SELECT * FROM `map_stu` WHERE `stuId` = '311509060429' AND `password` = '1856d050a4335bb57a9a08d9475f060aacc32116' LIMIT 1   [ RunTime:0.0005s ]
INFO: [ app_end ] --START--
INFO: Run Behavior\ShowPageTraceBehavior [ RunTime:0.000725s ]
INFO: [ app_end ] --END-- [ RunTime:0.000770s ]

[ 2016-07-28T18:33:16+08:00 ] 127.0.0.1 /index.php/Login/login.html
INFO: [ app_begin ] --START--
INFO: Run Behavior\ReadHtmlCacheBehavior [ RunTime:0.000749s ]
INFO: [ app_begin ] --END-- [ RunTime:0.001154s ]
INFO: [ app_end ] --START--
INFO: Run Behavior\ShowPageTraceBehavior [ RunTime:0.000502s ]
INFO: [ app_end ] --END-- [ RunTime:0.000547s ]

[ 2016-07-28T18:33:18+08:00 ] 127.0.0.1 /index.php/Login/check.html
INFO: [ app_begin ] --START--
INFO: Run Behavior\ReadHtmlCacheBehavior [ RunTime:0.000510s ]
INFO: [ app_begin ] --END-- [ RunTime:0.000876s ]
SQL: SHOW COLUMNS FROM `map_stu` [ RunTime:0.0054s ]
SQL: SELECT * FROM `map_stu` WHERE `stuId` = '311509060429' AND `password` = '1856d050a4335bb57a9a08d9475f060aacc32116' LIMIT 1   [ RunTime:0.0005s ]
INFO: [ app_end ] --START--
INFO: Run Behavior\ShowPageTraceBehavior [ RunTime:0.000641s ]
INFO: [ app_end ] --END-- [ RunTime:0.000679s ]

[ 2016-07-28T18:33:28+08:00 ] 127.0.0.1 /index.php/Login/login.html
INFO: [ app_begin ] --START--
INFO: Run Behavior\ReadHtmlCacheBehavior [ RunTime:0.000521s ]
INFO: [ app_begin ] --END-- [ RunTime:0.000904s ]
SQL: SHOW COLUMNS FROM `map_stu` [ RunTime:0.0056s ]
SQL: SELECT * FROM `map_stu` WHERE `stuId` = '311509060429' AND `password` = '1856d050a4335bb57a9a08d9475f060aacc32116' LIMIT 1   [ RunTime:0.0005s ]
INFO: [ app_end ] --START--
INFO: Run Behavior\ShowPageTraceBehavior [ RunTime:0.000679s ]
INFO: [ app_end ] --END-- [ RunTime:0.000718s ]

[ 2016-07-28T18:33:31+08:00 ] 127.0.0.1 /index.php/Login/check.html
INFO: [ app_begin ] --START--
INFO: Run Behavior\ReadHtmlCacheBehavior [ RunTime:0.000530s ]
INFO: [ app_begin ] --END-- [ RunTime:0.000960s ]
SQL: SHOW COLUMNS FROM `map_stu` [ RunTime:0.0037s ]
SQL: SELECT * FROM `map_stu` WHERE `stuId` = '311509060429' AND `password` = '1856d050a4335bb57a9a08d9475f060aacc32116' LIMIT 1   [ RunTime:0.0005s ]
INFO: [ app_end ] --START--
INFO: Run Behavior\ShowPageTraceBehavior [ RunTime:0.000664s ]
INFO: [ app_end ] --END-- [ RunTime:0.000710s ]

[ 2016-07-28T18:33:34+08:00 ] 127.0.0.1 /index.php/Login/check.html
INFO: [ app_begin ] --START--
INFO: Run Behavior\ReadHtmlCacheBehavior [ RunTime:0.000484s ]
INFO: [ app_begin ] --END-- [ RunTime:0.000853s ]
SQL: SHOW COLUMNS FROM `map_stu` [ RunTime:0.0060s ]
SQL: SELECT * FROM `map_stu` WHERE `stuId` = '311509060429' AND `password` = 'c786bba27f5da668d874671060cdc1b87885f36f' LIMIT 1   [ RunTime:0.0005s ]
INFO: [ app_end ] --START--
INFO: Run Behavior\ShowPageTraceBehavior [ RunTime:0.000650s ]
INFO: [ app_end ] --END-- [ RunTime:0.000691s ]

[ 2016-07-28T18:33:35+08:00 ] 127.0.0.1 /index.php/Login/check.html
INFO: [ app_begin ] --START--
INFO: Run Behavior\ReadHtmlCacheBehavior [ RunTime:0.000494s ]
INFO: [ app_begin ] --END-- [ RunTime:0.000826s ]
SQL: SHOW COLUMNS FROM `map_stu` [ RunTime:0.0053s ]
SQL: SELECT * FROM `map_stu` WHERE `stuId` = '311509060429' AND `password` = 'c786bba27f5da668d874671060cdc1b87885f36f' LIMIT 1   [ RunTime:0.0005s ]
INFO: [ app_end ] --START--
INFO: Run Behavior\ShowPageTraceBehavior [ RunTime:0.000666s ]
INFO: [ app_end ] --END-- [ RunTime:0.000702s ]

[ 2016-07-28T18:33:37+08:00 ] 127.0.0.1 /index.php/Login/login.html
INFO: [ app_begin ] --START--
INFO: Run Behavior\ReadHtmlCacheBehavior [ RunTime:0.000478s ]
INFO: [ app_begin ] --END-- [ RunTime:0.000834s ]
INFO: [ app_end ] --START--
INFO: Run Behavior\ShowPageTraceBehavior [ RunTime:0.000496s ]
INFO: [ app_end ] --END-- [ RunTime:0.000540s ]

[ 2016-07-28T18:33:39+08:00 ] 127.0.0.1 /index.php/Login/check.html
INFO: [ app_begin ] --START--
INFO: Run Behavior\ReadHtmlCacheBehavior [ RunTime:0.000510s ]
INFO: [ app_begin ] --END-- [ RunTime:0.000862s ]
SQL: SHOW COLUMNS FROM `map_stu` [ RunTime:0.0056s ]
SQL: SELECT * FROM `map_stu` WHERE `stuId` = '311509060429' AND `password` = 'c786bba27f5da668d874671060cdc1b87885f36f' LIMIT 1   [ RunTime:0.0005s ]
INFO: [ app_end ] --START--
INFO: Run Behavior\ShowPageTraceBehavior [ RunTime:0.000652s ]
INFO: [ app_end ] --END-- [ RunTime:0.000686s ]

[ 2016-07-28T18:33:43+08:00 ] 127.0.0.1 /index.php/Login/login.html
INFO: [ app_begin ] --START--
INFO: Run Behavior\ReadHtmlCacheBehavior [ RunTime:0.000511s ]
INFO: [ app_begin ] --END-- [ RunTime:0.000880s ]
SQL: SHOW COLUMNS FROM `map_stu` [ RunTime:0.0062s ]
SQL: SELECT * FROM `map_stu` WHERE `stuId` = '311509060429' AND `password` = 'c786bba27f5da668d874671060cdc1b87885f36f' LIMIT 1   [ RunTime:0.0005s ]
INFO: [ app_end ] --START--
INFO: Run Behavior\ShowPageTraceBehavior [ RunTime:0.000679s ]
INFO: [ app_end ] --END-- [ RunTime:0.000723s ]

[ 2016-07-28T18:37:13+08:00 ] 127.0.0.1 /index.php/Login/check.html
INFO: [ app_begin ] --START--
INFO: Run Behavior\ReadHtmlCacheBehavior [ RunTime:0.000567s ]
INFO: [ app_begin ] --END-- [ RunTime:0.001020s ]
SQL: SHOW COLUMNS FROM `map_stu` [ RunTime:0.0056s ]
SQL: SELECT * FROM `map_stu` WHERE `stuId` = '311509060429' AND `password` = 'c786bba27f5da668d874671060cdc1b87885f36f' LIMIT 1   [ RunTime:0.0005s ]
INFO: [ app_end ] --START--
INFO: Run Behavior\ShowPageTraceBehavior [ RunTime:0.000638s ]
INFO: [ app_end ] --END-- [ RunTime:0.000679s ]

[ 2016-07-28T18:37:14+08:00 ] 127.0.0.1 /index.php/Login/check.html
INFO: [ app_begin ] --START--
INFO: Run Behavior\ReadHtmlCacheBehavior [ RunTime:0.000578s ]
INFO: [ app_begin ] --END-- [ RunTime:0.001072s ]
SQL: SHOW COLUMNS FROM `map_stu` [ RunTime:0.0058s ]
SQL: SELECT * FROM `map_stu` WHERE `stuId` = '311509060429' AND `password` = 'c786bba27f5da668d874671060cdc1b87885f36f' LIMIT 1   [ RunTime:0.0005s ]
INFO: [ app_end ] --START--
INFO: Run Behavior\ShowPageTraceBehavior [ RunTime:0.000592s ]
INFO: [ app_end ] --END-- [ RunTime:0.000639s ]

[ 2016-07-28T18:37:17+08:00 ] 127.0.0.1 /index.php/Login/login.html
INFO: [ app_begin ] --START--
INFO: Run Behavior\ReadHtmlCacheBehavior [ RunTime:0.000432s ]
INFO: [ app_begin ] --END-- [ RunTime:0.000782s ]
SQL: SHOW COLUMNS FROM `map_stu` [ RunTime:0.0053s ]
SQL: SELECT * FROM `map_stu` WHERE `stuId` = '311509060429' AND `password` = 'c786bba27f5da668d874671060cdc1b87885f36f' LIMIT 1   [ RunTime:0.0008s ]
INFO: [ app_end ] --START--
INFO: Run Behavior\ShowPageTraceBehavior [ RunTime:0.000608s ]
INFO: [ app_end ] --END-- [ RunTime:0.000641s ]

[ 2016-07-28T20:01:34+08:00 ] 127.0.0.1 /index.php/Certificate/index.html
ERR: 模板不存在:./Geomatics/Home/View/Certificate/index.php

[ 2016-07-28T20:02:18+08:00 ] 127.0.0.1 /index.php/Certificate/index.html
ERR: 模板不存在:./Geomatics/Home/View/Certificate/index.php

[ 2016-07-28T20:06:19+08:00 ] 127.0.0.1 /index.php/Login/check.html
INFO: [ app_begin ] --START--
INFO: Run Behavior\ReadHtmlCacheBehavior [ RunTime:0.000593s ]
INFO: [ app_begin ] --END-- [ RunTime:0.001016s ]
SQL: SHOW COLUMNS FROM `map_stu` [ RunTime:0.0044s ]
SQL: SELECT * FROM `map_stu` WHERE `stuId` = '311509060410' AND `password` = '501e0bbac99eb3673e5df715eacd9d0efb5601f5' LIMIT 1   [ RunTime:0.0005s ]
INFO: [ app_end ] --START--
INFO: Run Behavior\ShowPageTraceBehavior [ RunTime:0.000602s ]
INFO: [ app_end ] --END-- [ RunTime:0.000637s ]

[ 2016-07-28T20:06:19+08:00 ] 127.0.0.1 /index.php/Login/check.html
INFO: [ app_begin ] --START--
INFO: Run Behavior\ReadHtmlCacheBehavior [ RunTime:0.000482s ]
INFO: [ app_begin ] --END-- [ RunTime:0.000844s ]
SQL: SHOW COLUMNS FROM `map_stu` [ RunTime:0.0042s ]
SQL: SELECT * FROM `map_stu` WHERE `stuId` = '311509060410' AND `password` = '501e0bbac99eb3673e5df715eacd9d0efb5601f5' LIMIT 1   [ RunTime:0.0005s ]
INFO: [ app_end ] --START--
INFO: Run Behavior\ShowPageTraceBehavior [ RunTime:0.000567s ]
INFO: [ app_end ] --END-- [ RunTime:0.000612s ]

[ 2016-07-28T20:06:24+08:00 ] 127.0.0.1 /index.php/Login/login.html
INFO: [ app_begin ] --START--
INFO: Run Behavior\ReadHtmlCacheBehavior [ RunTime:0.000447s ]
INFO: [ app_begin ] --END-- [ RunTime:0.000891s ]
SQL: SHOW COLUMNS FROM `map_stu` [ RunTime:0.0062s ]
SQL: SELECT * FROM `map_stu` WHERE `stuId` = '311509060410' AND `password` = '501e0bbac99eb3673e5df715eacd9d0efb5601f5' LIMIT 1   [ RunTime:0.0005s ]
INFO: [ app_end ] --START--
INFO: Run Behavior\ShowPageTraceBehavior [ RunTime:0.000572s ]
INFO: [ app_end ] --END-- [ RunTime:0.000619s ]

[ 2016-07-28T20:29:58+08:00 ] 127.0.0.1 /index.php/Certificate/certificate.html
ERR: 模板不存在:./Geomatics/Home/View/Certificate/certificate.php

[ 2016-07-28T21:13:14+08:00 ] 127.0.0.1 /index.php/Login/check.html
INFO: [ app_begin ] --START--
INFO: Run Behavior\ReadHtmlCacheBehavior [ RunTime:0.000688s ]
INFO: [ app_begin ] --END-- [ RunTime:0.001244s ]
SQL: SHOW COLUMNS FROM `map_stu` [ RunTime:0.0056s ]
SQL: SELECT * FROM `map_stu` WHERE `stuId` = '311509060410' AND `password` = '501e0bbac99eb3673e5df715eacd9d0efb5601f5' LIMIT 1   [ RunTime:0.0005s ]
INFO: [ app_end ] --START--
INFO: Run Behavior\ShowPageTraceBehavior [ RunTime:0.000578s ]
INFO: [ app_end ] --END-- [ RunTime:0.000612s ]

[ 2016-07-28T21:13:15+08:00 ] 127.0.0.1 /index.php/Login/check.html
INFO: [ app_begin ] --START--
INFO: Run Behavior\ReadHtmlCacheBehavior [ RunTime:0.000415s ]
INFO: [ app_begin ] --END-- [ RunTime:0.000760s ]
SQL: SHOW COLUMNS FROM `map_stu` [ RunTime:0.0038s ]
SQL: SELECT * FROM `map_stu` WHERE `stuId` = '311509060410' AND `password` = '501e0bbac99eb3673e5df715eacd9d0efb5601f5' LIMIT 1   [ RunTime:0.0005s ]
INFO: [ app_end ] --START--
INFO: Run Behavior\ShowPageTraceBehavior [ RunTime:0.000570s ]
INFO: [ app_end ] --END-- [ RunTime:0.000606s ]

[ 2016-07-28T21:13:17+08:00 ] 127.0.0.1 /index.php/Login/login.html
INFO: [ app_begin ] --START--
INFO: Run Behavior\ReadHtmlCacheBehavior [ RunTime:0.000383s ]
INFO: [ app_begin ] --END-- [ RunTime:0.000706s ]
SQL: SHOW COLUMNS FROM `map_stu` [ RunTime:0.0067s ]
SQL: SELECT * FROM `map_stu` WHERE `stuId` = '311509060410' AND `password` = '501e0bbac99eb3673e5df715eacd9d0efb5601f5' LIMIT 1   [ RunTime:0.0005s ]
INFO: [ app_end ] --START--
INFO: Run Behavior\ShowPageTraceBehavior [ RunTime:0.000610s ]
INFO: [ app_end ] --END-- [ RunTime:0.000648s ]

[ 2016-07-28T21:43:02+08:00 ] ::1 /index.php/Login/check.html
INFO: [ app_begin ] --START--
INFO: Run Behavior\ReadHtmlCacheBehavior [ RunTime:0.000446s ]
INFO: [ app_begin ] --END-- [ RunTime:0.000990s ]
SQL: SHOW COLUMNS FROM `map_stu` [ RunTime:0.0049s ]
SQL: SELECT * FROM `map_stu` WHERE `stuId` = '311509060410' AND `password` = '501e0bbac99eb3673e5df715eacd9d0efb5601f5' LIMIT 1   [ RunTime:0.0005s ]
INFO: [ app_end ] --START--
INFO: Run Behavior\ShowPageTraceBehavior [ RunTime:0.000543s ]
INFO: [ app_end ] --END-- [ RunTime:0.000577s ]

[ 2016-07-28T21:43:03+08:00 ] ::1 /index.php/Login/check.html
INFO: [ app_begin ] --START--
INFO: Run Behavior\ReadHtmlCacheBehavior [ RunTime:0.000406s ]
INFO: [ app_begin ] --END-- [ RunTime:0.000726s ]
SQL: SHOW COLUMNS FROM `map_stu` [ RunTime:0.0041s ]
SQL: SELECT * FROM `map_stu` WHERE `stuId` = '311509060410' AND `password` = '501e0bbac99eb3673e5df715eacd9d0efb5601f5' LIMIT 1   [ RunTime:0.0006s ]
INFO: [ app_end ] --START--
INFO: Run Behavior\ShowPageTraceBehavior [ RunTime:0.000615s ]
INFO: [ app_end ] --END-- [ RunTime:0.000656s ]

[ 2016-07-28T21:43:05+08:00 ] ::1 /index.php/Login/login.html
INFO: [ app_begin ] --START--
INFO: Run Behavior\ReadHtmlCacheBehavior [ RunTime:0.000595s ]
INFO: [ app_begin ] --END-- [ RunTime:0.001113s ]
SQL: SHOW COLUMNS FROM `map_stu` [ RunTime:0.0036s ]
SQL: SELECT * FROM `map_stu` WHERE `stuId` = '311509060410' AND `password` = '501e0bbac99eb3673e5df715eacd9d0efb5601f5' LIMIT 1   [ RunTime:0.0006s ]
INFO: [ app_end ] --START--
INFO: Run Behavior\ShowPageTraceBehavior [ RunTime:0.000686s ]
INFO: [ app_end ] --END-- [ RunTime:0.000741s ]

