[ 2016-07-20T00:13:18+08:00 ] ::1 /Public/Geomatics/Personal/css/jquery-ui.css
ERR: 无法加载控制器:Public

[ 2016-07-20T00:13:18+08:00 ] ::1 /Public/Geomatics/Personal/css/style1.css
ERR: 无法加载控制器:Public

[ 2016-07-20T00:13:19+08:00 ] ::1 /Public/Geomatics/Personal/js/jquery-1.12.2.js
ERR: 无法加载控制器:Public

[ 2016-07-20T00:13:19+08:00 ] ::1 /Public/Geomatics/Personal/js/jquery-ui.js
ERR: 无法加载控制器:Public

[ 2016-07-20T00:14:13+08:00 ] ::1 /Public/umeditor/themes/default/css/umeditor.css
ERR: 无法加载控制器:Public

[ 2016-07-20T00:40:32+08:00 ] ::1 /Public/Geomatics/Personal/css/jquery-ui.css
ERR: 无法加载控制器:Public

[ 2016-07-20T00:40:32+08:00 ] ::1 /Public/Geomatics/Personal/css/style1.css
ERR: 无法加载控制器:Public

[ 2016-07-20T00:40:32+08:00 ] ::1 /Public/Geomatics/Personal/js/jquery-1.12.2.js
ERR: 无法加载控制器:Public

[ 2016-07-20T00:40:32+08:00 ] ::1 /Public/Geomatics/Personal/js/jquery-ui.js
ERR: 无法加载控制器:Public

[ 2016-07-20T00:46:27+08:00 ] ::1 /Public/Geomatics/Personal/js/jquery-ui.js
ERR: 无法加载控制器:Public

[ 2016-07-20T00:46:27+08:00 ] ::1 /Public/Geomatics/Personal/css/style1.css
ERR: 无法加载控制器:Public

[ 2016-07-20T00:46:27+08:00 ] ::1 /Public/Geomatics/Personal/js/jquery-1.12.2.js
ERR: 无法加载控制器:Public

[ 2016-07-20T00:46:27+08:00 ] ::1 /Public/Geomatics/Personal/css/jquery-ui.css
ERR: 无法加载控制器:Public

[ 2016-07-20T00:46:34+08:00 ] ::1 /Public/Geomatics/Personal/js/jquery-ui.js
ERR: 无法加载控制器:Public

[ 2016-07-20T00:46:34+08:00 ] ::1 /Public/Geomatics/Personal/js/jquery-1.12.2.js
ERR: 无法加载控制器:Public

[ 2016-07-20T00:46:34+08:00 ] ::1 /Public/Geomatics/Personal/css/jquery-ui.css
ERR: 无法加载控制器:Public

[ 2016-07-20T00:46:34+08:00 ] ::1 /Public/Geomatics/Personal/css/style1.css
ERR: 无法加载控制器:Public

[ 2016-07-20T00:46:35+08:00 ] ::1 /Public/Geomatics/Personal/css/style1.css
ERR: 无法加载控制器:Public

[ 2016-07-20T00:46:35+08:00 ] ::1 /Public/Geomatics/Personal/css/jquery-ui.css
ERR: 无法加载控制器:Public

[ 2016-07-20T00:46:35+08:00 ] ::1 /Public/Geomatics/Personal/js/jquery-ui.js
ERR: 无法加载控制器:Public

[ 2016-07-20T00:46:35+08:00 ] ::1 /Public/Geomatics/Personal/js/jquery-1.12.2.js
ERR: 无法加载控制器:Public

[ 2016-07-20T00:47:01+08:00 ] ::1 /Public/Geomatics/Personal/css/style1.css
ERR: 无法加载控制器:Public

[ 2016-07-20T00:47:01+08:00 ] ::1 /Public/Geomatics/Personal/js/jquery-ui.js
ERR: 无法加载控制器:Public

[ 2016-07-20T00:47:01+08:00 ] ::1 /Public/Geomatics/Personal/js/jquery-1.12.2.js
ERR: 无法加载控制器:Public

[ 2016-07-20T00:47:01+08:00 ] ::1 /Public/Geomatics/Personal/css/jquery-ui.css
ERR: 无法加载控制器:Public

[ 2016-07-20T00:47:04+08:00 ] ::1 /Public/Geomatics/Personal/js/jquery-1.12.2.js
ERR: 无法加载控制器:Public

[ 2016-07-20T00:47:04+08:00 ] ::1 /Public/Geomatics/Personal/css/style1.css
ERR: 无法加载控制器:Public

[ 2016-07-20T00:47:04+08:00 ] ::1 /Public/Geomatics/Personal/js/jquery-ui.js
ERR: 无法加载控制器:Public

[ 2016-07-20T00:47:04+08:00 ] ::1 /Public/Geomatics/Personal/css/jquery-ui.css
ERR: 无法加载控制器:Public

[ 2016-07-20T00:47:07+08:00 ] ::1 /Public/Geomatics/Personal/css/style1.css
ERR: 无法加载控制器:Public

[ 2016-07-20T00:47:07+08:00 ] ::1 /Public/Geomatics/Personal/css/jquery-ui.css
ERR: 无法加载控制器:Public

[ 2016-07-20T01:21:58+08:00 ] ::1 /index.php/Login/verify.html
ERR: 非法操作:verify

[ 2016-07-20T01:22:11+08:00 ] ::1 /index.php/Login/verify.html
ERR: 非法操作:verify

[ 2016-07-20T01:27:04+08:00 ] ::1 /index.php/Login/verifyImg.html0.9932752657380082
ERR: 非法操作:verifyImg.html0.9932752657380082

[ 2016-07-20T01:28:16+08:00 ] ::1 /index.php/Login/verifyImg.html/r=
ERR: 非法操作:verifyImg.html

[ 2016-07-20T01:31:14+08:00 ] ::1 /index.php/Login/verifyImg.html=
ERR: 非法操作:verifyImg.html=

[ 2016-07-20T01:31:22+08:00 ] ::1 /index.php/Login/verifyImg.html0.6312996919380867
ERR: 非法操作:verifyImg.html0.6312996919380867

[ 2016-07-20T01:32:11+08:00 ] ::1 /index.php/Login/login.html
INFO: [ app_begin ] --START--
INFO: Run Behavior\ReadHtmlCacheBehavior [ RunTime:0.000498s ]
INFO: [ app_begin ] --END-- [ RunTime:0.000955s ]
SQL: SHOW COLUMNS FROM `map_stu` [ RunTime:0.0015s ]
SQL: SELECT * FROM `map_stu` WHERE `stuId` = 'undefined' AND `password` = 'd5d4cd07616a542891b7ec2d0257b3a24b69856e' LIMIT 1   [ RunTime:0.0004s ]
INFO: [ app_end ] --START--
INFO: Run Behavior\ShowPageTraceBehavior [ RunTime:0.000656s ]
INFO: [ app_end ] --END-- [ RunTime:0.000798s ]

[ 2016-07-20T01:33:03+08:00 ] ::1 /index.php/Login/login.html
INFO: [ app_begin ] --START--
INFO: Run Behavior\ReadHtmlCacheBehavior [ RunTime:0.000526s ]
INFO: [ app_begin ] --END-- [ RunTime:0.000978s ]
SQL: SHOW COLUMNS FROM `map_stu` [ RunTime:0.0007s ]
SQL: SELECT * FROM `map_stu` WHERE `stuId` = 'undefined' AND `password` = 'd5d4cd07616a542891b7ec2d0257b3a24b69856e' LIMIT 1   [ RunTime:0.0003s ]
INFO: [ app_end ] --START--
INFO: Run Behavior\ShowPageTraceBehavior [ RunTime:0.000533s ]
INFO: [ app_end ] --END-- [ RunTime:0.000667s ]

[ 2016-07-20T01:33:13+08:00 ] ::1 /index.php/Login/login.html
INFO: [ app_begin ] --START--
INFO: Run Behavior\ReadHtmlCacheBehavior [ RunTime:0.000574s ]
INFO: [ app_begin ] --END-- [ RunTime:0.001072s ]
SQL: SHOW COLUMNS FROM `map_stu` [ RunTime:0.0006s ]
SQL: SELECT * FROM `map_stu` WHERE `stuId` = 'undefined' AND `password` = 'd5d4cd07616a542891b7ec2d0257b3a24b69856e' LIMIT 1   [ RunTime:0.0003s ]
INFO: [ app_end ] --START--
INFO: Run Behavior\ShowPageTraceBehavior [ RunTime:0.000704s ]
INFO: [ app_end ] --END-- [ RunTime:0.000847s ]

[ 2016-07-20T01:33:26+08:00 ] ::1 /index.php/Login/login.html
INFO: [ app_begin ] --START--
INFO: Run Behavior\ReadHtmlCacheBehavior [ RunTime:0.000491s ]
INFO: [ app_begin ] --END-- [ RunTime:0.000952s ]
SQL: SHOW COLUMNS FROM `map_stu` [ RunTime:0.0006s ]
SQL: SELECT * FROM `map_stu` WHERE `stuId` = 'undefined' AND `password` = 'd5d4cd07616a542891b7ec2d0257b3a24b69856e' LIMIT 1   [ RunTime:0.0003s ]
INFO: [ app_end ] --START--
INFO: Run Behavior\ShowPageTraceBehavior [ RunTime:0.000521s ]
INFO: [ app_end ] --END-- [ RunTime:0.000679s ]

[ 2016-07-20T01:33:44+08:00 ] ::1 /index.php/Login/login.html
INFO: [ app_begin ] --START--
INFO: Run Behavior\ReadHtmlCacheBehavior [ RunTime:0.000510s ]
INFO: [ app_begin ] --END-- [ RunTime:0.000983s ]
SQL: SHOW COLUMNS FROM `map_stu` [ RunTime:0.0010s ]
SQL: SELECT * FROM `map_stu` WHERE `stuId` = 'undefined' AND `password` = 'd5d4cd07616a542891b7ec2d0257b3a24b69856e' LIMIT 1   [ RunTime:0.0003s ]
INFO: [ app_end ] --START--
INFO: Run Behavior\ShowPageTraceBehavior [ RunTime:0.000913s ]
INFO: [ app_end ] --END-- [ RunTime:0.001154s ]

[ 2016-07-20T01:34:04+08:00 ] ::1 /index.php/Login/login.html
INFO: [ app_begin ] --START--
INFO: Run Behavior\ReadHtmlCacheBehavior [ RunTime:0.000699s ]
INFO: [ app_begin ] --END-- [ RunTime:0.001286s ]
SQL: SHOW COLUMNS FROM `map_stu` [ RunTime:0.0011s ]
SQL: SELECT * FROM `map_stu` WHERE `stuId` = 'undefined' AND `password` = 'd5d4cd07616a542891b7ec2d0257b3a24b69856e' LIMIT 1   [ RunTime:0.0006s ]
INFO: [ app_end ] --START--
INFO: Run Behavior\ShowPageTraceBehavior [ RunTime:0.000671s ]
INFO: [ app_end ] --END-- [ RunTime:0.000814s ]

[ 2016-07-20T01:36:52+08:00 ] ::1 /index.php/Login/login.html
INFO: [ app_begin ] --START--
INFO: Run Behavior\ReadHtmlCacheBehavior [ RunTime:0.000622s ]
INFO: [ app_begin ] --END-- [ RunTime:0.001168s ]
SQL: SHOW COLUMNS FROM `map_stu` [ RunTime:0.0011s ]
SQL: SELECT * FROM `map_stu` WHERE `stuId` = 'undefined' AND `password` = 'd5d4cd07616a542891b7ec2d0257b3a24b69856e' LIMIT 1   [ RunTime:0.0004s ]

[ 2016-07-20T01:36:55+08:00 ] ::1 /index.php/Login/login.html
INFO: [ app_begin ] --START--
INFO: Run Behavior\ReadHtmlCacheBehavior [ RunTime:0.000508s ]
INFO: [ app_begin ] --END-- [ RunTime:0.000970s ]
INFO: [ app_end ] --START--
INFO: Run Behavior\ShowPageTraceBehavior [ RunTime:0.000626s ]
INFO: [ app_end ] --END-- [ RunTime:0.000769s ]

[ 2016-07-20T01:38:16+08:00 ] ::1 /index.php/Login/login.html
INFO: [ app_begin ] --START--
INFO: Run Behavior\ReadHtmlCacheBehavior [ RunTime:0.000927s ]
INFO: [ app_begin ] --END-- [ RunTime:0.001905s ]
INFO: [ app_end ] --START--
INFO: Run Behavior\ShowPageTraceBehavior [ RunTime:0.000787s ]
INFO: [ app_end ] --END-- [ RunTime:0.000924s ]

[ 2016-07-20T01:39:09+08:00 ] ::1 /index.php/Login/login.html
INFO: [ app_begin ] --START--
INFO: Run Behavior\ReadHtmlCacheBehavior [ RunTime:0.000564s ]
INFO: [ app_begin ] --END-- [ RunTime:0.001085s ]
SQL: SHOW COLUMNS FROM `map_stu` [ RunTime:0.0015s ]
SQL: SELECT * FROM `map_stu` WHERE `stuId` = '311509060410' AND `password` = '501e0bbac99eb3673e5df715eacd9d0efb5601f5' LIMIT 1   [ RunTime:0.0005s ]
NOTIC: [8] Undefined index: stuId D:\WampServer\www\Geomatics\Home\Controller\LoginController.class.php 第 20 行.
NOTIC: [8] Undefined index: name D:\WampServer\www\Geomatics\Home\Controller\LoginController.class.php 第 21 行.
INFO: [ app_end ] --START--
INFO: Run Behavior\ShowPageTraceBehavior [ RunTime:0.000859s ]
INFO: [ app_end ] --END-- [ RunTime:0.001001s ]

[ 2016-07-20T01:39:38+08:00 ] ::1 /index.php/Login/login.html
INFO: [ app_begin ] --START--
INFO: Run Behavior\ReadHtmlCacheBehavior [ RunTime:0.000538s ]
INFO: [ app_begin ] --END-- [ RunTime:0.000996s ]
SQL: SHOW COLUMNS FROM `map_stu` [ RunTime:0.0010s ]
SQL: SELECT * FROM `map_stu` WHERE `stuId` = '311509060410' AND `password` = '501e0bbac99eb3673e5df715eacd9d0efb5601f5' LIMIT 1   [ RunTime:0.0003s ]
NOTIC: [8] Undefined index: stuId D:\WampServer\www\Geomatics\Home\Controller\LoginController.class.php 第 20 行.
NOTIC: [8] Undefined index: name D:\WampServer\www\Geomatics\Home\Controller\LoginController.class.php 第 21 行.
INFO: [ app_end ] --START--
INFO: Run Behavior\ShowPageTraceBehavior [ RunTime:0.000679s ]
INFO: [ app_end ] --END-- [ RunTime:0.000796s ]

[ 2016-07-20T01:39:59+08:00 ] ::1 /index.php/Login/login.html
INFO: [ app_begin ] --START--
INFO: Run Behavior\ReadHtmlCacheBehavior [ RunTime:0.000630s ]
INFO: [ app_begin ] --END-- [ RunTime:0.001156s ]
SQL: SHOW COLUMNS FROM `map_stu` [ RunTime:0.0007s ]
SQL: SELECT * FROM `map_stu` WHERE `stuId` = '311509060410' AND `password` = '501e0bbac99eb3673e5df715eacd9d0efb5601f5' LIMIT 1   [ RunTime:0.0004s ]
NOTIC: [8] Undefined index: stuId D:\WampServer\www\Geomatics\Home\Controller\LoginController.class.php 第 20 行.
NOTIC: [8] Undefined index: name D:\WampServer\www\Geomatics\Home\Controller\LoginController.class.php 第 21 行.
INFO: [ app_end ] --START--
INFO: Run Behavior\ShowPageTraceBehavior [ RunTime:0.000838s ]
INFO: [ app_end ] --END-- [ RunTime:0.000955s ]

[ 2016-07-20T01:40:54+08:00 ] ::1 /index.php/Login/login.html
INFO: [ app_begin ] --START--
INFO: Run Behavior\ReadHtmlCacheBehavior [ RunTime:0.000840s ]
INFO: [ app_begin ] --END-- [ RunTime:0.001541s ]
SQL: SHOW COLUMNS FROM `map_stu` [ RunTime:0.0011s ]
SQL: SELECT * FROM `map_stu` WHERE `stuId` = '311509060410' AND `password` = '501e0bbac99eb3673e5df715eacd9d0efb5601f5' LIMIT 1   [ RunTime:0.0004s ]
NOTIC: [8] Undefined index: stuId D:\WampServer\www\Geomatics\Home\Controller\LoginController.class.php 第 20 行.
NOTIC: [8] Undefined index: name D:\WampServer\www\Geomatics\Home\Controller\LoginController.class.php 第 21 行.
INFO: [ app_end ] --START--
INFO: Run Behavior\ShowPageTraceBehavior [ RunTime:0.000764s ]
INFO: [ app_end ] --END-- [ RunTime:0.000886s ]

[ 2016-07-20T01:41:46+08:00 ] ::1 /index.php/Login/login.html
INFO: [ app_begin ] --START--
INFO: Run Behavior\ReadHtmlCacheBehavior [ RunTime:0.000662s ]
INFO: [ app_begin ] --END-- [ RunTime:0.001311s ]
SQL: SHOW COLUMNS FROM `map_stu` [ RunTime:0.0011s ]
SQL: SELECT * FROM `map_stu` WHERE `stuId` = '311509060410' AND `password` = '501e0bbac99eb3673e5df715eacd9d0efb5601f5' LIMIT 1   [ RunTime:0.0004s ]
NOTIC: [8] Undefined index: stuId D:\WampServer\www\Geomatics\Home\Controller\LoginController.class.php 第 20 行.
NOTIC: [8] Undefined index: name D:\WampServer\www\Geomatics\Home\Controller\LoginController.class.php 第 21 行.
INFO: [ app_end ] --START--
INFO: Run Behavior\ShowPageTraceBehavior [ RunTime:0.000740s ]
INFO: [ app_end ] --END-- [ RunTime:0.000857s ]

[ 2016-07-20T01:43:40+08:00 ] ::1 /index.php/Login/login.html
INFO: [ app_begin ] --START--
INFO: Run Behavior\ReadHtmlCacheBehavior [ RunTime:0.000708s ]
INFO: [ app_begin ] --END-- [ RunTime:0.001245s ]
INFO: [ app_end ] --START--
INFO: Run Behavior\ShowPageTraceBehavior [ RunTime:0.000637s ]
INFO: [ app_end ] --END-- [ RunTime:0.000758s ]

[ 2016-07-20T01:43:51+08:00 ] ::1 /index.php/Login/login.html
INFO: [ app_begin ] --START--
INFO: Run Behavior\ReadHtmlCacheBehavior [ RunTime:0.000626s ]
INFO: [ app_begin ] --END-- [ RunTime:0.001168s ]
SQL: SHOW COLUMNS FROM `map_stu` [ RunTime:0.0010s ]
SQL: SELECT * FROM `map_stu` WHERE `stuId` = '3115' AND `password` = '43814346e21444aaf4f70841bf7ed5ae93f55a9d' LIMIT 1   [ RunTime:0.0003s ]
INFO: [ app_end ] --START--
INFO: Run Behavior\ShowPageTraceBehavior [ RunTime:0.000815s ]
INFO: [ app_end ] --END-- [ RunTime:0.000946s ]

[ 2016-07-20T01:44:23+08:00 ] ::1 /index.php/Login/login.html
INFO: [ app_begin ] --START--
INFO: Run Behavior\ReadHtmlCacheBehavior [ RunTime:0.000508s ]
INFO: [ app_begin ] --END-- [ RunTime:0.001004s ]
SQL: SHOW COLUMNS FROM `map_stu` [ RunTime:0.0010s ]
SQL: SELECT * FROM `map_stu` WHERE `stuId` = '311509060410' AND `password` = '501e0bbac99eb3673e5df715eacd9d0efb5601f5' LIMIT 1   [ RunTime:0.0003s ]
NOTIC: [8] Undefined index: stuId D:\WampServer\www\Geomatics\Home\Controller\LoginController.class.php 第 20 行.
NOTIC: [8] Undefined index: name D:\WampServer\www\Geomatics\Home\Controller\LoginController.class.php 第 21 行.
INFO: [ app_end ] --START--
INFO: Run Behavior\ShowPageTraceBehavior [ RunTime:0.000658s ]
INFO: [ app_end ] --END-- [ RunTime:0.000789s ]

[ 2016-07-20T01:45:41+08:00 ] ::1 /index.php/Login/login.html
INFO: [ app_begin ] --START--
INFO: Run Behavior\ReadHtmlCacheBehavior [ RunTime:0.000627s ]
INFO: [ app_begin ] --END-- [ RunTime:0.001136s ]
SQL: SHOW COLUMNS FROM `map_stu` [ RunTime:0.0006s ]
SQL: SELECT * FROM `map_stu` WHERE `stuId` = '311509060410' AND `password` = '501e0bbac99eb3673e5df715eacd9d0efb5601f5' LIMIT 1   [ RunTime:0.0003s ]
NOTIC: [8] Undefined index: stuId D:\WampServer\www\Geomatics\Home\Controller\LoginController.class.php 第 20 行.
NOTIC: [8] Undefined index: name D:\WampServer\www\Geomatics\Home\Controller\LoginController.class.php 第 21 行.
INFO: [ app_end ] --START--
INFO: Run Behavior\ShowPageTraceBehavior [ RunTime:0.000755s ]
INFO: [ app_end ] --END-- [ RunTime:0.000882s ]

[ 2016-07-20T01:47:30+08:00 ] ::1 /index.php/Login/login.html
INFO: [ app_begin ] --START--
INFO: Run Behavior\ReadHtmlCacheBehavior [ RunTime:0.000517s ]
INFO: [ app_begin ] --END-- [ RunTime:0.000996s ]
SQL: SHOW COLUMNS FROM `map_stu` [ RunTime:0.0006s ]
SQL: SELECT * FROM `map_stu` WHERE `stuId` = '3115' AND `password` = '501e0bbac99eb3673e5df715eacd9d0efb5601f5' LIMIT 1   [ RunTime:0.0003s ]
INFO: [ app_end ] --START--
INFO: Run Behavior\ShowPageTraceBehavior [ RunTime:0.000683s ]
INFO: [ app_end ] --END-- [ RunTime:0.000851s ]

[ 2016-07-20T01:47:30+08:00 ] ::1 /index.php/Index/null
ERR: 非法操作:null

[ 2016-07-20T01:50:26+08:00 ] ::1 /index.php/Login/login.html
INFO: [ app_begin ] --START--
INFO: Run Behavior\ReadHtmlCacheBehavior [ RunTime:0.000616s ]
INFO: [ app_begin ] --END-- [ RunTime:0.001152s ]
INFO: [ app_end ] --START--
INFO: Run Behavior\ShowPageTraceBehavior [ RunTime:0.000611s ]
INFO: [ app_end ] --END-- [ RunTime:0.000733s ]

[ 2016-07-20T01:50:38+08:00 ] ::1 /index.php/Login/login.html
INFO: [ app_begin ] --START--
INFO: Run Behavior\ReadHtmlCacheBehavior [ RunTime:0.000521s ]
INFO: [ app_begin ] --END-- [ RunTime:0.001005s ]
SQL: SHOW COLUMNS FROM `map_stu` [ RunTime:0.0006s ]
SQL: SELECT * FROM `map_stu` WHERE `stuId` = '311509060410' AND `password` = '501e0bbac99eb3673e5df715eacd9d0efb5601f5' LIMIT 1   [ RunTime:0.0003s ]
INFO: [ app_end ] --START--
INFO: Run Behavior\ShowPageTraceBehavior [ RunTime:0.000713s ]
INFO: [ app_end ] --END-- [ RunTime:0.000832s ]

[ 2016-07-20T01:51:43+08:00 ] ::1 /index.php/Login/login.html
INFO: [ app_begin ] --START--
INFO: Run Behavior\ReadHtmlCacheBehavior [ RunTime:0.000544s ]
INFO: [ app_begin ] --END-- [ RunTime:0.001020s ]
SQL: SHOW COLUMNS FROM `map_stu` [ RunTime:0.0006s ]
SQL: SELECT * FROM `map_stu` WHERE `stuId` = '311509060410' AND `password` = '501e0bbac99eb3673e5df715eacd9d0efb5601f5' LIMIT 1   [ RunTime:0.0003s ]
INFO: [ app_end ] --START--
INFO: Run Behavior\ShowPageTraceBehavior [ RunTime:0.000809s ]
INFO: [ app_end ] --END-- [ RunTime:0.000987s ]

[ 2016-07-20T01:53:24+08:00 ] ::1 /index.php/Login/login.html
INFO: [ app_begin ] --START--
INFO: Run Behavior\ReadHtmlCacheBehavior [ RunTime:0.000508s ]
INFO: [ app_begin ] --END-- [ RunTime:0.000969s ]
SQL: SHOW COLUMNS FROM `map_stu` [ RunTime:0.0007s ]
SQL: SELECT * FROM `map_stu` WHERE `stuId` = '311509060410' AND `password` = '501e0bbac99eb3673e5df715eacd9d0efb5601f5' LIMIT 1   [ RunTime:0.0004s ]
INFO: [ app_end ] --START--
INFO: Run Behavior\ShowPageTraceBehavior [ RunTime:0.000772s ]
INFO: [ app_end ] --END-- [ RunTime:0.000896s ]

[ 2016-07-20T01:53:52+08:00 ] ::1 /index.php/Login/login.html
INFO: [ app_begin ] --START--
INFO: Run Behavior\ReadHtmlCacheBehavior [ RunTime:0.000625s ]
INFO: [ app_begin ] --END-- [ RunTime:0.001146s ]
SQL: SHOW COLUMNS FROM `map_stu` [ RunTime:0.0006s ]
SQL: SELECT * FROM `map_stu` WHERE `stuId` = '311509060410' AND `password` = '501e0bbac99eb3673e5df715eacd9d0efb5601f5' LIMIT 1   [ RunTime:0.0003s ]
INFO: [ app_end ] --START--
INFO: Run Behavior\ShowPageTraceBehavior [ RunTime:0.000671s ]
INFO: [ app_end ] --END-- [ RunTime:0.000787s ]

[ 2016-07-20T01:54:12+08:00 ] ::1 /index.php/Login/login.html
INFO: [ app_begin ] --START--
INFO: Run Behavior\ReadHtmlCacheBehavior [ RunTime:0.000635s ]
INFO: [ app_begin ] --END-- [ RunTime:0.001165s ]
SQL: SHOW COLUMNS FROM `map_stu` [ RunTime:0.0006s ]
SQL: SELECT * FROM `map_stu` WHERE `stuId` = '311509060410' AND `password` = '501e0bbac99eb3673e5df715eacd9d0efb5601f5' LIMIT 1   [ RunTime:0.0003s ]
INFO: [ app_end ] --START--
INFO: Run Behavior\ShowPageTraceBehavior [ RunTime:0.000752s ]
INFO: [ app_end ] --END-- [ RunTime:0.000870s ]

[ 2016-07-20T01:54:12+08:00 ] ::1 /index.php/Index/%3Cpre%20class='xdebug-var-dump'%20dir='ltr'%3E%3Csmall%3ED:/WampServer/www/Geomatics/Home/Controller/LoginController.class.php:23:%3C/small%3E%3Cb%3Earray%3C/b%3E%20%3Ci%3E(size=5)%3C/i%3E%20%20'id'%20%3Cfont%20color='
ERR: 非法操作:D:

[ 2016-07-20T01:54:57+08:00 ] ::1 /index.php/Login/login.html
INFO: [ app_begin ] --START--
INFO: Run Behavior\ReadHtmlCacheBehavior [ RunTime:0.000524s ]
INFO: [ app_begin ] --END-- [ RunTime:0.001062s ]
INFO: [ app_end ] --START--
INFO: Run Behavior\ShowPageTraceBehavior [ RunTime:0.000543s ]
INFO: [ app_end ] --END-- [ RunTime:0.000669s ]

[ 2016-07-20T01:55:06+08:00 ] ::1 /index.php/Login/login.html
INFO: [ app_begin ] --START--
INFO: Run Behavior\ReadHtmlCacheBehavior [ RunTime:0.000609s ]
INFO: [ app_begin ] --END-- [ RunTime:0.001179s ]
SQL: SHOW COLUMNS FROM `map_stu` [ RunTime:0.0007s ]
SQL: SELECT * FROM `map_stu` WHERE `stuId` = '311509060410' AND `password` = 'da39a3ee5e6b4b0d3255bfef95601890afd80709' LIMIT 1   [ RunTime:0.0004s ]
INFO: [ app_end ] --START--
INFO: Run Behavior\ShowPageTraceBehavior [ RunTime:0.000761s ]
INFO: [ app_end ] --END-- [ RunTime:0.000884s ]

[ 2016-07-20T01:55:22+08:00 ] ::1 /index.php/Login/login.html
INFO: [ app_begin ] --START--
INFO: Run Behavior\ReadHtmlCacheBehavior [ RunTime:0.000521s ]
INFO: [ app_begin ] --END-- [ RunTime:0.000998s ]
INFO: [ app_end ] --START--
INFO: Run Behavior\ShowPageTraceBehavior [ RunTime:0.000479s ]
INFO: [ app_end ] --END-- [ RunTime:0.000602s ]

[ 2016-07-20T01:55:30+08:00 ] ::1 /index.php/Login/login.html
INFO: [ app_begin ] --START--
INFO: Run Behavior\ReadHtmlCacheBehavior [ RunTime:0.000575s ]
INFO: [ app_begin ] --END-- [ RunTime:0.001130s ]
SQL: SHOW COLUMNS FROM `map_stu` [ RunTime:0.0006s ]
SQL: SELECT * FROM `map_stu` WHERE `stuId` = '311509060410' AND `password` = '501e0bbac99eb3673e5df715eacd9d0efb5601f5' LIMIT 1   [ RunTime:0.0003s ]
INFO: [ app_end ] --START--
INFO: Run Behavior\ShowPageTraceBehavior [ RunTime:0.000668s ]
INFO: [ app_end ] --END-- [ RunTime:0.000786s ]

[ 2016-07-20T01:55:30+08:00 ] ::1 /index.php/Index/%3Cpre%20class='xdebug-var-dump'%20dir='ltr'%3E%3Csmall%3ED:/WampServer/www/Geomatics/Home/Controller/LoginController.class.php:23:%3C/small%3E%3Cb%3Earray%3C/b%3E%20%3Ci%3E(size=5)%3C/i%3E%20%20'id'%20%3Cfont%20color='
ERR: 非法操作:D:

[ 2016-07-20T01:55:49+08:00 ] ::1 /index.php/Index/%3Cpre%20class='xdebug-var-dump'%20dir='ltr'%3E%3Csmall%3ED:/WampServer/www/Geomatics/Home/Controller/LoginController.class.php:23:%3C/small%3E%3Cb%3Earray%3C/b%3E%20%3Ci%3E(size=5)%3C/i%3E%20%20'id'%20%3Cfont%20color='
ERR: 非法操作:D:

[ 2016-07-20T01:57:12+08:00 ] ::1 /index.php/Login/login.html
INFO: [ app_begin ] --START--
INFO: Run Behavior\ReadHtmlCacheBehavior [ RunTime:0.000644s ]
INFO: [ app_begin ] --END-- [ RunTime:0.001198s ]
SQL: SHOW COLUMNS FROM `map_stu` [ RunTime:0.0011s ]
SQL: SELECT * FROM `map_stu` WHERE `stuId` = '311509060410' AND `password` = '501e0bbac99eb3673e5df715eacd9d0efb5601f5' LIMIT 1   [ RunTime:0.0004s ]
NOTIC: [8] Undefined index: stuId D:\WampServer\www\Geomatics\Home\Controller\LoginController.class.php 第 20 行.
NOTIC: [8] Undefined index: name D:\WampServer\www\Geomatics\Home\Controller\LoginController.class.php 第 21 行.
INFO: [ app_end ] --START--
INFO: Run Behavior\ShowPageTraceBehavior [ RunTime:0.000861s ]
INFO: [ app_end ] --END-- [ RunTime:0.000990s ]

[ 2016-07-20T01:59:08+08:00 ] ::1 /index.php/Login/login.html
INFO: [ app_begin ] --START--
INFO: Run Behavior\ReadHtmlCacheBehavior [ RunTime:0.000509s ]
INFO: [ app_begin ] --END-- [ RunTime:0.000979s ]
SQL: SHOW COLUMNS FROM `map_stu` [ RunTime:0.0010s ]
SQL: SELECT * FROM `map_stu` WHERE `stuId` = '311509060410' AND `password` = '501e0bbac99eb3673e5df715eacd9d0efb5601f5' LIMIT 1   [ RunTime:0.0003s ]
INFO: [ app_end ] --START--
INFO: Run Behavior\ShowPageTraceBehavior [ RunTime:0.000665s ]
INFO: [ app_end ] --END-- [ RunTime:0.000793s ]

[ 2016-07-20T01:59:37+08:00 ] ::1 /index.php/Login/login.html
INFO: [ app_begin ] --START--
INFO: Run Behavior\ReadHtmlCacheBehavior [ RunTime:0.000579s ]
INFO: [ app_begin ] --END-- [ RunTime:0.001148s ]
INFO: [ app_end ] --START--
INFO: Run Behavior\ShowPageTraceBehavior [ RunTime:0.000514s ]
INFO: [ app_end ] --END-- [ RunTime:0.000640s ]

[ 2016-07-20T01:59:43+08:00 ] ::1 /index.php/Login/login.html
INFO: [ app_begin ] --START--
INFO: Run Behavior\ReadHtmlCacheBehavior [ RunTime:0.000509s ]
INFO: [ app_begin ] --END-- [ RunTime:0.000974s ]
SQL: SHOW COLUMNS FROM `map_stu` [ RunTime:0.0006s ]
SQL: SELECT * FROM `map_stu` WHERE `stuId` = '311509060410' AND `password` = '501e0bbac99eb3673e5df715eacd9d0efb5601f5' LIMIT 1   [ RunTime:0.0003s ]
INFO: [ app_end ] --START--
INFO: Run Behavior\ShowPageTraceBehavior [ RunTime:0.000661s ]
INFO: [ app_end ] --END-- [ RunTime:0.000790s ]

[ 2016-07-20T02:00:21+08:00 ] ::1 /index.php/Login/login.html
INFO: [ app_begin ] --START--
INFO: Run Behavior\ReadHtmlCacheBehavior [ RunTime:0.000582s ]
INFO: [ app_begin ] --END-- [ RunTime:0.001111s ]
SQL: SHOW COLUMNS FROM `map_stu` [ RunTime:0.0006s ]
SQL: SELECT * FROM `map_stu` WHERE `stuId` = '311509060410' AND `password` = '501e0bbac99eb3673e5df715eacd9d0efb5601f5' LIMIT 1   [ RunTime:0.0003s ]
NOTIC: [8] Undefined index: stuId D:\WampServer\www\Geomatics\Home\Controller\LoginController.class.php 第 23 行.
NOTIC: [8] Undefined index: name D:\WampServer\www\Geomatics\Home\Controller\LoginController.class.php 第 24 行.
INFO: [ app_end ] --START--
INFO: Run Behavior\ShowPageTraceBehavior [ RunTime:0.000720s ]
INFO: [ app_end ] --END-- [ RunTime:0.000854s ]

[ 2016-07-20T02:04:36+08:00 ] ::1 /index.php/Login/login.html
INFO: [ app_begin ] --START--
INFO: Run Behavior\ReadHtmlCacheBehavior [ RunTime:0.000783s ]
INFO: [ app_begin ] --END-- [ RunTime:0.001423s ]
SQL: SHOW COLUMNS FROM `map_stu` [ RunTime:0.0007s ]
SQL: SELECT * FROM `map_stu` WHERE `stuId` = '311509060410' AND `password` = '501e0bbac99eb3673e5df715eacd9d0efb5601f5' LIMIT 1   [ RunTime:0.0003s ]
NOTIC: [8] Undefined index: stuId D:\WampServer\www\Geomatics\Home\Controller\LoginController.class.php 第 23 行.
NOTIC: [8] Undefined index: name D:\WampServer\www\Geomatics\Home\Controller\LoginController.class.php 第 24 行.
INFO: [ app_end ] --START--
INFO: Run Behavior\ShowPageTraceBehavior [ RunTime:0.000772s ]
INFO: [ app_end ] --END-- [ RunTime:0.000905s ]

[ 2016-07-20T02:07:08+08:00 ] ::1 /index.php/Login/login.html
INFO: [ app_begin ] --START--
INFO: Run Behavior\ReadHtmlCacheBehavior [ RunTime:0.000626s ]
INFO: [ app_begin ] --END-- [ RunTime:0.001230s ]
SQL: SHOW COLUMNS FROM `map_stu` [ RunTime:0.0006s ]
SQL: SELECT * FROM `map_stu` WHERE `stuId` = '311509060410' AND `password` = '501e0bbac99eb3673e5df715eacd9d0efb5601f5' LIMIT 1   [ RunTime:0.0003s ]
NOTIC: [8] Undefined index: stuId D:\WampServer\www\Geomatics\Home\Controller\LoginController.class.php 第 23 行.
NOTIC: [8] Undefined index: name D:\WampServer\www\Geomatics\Home\Controller\LoginController.class.php 第 24 行.
INFO: [ app_end ] --START--
INFO: Run Behavior\ShowPageTraceBehavior [ RunTime:0.000756s ]
INFO: [ app_end ] --END-- [ RunTime:0.000883s ]

[ 2016-07-20T02:10:20+08:00 ] ::1 /index.php/Login/login.html
INFO: [ app_begin ] --START--
INFO: Run Behavior\ReadHtmlCacheBehavior [ RunTime:0.000517s ]
INFO: [ app_begin ] --END-- [ RunTime:0.000971s ]
SQL: SHOW COLUMNS FROM `map_stu` [ RunTime:0.0006s ]
SQL: SELECT * FROM `map_stu` WHERE `stuId` = '311509060410' AND `password` = '501e0bbac99eb3673e5df715eacd9d0efb5601f5' LIMIT 1   [ RunTime:0.0003s ]
NOTIC: [8] Undefined index: stuName D:\WampServer\www\Geomatics\Home\Controller\LoginController.class.php 第 24 行.
INFO: [ app_end ] --START--
INFO: Run Behavior\ShowPageTraceBehavior [ RunTime:0.000684s ]
INFO: [ app_end ] --END-- [ RunTime:0.000902s ]

[ 2016-07-20T02:11:18+08:00 ] ::1 /index.php/Login/login.html
INFO: [ app_begin ] --START--
INFO: Run Behavior\ReadHtmlCacheBehavior [ RunTime:0.000581s ]
INFO: [ app_begin ] --END-- [ RunTime:0.001170s ]
SQL: SHOW COLUMNS FROM `map_stu` [ RunTime:0.0006s ]
SQL: SELECT * FROM `map_stu` WHERE `stuId` = '311509060410' AND `password` = '501e0bbac99eb3673e5df715eacd9d0efb5601f5' LIMIT 1   [ RunTime:0.0003s ]
INFO: [ app_end ] --START--
INFO: Run Behavior\ShowPageTraceBehavior [ RunTime:0.000670s ]
INFO: [ app_end ] --END-- [ RunTime:0.000812s ]

[ 2016-07-20T02:12:44+08:00 ] ::1 /index.php/Login/login.html
INFO: [ app_begin ] --START--
INFO: Run Behavior\ReadHtmlCacheBehavior [ RunTime:0.000585s ]
INFO: [ app_begin ] --END-- [ RunTime:0.001155s ]
INFO: [ app_end ] --START--
INFO: Run Behavior\ShowPageTraceBehavior [ RunTime:0.000665s ]
INFO: [ app_end ] --END-- [ RunTime:0.000794s ]

[ 2016-07-20T02:12:54+08:00 ] ::1 /index.php/Login/login.html
INFO: [ app_begin ] --START--
INFO: Run Behavior\ReadHtmlCacheBehavior [ RunTime:0.000578s ]
INFO: [ app_begin ] --END-- [ RunTime:0.001078s ]
SQL: SHOW COLUMNS FROM `map_stu` [ RunTime:0.0006s ]
SQL: SELECT * FROM `map_stu` WHERE `stuId` = '311509060410' AND `password` = '501e0bbac99eb3673e5df715eacd9d0efb5601f5' LIMIT 1   [ RunTime:0.0003s ]
INFO: [ app_end ] --START--
INFO: Run Behavior\ShowPageTraceBehavior [ RunTime:0.000726s ]
INFO: [ app_end ] --END-- [ RunTime:0.000858s ]

[ 2016-07-20T02:13:38+08:00 ] ::1 /index.php/Index/runUploadCertificate
ERR: 非法操作:runUploadCertificate

[ 2016-07-20T02:22:14+08:00 ] ::1 /Public/umeditor/themes/default/css/umeditor.css
ERR: 无法加载控制器:Public

[ 2016-07-20T04:01:09+08:00 ] ::1 /index.php/Login/login.html
INFO: [ app_begin ] --START--
INFO: Run Behavior\ReadHtmlCacheBehavior [ RunTime:0.000504s ]
INFO: [ app_begin ] --END-- [ RunTime:0.000967s ]
SQL: SHOW COLUMNS FROM `map_stu` [ RunTime:0.1094s ]
SQL: SELECT * FROM `map_stu` WHERE `stuId` = '311509060410' AND `password` = 'dd9456bff60b97e645ef75d5a60f5f87e2c548e4' LIMIT 1   [ RunTime:0.0363s ]
INFO: [ app_end ] --START--
INFO: Run Behavior\ShowPageTraceBehavior [ RunTime:0.000743s ]
INFO: [ app_end ] --END-- [ RunTime:0.000868s ]

[ 2016-07-20T04:01:23+08:00 ] ::1 /index.php/Login/login.html
INFO: [ app_begin ] --START--
INFO: Run Behavior\ReadHtmlCacheBehavior [ RunTime:0.000510s ]
INFO: [ app_begin ] --END-- [ RunTime:0.000991s ]
SQL: SHOW COLUMNS FROM `map_stu` [ RunTime:0.0010s ]
SQL: SELECT * FROM `map_stu` WHERE `stuId` = '311509060410' AND `password` = '501e0bbac99eb3673e5df715eacd9d0efb5601f5' LIMIT 1   [ RunTime:0.0003s ]
INFO: [ app_end ] --START--
INFO: Run Behavior\ShowPageTraceBehavior [ RunTime:0.000774s ]
INFO: [ app_end ] --END-- [ RunTime:0.000972s ]

[ 2016-07-20T04:16:12+08:00 ] ::1 /index.php/Login/login.html
INFO: [ app_begin ] --START--
INFO: Run Behavior\ReadHtmlCacheBehavior [ RunTime:0.000545s ]
INFO: [ app_begin ] --END-- [ RunTime:0.001025s ]
INFO: [ app_end ] --START--
INFO: Run Behavior\ShowPageTraceBehavior [ RunTime:0.000517s ]
INFO: [ app_end ] --END-- [ RunTime:0.000637s ]

[ 2016-07-20T04:16:30+08:00 ] ::1 /index.php/Login/login.html
INFO: [ app_begin ] --START--
INFO: Run Behavior\ReadHtmlCacheBehavior [ RunTime:0.000519s ]
INFO: [ app_begin ] --END-- [ RunTime:0.000979s ]
SQL: SHOW COLUMNS FROM `map_stu` [ RunTime:0.0006s ]
SQL: SELECT * FROM `map_stu` WHERE `stuId` = '311509060410' AND `password` = '501e0bbac99eb3673e5df715eacd9d0efb5601f5' LIMIT 1   [ RunTime:0.0003s ]
INFO: [ app_end ] --START--
INFO: Run Behavior\ShowPageTraceBehavior [ RunTime:0.000686s ]
INFO: [ app_end ] --END-- [ RunTime:0.000802s ]

[ 2016-07-20T10:30:27+08:00 ] 127.0.0.1 /rjsdcctrl?mac%3d3c970edcbec0%26ipv4%3d1655623546%26ipv61%3d0%26ipv62%3d0%26ipv63%3d0%26ipv64%3d0%26product%3d33554432%26mainver%3d67108864%26subver%3d1660944384
ERR: 无法加载控制器:Rjsdcctrl

[ 2016-07-20T10:36:32+08:00 ] ::1 /index.php/Login/login.html
INFO: [ app_begin ] --START--
INFO: Run Behavior\ReadHtmlCacheBehavior [ RunTime:0.000586s ]
INFO: [ app_begin ] --END-- [ RunTime:0.001155s ]
SQL: SHOW COLUMNS FROM `map_stu` [ RunTime:0.0871s ]
SQL: SELECT * FROM `map_stu` WHERE `stuId` = '311509060410' AND `password` = '501e0bbac99eb3673e5df715eacd9d0efb5601f5' LIMIT 1   [ RunTime:0.0317s ]
INFO: [ app_end ] --START--
INFO: Run Behavior\ShowPageTraceBehavior [ RunTime:0.000743s ]
INFO: [ app_end ] --END-- [ RunTime:0.000914s ]

[ 2016-07-20T10:38:18+08:00 ] ::1 /index.php/Login/login.html
INFO: [ app_begin ] --START--
INFO: Run Behavior\ReadHtmlCacheBehavior [ RunTime:0.000564s ]
INFO: [ app_begin ] --END-- [ RunTime:0.001096s ]
SQL: SHOW COLUMNS FROM `map_stu` [ RunTime:0.0010s ]
SQL: SELECT * FROM `map_stu` WHERE `stuId` = '311509060410' AND `password` = '501e0bbac99eb3673e5df715eacd9d0efb5601f5' LIMIT 1   [ RunTime:0.0003s ]
INFO: [ app_end ] --START--
INFO: Run Behavior\ShowPageTraceBehavior [ RunTime:0.000643s ]
INFO: [ app_end ] --END-- [ RunTime:0.000770s ]

[ 2016-07-20T12:35:16+08:00 ] 127.0.0.1 /rjsdcctrl?mac%3d3c970edcbec0%26ipv4%3d1655623546%26ipv61%3d0%26ipv62%3d0%26ipv63%3d0%26ipv64%3d0%26product%3d33554432%26mainver%3d67108864%26subver%3d1660944384
ERR: 无法加载控制器:Rjsdcctrl

[ 2016-07-20T17:45:25+08:00 ] 127.0.0.1 /rjsdcctrl?mac%3d3c970edcbec0%26ipv4%3d1655623546%26ipv61%3d0%26ipv62%3d0%26ipv63%3d0%26ipv64%3d0%26product%3d33554432%26mainver%3d67108864%26subver%3d1660944384
ERR: 无法加载控制器:Rjsdcctrl

[ 2016-07-20T18:26:27+08:00 ] 127.0.0.1 /index.php/Login/login.html
INFO: [ app_begin ] --START--
INFO: Run Behavior\ReadHtmlCacheBehavior [ RunTime:0.000556s ]
INFO: [ app_begin ] --END-- [ RunTime:0.001056s ]
INFO: [ app_end ] --START--
INFO: Run Behavior\ShowPageTraceBehavior [ RunTime:0.000559s ]
INFO: [ app_end ] --END-- [ RunTime:0.000719s ]

[ 2016-07-20T18:26:39+08:00 ] 127.0.0.1 /index.php/Login/login.html
INFO: [ app_begin ] --START--
INFO: Run Behavior\ReadHtmlCacheBehavior [ RunTime:0.000595s ]
INFO: [ app_begin ] --END-- [ RunTime:0.001105s ]
SQL: SHOW COLUMNS FROM `map_stu` [ RunTime:0.0009s ]
SQL: SELECT * FROM `map_stu` WHERE `stuId` = '311509060410' AND `password` = '501e0bbac99eb3673e5df715eacd9d0efb5601f5' LIMIT 1   [ RunTime:0.0003s ]
INFO: [ app_end ] --START--
INFO: Run Behavior\ShowPageTraceBehavior [ RunTime:0.000665s ]
INFO: [ app_end ] --END-- [ RunTime:0.000791s ]

[ 2016-07-20T19:38:17+08:00 ] 127.0.0.1 /index.php/Login/login.html
INFO: [ app_begin ] --START--
INFO: Run Behavior\ReadHtmlCacheBehavior [ RunTime:0.000521s ]
INFO: [ app_begin ] --END-- [ RunTime:0.001005s ]
SQL: SHOW COLUMNS FROM `map_stu` [ RunTime:0.0006s ]
SQL: SELECT * FROM `map_stu` WHERE `stuId` = '311509060410' AND `password` = 'dd9456bff60b97e645ef75d5a60f5f87e2c548e4' LIMIT 1   [ RunTime:0.0003s ]
INFO: [ app_end ] --START--
INFO: Run Behavior\ShowPageTraceBehavior [ RunTime:0.000711s ]
INFO: [ app_end ] --END-- [ RunTime:0.000823s ]

[ 2016-07-20T19:38:32+08:00 ] 127.0.0.1 /index.php/Login/login.html
INFO: [ app_begin ] --START--
INFO: Run Behavior\ReadHtmlCacheBehavior [ RunTime:0.000525s ]
INFO: [ app_begin ] --END-- [ RunTime:0.000994s ]
SQL: SHOW COLUMNS FROM `map_stu` [ RunTime:0.0006s ]
SQL: SELECT * FROM `map_stu` WHERE `stuId` = '311509060410' AND `password` = '501e0bbac99eb3673e5df715eacd9d0efb5601f5' LIMIT 1   [ RunTime:0.0004s ]
INFO: [ app_end ] --START--
INFO: Run Behavior\ShowPageTraceBehavior [ RunTime:0.000673s ]
INFO: [ app_end ] --END-- [ RunTime:0.000796s ]

