[ 2016-07-30T02:22:57+08:00 ] ::1 /Login/check.html
INFO: [ app_begin ] --START--
INFO: Run Behavior\ReadHtmlCacheBehavior [ RunTime:0.000456s ]
INFO: [ app_begin ] --END-- [ RunTime:0.000840s ]
SQL: SHOW COLUMNS FROM `map_stu` [ RunTime:0.1519s ]
SQL: SELECT * FROM `map_stu` WHERE `stuId` = '311509060410' AND `password` = '501e0bbac99eb3673e5df715eacd9d0efb5601f5' LIMIT 1   [ RunTime:0.0093s ]
INFO: [ app_end ] --START--
INFO: Run Behavior\ShowPageTraceBehavior [ RunTime:0.000707s ]
INFO: [ app_end ] --END-- [ RunTime:0.000747s ]

[ 2016-07-30T02:22:57+08:00 ] ::1 /Login/check.html
INFO: [ app_begin ] --START--
INFO: Run Behavior\ReadHtmlCacheBehavior [ RunTime:0.000566s ]
INFO: [ app_begin ] --END-- [ RunTime:0.001075s ]
SQL: SHOW COLUMNS FROM `map_stu` [ RunTime:0.0082s ]
SQL: SELECT * FROM `map_stu` WHERE `stuId` = '311509060410' AND `password` = '501e0bbac99eb3673e5df715eacd9d0efb5601f5' LIMIT 1   [ RunTime:0.0005s ]
INFO: [ app_end ] --START--
INFO: Run Behavior\ShowPageTraceBehavior [ RunTime:0.000737s ]
INFO: [ app_end ] --END-- [ RunTime:0.000773s ]

[ 2016-07-30T02:23:03+08:00 ] ::1 /Login/login.html
INFO: [ app_begin ] --START--
INFO: Run Behavior\ReadHtmlCacheBehavior [ RunTime:0.000495s ]
INFO: [ app_begin ] --END-- [ RunTime:0.000948s ]
SQL: SHOW COLUMNS FROM `map_stu` [ RunTime:0.0104s ]
SQL: SELECT * FROM `map_stu` WHERE `stuId` = '311509060410' AND `password` = '501e0bbac99eb3673e5df715eacd9d0efb5601f5' LIMIT 1   [ RunTime:0.0009s ]
INFO: [ app_end ] --START--
INFO: Run Behavior\ShowPageTraceBehavior [ RunTime:0.000727s ]
INFO: [ app_end ] --END-- [ RunTime:0.000785s ]

[ 2016-07-30T02:29:39+08:00 ] ::1 /Public/Admin/js/Admin_fixAdminPass.js
ERR: 无法加载控制器:Public

[ 2016-07-30T16:06:45+08:00 ] 127.0.0.1 /rjsdcctrl?mac%3d3c970edcbec0%26ipv4%3d1655623546%26ipv61%3d0%26ipv62%3d0%26ipv63%3d0%26ipv64%3d0%26product%3d33554432%26mainver%3d67108864%26subver%3d1660944384
ERR: 无法加载控制器:Rjsdcctrl

[ 2016-07-30T17:13:17+08:00 ] ::1 /Public/umeditor/themes/default/css/umeditor.css
ERR: 无法加载控制器:Public

[ 2016-07-30T19:19:49+08:00 ] 127.0.0.1 /rjsdcctrl?mac%3d3c970edcbec0%26ipv4%3d1655623546%26ipv61%3d0%26ipv62%3d0%26ipv63%3d0%26ipv64%3d0%26product%3d33554432%26mainver%3d67108864%26subver%3d1660944384
ERR: 无法加载控制器:Rjsdcctrl

[ 2016-07-30T20:43:48+08:00 ] ::1 /Login/check.html
INFO: [ app_begin ] --START--
INFO: Run Behavior\ReadHtmlCacheBehavior [ RunTime:0.000484s ]
INFO: [ app_begin ] --END-- [ RunTime:0.001020s ]
SQL: SHOW COLUMNS FROM `map_stu` [ RunTime:0.0846s ]
SQL: SELECT * FROM `map_stu` WHERE `stuId` = '311509060410' AND `password` = '501e0bbac99eb3673e5df715eacd9d0efb5601f5' LIMIT 1   [ RunTime:0.0098s ]
INFO: [ app_end ] --START--
INFO: Run Behavior\ShowPageTraceBehavior [ RunTime:0.000795s ]
INFO: [ app_end ] --END-- [ RunTime:0.000839s ]

[ 2016-07-30T20:43:49+08:00 ] ::1 /Login/check.html
INFO: [ app_begin ] --START--
INFO: Run Behavior\ReadHtmlCacheBehavior [ RunTime:0.000456s ]
INFO: [ app_begin ] --END-- [ RunTime:0.000847s ]
SQL: SHOW COLUMNS FROM `map_stu` [ RunTime:0.0032s ]
SQL: SELECT * FROM `map_stu` WHERE `stuId` = '311509060410' AND `password` = '501e0bbac99eb3673e5df715eacd9d0efb5601f5' LIMIT 1   [ RunTime:0.0006s ]
INFO: [ app_end ] --START--
INFO: Run Behavior\ShowPageTraceBehavior [ RunTime:0.000569s ]
INFO: [ app_end ] --END-- [ RunTime:0.000604s ]

[ 2016-07-30T20:43:53+08:00 ] ::1 /Login/login.html
INFO: [ app_begin ] --START--
INFO: Run Behavior\ReadHtmlCacheBehavior [ RunTime:0.000506s ]
INFO: [ app_begin ] --END-- [ RunTime:0.000926s ]
SQL: SHOW COLUMNS FROM `map_stu` [ RunTime:0.0035s ]
SQL: SELECT * FROM `map_stu` WHERE `stuId` = '311509060410' AND `password` = '501e0bbac99eb3673e5df715eacd9d0efb5601f5' LIMIT 1   [ RunTime:0.0005s ]
INFO: [ app_end ] --START--
INFO: Run Behavior\ShowPageTraceBehavior [ RunTime:0.000573s ]
INFO: [ app_end ] --END-- [ RunTime:0.000617s ]

[ 2016-07-30T21:12:38+08:00 ] ::1 /Login/check.html
INFO: [ app_begin ] --START--
INFO: Run Behavior\ReadHtmlCacheBehavior [ RunTime:0.000932s ]
INFO: [ app_begin ] --END-- [ RunTime:0.001693s ]
SQL: SHOW COLUMNS FROM `map_stu` [ RunTime:0.0073s ]
SQL: SELECT * FROM `map_stu` WHERE `stuId` = '311509060410' AND `password` = '501e0bbac99eb3673e5df715eacd9d0efb5601f5' LIMIT 1   [ RunTime:0.0010s ]
INFO: [ app_end ] --START--
INFO: Run Behavior\ShowPageTraceBehavior [ RunTime:0.000878s ]
INFO: [ app_end ] --END-- [ RunTime:0.000932s ]

[ 2016-07-30T21:12:55+08:00 ] ::1 /Login/check.html
INFO: [ app_begin ] --START--
INFO: Run Behavior\ReadHtmlCacheBehavior [ RunTime:0.000445s ]
INFO: [ app_begin ] --END-- [ RunTime:0.000810s ]
SQL: SHOW COLUMNS FROM `map_stu` [ RunTime:0.0046s ]
SQL: SELECT * FROM `map_stu` WHERE `stuId` = '311509060410' AND `password` = '501e0bbac99eb3673e5df715eacd9d0efb5601f5' LIMIT 1   [ RunTime:0.0005s ]
INFO: [ app_end ] --START--
INFO: Run Behavior\ShowPageTraceBehavior [ RunTime:0.000564s ]
INFO: [ app_end ] --END-- [ RunTime:0.000611s ]

[ 2016-07-30T21:12:56+08:00 ] ::1 /Login/check.html
INFO: [ app_begin ] --START--
INFO: Run Behavior\ReadHtmlCacheBehavior [ RunTime:0.000421s ]
INFO: [ app_begin ] --END-- [ RunTime:0.000776s ]
SQL: SHOW COLUMNS FROM `map_stu` [ RunTime:0.0033s ]
SQL: SELECT * FROM `map_stu` WHERE `stuId` = '311509060410' AND `password` = '501e0bbac99eb3673e5df715eacd9d0efb5601f5' LIMIT 1   [ RunTime:0.0005s ]
INFO: [ app_end ] --START--
INFO: Run Behavior\ShowPageTraceBehavior [ RunTime:0.000606s ]
INFO: [ app_end ] --END-- [ RunTime:0.000643s ]

[ 2016-07-30T21:12:58+08:00 ] ::1 /Login/login.html
INFO: [ app_begin ] --START--
INFO: Run Behavior\ReadHtmlCacheBehavior [ RunTime:0.000498s ]
INFO: [ app_begin ] --END-- [ RunTime:0.000934s ]
SQL: SHOW COLUMNS FROM `map_stu` [ RunTime:0.0031s ]
SQL: SELECT * FROM `map_stu` WHERE `stuId` = '311509060410' AND `password` = '501e0bbac99eb3673e5df715eacd9d0efb5601f5' LIMIT 1   [ RunTime:0.0005s ]
INFO: [ app_end ] --START--
INFO: Run Behavior\ShowPageTraceBehavior [ RunTime:0.000653s ]
INFO: [ app_end ] --END-- [ RunTime:0.000702s ]

[ 2016-07-30T21:13:04+08:00 ] ::1 /Login/check.html
INFO: [ app_begin ] --START--
INFO: Run Behavior\ReadHtmlCacheBehavior [ RunTime:0.000445s ]
INFO: [ app_begin ] --END-- [ RunTime:0.001016s ]
SQL: SHOW COLUMNS FROM `map_stu` [ RunTime:0.0033s ]
SQL: SELECT * FROM `map_stu` WHERE `stuId` = '311509060410' AND `password` = '501e0bbac99eb3673e5df715eacd9d0efb5601f5' LIMIT 1   [ RunTime:0.0005s ]
INFO: [ app_end ] --START--
INFO: Run Behavior\ShowPageTraceBehavior [ RunTime:0.000557s ]
INFO: [ app_end ] --END-- [ RunTime:0.000591s ]

[ 2016-07-30T21:14:06+08:00 ] ::1 /Login/check.html
INFO: [ app_begin ] --START--
INFO: Run Behavior\ReadHtmlCacheBehavior [ RunTime:0.000844s ]
INFO: [ app_begin ] --END-- [ RunTime:0.001598s ]
SQL: SHOW COLUMNS FROM `map_stu` [ RunTime:0.0074s ]
SQL: SELECT * FROM `map_stu` WHERE `stuId` = '311509060410' AND `password` = '501e0bbac99eb3673e5df715eacd9d0efb5601f5' LIMIT 1   [ RunTime:0.0006s ]
INFO: [ app_end ] --START--
INFO: Run Behavior\ShowPageTraceBehavior [ RunTime:0.000533s ]
INFO: [ app_end ] --END-- [ RunTime:0.000576s ]

[ 2016-07-30T21:14:13+08:00 ] ::1 /Login/check.html
INFO: [ app_begin ] --START--
INFO: Run Behavior\ReadHtmlCacheBehavior [ RunTime:0.000473s ]
INFO: [ app_begin ] --END-- [ RunTime:0.000874s ]
SQL: SHOW COLUMNS FROM `map_stu` [ RunTime:0.0033s ]
SQL: SELECT * FROM `map_stu` WHERE `stuId` = '311509060410' AND `password` = '501e0bbac99eb3673e5df715eacd9d0efb5601f5' LIMIT 1   [ RunTime:0.0005s ]
INFO: [ app_end ] --START--
INFO: Run Behavior\ShowPageTraceBehavior [ RunTime:0.000678s ]
INFO: [ app_end ] --END-- [ RunTime:0.000723s ]

[ 2016-07-30T21:14:14+08:00 ] ::1 /Login/check.html
INFO: [ app_begin ] --START--
INFO: Run Behavior\ReadHtmlCacheBehavior [ RunTime:0.000430s ]
INFO: [ app_begin ] --END-- [ RunTime:0.000799s ]
SQL: SHOW COLUMNS FROM `map_stu` [ RunTime:0.0033s ]
SQL: SELECT * FROM `map_stu` WHERE `stuId` = '311509060410' AND `password` = '501e0bbac99eb3673e5df715eacd9d0efb5601f5' LIMIT 1   [ RunTime:0.0005s ]
INFO: [ app_end ] --START--
INFO: Run Behavior\ShowPageTraceBehavior [ RunTime:0.000542s ]
INFO: [ app_end ] --END-- [ RunTime:0.000579s ]

[ 2016-07-30T21:14:16+08:00 ] ::1 /Login/login.html
INFO: [ app_begin ] --START--
INFO: Run Behavior\ReadHtmlCacheBehavior [ RunTime:0.000422s ]
INFO: [ app_begin ] --END-- [ RunTime:0.000769s ]
SQL: SHOW COLUMNS FROM `map_stu` [ RunTime:0.0049s ]
SQL: SELECT * FROM `map_stu` WHERE `stuId` = '311509060410' AND `password` = '501e0bbac99eb3673e5df715eacd9d0efb5601f5' LIMIT 1   [ RunTime:0.0005s ]
INFO: [ app_end ] --START--
INFO: Run Behavior\ShowPageTraceBehavior [ RunTime:0.000579s ]
INFO: [ app_end ] --END-- [ RunTime:0.000612s ]

